size of TankStruct = 1192, Size of Valve Struct = 552
tankcount = 0
 Tank 1: Tank ID = 34,
tankcount = 1
 Tank 2: Tank ID = Rajendra_nagar2,
tankcount = 2
 Tank 3: Tank ID = Rajendra_nagar1,
tankcount = 3
 Tank 4: Tank ID = Bademakan,
tankcount = 4
 Tank 5: Tank ID = Kesare,
tankcount = 5
 Tank 6: Tank ID = Rajiv_nagar_II,
tankcount = 6
 Tank 7: Tank ID = Veeranageeri,
tankcount = 7
 Tank 8: Tank ID = NR_mohalla2,
tankcount = 8
 Tank 9: Tank ID = NR_mohalla1,
tankcount = 9
 Tank 10: Tank ID = Rajiv_nagar_I,
tankcount = 10
 Tank 11: Tank ID = Tippu_park,
 Tank ID = 34, Tank Max Level (meter^3) = 990.779907
 Tank ID = 34, Tank Input Link ID = 84
 Tank ID = 34, Tank Output Link ID = 9
 Tank ID = Rajendra_nagar2, Tank Max Level (meter^3) = 990.779663
 Tank ID = Rajendra_nagar2, Tank Input Link ID = 71
 Tank ID = Rajendra_nagar2, Tank Output Link ID = 20
 Tank ID = Rajendra_nagar1, Tank Max Level (meter^3) = 1475.370483
 Tank ID = Rajendra_nagar1, Tank Input Link ID = 69
 Tank ID = Rajendra_nagar1, Tank Output Link ID = 18
 Tank ID = Bademakan, Tank Max Level (meter^3) = 499.937347
 Tank ID = Bademakan, Tank Input Link ID = 67
 Tank ID = Bademakan, Tank Output Link ID = 16
 Tank ID = Kesare, Tank Max Level (meter^3) = 499.937347
 Tank ID = Kesare, Tank Input Link ID = 64
 Tank ID = Kesare, Tank Output Link ID = 14
 Tank ID = Rajiv_nagar_II, Tank Max Level (meter^3) = 990.779663
 Tank ID = Rajiv_nagar_II, Tank Input Link ID = 11
 Tank ID = Rajiv_nagar_II, Tank Output Link ID = 12
 Tank ID = Veeranageeri, Tank Max Level (meter^3) = 499.937347
 Tank ID = Veeranageeri, Tank Input Link ID = 79
 Tank ID = Veeranageeri, Tank Output Link ID = 10
 Tank ID = NR_mohalla2, Tank Max Level (meter^3) = 251.123215
 Tank ID = NR_mohalla2, Tank Input Link ID = 77
 Tank ID = NR_mohalla2, Tank Output Link ID = 8
 Tank ID = NR_mohalla1, Tank Max Level (meter^3) = 990.779663
 Tank ID = NR_mohalla1, Tank Input Link ID = 75
 Tank ID = NR_mohalla1, Tank Output Link ID = 7
 Tank ID = Rajiv_nagar_I, Tank Max Level (meter^3) = 1475.370239
 Tank ID = Rajiv_nagar_I, Tank Input Link ID = 73
 Tank ID = Rajiv_nagar_I, Tank Output Link ID = 1
 Tank ID = Tippu_park, Tank Max Level (meter^3) = 990.779663
 Tank ID = Tippu_park, Tank Input Link ID = 55
 Tank ID = Tippu_park, Tank Output Link ID = 2
 Valve Id = 80 	  Initial Valve Value = -10000000000.000000
 Valve Id = 78 	  Initial Valve Value = 1.306636
 Valve Id = 76 	  Initial Valve Value = 1.024120
 Valve Id = 74 	  Initial Valve Value = 2.408447
 Valve Id = 72 	  Initial Valve Value = 1.995268
 Valve Id = 70 	  Initial Valve Value = 1.180916
 Valve Id = 68 	  Initial Valve Value = 1.341950
 Valve Id = 66 	  Initial Valve Value = 0.632129
 Valve Id = 65 	  Initial Valve Value = 0.847547
 Valve Id = 40 	  Initial Valve Value = 1.553837
 Valve Id = 35 	  Initial Valve Value = 0.822827
 Valve Id = 3 	  Initial Valve Value = 5.457174
==============================================================================================

Checking for jobs from the file
valve 0 0 80 0
 
valve 0 0 78 35.284
 
valve 0 0 76 7.728
 
valve 0 0 74 43.954
 
valve 0 0 72 34.714
 
valve 0 0 70 37.418
 
valve 0 0 68 52.886
 
valve 0 0 66 16.156
 
valve 0 0 65 15.989
 
valve 0 0 40 34.257
 
valve 0 0 35 38.247
 
valve 0 0 3 114.74
 
valve 1 0 80 0
 
valve 1 0 78 11.812
 
valve 1 0 76 10.730
 
valve 1 0 74 35.391
 
valve 1 0 72 76.910
 
valve 1 0 70 23.6766
 
valve 1 0 68 44.4360
 
valve 1 0 66 17.8617
 
valve 1 0 65 20.0066
 
valve 1 0 40 35.0177
 
valve 1 0 35 27.5497
 
valve 1 0 3 121.6906
 
tank 0 0 Bademakan 250.25
 
tank 0 0 Rajendra_nagar2 250.11 

==============================================================================================
[valve,0,0,80,0.000000] 
[valve,0,0,78,35.284000] 
[valve,0,0,76,7.728000] 
[valve,0,0,74,43.953999] 
[valve,0,0,72,34.714001] 
[valve,0,0,70,37.417999] 
[valve,0,0,68,52.886002] 
[valve,0,0,66,16.156000] 
[valve,0,0,65,15.989000] 
[valve,0,0,40,34.257000] 
[valve,0,0,35,38.247002] 
[valve,0,0,3,114.739998] 
[valve,1,0,80,0.000000] 
[valve,1,0,78,11.812000] 
[valve,1,0,76,10.730000] 
[valve,1,0,74,35.390999] 
[valve,1,0,72,76.910004] 
[valve,1,0,70,23.676600] 
[valve,1,0,68,44.436001] 
[valve,1,0,66,17.861700] 
[valve,1,0,65,20.006599] 
[valve,1,0,40,35.017700] 
[valve,1,0,35,27.549700] 
[valve,1,0,3,121.690598] 
[tank,0,0,Rajendra_nagar2,250.110001] 
[tank,0,0,Bademakan,250.250000] 

 Simulation Parameters
 rho = 0.600000. c = 0.001000, beta = 0.600000
 Iteration Count = 100	Function Value = 65.837429 	 Percentage Difference = -0.005219 Gradient Norm = 0.637686 alpha mult = 0.600000
 Iteration Count = 200	Function Value = 51.641645 	 Percentage Difference = -0.001172 Gradient Norm = 0.118144 alpha mult = 0.600000
 Iteration Count = 300	Function Value = 48.338691 	 Percentage Difference = -0.000363 Gradient Norm = 0.032188 alpha mult = 0.600000
 Iteration Count = 400	Function Value = 47.066207 	 Percentage Difference = -0.000195 Gradient Norm = 0.015913 alpha mult = 0.600000
 Iteration Count = 500	Function Value = 46.306322 	 Percentage Difference = -0.000140 Gradient Norm = 0.011132 alpha mult = 0.600000
 Iteration Count = 600	Function Value = 45.733181 	 Percentage Difference = -0.000110 Gradient Norm = 0.008801 alpha mult = 0.600000
 Iteration Count = 700	Function Value = 45.268890 	 Percentage Difference = -0.000094 Gradient Norm = 0.007285 alpha mult = 0.600000
 Iteration Count = 800	Function Value = 44.881157 	 Percentage Difference = -0.000079 Gradient Norm = 0.006148 alpha mult = 0.600000
 Iteration Count = 900	Function Value = 44.554590 	 Percentage Difference = -0.000068 Gradient Norm = 0.005266 alpha mult = 0.600000
 Iteration Count = 1000	Function Value = 44.272195 	 Percentage Difference = -0.000060 Gradient Norm = 0.004550 alpha mult = 0.600000
Iteration Count = 1001

==============================================================================================




 Valve ID = 80
 Valve Value [0] = 0.569454 	 Gradient = -0.000992
 Valve Value [2] = 0.000000 	 Gradient = 0.000000
 Valve Value [4] = 0.000000 	 Gradient = 0.000000
 Valve Value [6] = 0.000000 	 Gradient = 0.000000
 Valve Value [8] = 0.000000 	 Gradient = 0.000000
 Valve Value [10] = 0.000000 	 Gradient = 0.000000
 Valve Value [12] = 0.000000 	 Gradient = 0.000000
 Valve Value [14] = 0.000000 	 Gradient = 0.000000
 Valve Value [16] = 0.000000 	 Gradient = 0.000000
 Valve Value [18] = 0.000000 	 Gradient = 0.000000
 Valve Value [20] = 0.000000 	 Gradient = 0.000000
 Valve Value [22] = 0.000000 	 Gradient = 0.000000



 Valve ID = 78
 Valve Value [0] = 41.994015 	 Gradient = -0.000992
 Valve Value [2] = 26.467880 	 Gradient = 0.000000
 Valve Value [4] = 25.599911 	 Gradient = 0.005798
 Valve Value [6] = 31.870102 	 Gradient = -0.004234
 Valve Value [8] = 31.849218 	 Gradient = -0.005531
 Valve Value [10] = 30.650766 	 Gradient = -0.002556
 Valve Value [12] = 30.818026 	 Gradient = -0.000038
 Valve Value [14] = 29.268147 	 Gradient = 0.000000
 Valve Value [16] = 28.901226 	 Gradient = -0.000038
 Valve Value [18] = 27.087194 	 Gradient = -0.001488
 Valve Value [20] = 27.639984 	 Gradient = -0.001259
 Valve Value [22] = 25.832857 	 Gradient = -0.000343



 Valve ID = 76
 Valve Value [0] = 8.040830 	 Gradient = -0.000191
 Valve Value [2] = 11.876102 	 Gradient = 0.002022
 Valve Value [4] = 10.473898 	 Gradient = 0.005188
 Valve Value [6] = 16.227331 	 Gradient = -0.002861
 Valve Value [8] = 18.018827 	 Gradient = -0.002975
 Valve Value [10] = 15.653841 	 Gradient = -0.000534
 Valve Value [12] = 14.024207 	 Gradient = 0.000076
 Valve Value [14] = 15.891077 	 Gradient = 0.000229
 Valve Value [16] = 13.399063 	 Gradient = -0.000305
 Valve Value [18] = 15.041621 	 Gradient = -0.000839
 Valve Value [20] = 15.024780 	 Gradient = -0.000191
 Valve Value [22] = 13.157963 	 Gradient = 0.000420



 Valve ID = 74
 Valve Value [0] = 52.710712 	 Gradient = 0.008965
 Valve Value [2] = 51.995590 	 Gradient = 0.008621
 Valve Value [4] = 52.637974 	 Gradient = 0.011444
 Valve Value [6] = 60.907101 	 Gradient = -0.003662
 Valve Value [8] = 66.318962 	 Gradient = -0.007477
 Valve Value [10] = 61.213783 	 Gradient = -0.005379
 Valve Value [12] = 60.583031 	 Gradient = -0.003395
 Valve Value [14] = 56.755444 	 Gradient = -0.002899
 Valve Value [16] = 58.337669 	 Gradient = -0.002823
 Valve Value [18] = 57.430851 	 Gradient = -0.003891
 Valve Value [20] = 55.065266 	 Gradient = -0.003319
 Valve Value [22] = 52.658840 	 Gradient = -0.001831



 Valve ID = 72
 Valve Value [0] = 29.959696 	 Gradient = 0.006790
 Valve Value [2] = 70.773521 	 Gradient = 0.009003
 Valve Value [4] = 78.049896 	 Gradient = 0.003128
 Valve Value [6] = 89.854233 	 Gradient = -0.008965
 Valve Value [8] = 94.508194 	 Gradient = -0.013123
 Valve Value [10] = 88.649261 	 Gradient = -0.004768
 Valve Value [12] = 83.433289 	 Gradient = 0.001526
 Valve Value [14] = 81.101250 	 Gradient = 0.003281
 Valve Value [16] = 80.461494 	 Gradient = 0.003090
 Valve Value [18] = 82.151878 	 Gradient = -0.000763
 Valve Value [20] = 80.990021 	 Gradient = 0.000992
 Valve Value [22] = 77.292961 	 Gradient = 0.003777



 Valve ID = 70
 Valve Value [0] = 56.628807 	 Gradient = -0.009651
 Valve Value [2] = 37.931526 	 Gradient = -0.001450
 Valve Value [4] = 38.704502 	 Gradient = 0.001450
 Valve Value [6] = 39.814785 	 Gradient = -0.000038
 Valve Value [8] = 41.653294 	 Gradient = 0.000038
 Valve Value [10] = 35.095272 	 Gradient = 0.002861
 Valve Value [12] = 34.551888 	 Gradient = 0.003166
 Valve Value [14] = 33.783669 	 Gradient = 0.001640
 Valve Value [16] = 31.079008 	 Gradient = 0.000038
 Valve Value [18] = 32.733158 	 Gradient = -0.001945
 Valve Value [20] = 28.927856 	 Gradient = -0.000229
 Valve Value [22] = 24.041090 	 Gradient = 0.004234



 Valve ID = 68
 Valve Value [0] = 44.572006 	 Gradient = -0.003815
 Valve Value [2] = 35.495762 	 Gradient = -0.002518
 Valve Value [4] = 37.310600 	 Gradient = -0.001450
 Valve Value [6] = 40.536709 	 Gradient = -0.000877
 Valve Value [8] = 40.749107 	 Gradient = 0.000648
 Valve Value [10] = 38.540516 	 Gradient = 0.003052
 Valve Value [12] = 37.147964 	 Gradient = 0.002937
 Valve Value [14] = 38.074844 	 Gradient = 0.002060
 Valve Value [16] = 39.340889 	 Gradient = 0.001526
 Valve Value [18] = 41.492722 	 Gradient = 0.000076
 Valve Value [20] = 41.416325 	 Gradient = -0.000114
 Valve Value [22] = 41.709370 	 Gradient = -0.000343



 Valve ID = 66
 Valve Value [0] = 11.089067 	 Gradient = -0.005722
 Valve Value [2] = 10.247026 	 Gradient = -0.003471
 Valve Value [4] = 10.073180 	 Gradient = -0.000648
 Valve Value [6] = 9.147300 	 Gradient = 0.002174
 Valve Value [8] = 9.577421 	 Gradient = 0.003967
 Valve Value [10] = 7.725288 	 Gradient = 0.003319
 Valve Value [12] = 8.281777 	 Gradient = 0.001030
 Valve Value [14] = 7.910719 	 Gradient = -0.000763
 Valve Value [16] = 9.883803 	 Gradient = -0.000191
 Valve Value [18] = 10.639688 	 Gradient = -0.000114
 Valve Value [20] = 11.500560 	 Gradient = 0.000153
 Valve Value [22] = 11.647864 	 Gradient = -0.000572



 Valve ID = 65
 Valve Value [0] = 10.223451 	 Gradient = -0.004196
 Valve Value [2] = 13.836345 	 Gradient = -0.001564
 Valve Value [4] = 14.154663 	 Gradient = -0.000191
 Valve Value [6] = 15.114370 	 Gradient = 0.000038
 Valve Value [8] = 16.774782 	 Gradient = 0.001068
 Valve Value [10] = 13.676055 	 Gradient = 0.002518
 Valve Value [12] = 12.112274 	 Gradient = 0.001602
 Valve Value [14] = 13.661531 	 Gradient = 0.000420
 Valve Value [16] = 14.340153 	 Gradient = 0.000420
 Valve Value [18] = 15.424678 	 Gradient = -0.000687
 Valve Value [20] = 15.517472 	 Gradient = -0.000191
 Valve Value [22] = 15.486424 	 Gradient = 0.000038



 Valve ID = 40
 Valve Value [0] = 37.663631 	 Gradient = -0.001793
 Valve Value [2] = 39.676414 	 Gradient = 0.000153
 Valve Value [4] = 34.884594 	 Gradient = 0.006180
 Valve Value [6] = 36.156235 	 Gradient = 0.001564
 Valve Value [8] = 34.443958 	 Gradient = 0.001450
 Valve Value [10] = 36.935577 	 Gradient = -0.000191
 Valve Value [12] = 36.397331 	 Gradient = -0.001907
 Valve Value [14] = 37.620880 	 Gradient = -0.002708
 Valve Value [16] = 37.697681 	 Gradient = -0.002365
 Valve Value [18] = 38.250103 	 Gradient = -0.001106
 Valve Value [20] = 37.121288 	 Gradient = -0.001068
 Valve Value [22] = 38.302155 	 Gradient = -0.001526



 Valve ID = 35
 Valve Value [0] = 29.642042 	 Gradient = -0.006294
 Valve Value [2] = 18.301361 	 Gradient = -0.005150
 Valve Value [4] = 16.905615 	 Gradient = -0.002403
 Valve Value [6] = 18.137272 	 Gradient = 0.001450
 Valve Value [8] = 17.929493 	 Gradient = 0.004158
 Valve Value [10] = 16.692314 	 Gradient = 0.004539
 Valve Value [12] = 16.165442 	 Gradient = 0.002861
 Valve Value [14] = 17.601017 	 Gradient = 0.001297
 Valve Value [16] = 18.417526 	 Gradient = 0.000839
 Valve Value [18] = 21.140072 	 Gradient = 0.000305
 Valve Value [20] = 21.800301 	 Gradient = 0.000038
 Valve Value [22] = 22.552608 	 Gradient = -0.000839



 Valve ID = 3
 Valve Value [0] = 126.692238 	 Gradient = 0.015640
 Valve Value [2] = 125.574242 	 Gradient = 0.011940
 Valve Value [4] = 135.576935 	 Gradient = 0.000000
 Valve Value [6] = 145.151382 	 Gradient = -0.007401
 Valve Value [8] = 150.613922 	 Gradient = -0.012932
 Valve Value [10] = 144.433792 	 Gradient = -0.008125
 Valve Value [12] = 141.777039 	 Gradient = -0.005035
 Valve Value [14] = 139.185928 	 Gradient = -0.004044
 Valve Value [16] = 138.188324 	 Gradient = -0.004692
 Valve Value [18] = 137.782822 	 Gradient = -0.007324
 Valve Value [20] = 134.824127 	 Gradient = -0.005913
 Valve Value [22] = 129.916595 	 Gradient = -0.003357



 Tank ID = 34
 Tank Level [0] = 49.895706%, 	 Tank Inflow = 334.000000, 	 Tank Outflow = 308.807434
 Tank Level [2] = 66.789230%, 	 Tank Inflow = 334.000000, 	 Tank Outflow = 312.159943
 Tank Level [4] = 80.785530%, 	 Tank Inflow = 334.000000, 	 Tank Outflow = 318.795258
 Tank Level [6] = 84.070610%, 	 Tank Inflow = 334.000000, 	 Tank Outflow = 357.756195
 Tank Level [8] = 63.907406%, 	 Tank Inflow = 334.000000, 	 Tank Outflow = 371.806366
 Tank Level [10] = 40.259254%, 	 Tank Inflow = 334.000000, 	 Tank Outflow = 344.812653
 Tank Level [12] = 35.026917%, 	 Tank Inflow = 334.000000, 	 Tank Outflow = 333.469818
 Tank Level [14] = 36.505253%, 	 Tank Inflow = 334.000000, 	 Tank Outflow = 331.319092
 Tank Level [16] = 39.933189%, 	 Tank Inflow = 334.000000, 	 Tank Outflow = 331.711334
 Tank Level [18] = 40.116722%, 	 Tank Inflow = 334.000000, 	 Tank Outflow = 341.365173
 Tank Level [20] = 35.204834%, 	 Tank Inflow = 334.000000, 	 Tank Outflow = 334.976807
 Tank Level [22] = 36.407711%, 	 Tank Inflow = 334.000000, 	 Tank Outflow = 322.647064



 Tank ID = Rajendra_nagar2
 Tank Level [0] = 25.928436%, 	 Tank Inflow = 56.628826, 	 Tank Outflow = 6.804000
 Tank Level [2] = 55.817017%, 	 Tank Inflow = 37.931545, 	 Tank Outflow = 6.804000
 Tank Level [4] = 77.563095%, 	 Tank Inflow = 38.704521, 	 Tank Outflow = 13.608000
 Tank Level [6] = 88.091248%, 	 Tank Inflow = 39.814804, 	 Tank Outflow = 68.040001
 Tank Level [8] = 61.422283%, 	 Tank Inflow = 41.653313, 	 Tank Outflow = 85.050003
 Tank Level [10] = 34.690525%, 	 Tank Inflow = 35.095291, 	 Tank Outflow = 34.020000
 Tank Level [12] = 34.969170%, 	 Tank Inflow = 34.551907, 	 Tank Outflow = 27.216000
 Tank Level [14] = 39.879372%, 	 Tank Inflow = 33.783688, 	 Tank Outflow = 34.020000
 Tank Level [16] = 43.389698%, 	 Tank Inflow = 31.079027, 	 Tank Outflow = 27.216000
 Tank Level [18] = 44.072922%, 	 Tank Inflow = 32.733177, 	 Tank Outflow = 51.029999
 Tank Level [20] = 30.275640%, 	 Tank Inflow = 28.927876, 	 Tank Outflow = 34.020000
 Tank Level [22] = 28.417875%, 	 Tank Inflow = 24.041109, 	 Tank Outflow = 20.412001



 Tank ID = Rajendra_nagar1
 Tank Level [0] = 49.771503%, 	 Tank Inflow = 44.572025, 	 Tank Outflow = 7.920000
 Tank Level [2] = 65.441299%, 	 Tank Inflow = 35.495781, 	 Tank Outflow = 7.920000
 Tank Level [4] = 79.060699%, 	 Tank Inflow = 37.310619, 	 Tank Outflow = 15.840000
 Tank Level [6] = 83.665726%, 	 Tank Inflow = 40.536728, 	 Tank Outflow = 79.199997
 Tank Level [8] = 60.027756%, 	 Tank Inflow = 40.749126, 	 Tank Outflow = 99.000000
 Tank Level [10] = 36.242565%, 	 Tank Inflow = 38.540535, 	 Tank Outflow = 39.599998
 Tank Level [12] = 35.609200%, 	 Tank Inflow = 37.147984, 	 Tank Outflow = 31.680000
 Tank Level [14] = 38.369583%, 	 Tank Inflow = 38.074863, 	 Tank Outflow = 39.599998
 Tank Level [16] = 41.462296%, 	 Tank Inflow = 39.340908, 	 Tank Outflow = 31.680000
 Tank Level [18] = 43.627430%, 	 Tank Inflow = 41.492741, 	 Tank Outflow = 59.400002
 Tank Level [20] = 34.895176%, 	 Tank Inflow = 41.416344, 	 Tank Outflow = 39.599998
 Tank Level [22] = 37.792477%, 	 Tank Inflow = 41.709389, 	 Tank Outflow = 23.760000



 Tank ID = Bademakan
 Tank Level [0] = 49.764458%, 	 Tank Inflow = 11.089098, 	 Tank Outflow = 1.980129
 Tank Level [2] = 63.128540%, 	 Tank Inflow = 10.247058, 	 Tank Outflow = 1.980129
 Tank Level [4] = 74.981720%, 	 Tank Inflow = 10.073212, 	 Tank Outflow = 3.960129
 Tank Level [6] = 79.760712%, 	 Tank Inflow = 9.147331, 	 Tank Outflow = 19.800127
 Tank Level [8] = 60.758205%, 	 Tank Inflow = 9.577453, 	 Tank Outflow = 24.750128
 Tank Level [10] = 41.879475%, 	 Tank Inflow = 7.725320, 	 Tank Outflow = 9.900128
 Tank Level [12] = 38.759727%, 	 Tank Inflow = 8.281810, 	 Tank Outflow = 7.920129
 Tank Level [14] = 38.482220%, 	 Tank Inflow = 7.910751, 	 Tank Outflow = 9.900128
 Tank Level [16] = 39.447735%, 	 Tank Inflow = 9.883835, 	 Tank Outflow = 7.920129
 Tank Level [18] = 40.824574%, 	 Tank Inflow = 10.639719, 	 Tank Outflow = 14.850129
 Tank Level [20] = 35.119972%, 	 Tank Inflow = 11.500590, 	 Tank Outflow = 9.900128
 Tank Level [22] = 39.084766%, 	 Tank Inflow = 11.647895, 	 Tank Outflow = 5.940129



 Tank ID = Kesare
 Tank Level [0] = 49.612225%, 	 Tank Inflow = 10.223484, 	 Tank Outflow = 2.880000
 Tank Level [2] = 63.295853%, 	 Tank Inflow = 13.836377, 	 Tank Outflow = 2.880000
 Tank Level [4] = 77.997871%, 	 Tank Inflow = 14.154696, 	 Tank Outflow = 5.760000
 Tank Level [6] = 84.205894%, 	 Tank Inflow = 15.114403, 	 Tank Outflow = 28.799999
 Tank Level [8] = 60.580479%, 	 Tank Inflow = 16.774815, 	 Tank Outflow = 36.000000
 Tank Level [10] = 38.115662%, 	 Tank Inflow = 13.676088, 	 Tank Outflow = 14.400000
 Tank Level [12] = 36.767704%, 	 Tank Inflow = 12.112308, 	 Tank Outflow = 11.520000
 Tank Level [14] = 38.124916%, 	 Tank Inflow = 13.661565, 	 Tank Outflow = 14.400000
 Tank Level [16] = 40.854580%, 	 Tank Inflow = 14.340185, 	 Tank Outflow = 11.520000
 Tank Level [18] = 42.763493%, 	 Tank Inflow = 15.424709, 	 Tank Outflow = 21.600000
 Tank Level [20] = 33.911766%, 	 Tank Inflow = 15.517504, 	 Tank Outflow = 14.400000
 Tank Level [22] = 37.407112%, 	 Tank Inflow = 15.486456, 	 Tank Outflow = 8.640000



 Tank ID = Rajiv_nagar_II
 Tank Level [0] = 49.724735%, 	 Tank Inflow = 29.642063, 	 Tank Outflow = 3.924188
 Tank Level [2] = 64.286987%, 	 Tank Inflow = 18.301382, 	 Tank Outflow = 3.924188
 Tank Level [4] = 75.080894%, 	 Tank Inflow = 16.905636, 	 Tank Outflow = 7.847999
 Tank Level [6] = 78.040955%, 	 Tank Inflow = 18.137293, 	 Tank Outflow = 39.240189
 Tank Level [8] = 59.320862%, 	 Tank Inflow = 17.929514, 	 Tank Outflow = 49.050186
 Tank Level [10] = 39.967651%, 	 Tank Inflow = 16.692335, 	 Tank Outflow = 19.620188
 Tank Level [12] = 38.096893%, 	 Tank Inflow = 16.165462, 	 Tank Outflow = 15.696188
 Tank Level [14] = 38.779099%, 	 Tank Inflow = 17.601038, 	 Tank Outflow = 19.620188
 Tank Level [16] = 40.665989%, 	 Tank Inflow = 18.417547, 	 Tank Outflow = 15.696188
 Tank Level [18] = 41.625881%, 	 Tank Inflow = 21.140093, 	 Tank Outflow = 29.430187
 Tank Level [20] = 35.700439%, 	 Tank Inflow = 21.800322, 	 Tank Outflow = 19.620188
 Tank Level [22] = 38.977314%, 	 Tank Inflow = 22.552629, 	 Tank Outflow = 11.772188



 Tank ID = Veeranageeri
 Tank Level [0] = 49.653736%, 	 Tank Inflow = 28.276995, 	 Tank Outflow = 5.625000
 Tank Level [2] = 74.107407%, 	 Tank Inflow = 22.026058, 	 Tank Outflow = 5.625000
 Tank Level [4] = 100.457649%, 	 Tank Inflow = 25.599922, 	 Tank Outflow = 11.250000
 Tank Level [6] = 112.050819%, 	 Tank Inflow = 31.860781, 	 Tank Outflow = 56.250000
 Tank Level [8] = 67.123764%, 	 Tank Inflow = 31.832087, 	 Tank Outflow = 70.311996
 Tank Level [10] = 22.614632%, 	 Tank Inflow = 30.630583, 	 Tank Outflow = 28.125000
 Tank Level [12] = 25.843254%, 	 Tank Inflow = 30.772470, 	 Tank Outflow = 22.500000
 Tank Level [14] = 36.287334%, 	 Tank Inflow = 28.918360, 	 Tank Outflow = 28.125000
 Tank Level [16] = 43.681919%, 	 Tank Inflow = 28.754213, 	 Tank Outflow = 22.500000
 Tank Level [18] = 49.342094%, 	 Tank Inflow = 27.060276, 	 Tank Outflow = 42.188000
 Tank Level [20] = 29.037331%, 	 Tank Inflow = 27.612743, 	 Tank Outflow = 28.125000
 Tank Level [22] = 31.323252%, 	 Tank Inflow = 25.797848, 	 Tank Outflow = 16.875000



 Tank ID = NR_mohalla2
 Tank Level [0] = 49.554073%, 	 Tank Inflow = 8.040838, 	 Tank Outflow = 2.880128
 Tank Level [2] = 72.859993%, 	 Tank Inflow = 11.876111, 	 Tank Outflow = 2.880128
 Tank Level [4] = 100.060989%, 	 Tank Inflow = 10.473919, 	 Tank Outflow = 5.760128
 Tank Level [6] = 109.235138%, 	 Tank Inflow = 16.227339, 	 Tank Outflow = 28.800127
 Tank Level [8] = 63.346546%, 	 Tank Inflow = 18.018835, 	 Tank Outflow = 36.000130
 Tank Level [10] = 24.298859%, 	 Tank Inflow = 15.653850, 	 Tank Outflow = 14.400128
 Tank Level [12] = 27.704645%, 	 Tank Inflow = 14.024216, 	 Tank Outflow = 11.520129
 Tank Level [14] = 34.652142%, 	 Tank Inflow = 15.891086, 	 Tank Outflow = 14.400128
 Tank Level [16] = 44.978977%, 	 Tank Inflow = 13.399072, 	 Tank Outflow = 11.520129
 Tank Level [18] = 48.141277%, 	 Tank Inflow = 15.041630, 	 Tank Outflow = 21.600128
 Tank Level [20] = 28.747705%, 	 Tank Inflow = 15.024789, 	 Tank Outflow = 14.400128
 Tank Level [22] = 32.837303%, 	 Tank Inflow = 13.157971, 	 Tank Outflow = 8.640129



 Tank ID = NR_mohalla1
 Tank Level [0] = 49.797497%, 	 Tank Inflow = 52.710716, 	 Tank Outflow = 11.394000
 Tank Level [2] = 78.937477%, 	 Tank Inflow = 51.995594, 	 Tank Outflow = 11.394000
 Tank Level [4] = 108.195145%, 	 Tank Inflow = 52.637989, 	 Tank Outflow = 22.788000
 Tank Level [6] = 118.553825%, 	 Tank Inflow = 60.907104, 	 Tank Outflow = 113.940002
 Tank Level [8] = 69.958420%, 	 Tank Inflow = 66.318962, 	 Tank Outflow = 142.425003
 Tank Level [10] = 22.827938%, 	 Tank Inflow = 61.213787, 	 Tank Outflow = 56.970001
 Tank Level [12] = 25.164549%, 	 Tank Inflow = 60.583035, 	 Tank Outflow = 45.576000
 Tank Level [14] = 35.915482%, 	 Tank Inflow = 56.755447, 	 Tank Outflow = 56.970001
 Tank Level [16] = 44.678329%, 	 Tank Inflow = 58.337673, 	 Tank Outflow = 45.576000
 Tank Level [18] = 49.291924%, 	 Tank Inflow = 57.430855, 	 Tank Outflow = 85.455002
 Tank Level [20] = 28.409369%, 	 Tank Inflow = 55.065269, 	 Tank Outflow = 56.970001
 Tank Level [22] = 31.079494%, 	 Tank Inflow = 52.658844, 	 Tank Outflow = 34.181999



 Tank ID = Rajiv_nagar_I
 Tank Level [0] = 49.840042%, 	 Tank Inflow = 29.959705, 	 Tank Outflow = 15.966128
 Tank Level [2] = 66.789474%, 	 Tank Inflow = 70.773529, 	 Tank Outflow = 15.966128
 Tank Level [4] = 94.522308%, 	 Tank Inflow = 78.049904, 	 Tank Outflow = 31.932129
 Tank Level [6] = 106.674248%, 	 Tank Inflow = 89.854240, 	 Tank Outflow = 159.660126
 Tank Level [8] = 63.842518%, 	 Tank Inflow = 94.508202, 	 Tank Outflow = 199.575119
 Tank Level [10] = 22.068634%, 	 Tank Inflow = 88.649269, 	 Tank Outflow = 79.830132
 Tank Level [12] = 25.471811%, 	 Tank Inflow = 83.433296, 	 Tank Outflow = 63.864128
 Tank Level [14] = 34.849377%, 	 Tank Inflow = 81.101257, 	 Tank Outflow = 79.830132
 Tank Level [16] = 43.036987%, 	 Tank Inflow = 80.461502, 	 Tank Outflow = 63.864128
 Tank Level [18] = 47.484383%, 	 Tank Inflow = 82.151886, 	 Tank Outflow = 119.745132
 Tank Level [20] = 29.091475%, 	 Tank Inflow = 80.990028, 	 Tank Outflow = 79.830132
 Tank Level [22] = 32.993160%, 	 Tank Inflow = 77.292969, 	 Tank Outflow = 47.898129



 Tank ID = Tippu_park
 Tank Level [0] = 49.880527%, 	 Tank Inflow = 37.663635, 	 Tank Outflow = 7.500129
 Tank Level [2] = 73.049477%, 	 Tank Inflow = 39.676418, 	 Tank Outflow = 7.500129
 Tank Level [4] = 96.208687%, 	 Tank Inflow = 34.884609, 	 Tank Outflow = 15.000129
 Tank Level [6] = 103.034271%, 	 Tank Inflow = 36.156239, 	 Tank Outflow = 75.000130
 Tank Level [8] = 67.977737%, 	 Tank Inflow = 34.443962, 	 Tank Outflow = 93.750130
 Tank Level [10] = 31.688215%, 	 Tank Inflow = 36.935581, 	 Tank Outflow = 37.500130
 Tank Level [12] = 31.547815%, 	 Tank Inflow = 36.397335, 	 Tank Outflow = 30.000130
 Tank Level [14] = 36.406628%, 	 Tank Inflow = 37.620884, 	 Tank Outflow = 37.500130
 Tank Level [16] = 42.138710%, 	 Tank Inflow = 37.697685, 	 Tank Outflow = 30.000130
 Tank Level [18] = 44.568851%, 	 Tank Inflow = 38.250107, 	 Tank Outflow = 56.250130
 Tank Level [20] = 31.226494%, 	 Tank Inflow = 37.121292, 	 Tank Outflow = 37.500130
 Tank Level [22] = 33.888203%, 	 Tank Inflow = 38.302158, 	 Tank Outflow = 22.500130
==============================================================================================
[tank,0,0,34,494.356628] 
[tank,0,0,Rajendra_nagar2,256.893677] 
[tank,0,0,Rajendra_nagar1,734.314026] 
[tank,0,0,Bademakan,248.791107] 
[tank,0,0,Kesare,248.030029] 
[tank,0,0,Rajiv_nagar_II,492.662598] 
[tank,0,0,Veeranageeri,248.237579] 
[tank,0,0,NR_mohalla2,124.441780] 
[tank,0,0,NR_mohalla1,493.383484] 
[tank,0,0,Rajiv_nagar_I,735.325195] 
[tank,0,0,Tippu_park,494.206146] 
[valve,0,0,80,0.569454] 
[valve,2,0,80,0.000000] 
[valve,4,0,80,0.000000] 
[valve,6,0,80,0.000000] 
[valve,8,0,80,0.000000] 
[valve,10,0,80,0.000000] 
[valve,12,0,80,0.000000] 
[valve,14,0,80,0.000000] 
[valve,16,0,80,0.000000] 
[valve,18,0,80,0.000000] 
[valve,20,0,80,0.000000] 
[valve,22,0,80,0.000000] 
[valve,0,0,78,41.994015] 
[valve,2,0,78,26.467880] 
[valve,4,0,78,25.599911] 
[valve,6,0,78,31.870102] 
[valve,8,0,78,31.849218] 
[valve,10,0,78,30.650766] 
[valve,12,0,78,30.818026] 
[valve,14,0,78,29.268147] 
[valve,16,0,78,28.901226] 
[valve,18,0,78,27.087194] 
[valve,20,0,78,27.639984] 
[valve,22,0,78,25.832857] 
[valve,0,0,76,8.040830] 
[valve,2,0,76,11.876102] 
[valve,4,0,76,10.473898] 
[valve,6,0,76,16.227331] 
[valve,8,0,76,18.018827] 
[valve,10,0,76,15.653841] 
[valve,12,0,76,14.024207] 
[valve,14,0,76,15.891077] 
[valve,16,0,76,13.399063] 
[valve,18,0,76,15.041621] 
[valve,20,0,76,15.024780] 
[valve,22,0,76,13.157963] 
[valve,0,0,74,52.710712] 
[valve,2,0,74,51.995590] 
[valve,4,0,74,52.637974] 
[valve,6,0,74,60.907101] 
[valve,8,0,74,66.318962] 
[valve,10,0,74,61.213783] 
[valve,12,0,74,60.583031] 
[valve,14,0,74,56.755444] 
[valve,16,0,74,58.337669] 
[valve,18,0,74,57.430851] 
[valve,20,0,74,55.065266] 
[valve,22,0,74,52.658840] 
[valve,0,0,72,29.959696] 
[valve,2,0,72,70.773521] 
[valve,4,0,72,78.049896] 
[valve,6,0,72,89.854233] 
[valve,8,0,72,94.508194] 
[valve,10,0,72,88.649261] 
[valve,12,0,72,83.433289] 
[valve,14,0,72,81.101250] 
[valve,16,0,72,80.461494] 
[valve,18,0,72,82.151878] 
[valve,20,0,72,80.990021] 
[valve,22,0,72,77.292961] 
[valve,0,0,70,56.628807] 
[valve,2,0,70,37.931526] 
[valve,4,0,70,38.704502] 
[valve,6,0,70,39.814785] 
[valve,8,0,70,41.653294] 
[valve,10,0,70,35.095272] 
[valve,12,0,70,34.551888] 
[valve,14,0,70,33.783669] 
[valve,16,0,70,31.079008] 
[valve,18,0,70,32.733158] 
[valve,20,0,70,28.927856] 
[valve,22,0,70,24.041090] 
[valve,0,0,68,44.572006] 
[valve,2,0,68,35.495762] 
[valve,4,0,68,37.310600] 
[valve,6,0,68,40.536709] 
[valve,8,0,68,40.749107] 
[valve,10,0,68,38.540516] 
[valve,12,0,68,37.147964] 
[valve,14,0,68,38.074844] 
[valve,16,0,68,39.340889] 
[valve,18,0,68,41.492722] 
[valve,20,0,68,41.416325] 
[valve,22,0,68,41.709370] 
[valve,0,0,66,11.089067] 
[valve,2,0,66,10.247026] 
[valve,4,0,66,10.073180] 
[valve,6,0,66,9.147300] 
[valve,8,0,66,9.577421] 
[valve,10,0,66,7.725288] 
[valve,12,0,66,8.281777] 
[valve,14,0,66,7.910719] 
[valve,16,0,66,9.883803] 
[valve,18,0,66,10.639688] 
[valve,20,0,66,11.500560] 
[valve,22,0,66,11.647864] 
[valve,0,0,65,10.223451] 
[valve,2,0,65,13.836345] 
[valve,4,0,65,14.154663] 
[valve,6,0,65,15.114370] 
[valve,8,0,65,16.774782] 
[valve,10,0,65,13.676055] 
[valve,12,0,65,12.112274] 
[valve,14,0,65,13.661531] 
[valve,16,0,65,14.340153] 
[valve,18,0,65,15.424678] 
[valve,20,0,65,15.517472] 
[valve,22,0,65,15.486424] 
[valve,0,0,40,37.663631] 
[valve,2,0,40,39.676414] 
[valve,4,0,40,34.884594] 
[valve,6,0,40,36.156235] 
[valve,8,0,40,34.443958] 
[valve,10,0,40,36.935577] 
[valve,12,0,40,36.397331] 
[valve,14,0,40,37.620880] 
[valve,16,0,40,37.697681] 
[valve,18,0,40,38.250103] 
[valve,20,0,40,37.121288] 
[valve,22,0,40,38.302155] 
[valve,0,0,35,29.642042] 
[valve,2,0,35,18.301361] 
[valve,4,0,35,16.905615] 
[valve,6,0,35,18.137272] 
[valve,8,0,35,17.929493] 
[valve,10,0,35,16.692314] 
[valve,12,0,35,16.165442] 
[valve,14,0,35,17.601017] 
[valve,16,0,35,18.417526] 
[valve,18,0,35,21.140072] 
[valve,20,0,35,21.800301] 
[valve,22,0,35,22.552608] 
[valve,0,0,3,126.692238] 
[valve,2,0,3,125.574242] 
[valve,4,0,3,135.576935] 
[valve,6,0,3,145.151382] 
[valve,8,0,3,150.613922] 
[valve,10,0,3,144.433792] 
[valve,12,0,3,141.777039] 
[valve,14,0,3,139.185928] 
[valve,16,0,3,138.188324] 
[valve,18,0,3,137.782822] 
[valve,20,0,3,134.824127] 
[valve,22,0,3,129.916595] 
Front->[tank,0,0,Rajiv_nagar_I,735.325195] [tank,0,0,NR_mohalla1,493.383484] [tank,0,0,NR_mohalla2,124.441780] [tank,0,0,Veeranageeri,248.237579] [tank,0,0,Rajiv_nagar_II,492.662598] [tank,0,0,Kesare,248.030029] [tank,0,0,Bademakan,248.791107] [tank,0,0,Rajendra_nagar1,734.314026] [tank,0,0,Rajendra_nagar2,256.893677] [tank,0,0,34,494.356628] [tank,0,0,Rajendra_nagar2,250.110001] [tank,0,0,Bademakan,250.250000] [valve,2,0,80,0.000000] [valve,4,0,80,0.000000] [valve,6,0,80,0.000000] [valve,8,0,80,0.000000] [valve,10,0,80,0.000000] [valve,12,0,80,0.000000] [valve,14,0,80,0.000000] [valve,16,0,80,0.000000] [valve,18,0,80,0.000000] [valve,20,0,80,0.000000] [valve,22,0,80,0.000000] [valve,0,0,78,41.994015] [valve,2,0,78,26.467880] [valve,4,0,78,25.599911] [valve,6,0,78,31.870102] [valve,8,0,78,31.849218] [valve,10,0,78,30.650766] [valve,12,0,78,30.818026] [valve,14,0,78,29.268147] [valve,16,0,78,28.901226] [valve,18,0,78,27.087194] [valve,20,0,78,27.639984] [valve,22,0,78,25.832857] [valve,0,0,76,8.040830] [valve,2,0,76,11.876102] [valve,4,0,76,10.473898] [valve,6,0,76,16.227331] [valve,8,0,76,18.018827] [valve,10,0,76,15.653841] [valve,12,0,76,14.024207] [valve,14,0,76,15.891077] [valve,16,0,76,13.399063] [valve,18,0,76,15.041621] [valve,20,0,76,15.024780] [valve,22,0,76,13.157963] [valve,0,0,74,52.710712] [valve,2,0,74,51.995590] [valve,4,0,74,52.637974] [valve,6,0,74,60.907101] [valve,8,0,74,66.318962] [valve,10,0,74,61.213783] [valve,12,0,74,60.583031] [valve,14,0,74,56.755444] [valve,16,0,74,58.337669] [valve,18,0,74,57.430851] [valve,20,0,74,55.065266] [valve,22,0,74,52.658840] [valve,0,0,72,29.959696] [valve,2,0,72,70.773521] [valve,4,0,72,78.049896] [valve,6,0,72,89.854233] [valve,8,0,72,94.508194] [valve,10,0,72,88.649261] [valve,12,0,72,83.433289] [valve,14,0,72,81.101250] [valve,16,0,72,80.461494] [valve,18,0,72,82.151878] [valve,20,0,72,80.990021] [valve,22,0,72,77.292961] [valve,0,0,70,56.628807] [valve,2,0,70,37.931526] [valve,4,0,70,38.704502] [valve,6,0,70,39.814785] [valve,8,0,70,41.653294] [valve,10,0,70,35.095272] [valve,12,0,70,34.551888] [valve,14,0,70,33.783669] [valve,16,0,70,31.079008] [valve,18,0,70,32.733158] [valve,20,0,70,28.927856] [valve,22,0,70,24.041090] [valve,0,0,68,44.572006] [valve,2,0,68,35.495762] [valve,4,0,68,37.310600] [valve,6,0,68,40.536709] [valve,8,0,68,40.749107] [valve,10,0,68,38.540516] [valve,12,0,68,37.147964] [valve,14,0,68,38.074844] [valve,16,0,68,39.340889] [valve,18,0,68,41.492722] [valve,20,0,68,41.416325] [valve,22,0,68,41.709370] [valve,0,0,66,11.089067] [valve,2,0,66,10.247026] [valve,4,0,66,10.073180] [valve,6,0,66,9.147300] [valve,8,0,66,9.577421] [valve,10,0,66,7.725288] [valve,12,0,66,8.281777] [valve,14,0,66,7.910719] [valve,16,0,66,9.883803] [valve,18,0,66,10.639688] [valve,20,0,66,11.500560] [valve,22,0,66,11.647864] [valve,0,0,65,10.223451] [valve,2,0,65,13.836345] [valve,4,0,65,14.154663] [valve,6,0,65,15.114370] [valve,8,0,65,16.774782] [valve,10,0,65,13.676055] [valve,12,0,65,12.112274] [valve,14,0,65,13.661531] [valve,16,0,65,14.340153] [valve,18,0,65,15.424678] [valve,20,0,65,15.517472] [valve,22,0,65,15.486424] [valve,0,0,40,37.663631] [valve,2,0,40,39.676414] [valve,4,0,40,34.884594] [valve,6,0,40,36.156235] [valve,8,0,40,34.443958] [valve,10,0,40,36.935577] [valve,12,0,40,36.397331] [valve,14,0,40,37.620880] [valve,16,0,40,37.697681] [valve,18,0,40,38.250103] [valve,20,0,40,37.121288] [valve,22,0,40,38.302155] [valve,0,0,35,29.642042] [valve,2,0,35,18.301361] [valve,4,0,35,16.905615] [valve,6,0,35,18.137272] [valve,8,0,35,17.929493] [valve,10,0,35,16.692314] [valve,12,0,35,16.165442] [valve,14,0,35,17.601017] [valve,16,0,35,18.417526] [valve,18,0,35,21.140072] [valve,20,0,35,21.800301] [valve,22,0,35,22.552608] [valve,0,0,3,126.692238] [valve,2,0,3,125.574242] [valve,4,0,3,135.576935] [valve,6,0,3,145.151382] [valve,8,0,3,150.613922] [valve,10,0,3,144.433792] [valve,12,0,3,141.777039] [valve,14,0,3,139.185928] [valve,16,0,3,138.188324] [valve,18,0,3,137.782822] [valve,20,0,3,134.824127] [valve,22,0,3,129.916595] <-Rear

==============================================================================================




 Valve ID = 80
 Valve Value [0] = 0.569454
 Valve Value [2] = 0.000000
 Valve Value [4] = 0.000000
 Valve Value [6] = 0.000000
 Valve Value [8] = 0.000000
 Valve Value [10] = 0.000000
 Valve Value [12] = 0.000000
 Valve Value [14] = 0.000000
 Valve Value [16] = 0.000000
 Valve Value [18] = 0.000000
 Valve Value [20] = 0.000000
 Valve Value [22] = 0.000000



 Valve ID = 78
 Valve Value [0] = 41.994015
 Valve Value [2] = 26.467880
 Valve Value [4] = 25.599911
 Valve Value [6] = 31.870102
 Valve Value [8] = 31.849218
 Valve Value [10] = 30.650766
 Valve Value [12] = 30.818026
 Valve Value [14] = 29.268147
 Valve Value [16] = 28.901226
 Valve Value [18] = 27.087194
 Valve Value [20] = 27.639984
 Valve Value [22] = 25.832857



 Valve ID = 76
 Valve Value [0] = 8.040830
 Valve Value [2] = 11.876102
 Valve Value [4] = 10.473898
 Valve Value [6] = 16.227331
 Valve Value [8] = 18.018827
 Valve Value [10] = 15.653841
 Valve Value [12] = 14.024207
 Valve Value [14] = 15.891077
 Valve Value [16] = 13.399063
 Valve Value [18] = 15.041621
 Valve Value [20] = 15.024780
 Valve Value [22] = 13.157963



 Valve ID = 74
 Valve Value [0] = 52.710712
 Valve Value [2] = 51.995590
 Valve Value [4] = 52.637974
 Valve Value [6] = 60.907101
 Valve Value [8] = 66.318962
 Valve Value [10] = 61.213783
 Valve Value [12] = 60.583031
 Valve Value [14] = 56.755444
 Valve Value [16] = 58.337669
 Valve Value [18] = 57.430851
 Valve Value [20] = 55.065266
 Valve Value [22] = 52.658840



 Valve ID = 72
 Valve Value [0] = 29.959696
 Valve Value [2] = 70.773521
 Valve Value [4] = 78.049896
 Valve Value [6] = 89.854233
 Valve Value [8] = 94.508194
 Valve Value [10] = 88.649261
 Valve Value [12] = 83.433289
 Valve Value [14] = 81.101250
 Valve Value [16] = 80.461494
 Valve Value [18] = 82.151878
 Valve Value [20] = 80.990021
 Valve Value [22] = 77.292961



 Valve ID = 70
 Valve Value [0] = 56.628807
 Valve Value [2] = 37.931526
 Valve Value [4] = 38.704502
 Valve Value [6] = 39.814785
 Valve Value [8] = 41.653294
 Valve Value [10] = 35.095272
 Valve Value [12] = 34.551888
 Valve Value [14] = 33.783669
 Valve Value [16] = 31.079008
 Valve Value [18] = 32.733158
 Valve Value [20] = 28.927856
 Valve Value [22] = 24.041090



 Valve ID = 68
 Valve Value [0] = 44.572006
 Valve Value [2] = 35.495762
 Valve Value [4] = 37.310600
 Valve Value [6] = 40.536709
 Valve Value [8] = 40.749107
 Valve Value [10] = 38.540516
 Valve Value [12] = 37.147964
 Valve Value [14] = 38.074844
 Valve Value [16] = 39.340889
 Valve Value [18] = 41.492722
 Valve Value [20] = 41.416325
 Valve Value [22] = 41.709370



 Valve ID = 66
 Valve Value [0] = 11.089067
 Valve Value [2] = 10.247026
 Valve Value [4] = 10.073180
 Valve Value [6] = 9.147300
 Valve Value [8] = 9.577421
 Valve Value [10] = 7.725288
 Valve Value [12] = 8.281777
 Valve Value [14] = 7.910719
 Valve Value [16] = 9.883803
 Valve Value [18] = 10.639688
 Valve Value [20] = 11.500560
 Valve Value [22] = 11.647864



 Valve ID = 65
 Valve Value [0] = 10.223451
 Valve Value [2] = 13.836345
 Valve Value [4] = 14.154663
 Valve Value [6] = 15.114370
 Valve Value [8] = 16.774782
 Valve Value [10] = 13.676055
 Valve Value [12] = 12.112274
 Valve Value [14] = 13.661531
 Valve Value [16] = 14.340153
 Valve Value [18] = 15.424678
 Valve Value [20] = 15.517472
 Valve Value [22] = 15.486424



 Valve ID = 40
 Valve Value [0] = 37.663631
 Valve Value [2] = 39.676414
 Valve Value [4] = 34.884594
 Valve Value [6] = 36.156235
 Valve Value [8] = 34.443958
 Valve Value [10] = 36.935577
 Valve Value [12] = 36.397331
 Valve Value [14] = 37.620880
 Valve Value [16] = 37.697681
 Valve Value [18] = 38.250103
 Valve Value [20] = 37.121288
 Valve Value [22] = 38.302155



 Valve ID = 35
 Valve Value [0] = 29.642042
 Valve Value [2] = 18.301361
 Valve Value [4] = 16.905615
 Valve Value [6] = 18.137272
 Valve Value [8] = 17.929493
 Valve Value [10] = 16.692314
 Valve Value [12] = 16.165442
 Valve Value [14] = 17.601017
 Valve Value [16] = 18.417526
 Valve Value [18] = 21.140072
 Valve Value [20] = 21.800301
 Valve Value [22] = 22.552608



 Valve ID = 3
 Valve Value [0] = 126.692238
 Valve Value [2] = 125.574242
 Valve Value [4] = 135.576935
 Valve Value [6] = 145.151382
 Valve Value [8] = 150.613922
 Valve Value [10] = 144.433792
 Valve Value [12] = 141.777039
 Valve Value [14] = 139.185928
 Valve Value [16] = 138.188324
 Valve Value [18] = 137.782822
 Valve Value [20] = 134.824127
 Valve Value [22] = 129.916595



 Tank ID = 34
 Tank Level [0] = 49.895706%, 	 Tank Inflow = 334.000000, 	 Tank Outflow = 308.807434
 Tank Level [2] = 66.789230%, 	 Tank Inflow = 334.000000, 	 Tank Outflow = 312.159943
 Tank Level [4] = 80.785530%, 	 Tank Inflow = 334.000000, 	 Tank Outflow = 318.795258
 Tank Level [6] = 84.070610%, 	 Tank Inflow = 334.000000, 	 Tank Outflow = 357.756195
 Tank Level [8] = 63.907406%, 	 Tank Inflow = 334.000000, 	 Tank Outflow = 371.806366
 Tank Level [10] = 40.259254%, 	 Tank Inflow = 334.000000, 	 Tank Outflow = 344.812653
 Tank Level [12] = 35.026917%, 	 Tank Inflow = 334.000000, 	 Tank Outflow = 333.469818
 Tank Level [14] = 36.505253%, 	 Tank Inflow = 334.000000, 	 Tank Outflow = 331.319092
 Tank Level [16] = 39.933189%, 	 Tank Inflow = 334.000000, 	 Tank Outflow = 331.711334
 Tank Level [18] = 40.116722%, 	 Tank Inflow = 334.000000, 	 Tank Outflow = 341.365173
 Tank Level [20] = 35.204834%, 	 Tank Inflow = 334.000000, 	 Tank Outflow = 334.976807
 Tank Level [22] = 36.407711%, 	 Tank Inflow = 334.000000, 	 Tank Outflow = 322.647064



 Tank ID = Rajendra_nagar2
 Tank Level [0] = 25.928436%, 	 Tank Inflow = 56.628826, 	 Tank Outflow = 6.804000
 Tank Level [2] = 55.817017%, 	 Tank Inflow = 37.931545, 	 Tank Outflow = 6.804000
 Tank Level [4] = 77.563095%, 	 Tank Inflow = 38.704521, 	 Tank Outflow = 13.608000
 Tank Level [6] = 88.091248%, 	 Tank Inflow = 39.814804, 	 Tank Outflow = 68.040001
 Tank Level [8] = 61.422283%, 	 Tank Inflow = 41.653313, 	 Tank Outflow = 85.050003
 Tank Level [10] = 34.690525%, 	 Tank Inflow = 35.095291, 	 Tank Outflow = 34.020000
 Tank Level [12] = 34.969170%, 	 Tank Inflow = 34.551907, 	 Tank Outflow = 27.216000
 Tank Level [14] = 39.879372%, 	 Tank Inflow = 33.783688, 	 Tank Outflow = 34.020000
 Tank Level [16] = 43.389698%, 	 Tank Inflow = 31.079027, 	 Tank Outflow = 27.216000
 Tank Level [18] = 44.072922%, 	 Tank Inflow = 32.733177, 	 Tank Outflow = 51.029999
 Tank Level [20] = 30.275640%, 	 Tank Inflow = 28.927876, 	 Tank Outflow = 34.020000
 Tank Level [22] = 28.417875%, 	 Tank Inflow = 24.041109, 	 Tank Outflow = 20.412001



 Tank ID = Rajendra_nagar1
 Tank Level [0] = 49.771503%, 	 Tank Inflow = 44.572025, 	 Tank Outflow = 7.920000
 Tank Level [2] = 65.441299%, 	 Tank Inflow = 35.495781, 	 Tank Outflow = 7.920000
 Tank Level [4] = 79.060699%, 	 Tank Inflow = 37.310619, 	 Tank Outflow = 15.840000
 Tank Level [6] = 83.665726%, 	 Tank Inflow = 40.536728, 	 Tank Outflow = 79.199997
 Tank Level [8] = 60.027756%, 	 Tank Inflow = 40.749126, 	 Tank Outflow = 99.000000
 Tank Level [10] = 36.242565%, 	 Tank Inflow = 38.540535, 	 Tank Outflow = 39.599998
 Tank Level [12] = 35.609200%, 	 Tank Inflow = 37.147984, 	 Tank Outflow = 31.680000
 Tank Level [14] = 38.369583%, 	 Tank Inflow = 38.074863, 	 Tank Outflow = 39.599998
 Tank Level [16] = 41.462296%, 	 Tank Inflow = 39.340908, 	 Tank Outflow = 31.680000
 Tank Level [18] = 43.627430%, 	 Tank Inflow = 41.492741, 	 Tank Outflow = 59.400002
 Tank Level [20] = 34.895176%, 	 Tank Inflow = 41.416344, 	 Tank Outflow = 39.599998
 Tank Level [22] = 37.792477%, 	 Tank Inflow = 41.709389, 	 Tank Outflow = 23.760000



 Tank ID = Bademakan
 Tank Level [0] = 49.764458%, 	 Tank Inflow = 11.089098, 	 Tank Outflow = 1.980129
 Tank Level [2] = 63.128540%, 	 Tank Inflow = 10.247058, 	 Tank Outflow = 1.980129
 Tank Level [4] = 74.981720%, 	 Tank Inflow = 10.073212, 	 Tank Outflow = 3.960129
 Tank Level [6] = 79.760712%, 	 Tank Inflow = 9.147331, 	 Tank Outflow = 19.800127
 Tank Level [8] = 60.758205%, 	 Tank Inflow = 9.577453, 	 Tank Outflow = 24.750128
 Tank Level [10] = 41.879475%, 	 Tank Inflow = 7.725320, 	 Tank Outflow = 9.900128
 Tank Level [12] = 38.759727%, 	 Tank Inflow = 8.281810, 	 Tank Outflow = 7.920129
 Tank Level [14] = 38.482220%, 	 Tank Inflow = 7.910751, 	 Tank Outflow = 9.900128
 Tank Level [16] = 39.447735%, 	 Tank Inflow = 9.883835, 	 Tank Outflow = 7.920129
 Tank Level [18] = 40.824574%, 	 Tank Inflow = 10.639719, 	 Tank Outflow = 14.850129
 Tank Level [20] = 35.119972%, 	 Tank Inflow = 11.500590, 	 Tank Outflow = 9.900128
 Tank Level [22] = 39.084766%, 	 Tank Inflow = 11.647895, 	 Tank Outflow = 5.940129



 Tank ID = Kesare
 Tank Level [0] = 49.612225%, 	 Tank Inflow = 10.223484, 	 Tank Outflow = 2.880000
 Tank Level [2] = 63.295853%, 	 Tank Inflow = 13.836377, 	 Tank Outflow = 2.880000
 Tank Level [4] = 77.997871%, 	 Tank Inflow = 14.154696, 	 Tank Outflow = 5.760000
 Tank Level [6] = 84.205894%, 	 Tank Inflow = 15.114403, 	 Tank Outflow = 28.799999
 Tank Level [8] = 60.580479%, 	 Tank Inflow = 16.774815, 	 Tank Outflow = 36.000000
 Tank Level [10] = 38.115662%, 	 Tank Inflow = 13.676088, 	 Tank Outflow = 14.400000
 Tank Level [12] = 36.767704%, 	 Tank Inflow = 12.112308, 	 Tank Outflow = 11.520000
 Tank Level [14] = 38.124916%, 	 Tank Inflow = 13.661565, 	 Tank Outflow = 14.400000
 Tank Level [16] = 40.854580%, 	 Tank Inflow = 14.340185, 	 Tank Outflow = 11.520000
 Tank Level [18] = 42.763493%, 	 Tank Inflow = 15.424709, 	 Tank Outflow = 21.600000
 Tank Level [20] = 33.911766%, 	 Tank Inflow = 15.517504, 	 Tank Outflow = 14.400000
 Tank Level [22] = 37.407112%, 	 Tank Inflow = 15.486456, 	 Tank Outflow = 8.640000



 Tank ID = Rajiv_nagar_II
 Tank Level [0] = 49.724735%, 	 Tank Inflow = 29.642063, 	 Tank Outflow = 3.924188
 Tank Level [2] = 64.286987%, 	 Tank Inflow = 18.301382, 	 Tank Outflow = 3.924188
 Tank Level [4] = 75.080894%, 	 Tank Inflow = 16.905636, 	 Tank Outflow = 7.847999
 Tank Level [6] = 78.040955%, 	 Tank Inflow = 18.137293, 	 Tank Outflow = 39.240189
 Tank Level [8] = 59.320862%, 	 Tank Inflow = 17.929514, 	 Tank Outflow = 49.050186
 Tank Level [10] = 39.967651%, 	 Tank Inflow = 16.692335, 	 Tank Outflow = 19.620188
 Tank Level [12] = 38.096893%, 	 Tank Inflow = 16.165462, 	 Tank Outflow = 15.696188
 Tank Level [14] = 38.779099%, 	 Tank Inflow = 17.601038, 	 Tank Outflow = 19.620188
 Tank Level [16] = 40.665989%, 	 Tank Inflow = 18.417547, 	 Tank Outflow = 15.696188
 Tank Level [18] = 41.625881%, 	 Tank Inflow = 21.140093, 	 Tank Outflow = 29.430187
 Tank Level [20] = 35.700439%, 	 Tank Inflow = 21.800322, 	 Tank Outflow = 19.620188
 Tank Level [22] = 38.977314%, 	 Tank Inflow = 22.552629, 	 Tank Outflow = 11.772188



 Tank ID = Veeranageeri
 Tank Level [0] = 49.653736%, 	 Tank Inflow = 28.276995, 	 Tank Outflow = 5.625000
 Tank Level [2] = 74.107407%, 	 Tank Inflow = 22.026058, 	 Tank Outflow = 5.625000
 Tank Level [4] = 100.457649%, 	 Tank Inflow = 25.599922, 	 Tank Outflow = 11.250000
 Tank Level [6] = 112.050819%, 	 Tank Inflow = 31.860781, 	 Tank Outflow = 56.250000
 Tank Level [8] = 67.123764%, 	 Tank Inflow = 31.832087, 	 Tank Outflow = 70.311996
 Tank Level [10] = 22.614632%, 	 Tank Inflow = 30.630583, 	 Tank Outflow = 28.125000
 Tank Level [12] = 25.843254%, 	 Tank Inflow = 30.772470, 	 Tank Outflow = 22.500000
 Tank Level [14] = 36.287334%, 	 Tank Inflow = 28.918360, 	 Tank Outflow = 28.125000
 Tank Level [16] = 43.681919%, 	 Tank Inflow = 28.754213, 	 Tank Outflow = 22.500000
 Tank Level [18] = 49.342094%, 	 Tank Inflow = 27.060276, 	 Tank Outflow = 42.188000
 Tank Level [20] = 29.037331%, 	 Tank Inflow = 27.612743, 	 Tank Outflow = 28.125000
 Tank Level [22] = 31.323252%, 	 Tank Inflow = 25.797848, 	 Tank Outflow = 16.875000



 Tank ID = NR_mohalla2
 Tank Level [0] = 49.554073%, 	 Tank Inflow = 8.040838, 	 Tank Outflow = 2.880128
 Tank Level [2] = 72.859993%, 	 Tank Inflow = 11.876111, 	 Tank Outflow = 2.880128
 Tank Level [4] = 100.060989%, 	 Tank Inflow = 10.473919, 	 Tank Outflow = 5.760128
 Tank Level [6] = 109.235138%, 	 Tank Inflow = 16.227339, 	 Tank Outflow = 28.800127
 Tank Level [8] = 63.346546%, 	 Tank Inflow = 18.018835, 	 Tank Outflow = 36.000130
 Tank Level [10] = 24.298859%, 	 Tank Inflow = 15.653850, 	 Tank Outflow = 14.400128
 Tank Level [12] = 27.704645%, 	 Tank Inflow = 14.024216, 	 Tank Outflow = 11.520129
 Tank Level [14] = 34.652142%, 	 Tank Inflow = 15.891086, 	 Tank Outflow = 14.400128
 Tank Level [16] = 44.978977%, 	 Tank Inflow = 13.399072, 	 Tank Outflow = 11.520129
 Tank Level [18] = 48.141277%, 	 Tank Inflow = 15.041630, 	 Tank Outflow = 21.600128
 Tank Level [20] = 28.747705%, 	 Tank Inflow = 15.024789, 	 Tank Outflow = 14.400128
 Tank Level [22] = 32.837303%, 	 Tank Inflow = 13.157971, 	 Tank Outflow = 8.640129



 Tank ID = NR_mohalla1
 Tank Level [0] = 49.797497%, 	 Tank Inflow = 52.710716, 	 Tank Outflow = 11.394000
 Tank Level [2] = 78.937477%, 	 Tank Inflow = 51.995594, 	 Tank Outflow = 11.394000
 Tank Level [4] = 108.195145%, 	 Tank Inflow = 52.637989, 	 Tank Outflow = 22.788000
 Tank Level [6] = 118.553825%, 	 Tank Inflow = 60.907104, 	 Tank Outflow = 113.940002
 Tank Level [8] = 69.958420%, 	 Tank Inflow = 66.318962, 	 Tank Outflow = 142.425003
 Tank Level [10] = 22.827938%, 	 Tank Inflow = 61.213787, 	 Tank Outflow = 56.970001
 Tank Level [12] = 25.164549%, 	 Tank Inflow = 60.583035, 	 Tank Outflow = 45.576000
 Tank Level [14] = 35.915482%, 	 Tank Inflow = 56.755447, 	 Tank Outflow = 56.970001
 Tank Level [16] = 44.678329%, 	 Tank Inflow = 58.337673, 	 Tank Outflow = 45.576000
 Tank Level [18] = 49.291924%, 	 Tank Inflow = 57.430855, 	 Tank Outflow = 85.455002
 Tank Level [20] = 28.409369%, 	 Tank Inflow = 55.065269, 	 Tank Outflow = 56.970001
 Tank Level [22] = 31.079494%, 	 Tank Inflow = 52.658844, 	 Tank Outflow = 34.181999



 Tank ID = Rajiv_nagar_I
 Tank Level [0] = 49.840042%, 	 Tank Inflow = 29.959705, 	 Tank Outflow = 15.966128
 Tank Level [2] = 66.789474%, 	 Tank Inflow = 70.773529, 	 Tank Outflow = 15.966128
 Tank Level [4] = 94.522308%, 	 Tank Inflow = 78.049904, 	 Tank Outflow = 31.932129
 Tank Level [6] = 106.674248%, 	 Tank Inflow = 89.854240, 	 Tank Outflow = 159.660126
 Tank Level [8] = 63.842518%, 	 Tank Inflow = 94.508202, 	 Tank Outflow = 199.575119
 Tank Level [10] = 22.068634%, 	 Tank Inflow = 88.649269, 	 Tank Outflow = 79.830132
 Tank Level [12] = 25.471811%, 	 Tank Inflow = 83.433296, 	 Tank Outflow = 63.864128
 Tank Level [14] = 34.849377%, 	 Tank Inflow = 81.101257, 	 Tank Outflow = 79.830132
 Tank Level [16] = 43.036987%, 	 Tank Inflow = 80.461502, 	 Tank Outflow = 63.864128
 Tank Level [18] = 47.484383%, 	 Tank Inflow = 82.151886, 	 Tank Outflow = 119.745132
 Tank Level [20] = 29.091475%, 	 Tank Inflow = 80.990028, 	 Tank Outflow = 79.830132
 Tank Level [22] = 32.993160%, 	 Tank Inflow = 77.292969, 	 Tank Outflow = 47.898129



 Tank ID = Tippu_park
 Tank Level [0] = 49.880527%, 	 Tank Inflow = 37.663635, 	 Tank Outflow = 7.500129
 Tank Level [2] = 73.049477%, 	 Tank Inflow = 39.676418, 	 Tank Outflow = 7.500129
 Tank Level [4] = 96.208687%, 	 Tank Inflow = 34.884609, 	 Tank Outflow = 15.000129
 Tank Level [6] = 103.034271%, 	 Tank Inflow = 36.156239, 	 Tank Outflow = 75.000130
 Tank Level [8] = 67.977737%, 	 Tank Inflow = 34.443962, 	 Tank Outflow = 93.750130
 Tank Level [10] = 31.688215%, 	 Tank Inflow = 36.935581, 	 Tank Outflow = 37.500130
 Tank Level [12] = 31.547815%, 	 Tank Inflow = 36.397335, 	 Tank Outflow = 30.000130
 Tank Level [14] = 36.406628%, 	 Tank Inflow = 37.620884, 	 Tank Outflow = 37.500130
 Tank Level [16] = 42.138710%, 	 Tank Inflow = 37.697685, 	 Tank Outflow = 30.000130
 Tank Level [18] = 44.568851%, 	 Tank Inflow = 38.250107, 	 Tank Outflow = 56.250130
 Tank Level [20] = 31.226494%, 	 Tank Inflow = 37.121292, 	 Tank Outflow = 37.500130
 Tank Level [22] = 33.888203%, 	 Tank Inflow = 38.302158, 	 Tank Outflow = 22.500130
==============================================================================================
