size of TankStruct = 1192, Size of Valve Struct = 560
tankcount = 0
 Tank 1: Tank ID = 34,
tankcount = 1
 Tank 2: Tank ID = Rajendra_nagar2,
tankcount = 2
 Tank 3: Tank ID = Rajendra_nagar1,
tankcount = 3
 Tank 4: Tank ID = Bademakan,
tankcount = 4
 Tank 5: Tank ID = Kesare,
tankcount = 5
 Tank 6: Tank ID = Rajiv_nagar_II,
tankcount = 6
 Tank 7: Tank ID = Veeranageeri,
tankcount = 7
 Tank 8: Tank ID = NR_mohalla2,
tankcount = 8
 Tank 9: Tank ID = NR_mohalla1,
tankcount = 9
 Tank 10: Tank ID = Rajiv_nagar_I,
tankcount = 10
 Tank 11: Tank ID = Tippu_park,
 Tank ID = 34, Tank Max Level (meter^3) = 990.779907
 Tank ID = 34, Tank Input Link ID = 84
 Tank ID = 34, Tank Output Link ID = 9
 Tank ID = Rajendra_nagar2, Tank Max Level (meter^3) = 990.779663
 Tank ID = Rajendra_nagar2, Tank Input Link ID = 71
 Tank ID = Rajendra_nagar2, Tank Output Link ID = 20
 Tank ID = Rajendra_nagar1, Tank Max Level (meter^3) = 1475.370483
 Tank ID = Rajendra_nagar1, Tank Input Link ID = 69
 Tank ID = Rajendra_nagar1, Tank Output Link ID = 18
 Tank ID = Bademakan, Tank Max Level (meter^3) = 499.937347
 Tank ID = Bademakan, Tank Input Link ID = 67
 Tank ID = Bademakan, Tank Output Link ID = 16
 Tank ID = Kesare, Tank Max Level (meter^3) = 499.937347
 Tank ID = Kesare, Tank Input Link ID = 64
 Tank ID = Kesare, Tank Output Link ID = 14
 Tank ID = Rajiv_nagar_II, Tank Max Level (meter^3) = 990.779663
 Tank ID = Rajiv_nagar_II, Tank Input Link ID = 11
 Tank ID = Rajiv_nagar_II, Tank Output Link ID = 12
 Tank ID = Veeranageeri, Tank Max Level (meter^3) = 499.937347
 Tank ID = Veeranageeri, Tank Input Link ID = 79
 Tank ID = Veeranageeri, Tank Output Link ID = 10
 Tank ID = NR_mohalla2, Tank Max Level (meter^3) = 251.123215
 Tank ID = NR_mohalla2, Tank Input Link ID = 77
 Tank ID = NR_mohalla2, Tank Output Link ID = 8
 Tank ID = NR_mohalla1, Tank Max Level (meter^3) = 990.779663
 Tank ID = NR_mohalla1, Tank Input Link ID = 75
 Tank ID = NR_mohalla1, Tank Output Link ID = 7
 Tank ID = Rajiv_nagar_I, Tank Max Level (meter^3) = 1475.370239
 Tank ID = Rajiv_nagar_I, Tank Input Link ID = 73
 Tank ID = Rajiv_nagar_I, Tank Output Link ID = 1
 Tank ID = Tippu_park, Tank Max Level (meter^3) = 990.779663
 Tank ID = Tippu_park, Tank Input Link ID = 55
 Tank ID = Tippu_park, Tank Output Link ID = 2
 Valve Link of Valve 80 is 49
 Valve Id = 80 	  Initial Valve Value = 0.000000
 Max Flow across Valve 80 = 490.873840 	 Diameter is 500.000000
 Valve Link of Valve 78 is 50
 Valve Id = 78 	  Initial Valve Value = 0.000000
 Max Flow across Valve 78 = 176.714584 	 Diameter is 300.000000
 Valve Link of Valve 76 is 51
 Valve Id = 76 	  Initial Valve Value = 0.000000
 Max Flow across Valve 76 = 122.718460 	 Diameter is 250.000000
 Valve Link of Valve 74 is 52
 Valve Id = 74 	  Initial Valve Value = 0.000000
 Max Flow across Valve 74 = 240.528183 	 Diameter is 350.000000
 Valve Link of Valve 72 is 53
 Valve Id = 72 	  Initial Valve Value = 0.000000
 Max Flow across Valve 72 = 176.714584 	 Diameter is 300.000000
 Valve Link of Valve 70 is 54
 Valve Id = 70 	  Initial Valve Value = 0.000000
 Max Flow across Valve 70 = 122.718460 	 Diameter is 250.000000
 Valve Link of Valve 68 is 55
 Valve Id = 68 	  Initial Valve Value = 0.000000
 Max Flow across Valve 68 = 240.528183 	 Diameter is 350.000000
 Valve Link of Valve 66 is 56
 Valve Id = 66 	  Initial Valve Value = 0.000000
 Max Flow across Valve 66 = 44.178646 	 Diameter is 150.000000
 Valve Link of Valve 65 is 57
 Valve Id = 65 	  Initial Valve Value = 0.000000
 Max Flow across Valve 65 = 78.539818 	 Diameter is 200.000000
 Valve Link of Valve 40 is 58
 Valve Id = 40 	  Initial Valve Value = 0.000000
 Max Flow across Valve 40 = 122.718460 	 Diameter is 250.000000
 Valve Link of Valve 35 is 59
 Valve Id = 35 	  Initial Valve Value = 0.000000
 Max Flow across Valve 35 = 176.714584 	 Diameter is 300.000000
 Valve Link of Valve 3 is 60
 Valve Id = 3 	  Initial Valve Value = 0.000000
 Max Flow across Valve 3 = 649.180664 	 Diameter is 575.000000
OUTER ITERATION COUNT in 1
 Simulation Parameters
 rho = 0.600000. c = 0.001000, beta = 0.600000
 Iteration Count = 100	Function Value = 1452.597835 	 Percentage Difference = -0.007205 Gradient Norm = 28.863220 alpha mult = 0.600000
 Iteration Count = 200	Function Value = 852.702292 	 Percentage Difference = -0.003465 Gradient Norm = 5.781160 alpha mult = 0.600000
 Iteration Count = 300	Function Value = 629.706825 	 Percentage Difference = -0.003136 Gradient Norm = 2.765095 alpha mult = 0.600000
 Iteration Count = 400	Function Value = 492.048339 	 Percentage Difference = -0.002178 Gradient Norm = 1.862487 alpha mult = 0.600000
 Iteration Count = 500	Function Value = 393.964271 	 Percentage Difference = -0.002625 Gradient Norm = 22.438885 alpha mult = 0.600000
 Iteration Count = 600	Function Value = 322.632582 	 Percentage Difference = -0.001637 Gradient Norm = 1.085133 alpha mult = 0.600000
 Iteration Count = 700	Function Value = 263.769054 	 Percentage Difference = -0.001841 Gradient Norm = 0.848826 alpha mult = 0.600000
 Iteration Count = 800	Function Value = 218.602912 	 Percentage Difference = -0.001777 Gradient Norm = 0.666418 alpha mult = 0.600000
 Iteration Count = 900	Function Value = 183.177155 	 Percentage Difference = -0.001872 Gradient Norm = 0.523990 alpha mult = 0.600000
 Iteration Count = 1000	Function Value = 155.448774 	 Percentage Difference = -0.001570 Gradient Norm = 0.418631 alpha mult = 0.600000
OUTER ITERATION COUNT in 2
 Simulation Parameters
 rho = 0.600000. c = 0.001000, beta = 0.600000
 Iteration Count = 100	Function Value = 132.920726 	 Percentage Difference = -0.000895 Gradient Norm = 0.326270 alpha mult = 0.600000
 Iteration Count = 200	Function Value = 113.283523 	 Percentage Difference = -0.001424 Gradient Norm = 0.255410 alpha mult = 0.600000
 Iteration Count = 300	Function Value = 99.796932 	 Percentage Difference = -0.001464 Gradient Norm = 0.200525 alpha mult = 0.600000
 Iteration Count = 400	Function Value = 87.930219 	 Percentage Difference = -0.001134 Gradient Norm = 0.156976 alpha mult = 0.600000
 Iteration Count = 500	Function Value = 79.557672 	 Percentage Difference = -0.000784 Gradient Norm = 0.123606 alpha mult = 0.600000
 Iteration Count = 600	Function Value = 72.528483 	 Percentage Difference = -0.000763 Gradient Norm = 0.097451 alpha mult = 0.600000
 Iteration Count = 700	Function Value = 67.317848 	 Percentage Difference = -0.000682 Gradient Norm = 0.077119 alpha mult = 0.600000
 Iteration Count = 800	Function Value = 63.256782 	 Percentage Difference = -0.000605 Gradient Norm = 0.061538 alpha mult = 0.600000
 Iteration Count = 900	Function Value = 59.976861 	 Percentage Difference = -0.000495 Gradient Norm = 0.049061 alpha mult = 0.600000
 Iteration Count = 1000	Function Value = 57.378497 	 Percentage Difference = -0.000447 Gradient Norm = 0.039204 alpha mult = 0.600000
OUTER ITERATION COUNT in 3
 Simulation Parameters
 rho = 0.600000. c = 0.001000, beta = 0.600000
 Iteration Count = 100	Function Value = 55.260848 	 Percentage Difference = -0.000229 Gradient Norm = 0.031340 alpha mult = 0.600000
 Iteration Count = 200	Function Value = 53.577694 	 Percentage Difference = -0.000302 Gradient Norm = 0.025187 alpha mult = 0.600000
 Iteration Count = 300	Function Value = 52.259895 	 Percentage Difference = -0.000270 Gradient Norm = 0.024789 alpha mult = 0.600000
 Iteration Count = 400	Function Value = 51.126413 	 Percentage Difference = -0.000147 Gradient Norm = 0.016591 alpha mult = 0.600000
 Iteration Count = 500	Function Value = 50.239678 	 Percentage Difference = -0.000157 Gradient Norm = 0.013353 alpha mult = 0.600000
 Iteration Count = 600	Function Value = 48.805856 	 Percentage Difference = -0.000151 Gradient Norm = 0.010561 alpha mult = 0.600000
 Iteration Count = 700	Function Value = 47.889221 	 Percentage Difference = -0.000106 Gradient Norm = 0.008307 alpha mult = 0.600000
 Iteration Count = 800	Function Value = 47.446206 	 Percentage Difference = -0.000084 Gradient Norm = 0.006964 alpha mult = 0.600000
 Iteration Count = 900	Function Value = 46.725881 	 Percentage Difference = -0.000067 Gradient Norm = 0.005612 alpha mult = 0.600000
 Iteration Count = 1000	Function Value = 46.426704 	 Percentage Difference = -0.000061 Gradient Norm = 0.004794 alpha mult = 0.600000
OUTER ITERATION COUNT in 4
 Simulation Parameters
 rho = 0.600000. c = 0.001000, beta = 0.600000
 Iteration Count = 100	Function Value = 46.172558 	 Percentage Difference = -0.000055 Gradient Norm = 0.004113 alpha mult = 0.600000
 Iteration Count = 200	Function Value = 45.958467 	 Percentage Difference = -0.000033 Gradient Norm = 0.003576 alpha mult = 0.600000
 Iteration Count = 300	Function Value = 45.134318 	 Percentage Difference = -0.000041 Gradient Norm = 0.003386 alpha mult = 0.600000
 Iteration Count = 400	Function Value = 44.970458 	 Percentage Difference = -0.000032 Gradient Norm = 0.002705 alpha mult = 0.600000
 Iteration Count = 500	Function Value = 44.827866 	 Percentage Difference = -0.000028 Gradient Norm = 0.002327 alpha mult = 0.600000
 Iteration Count = 600	Function Value = 44.706359 	 Percentage Difference = -0.000025 Gradient Norm = 0.002118 alpha mult = 0.600000
 Iteration Count = 700	Function Value = 44.590137 	 Percentage Difference = -0.000027 Gradient Norm = 0.002186 alpha mult = 0.600000
 Iteration Count = 800	Function Value = 44.475898 	 Percentage Difference = -0.000024 Gradient Norm = 0.001991 alpha mult = 0.600000
 Iteration Count = 900	Function Value = 44.370394 	 Percentage Difference = -0.000022 Gradient Norm = 0.001870 alpha mult = 0.600000
 Iteration Count = 1000	Function Value = 44.272621 	 Percentage Difference = -0.000021 Gradient Norm = 0.001730 alpha mult = 0.600000
OUTER ITERATION COUNT in 5
 Simulation Parameters
 rho = 0.600000. c = 0.001000, beta = 0.600000
 Iteration Count = 100	Function Value = 44.181100 	 Percentage Difference = -0.000016 Gradient Norm = 0.001635 alpha mult = 0.600000
 Iteration Count = 200	Function Value = 44.095599 	 Percentage Difference = -0.000017 Gradient Norm = 0.001547 alpha mult = 0.600000
 Iteration Count = 300	Function Value = 44.015030 	 Percentage Difference = -0.000018 Gradient Norm = 0.001467 alpha mult = 0.600000
 Iteration Count = 400	Function Value = 43.938798 	 Percentage Difference = -0.000015 Gradient Norm = 0.001407 alpha mult = 0.600000
 Iteration Count = 500	Function Value = 43.866334 	 Percentage Difference = -0.000017 Gradient Norm = 0.001336 alpha mult = 0.600000
 Iteration Count = 600	Function Value = 43.797374 	 Percentage Difference = -0.000015 Gradient Norm = 0.001300 alpha mult = 0.600000
 Iteration Count = 700	Function Value = 43.731621 	 Percentage Difference = -0.000015 Gradient Norm = 0.001229 alpha mult = 0.600000
 Iteration Count = 800	Function Value = 43.668401 	 Percentage Difference = -0.000014 Gradient Norm = 0.001182 alpha mult = 0.600000
 Iteration Count = 900	Function Value = 43.607649 	 Percentage Difference = -0.000013 Gradient Norm = 0.001128 alpha mult = 0.600000
 Iteration Count = 1000	Function Value = 43.549612 	 Percentage Difference = -0.000013 Gradient Norm = 0.001089 alpha mult = 0.600000
OUTER ITERATION COUNT in 6
 Simulation Parameters
 rho = 0.600000. c = 0.001000, beta = 0.600000
 Iteration Count = 100	Function Value = 43.494128 	 Percentage Difference = -0.000013 Gradient Norm = 0.001044 alpha mult = 0.600000
 Iteration Count = 200	Function Value = 43.440657 	 Percentage Difference = -0.000014 Gradient Norm = 0.001014 alpha mult = 0.600000
 Iteration Count = 300	Function Value = 43.389363 	 Percentage Difference = -0.000012 Gradient Norm = 0.000980 alpha mult = 0.600000
 Iteration Count = 400	Function Value = 43.339843 	 Percentage Difference = -0.000012 Gradient Norm = 0.000949 alpha mult = 0.600000
 Iteration Count = 500	Function Value = 43.291803 	 Percentage Difference = -0.000012 Gradient Norm = 0.000926 alpha mult = 0.600000
 Iteration Count = 600	Function Value = 43.245675 	 Percentage Difference = -0.000011 Gradient Norm = 0.000894 alpha mult = 0.600000
 Iteration Count = 700	Function Value = 43.201318 	 Percentage Difference = -0.000010 Gradient Norm = 0.000851 alpha mult = 0.600000
 Iteration Count = 800	Function Value = 43.158615 	 Percentage Difference = -0.000010 Gradient Norm = 0.000825 alpha mult = 0.600000
 Iteration Count = 900	Function Value = 43.117105 	 Percentage Difference = -0.000011 Gradient Norm = 0.000807 alpha mult = 0.600000
 Iteration Count = 1000	Function Value = 43.077154 	 Percentage Difference = -0.000008 Gradient Norm = 0.000793 alpha mult = 0.600000
OUTER ITERATION COUNT in 7
 Simulation Parameters
 rho = 0.600000. c = 0.001000, beta = 0.600000
 Iteration Count = 100	Function Value = 43.038197 	 Percentage Difference = -0.000009 Gradient Norm = 0.000758 alpha mult = 0.600000
 Iteration Count = 200	Function Value = 43.138954 	 Percentage Difference = -0.000062 Gradient Norm = 0.004292 alpha mult = 0.600000
 Iteration Count = 300	Function Value = 43.032270 	 Percentage Difference = -0.000015 Gradient Norm = 0.001046 alpha mult = 0.600000
 Iteration Count = 400	Function Value = 42.985550 	 Percentage Difference = -0.000011 Gradient Norm = 0.000823 alpha mult = 0.600000
 Iteration Count = 500	Function Value = 42.945416 	 Percentage Difference = -0.000009 Gradient Norm = 0.000766 alpha mult = 0.600000
 Iteration Count = 600	Function Value = 42.907911 	 Percentage Difference = -0.000009 Gradient Norm = 0.000710 alpha mult = 0.600000
 Iteration Count = 700	Function Value = 42.872583 	 Percentage Difference = -0.000009 Gradient Norm = 0.000672 alpha mult = 0.600000
 Iteration Count = 800	Function Value = 42.839067 	 Percentage Difference = -0.000009 Gradient Norm = 0.000661 alpha mult = 0.600000
 Iteration Count = 900	Function Value = 42.806600 	 Percentage Difference = -0.000008 Gradient Norm = 0.000626 alpha mult = 0.600000
 Iteration Count = 1000	Function Value = 42.775489 	 Percentage Difference = -0.000007 Gradient Norm = 0.000615 alpha mult = 0.600000
OUTER ITERATION COUNT in 8
 Simulation Parameters
 rho = 0.600000. c = 0.001000, beta = 0.600000
 Iteration Count = 100	Function Value = 42.745839 	 Percentage Difference = -0.000009 Gradient Norm = 0.000597 alpha mult = 0.600000
 Iteration Count = 200	Function Value = 42.717020 	 Percentage Difference = -0.000007 Gradient Norm = 0.000574 alpha mult = 0.600000
 Iteration Count = 300	Function Value = 42.688841 	 Percentage Difference = -0.000005 Gradient Norm = 0.000560 alpha mult = 0.600000
 Iteration Count = 400	Function Value = 42.661710 	 Percentage Difference = -0.000005 Gradient Norm = 0.000542 alpha mult = 0.600000
 Iteration Count = 500	Function Value = 42.635284 	 Percentage Difference = -0.000005 Gradient Norm = 0.000528 alpha mult = 0.600000
 Iteration Count = 600	Function Value = 42.609573 	 Percentage Difference = -0.000006 Gradient Norm = 0.000520 alpha mult = 0.600000
 Iteration Count = 700	Function Value = 42.584734 	 Percentage Difference = -0.000007 Gradient Norm = 0.000500 alpha mult = 0.600000
 Iteration Count = 800	Function Value = 42.560825 	 Percentage Difference = -0.000005 Gradient Norm = 0.000487 alpha mult = 0.600000
 Iteration Count = 900	Function Value = 42.537697 	 Percentage Difference = -0.000006 Gradient Norm = 0.000475 alpha mult = 0.600000
 Iteration Count = 1000	Function Value = 42.515003 	 Percentage Difference = -0.000004 Gradient Norm = 0.000471 alpha mult = 0.600000
OUTER ITERATION COUNT in 9
 Simulation Parameters
 rho = 0.600000. c = 0.001000, beta = 0.600000
 Iteration Count = 100	Function Value = 43.012098 	 Percentage Difference = -0.000137 Gradient Norm = 0.012496 alpha mult = 0.600000
 Iteration Count = 200	Function Value = 42.732725 	 Percentage Difference = -0.000030 Gradient Norm = 0.002197 alpha mult = 0.600000
 Iteration Count = 300	Function Value = 42.645006 	 Percentage Difference = -0.000014 Gradient Norm = 0.001234 alpha mult = 0.600000
 Iteration Count = 400	Function Value = 42.587546 	 Percentage Difference = -0.000011 Gradient Norm = 0.000897 alpha mult = 0.600000
 Iteration Count = 500	Function Value = 42.543855 	 Percentage Difference = -0.000009 Gradient Norm = 0.000726 alpha mult = 0.600000
 Iteration Count = 600	Function Value = 42.507738 	 Percentage Difference = -0.000008 Gradient Norm = 0.000629 alpha mult = 0.600000
 Iteration Count = 700	Function Value = 42.476533 	 Percentage Difference = -0.000007 Gradient Norm = 0.000560 alpha mult = 0.600000
 Iteration Count = 800	Function Value = 42.448680 	 Percentage Difference = -0.000007 Gradient Norm = 0.000522 alpha mult = 0.600000
 Iteration Count = 900	Function Value = 42.423799 	 Percentage Difference = -0.000000 Gradient Norm = 24053.611328 alpha mult = 0.000001
 Iteration Count = 1000	Function Value = 42.400735 	 Percentage Difference = -0.000005 Gradient Norm = 0.000447 alpha mult = 0.600000
OUTER ITERATION COUNT in 10
 Simulation Parameters
 rho = 0.600000. c = 0.001000, beta = 0.600000
 Iteration Count = 100	Function Value = 42.761161 	 Percentage Difference = -0.000264 Gradient Norm = 0.017754 alpha mult = 0.600000
 Iteration Count = 200	Function Value = 42.466234 	 Percentage Difference = -0.000015 Gradient Norm = 0.001185 alpha mult = 0.600000
 Iteration Count = 300	Function Value = 42.423398 	 Percentage Difference = -0.000006 Gradient Norm = 0.000634 alpha mult = 0.600000
 Iteration Count = 400	Function Value = 42.393600 	 Percentage Difference = -0.000007 Gradient Norm = 0.000544 alpha mult = 0.600000
 Iteration Count = 500	Function Value = 42.367636 	 Percentage Difference = -0.000007 Gradient Norm = 0.000498 alpha mult = 0.600000
 Iteration Count = 600	Function Value = 42.344190 	 Percentage Difference = -0.000006 Gradient Norm = 0.000455 alpha mult = 0.600000
 Iteration Count = 700	Function Value = 42.322700 	 Percentage Difference = -0.000005 Gradient Norm = 0.000429 alpha mult = 0.600000
 Iteration Count = 800	Function Value = 42.302686 	 Percentage Difference = -0.000004 Gradient Norm = 0.000409 alpha mult = 0.600000
 Iteration Count = 900	Function Value = 42.283792 	 Percentage Difference = -0.000003 Gradient Norm = 0.000390 alpha mult = 0.600000
 Iteration Count = 1000	Function Value = 42.266015 	 Percentage Difference = -0.000002 Gradient Norm = 0.000373 alpha mult = 0.600000
OUTER ITERATION COUNT in 11
 Simulation Parameters
 rho = 0.600000. c = 0.001000, beta = 0.600000
 Iteration Count = 100	Function Value = 42.248875 	 Percentage Difference = -0.000005 Gradient Norm = 0.000362 alpha mult = 0.600000
 Iteration Count = 200	Function Value = 42.232676 	 Percentage Difference = -0.000004 Gradient Norm = 0.000349 alpha mult = 0.600000
 Iteration Count = 300	Function Value = 42.217173 	 Percentage Difference = -0.000002 Gradient Norm = 0.000339 alpha mult = 0.600000
 Iteration Count = 400	Function Value = 42.202183 	 Percentage Difference = -0.000003 Gradient Norm = 0.000334 alpha mult = 0.600000
 Iteration Count = 500	Function Value = 42.187844 	 Percentage Difference = -0.000001 Gradient Norm = 0.000314 alpha mult = 0.600000
 Iteration Count = 600	Function Value = 42.173820 	 Percentage Difference = -0.000002 Gradient Norm = 0.000307 alpha mult = 0.600000
 Iteration Count = 700	Function Value = 42.160516 	 Percentage Difference = -0.000003 Gradient Norm = 0.000304 alpha mult = 0.600000
 Iteration Count = 800	Function Value = 42.147518 	 Percentage Difference = -0.000003 Gradient Norm = 0.000302 alpha mult = 0.600000
 Iteration Count = 900	Function Value = 42.134989 	 Percentage Difference = -0.000003 Gradient Norm = 0.000288 alpha mult = 0.600000
 Iteration Count = 1000	Function Value = 42.122887 	 Percentage Difference = -0.000001 Gradient Norm = 0.000277 alpha mult = 0.600000
OUTER ITERATION COUNT in 12
 Simulation Parameters
 rho = 0.600000. c = 0.001000, beta = 0.600000
 Iteration Count = 100	Function Value = 42.110858 	 Percentage Difference = -0.000003 Gradient Norm = 0.000274 alpha mult = 0.600000
 Iteration Count = 200	Function Value = 42.099410 	 Percentage Difference = -0.000001 Gradient Norm = 0.000272 alpha mult = 0.600000
 Iteration Count = 300	Function Value = 42.088287 	 Percentage Difference = -0.000003 Gradient Norm = 0.000262 alpha mult = 0.600000
 Iteration Count = 400	Function Value = 42.077331 	 Percentage Difference = -0.000005 Gradient Norm = 0.000262 alpha mult = 0.600000
 Iteration Count = 500	Function Value = 42.066869 	 Percentage Difference = -0.000002 Gradient Norm = 0.000253 alpha mult = 0.600000
 Iteration Count = 600	Function Value = 42.056678 	 Percentage Difference = -0.000002 Gradient Norm = 0.000248 alpha mult = 0.600000
 Iteration Count = 700	Function Value = 42.046586 	 Percentage Difference = -0.000003 Gradient Norm = 0.000243 alpha mult = 0.600000
 Iteration Count = 800	Function Value = 42.036842 	 Percentage Difference = -0.000003 Gradient Norm = 0.000238 alpha mult = 0.600000
 Iteration Count = 900	Function Value = 42.027467 	 Percentage Difference = -0.000002 Gradient Norm = 0.000233 alpha mult = 0.600000
 Iteration Count = 1000	Function Value = 42.018184 	 Percentage Difference = -0.000001 Gradient Norm = 0.000229 alpha mult = 0.600000
OUTER ITERATION COUNT in 13
 Simulation Parameters
 rho = 0.600000. c = 0.001000, beta = 0.600000
 Iteration Count = 100	Function Value = 42.009203 	 Percentage Difference = -0.000002 Gradient Norm = 0.000227 alpha mult = 0.600000
 Iteration Count = 200	Function Value = 42.000376 	 Percentage Difference = -0.000003 Gradient Norm = 0.000226 alpha mult = 0.600000
 Iteration Count = 300	Function Value = 41.991787 	 Percentage Difference = -0.000002 Gradient Norm = 0.000221 alpha mult = 0.600000
 Iteration Count = 400	Function Value = 41.983338 	 Percentage Difference = -0.000001 Gradient Norm = 0.000218 alpha mult = 0.600000
 Iteration Count = 500	Function Value = 41.975082 	 Percentage Difference = -0.000001 Gradient Norm = 0.000209 alpha mult = 0.600000
 Iteration Count = 600	Function Value = 41.967065 	 Percentage Difference = -0.000002 Gradient Norm = 0.000201 alpha mult = 0.600000
 Iteration Count = 700	Function Value = 41.959325 	 Percentage Difference = -0.000003 Gradient Norm = 0.000205 alpha mult = 0.600000
 Iteration Count = 800	Function Value = 41.951665 	 Percentage Difference = -0.000001 Gradient Norm = 0.000201 alpha mult = 0.600000
 Iteration Count = 900	Function Value = 41.944160 	 Percentage Difference = -0.000001 Gradient Norm = 0.000199 alpha mult = 0.600000
 Iteration Count = 1000	Function Value = 41.936813 	 Percentage Difference = -0.000001 Gradient Norm = 0.000193 alpha mult = 0.600000
OUTER ITERATION COUNT in 14
 Simulation Parameters
 rho = 0.600000. c = 0.001000, beta = 0.600000
 Iteration Count = 100	Function Value = 41.929648 	 Percentage Difference = -0.000002 Gradient Norm = 0.000193 alpha mult = 0.600000
 Iteration Count = 200	Function Value = 41.922664 	 Percentage Difference = -0.000001 Gradient Norm = 0.000191 alpha mult = 0.600000
 Iteration Count = 300	Function Value = 41.915836 	 Percentage Difference = -0.000003 Gradient Norm = 0.000184 alpha mult = 0.600000
 Iteration Count = 400	Function Value = 41.909482 	 Percentage Difference = -0.000001 Gradient Norm = 0.000181 alpha mult = 0.600000
 Iteration Count = 500	Function Value = 41.903002 	 Percentage Difference = -0.000000 Gradient Norm = 0.000179 alpha mult = 0.600000
 Iteration Count = 600	Function Value = 41.896662 	 Percentage Difference = -0.000002 Gradient Norm = 0.000175 alpha mult = 0.600000
 Iteration Count = 700	Function Value = 41.890435 	 Percentage Difference = -0.000003 Gradient Norm = 0.000173 alpha mult = 0.600000
 Iteration Count = 800	Function Value = 41.884471 	 Percentage Difference = -0.000000 Gradient Norm = 0.000169 alpha mult = 0.600000
 Iteration Count = 900	Function Value = 41.878553 	 Percentage Difference = 0.000000 Gradient Norm = 0.000170 alpha mult = 0.600000
 Iteration Count = 1000	Function Value = 41.872595 	 Percentage Difference = -0.000004 Gradient Norm = 0.000170 alpha mult = 0.600000
OUTER ITERATION COUNT in 15
 Simulation Parameters
 rho = 0.600000. c = 0.001000, beta = 0.600000
 Iteration Count = 100	Function Value = 41.871185 	 Percentage Difference = 0.000000 Gradient Norm = 0.000170 alpha mult = 0.000000
 Iteration Count = 200	Function Value = 41.871185 	 Percentage Difference = 0.000000 Gradient Norm = 0.000170 alpha mult = 0.000000
 Iteration Count = 300	Function Value = 41.871185 	 Percentage Difference = 0.000000 Gradient Norm = 0.000170 alpha mult = 0.000000
 Iteration Count = 400	Function Value = 41.871185 	 Percentage Difference = 0.000000 Gradient Norm = 0.000170 alpha mult = 0.000000
 Iteration Count = 500	Function Value = 41.871185 	 Percentage Difference = 0.000000 Gradient Norm = 0.000170 alpha mult = 0.000000
 Iteration Count = 600	Function Value = 41.871185 	 Percentage Difference = 0.000000 Gradient Norm = 0.000170 alpha mult = 0.000000
 Iteration Count = 700	Function Value = 41.871185 	 Percentage Difference = 0.000000 Gradient Norm = 0.000170 alpha mult = 0.000000
 Iteration Count = 800	Function Value = 41.871185 	 Percentage Difference = 0.000000 Gradient Norm = 0.000170 alpha mult = 0.000000
 Iteration Count = 900	Function Value = 41.871185 	 Percentage Difference = 0.000000 Gradient Norm = 0.000170 alpha mult = 0.000000
 Iteration Count = 1000	Function Value = 41.871185 	 Percentage Difference = 0.000000 Gradient Norm = 0.000170 alpha mult = 0.000000
OUTER ITERATION COUNT in 16
 Simulation Parameters
 rho = 0.600000. c = 0.001000, beta = 0.600000
 Iteration Count = 100	Function Value = 41.871185 	 Percentage Difference = 0.000000 Gradient Norm = 0.000170 alpha mult = 0.000000
 Iteration Count = 200	Function Value = 41.871185 	 Percentage Difference = 0.000000 Gradient Norm = 0.000170 alpha mult = 0.000000
 Iteration Count = 300	Function Value = 41.871185 	 Percentage Difference = 0.000000 Gradient Norm = 0.000170 alpha mult = 0.000000
 Iteration Count = 400	Function Value = 41.871185 	 Percentage Difference = 0.000000 Gradient Norm = 0.000170 alpha mult = 0.000000
 Iteration Count = 500	Function Value = 41.871185 	 Percentage Difference = 0.000000 Gradient Norm = 0.000170 alpha mult = 0.000000
 Iteration Count = 600	Function Value = 41.871185 	 Percentage Difference = 0.000000 Gradient Norm = 0.000170 alpha mult = 0.000000
 Iteration Count = 700	Function Value = 41.871185 	 Percentage Difference = 0.000000 Gradient Norm = 0.000170 alpha mult = 0.000000
 Iteration Count = 800	Function Value = 41.871185 	 Percentage Difference = 0.000000 Gradient Norm = 0.000170 alpha mult = 0.000000
 Iteration Count = 900	Function Value = 41.871185 	 Percentage Difference = 0.000000 Gradient Norm = 0.000170 alpha mult = 0.000000
 Iteration Count = 1000	Function Value = 41.871185 	 Percentage Difference = 0.000000 Gradient Norm = 0.000170 alpha mult = 0.000000
OUTER ITERATION COUNT in 17
 Simulation Parameters
 rho = 0.600000. c = 0.001000, beta = 0.600000
 Iteration Count = 100	Function Value = 41.871185 	 Percentage Difference = 0.000000 Gradient Norm = 0.000170 alpha mult = 0.000000
 Iteration Count = 200	Function Value = 41.871185 	 Percentage Difference = 0.000000 Gradient Norm = 0.000170 alpha mult = 0.000000
 Iteration Count = 300	Function Value = 41.871185 	 Percentage Difference = 0.000000 Gradient Norm = 0.000170 alpha mult = 0.000000
 Iteration Count = 400	Function Value = 41.871185 	 Percentage Difference = 0.000000 Gradient Norm = 0.000170 alpha mult = 0.000000
 Iteration Count = 500	Function Value = 41.871185 	 Percentage Difference = 0.000000 Gradient Norm = 0.000170 alpha mult = 0.000000
 Iteration Count = 600	Function Value = 41.871185 	 Percentage Difference = 0.000000 Gradient Norm = 0.000170 alpha mult = 0.000000
 Iteration Count = 700	Function Value = 41.871185 	 Percentage Difference = 0.000000 Gradient Norm = 0.000170 alpha mult = 0.000000
 Iteration Count = 800	Function Value = 41.871185 	 Percentage Difference = 0.000000 Gradient Norm = 0.000170 alpha mult = 0.000000
 Iteration Count = 900	Function Value = 41.871185 	 Percentage Difference = 0.000000 Gradient Norm = 0.000170 alpha mult = 0.000000
 Iteration Count = 1000	Function Value = 41.871185 	 Percentage Difference = 0.000000 Gradient Norm = 0.000170 alpha mult = 0.000000
OUTER ITERATION COUNT in 18
 Simulation Parameters
 rho = 0.600000. c = 0.001000, beta = 0.600000
 Iteration Count = 100	Function Value = 41.871185 	 Percentage Difference = 0.000000 Gradient Norm = 0.000170 alpha mult = 0.000000
 Iteration Count = 200	Function Value = 41.871185 	 Percentage Difference = 0.000000 Gradient Norm = 0.000170 alpha mult = 0.000000
 Iteration Count = 300	Function Value = 41.871185 	 Percentage Difference = 0.000000 Gradient Norm = 0.000170 alpha mult = 0.000000
 Iteration Count = 400	Function Value = 41.871185 	 Percentage Difference = 0.000000 Gradient Norm = 0.000170 alpha mult = 0.000000
 Iteration Count = 500	Function Value = 41.871185 	 Percentage Difference = 0.000000 Gradient Norm = 0.000170 alpha mult = 0.000000
 Iteration Count = 600	Function Value = 41.871185 	 Percentage Difference = 0.000000 Gradient Norm = 0.000170 alpha mult = 0.000000
 Iteration Count = 700	Function Value = 41.871185 	 Percentage Difference = 0.000000 Gradient Norm = 0.000170 alpha mult = 0.000000
 Iteration Count = 800	Function Value = 41.871185 	 Percentage Difference = 0.000000 Gradient Norm = 0.000170 alpha mult = 0.000000
 Iteration Count = 900	Function Value = 41.871185 	 Percentage Difference = 0.000000 Gradient Norm = 0.000170 alpha mult = 0.000000
 Iteration Count = 1000	Function Value = 41.871185 	 Percentage Difference = 0.000000 Gradient Norm = 0.000170 alpha mult = 0.000000
OUTER ITERATION COUNT in 19
 Simulation Parameters
 rho = 0.600000. c = 0.001000, beta = 0.600000
 Iteration Count = 100	Function Value = 41.871185 	 Percentage Difference = 0.000000 Gradient Norm = 0.000170 alpha mult = 0.000000
 Iteration Count = 200	Function Value = 41.871185 	 Percentage Difference = 0.000000 Gradient Norm = 0.000170 alpha mult = 0.000000
 Iteration Count = 300	Function Value = 41.871185 	 Percentage Difference = 0.000000 Gradient Norm = 0.000170 alpha mult = 0.000000
 Iteration Count = 400	Function Value = 41.871185 	 Percentage Difference = 0.000000 Gradient Norm = 0.000170 alpha mult = 0.000000
 Iteration Count = 500	Function Value = 41.871185 	 Percentage Difference = 0.000000 Gradient Norm = 0.000170 alpha mult = 0.000000
 Iteration Count = 600	Function Value = 41.871185 	 Percentage Difference = 0.000000 Gradient Norm = 0.000170 alpha mult = 0.000000
 Iteration Count = 700	Function Value = 41.871185 	 Percentage Difference = 0.000000 Gradient Norm = 0.000170 alpha mult = 0.000000
 Iteration Count = 800	Function Value = 41.871185 	 Percentage Difference = 0.000000 Gradient Norm = 0.000170 alpha mult = 0.000000
 Iteration Count = 900	Function Value = 41.871185 	 Percentage Difference = 0.000000 Gradient Norm = 0.000170 alpha mult = 0.000000
 Iteration Count = 1000	Function Value = 41.871185 	 Percentage Difference = 0.000000 Gradient Norm = 0.000170 alpha mult = 0.000000
OUTER ITERATION COUNT in 20
 Simulation Parameters
 rho = 0.600000. c = 0.001000, beta = 0.600000
 Iteration Count = 100	Function Value = 41.871185 	 Percentage Difference = 0.000000 Gradient Norm = 0.000170 alpha mult = 0.000000
 Iteration Count = 200	Function Value = 41.871185 	 Percentage Difference = 0.000000 Gradient Norm = 0.000170 alpha mult = 0.000000
 Iteration Count = 300	Function Value = 41.871185 	 Percentage Difference = 0.000000 Gradient Norm = 0.000170 alpha mult = 0.000000
 Iteration Count = 400	Function Value = 41.871185 	 Percentage Difference = 0.000000 Gradient Norm = 0.000170 alpha mult = 0.000000
 Iteration Count = 500	Function Value = 41.871185 	 Percentage Difference = 0.000000 Gradient Norm = 0.000170 alpha mult = 0.000000
 Iteration Count = 600	Function Value = 41.871185 	 Percentage Difference = 0.000000 Gradient Norm = 0.000170 alpha mult = 0.000000
 Iteration Count = 700	Function Value = 41.871185 	 Percentage Difference = 0.000000 Gradient Norm = 0.000170 alpha mult = 0.000000
 Iteration Count = 800	Function Value = 41.871185 	 Percentage Difference = 0.000000 Gradient Norm = 0.000170 alpha mult = 0.000000
 Iteration Count = 900	Function Value = 41.871185 	 Percentage Difference = 0.000000 Gradient Norm = 0.000170 alpha mult = 0.000000
 Iteration Count = 1000	Function Value = 41.871185 	 Percentage Difference = 0.000000 Gradient Norm = 0.000170 alpha mult = 0.000000
OUTER ITERATION COUNT in 21
 Simulation Parameters
 rho = 0.600000. c = 0.001000, beta = 0.600000
 Iteration Count = 100	Function Value = 41.871185 	 Percentage Difference = 0.000000 Gradient Norm = 0.000170 alpha mult = 0.000000
 Iteration Count = 200	Function Value = 41.871185 	 Percentage Difference = 0.000000 Gradient Norm = 0.000170 alpha mult = 0.000000
 Iteration Count = 300	Function Value = 41.871185 	 Percentage Difference = 0.000000 Gradient Norm = 0.000170 alpha mult = 0.000000
 Iteration Count = 400	Function Value = 41.871185 	 Percentage Difference = 0.000000 Gradient Norm = 0.000170 alpha mult = 0.000000
 Iteration Count = 500	Function Value = 41.871185 	 Percentage Difference = 0.000000 Gradient Norm = 0.000170 alpha mult = 0.000000
 Iteration Count = 600	Function Value = 41.871185 	 Percentage Difference = 0.000000 Gradient Norm = 0.000170 alpha mult = 0.000000
 Iteration Count = 700	Function Value = 41.871185 	 Percentage Difference = 0.000000 Gradient Norm = 0.000170 alpha mult = 0.000000
 Iteration Count = 800	Function Value = 41.871185 	 Percentage Difference = 0.000000 Gradient Norm = 0.000170 alpha mult = 0.000000
 Iteration Count = 900	Function Value = 41.871185 	 Percentage Difference = 0.000000 Gradient Norm = 0.000170 alpha mult = 0.000000
 Iteration Count = 1000	Function Value = 41.871185 	 Percentage Difference = 0.000000 Gradient Norm = 0.000170 alpha mult = 0.000000
OUTER ITERATION COUNT in 22
 Simulation Parameters
 rho = 0.600000. c = 0.001000, beta = 0.600000
 Iteration Count = 100	Function Value = 41.871185 	 Percentage Difference = 0.000000 Gradient Norm = 0.000170 alpha mult = 0.000000
 Iteration Count = 200	Function Value = 41.871185 	 Percentage Difference = 0.000000 Gradient Norm = 0.000170 alpha mult = 0.000000
 Iteration Count = 300	Function Value = 41.871185 	 Percentage Difference = 0.000000 Gradient Norm = 0.000170 alpha mult = 0.000000
 Iteration Count = 400	Function Value = 41.871185 	 Percentage Difference = 0.000000 Gradient Norm = 0.000170 alpha mult = 0.000000
 Iteration Count = 500	Function Value = 41.871185 	 Percentage Difference = 0.000000 Gradient Norm = 0.000170 alpha mult = 0.000000
 Iteration Count = 600	Function Value = 41.871185 	 Percentage Difference = 0.000000 Gradient Norm = 0.000170 alpha mult = 0.000000
 Iteration Count = 700	Function Value = 41.871185 	 Percentage Difference = 0.000000 Gradient Norm = 0.000170 alpha mult = 0.000000
 Iteration Count = 800	Function Value = 41.871185 	 Percentage Difference = 0.000000 Gradient Norm = 0.000170 alpha mult = 0.000000
 Iteration Count = 900	Function Value = 41.871185 	 Percentage Difference = 0.000000 Gradient Norm = 0.000170 alpha mult = 0.000000
 Iteration Count = 1000	Function Value = 41.871185 	 Percentage Difference = 0.000000 Gradient Norm = 0.000170 alpha mult = 0.000000
OUTER ITERATION COUNT in 23
 Simulation Parameters
 rho = 0.600000. c = 0.001000, beta = 0.600000
 Iteration Count = 100	Function Value = 41.871185 	 Percentage Difference = 0.000000 Gradient Norm = 0.000170 alpha mult = 0.000000
 Iteration Count = 200	Function Value = 41.871185 	 Percentage Difference = 0.000000 Gradient Norm = 0.000170 alpha mult = 0.000000
 Iteration Count = 300	Function Value = 41.871185 	 Percentage Difference = 0.000000 Gradient Norm = 0.000170 alpha mult = 0.000000
 Iteration Count = 400	Function Value = 41.871185 	 Percentage Difference = 0.000000 Gradient Norm = 0.000170 alpha mult = 0.000000
 Iteration Count = 500	Function Value = 41.871185 	 Percentage Difference = 0.000000 Gradient Norm = 0.000170 alpha mult = 0.000000
 Iteration Count = 600	Function Value = 41.871185 	 Percentage Difference = 0.000000 Gradient Norm = 0.000170 alpha mult = 0.000000
 Iteration Count = 700	Function Value = 41.871185 	 Percentage Difference = 0.000000 Gradient Norm = 0.000170 alpha mult = 0.000000
 Iteration Count = 800	Function Value = 41.871185 	 Percentage Difference = 0.000000 Gradient Norm = 0.000170 alpha mult = 0.000000
 Iteration Count = 900	Function Value = 41.871185 	 Percentage Difference = 0.000000 Gradient Norm = 0.000170 alpha mult = 0.000000
 Iteration Count = 1000	Function Value = 41.871185 	 Percentage Difference = 0.000000 Gradient Norm = 0.000170 alpha mult = 0.000000
OUTER ITERATION COUNT in 24
 Simulation Parameters
 rho = 0.600000. c = 0.001000, beta = 0.600000
 Iteration Count = 100	Function Value = 41.871185 	 Percentage Difference = 0.000000 Gradient Norm = 0.000170 alpha mult = 0.000000
 Iteration Count = 200	Function Value = 41.871185 	 Percentage Difference = 0.000000 Gradient Norm = 0.000170 alpha mult = 0.000000
 Iteration Count = 300	Function Value = 41.871185 	 Percentage Difference = 0.000000 Gradient Norm = 0.000170 alpha mult = 0.000000
 Iteration Count = 400	Function Value = 41.871185 	 Percentage Difference = 0.000000 Gradient Norm = 0.000170 alpha mult = 0.000000
 Iteration Count = 500	Function Value = 41.871185 	 Percentage Difference = 0.000000 Gradient Norm = 0.000170 alpha mult = 0.000000
 Iteration Count = 600	Function Value = 41.871185 	 Percentage Difference = 0.000000 Gradient Norm = 0.000170 alpha mult = 0.000000
 Iteration Count = 700	Function Value = 41.871185 	 Percentage Difference = 0.000000 Gradient Norm = 0.000170 alpha mult = 0.000000
 Iteration Count = 800	Function Value = 41.871185 	 Percentage Difference = 0.000000 Gradient Norm = 0.000170 alpha mult = 0.000000
 Iteration Count = 900	Function Value = 41.871185 	 Percentage Difference = 0.000000 Gradient Norm = 0.000170 alpha mult = 0.000000
 Iteration Count = 1000	Function Value = 41.871185 	 Percentage Difference = 0.000000 Gradient Norm = 0.000170 alpha mult = 0.000000
OUTER ITERATION COUNT in 25
 Simulation Parameters
 rho = 0.600000. c = 0.001000, beta = 0.600000
 Iteration Count = 100	Function Value = 41.871185 	 Percentage Difference = 0.000000 Gradient Norm = 0.000170 alpha mult = 0.000000
 Iteration Count = 200	Function Value = 41.871185 	 Percentage Difference = 0.000000 Gradient Norm = 0.000170 alpha mult = 0.000000
 Iteration Count = 300	Function Value = 41.871185 	 Percentage Difference = 0.000000 Gradient Norm = 0.000170 alpha mult = 0.000000
 Iteration Count = 400	Function Value = 41.871185 	 Percentage Difference = 0.000000 Gradient Norm = 0.000170 alpha mult = 0.000000
 Iteration Count = 500	Function Value = 41.871185 	 Percentage Difference = 0.000000 Gradient Norm = 0.000170 alpha mult = 0.000000
 Iteration Count = 600	Function Value = 41.871185 	 Percentage Difference = 0.000000 Gradient Norm = 0.000170 alpha mult = 0.000000
 Iteration Count = 700	Function Value = 41.871185 	 Percentage Difference = 0.000000 Gradient Norm = 0.000170 alpha mult = 0.000000
 Iteration Count = 800	Function Value = 41.871185 	 Percentage Difference = 0.000000 Gradient Norm = 0.000170 alpha mult = 0.000000
 Iteration Count = 900	Function Value = 41.871185 	 Percentage Difference = 0.000000 Gradient Norm = 0.000170 alpha mult = 0.000000
 Iteration Count = 1000	Function Value = 41.871185 	 Percentage Difference = 0.000000 Gradient Norm = 0.000170 alpha mult = 0.000000
OUTER ITERATION COUNT in 26
 Simulation Parameters
 rho = 0.600000. c = 0.001000, beta = 0.600000
 Iteration Count = 100	Function Value = 41.871185 	 Percentage Difference = 0.000000 Gradient Norm = 0.000170 alpha mult = 0.000000
 Iteration Count = 200	Function Value = 41.871185 	 Percentage Difference = 0.000000 Gradient Norm = 0.000170 alpha mult = 0.000000
 Iteration Count = 300	Function Value = 41.871185 	 Percentage Difference = 0.000000 Gradient Norm = 0.000170 alpha mult = 0.000000
 Iteration Count = 400	Function Value = 41.871185 	 Percentage Difference = 0.000000 Gradient Norm = 0.000170 alpha mult = 0.000000
 Iteration Count = 500	Function Value = 41.871185 	 Percentage Difference = 0.000000 Gradient Norm = 0.000170 alpha mult = 0.000000
 Iteration Count = 600	Function Value = 41.871185 	 Percentage Difference = 0.000000 Gradient Norm = 0.000170 alpha mult = 0.000000
 Iteration Count = 700	Function Value = 41.871185 	 Percentage Difference = 0.000000 Gradient Norm = 0.000170 alpha mult = 0.000000
 Iteration Count = 800	Function Value = 41.871185 	 Percentage Difference = 0.000000 Gradient Norm = 0.000170 alpha mult = 0.000000
 Iteration Count = 900	Function Value = 41.871185 	 Percentage Difference = 0.000000 Gradient Norm = 0.000170 alpha mult = 0.000000
 Iteration Count = 1000	Function Value = 41.871185 	 Percentage Difference = 0.000000 Gradient Norm = 0.000170 alpha mult = 0.000000
OUTER ITERATION COUNT in 27
 Simulation Parameters
 rho = 0.600000. c = 0.001000, beta = 0.600000
 Iteration Count = 100	Function Value = 41.871185 	 Percentage Difference = 0.000000 Gradient Norm = 0.000170 alpha mult = 0.000000
 Iteration Count = 200	Function Value = 41.871185 	 Percentage Difference = 0.000000 Gradient Norm = 0.000170 alpha mult = 0.000000
 Iteration Count = 300	Function Value = 41.871185 	 Percentage Difference = 0.000000 Gradient Norm = 0.000170 alpha mult = 0.000000
 Iteration Count = 400	Function Value = 41.871185 	 Percentage Difference = 0.000000 Gradient Norm = 0.000170 alpha mult = 0.000000
 Iteration Count = 500	Function Value = 41.871185 	 Percentage Difference = 0.000000 Gradient Norm = 0.000170 alpha mult = 0.000000
 Iteration Count = 600	Function Value = 41.871185 	 Percentage Difference = 0.000000 Gradient Norm = 0.000170 alpha mult = 0.000000
 Iteration Count = 700	Function Value = 41.871185 	 Percentage Difference = 0.000000 Gradient Norm = 0.000170 alpha mult = 0.000000
 Iteration Count = 800	Function Value = 41.871185 	 Percentage Difference = 0.000000 Gradient Norm = 0.000170 alpha mult = 0.000000
 Iteration Count = 900	Function Value = 41.871185 	 Percentage Difference = 0.000000 Gradient Norm = 0.000170 alpha mult = 0.000000
 Iteration Count = 1000	Function Value = 41.871185 	 Percentage Difference = 0.000000 Gradient Norm = 0.000170 alpha mult = 0.000000
OUTER ITERATION COUNT in 28
 Simulation Parameters
 rho = 0.600000. c = 0.001000, beta = 0.600000
 Iteration Count = 100	Function Value = 41.871185 	 Percentage Difference = 0.000000 Gradient Norm = 0.000170 alpha mult = 0.000000
 Iteration Count = 200	Function Value = 41.871185 	 Percentage Difference = 0.000000 Gradient Norm = 0.000170 alpha mult = 0.000000
 Iteration Count = 300	Function Value = 41.871185 	 Percentage Difference = 0.000000 Gradient Norm = 0.000170 alpha mult = 0.000000
 Iteration Count = 400	Function Value = 41.871185 	 Percentage Difference = 0.000000 Gradient Norm = 0.000170 alpha mult = 0.000000
 Iteration Count = 500	Function Value = 41.871185 	 Percentage Difference = 0.000000 Gradient Norm = 0.000170 alpha mult = 0.000000
 Iteration Count = 600	Function Value = 41.871185 	 Percentage Difference = 0.000000 Gradient Norm = 0.000170 alpha mult = 0.000000
 Iteration Count = 700	Function Value = 41.871185 	 Percentage Difference = 0.000000 Gradient Norm = 0.000170 alpha mult = 0.000000
 Iteration Count = 800	Function Value = 41.871185 	 Percentage Difference = 0.000000 Gradient Norm = 0.000170 alpha mult = 0.000000
 Iteration Count = 900	Function Value = 41.871185 	 Percentage Difference = 0.000000 Gradient Norm = 0.000170 alpha mult = 0.000000
 Iteration Count = 1000	Function Value = 41.871185 	 Percentage Difference = 0.000000 Gradient Norm = 0.000170 alpha mult = 0.000000
OUTER ITERATION COUNT in 29
 Simulation Parameters
 rho = 0.600000. c = 0.001000, beta = 0.600000
 Iteration Count = 100	Function Value = 41.871185 	 Percentage Difference = 0.000000 Gradient Norm = 0.000170 alpha mult = 0.000000
 Iteration Count = 200	Function Value = 41.871185 	 Percentage Difference = 0.000000 Gradient Norm = 0.000170 alpha mult = 0.000000
 Iteration Count = 300	Function Value = 41.871185 	 Percentage Difference = 0.000000 Gradient Norm = 0.000170 alpha mult = 0.000000
 Iteration Count = 400	Function Value = 41.871185 	 Percentage Difference = 0.000000 Gradient Norm = 0.000170 alpha mult = 0.000000
 Iteration Count = 500	Function Value = 41.871185 	 Percentage Difference = 0.000000 Gradient Norm = 0.000170 alpha mult = 0.000000
 Iteration Count = 600	Function Value = 41.871185 	 Percentage Difference = 0.000000 Gradient Norm = 0.000170 alpha mult = 0.000000
 Iteration Count = 700	Function Value = 41.871185 	 Percentage Difference = 0.000000 Gradient Norm = 0.000170 alpha mult = 0.000000
 Iteration Count = 800	Function Value = 41.871185 	 Percentage Difference = 0.000000 Gradient Norm = 0.000170 alpha mult = 0.000000
 Iteration Count = 900	Function Value = 41.871185 	 Percentage Difference = 0.000000 Gradient Norm = 0.000170 alpha mult = 0.000000
 Iteration Count = 1000	Function Value = 41.871185 	 Percentage Difference = 0.000000 Gradient Norm = 0.000170 alpha mult = 0.000000
OUTER ITERATION COUNT in 30
 Simulation Parameters
 rho = 0.600000. c = 0.001000, beta = 0.600000
 Iteration Count = 100	Function Value = 41.871185 	 Percentage Difference = 0.000000 Gradient Norm = 0.000170 alpha mult = 0.000000
 Iteration Count = 200	Function Value = 41.871185 	 Percentage Difference = 0.000000 Gradient Norm = 0.000170 alpha mult = 0.000000
 Iteration Count = 300	Function Value = 41.871185 	 Percentage Difference = 0.000000 Gradient Norm = 0.000170 alpha mult = 0.000000
 Iteration Count = 400	Function Value = 41.871185 	 Percentage Difference = 0.000000 Gradient Norm = 0.000170 alpha mult = 0.000000
 Iteration Count = 500	Function Value = 41.871185 	 Percentage Difference = 0.000000 Gradient Norm = 0.000170 alpha mult = 0.000000
 Iteration Count = 600	Function Value = 41.871185 	 Percentage Difference = 0.000000 Gradient Norm = 0.000170 alpha mult = 0.000000
 Iteration Count = 700	Function Value = 41.871185 	 Percentage Difference = 0.000000 Gradient Norm = 0.000170 alpha mult = 0.000000
 Iteration Count = 800	Function Value = 41.871185 	 Percentage Difference = 0.000000 Gradient Norm = 0.000170 alpha mult = 0.000000
 Iteration Count = 900	Function Value = 41.871185 	 Percentage Difference = 0.000000 Gradient Norm = 0.000170 alpha mult = 0.000000
 Iteration Count = 1000	Function Value = 41.871185 	 Percentage Difference = 0.000000 Gradient Norm = 0.000170 alpha mult = 0.000000
OUTER ITERATION COUNT in 31
 Simulation Parameters
 rho = 0.600000. c = 0.001000, beta = 0.600000
 Iteration Count = 100	Function Value = 41.871185 	 Percentage Difference = 0.000000 Gradient Norm = 0.000170 alpha mult = 0.000000
 Iteration Count = 200	Function Value = 41.871185 	 Percentage Difference = 0.000000 Gradient Norm = 0.000170 alpha mult = 0.000000
 Iteration Count = 300	Function Value = 41.871185 	 Percentage Difference = 0.000000 Gradient Norm = 0.000170 alpha mult = 0.000000
 Iteration Count = 400	Function Value = 41.871185 	 Percentage Difference = 0.000000 Gradient Norm = 0.000170 alpha mult = 0.000000
 Iteration Count = 500	Function Value = 41.871185 	 Percentage Difference = 0.000000 Gradient Norm = 0.000170 alpha mult = 0.000000
 Iteration Count = 600	Function Value = 41.871185 	 Percentage Difference = 0.000000 Gradient Norm = 0.000170 alpha mult = 0.000000
 Iteration Count = 700	Function Value = 41.871185 	 Percentage Difference = 0.000000 Gradient Norm = 0.000170 alpha mult = 0.000000
 Iteration Count = 800	Function Value = 41.871185 	 Percentage Difference = 0.000000 Gradient Norm = 0.000170 alpha mult = 0.000000
 Iteration Count = 900	Function Value = 41.871185 	 Percentage Difference = 0.000000 Gradient Norm = 0.000170 alpha mult = 0.000000
 Iteration Count = 1000	Function Value = 41.871185 	 Percentage Difference = 0.000000 Gradient Norm = 0.000170 alpha mult = 0.000000
OUTER ITERATION COUNT in 32
 Simulation Parameters
 rho = 0.600000. c = 0.001000, beta = 0.600000
 Iteration Count = 100	Function Value = 41.871185 	 Percentage Difference = 0.000000 Gradient Norm = 0.000170 alpha mult = 0.000000
 Iteration Count = 200	Function Value = 41.871185 	 Percentage Difference = 0.000000 Gradient Norm = 0.000170 alpha mult = 0.000000
 Iteration Count = 300	Function Value = 41.871185 	 Percentage Difference = 0.000000 Gradient Norm = 0.000170 alpha mult = 0.000000
 Iteration Count = 400	Function Value = 41.871185 	 Percentage Difference = 0.000000 Gradient Norm = 0.000170 alpha mult = 0.000000
 Iteration Count = 500	Function Value = 41.871185 	 Percentage Difference = 0.000000 Gradient Norm = 0.000170 alpha mult = 0.000000
 Iteration Count = 600	Function Value = 41.871185 	 Percentage Difference = 0.000000 Gradient Norm = 0.000170 alpha mult = 0.000000
 Iteration Count = 700	Function Value = 41.871185 	 Percentage Difference = 0.000000 Gradient Norm = 0.000170 alpha mult = 0.000000
 Iteration Count = 800	Function Value = 41.871185 	 Percentage Difference = 0.000000 Gradient Norm = 0.000170 alpha mult = 0.000000
 Iteration Count = 900	Function Value = 41.871185 	 Percentage Difference = 0.000000 Gradient Norm = 0.000170 alpha mult = 0.000000
 Iteration Count = 1000	Function Value = 41.871185 	 Percentage Difference = 0.000000 Gradient Norm = 0.000170 alpha mult = 0.000000
OUTER ITERATION COUNT in 33
 Simulation Parameters
 rho = 0.600000. c = 0.001000, beta = 0.600000
 Iteration Count = 100	Function Value = 41.871185 	 Percentage Difference = 0.000000 Gradient Norm = 0.000170 alpha mult = 0.000000
 Iteration Count = 200	Function Value = 41.871185 	 Percentage Difference = 0.000000 Gradient Norm = 0.000170 alpha mult = 0.000000
 Iteration Count = 300	Function Value = 41.871185 	 Percentage Difference = 0.000000 Gradient Norm = 0.000170 alpha mult = 0.000000
 Iteration Count = 400	Function Value = 41.871185 	 Percentage Difference = 0.000000 Gradient Norm = 0.000170 alpha mult = 0.000000
 Iteration Count = 500	Function Value = 41.871185 	 Percentage Difference = 0.000000 Gradient Norm = 0.000170 alpha mult = 0.000000
 Iteration Count = 600	Function Value = 41.871185 	 Percentage Difference = 0.000000 Gradient Norm = 0.000170 alpha mult = 0.000000
 Iteration Count = 700	Function Value = 41.871185 	 Percentage Difference = 0.000000 Gradient Norm = 0.000170 alpha mult = 0.000000
 Iteration Count = 800	Function Value = 41.871185 	 Percentage Difference = 0.000000 Gradient Norm = 0.000170 alpha mult = 0.000000
 Iteration Count = 900	Function Value = 41.871185 	 Percentage Difference = 0.000000 Gradient Norm = 0.000170 alpha mult = 0.000000
 Iteration Count = 1000	Function Value = 41.871185 	 Percentage Difference = 0.000000 Gradient Norm = 0.000170 alpha mult = 0.000000
OUTER ITERATION COUNT in 34
 Simulation Parameters
 rho = 0.600000. c = 0.001000, beta = 0.600000
 Iteration Count = 100	Function Value = 41.871185 	 Percentage Difference = 0.000000 Gradient Norm = 0.000170 alpha mult = 0.000000
 Iteration Count = 200	Function Value = 41.871185 	 Percentage Difference = 0.000000 Gradient Norm = 0.000170 alpha mult = 0.000000
 Iteration Count = 300	Function Value = 41.871185 	 Percentage Difference = 0.000000 Gradient Norm = 0.000170 alpha mult = 0.000000
 Iteration Count = 400	Function Value = 41.871185 	 Percentage Difference = 0.000000 Gradient Norm = 0.000170 alpha mult = 0.000000
 Iteration Count = 500	Function Value = 41.871185 	 Percentage Difference = 0.000000 Gradient Norm = 0.000170 alpha mult = 0.000000
 Iteration Count = 600	Function Value = 41.871185 	 Percentage Difference = 0.000000 Gradient Norm = 0.000170 alpha mult = 0.000000
 Iteration Count = 700	Function Value = 41.871185 	 Percentage Difference = 0.000000 Gradient Norm = 0.000170 alpha mult = 0.000000
 Iteration Count = 800	Function Value = 41.871185 	 Percentage Difference = 0.000000 Gradient Norm = 0.000170 alpha mult = 0.000000
 Iteration Count = 900	Function Value = 41.871185 	 Percentage Difference = 0.000000 Gradient Norm = 0.000170 alpha mult = 0.000000
 Iteration Count = 1000	Function Value = 41.871185 	 Percentage Difference = 0.000000 Gradient Norm = 0.000170 alpha mult = 0.000000
OUTER ITERATION COUNT in 35
 Simulation Parameters
 rho = 0.600000. c = 0.001000, beta = 0.600000
 Iteration Count = 100	Function Value = 41.871185 	 Percentage Difference = 0.000000 Gradient Norm = 0.000170 alpha mult = 0.000000
 Iteration Count = 200	Function Value = 41.871185 	 Percentage Difference = 0.000000 Gradient Norm = 0.000170 alpha mult = 0.000000
 Iteration Count = 300	Function Value = 41.871185 	 Percentage Difference = 0.000000 Gradient Norm = 0.000170 alpha mult = 0.000000
 Iteration Count = 400	Function Value = 41.871185 	 Percentage Difference = 0.000000 Gradient Norm = 0.000170 alpha mult = 0.000000
 Iteration Count = 500	Function Value = 41.871185 	 Percentage Difference = 0.000000 Gradient Norm = 0.000170 alpha mult = 0.000000
 Iteration Count = 600	Function Value = 41.871185 	 Percentage Difference = 0.000000 Gr