size of TankStruct = 1192, Size of Valve Struct = 848
tankcount = 0
 Tank 1: Tank ID = 34,
tankcount = 1
 Tank 2: Tank ID = Rajendra_nagar2,
tankcount = 2
 Tank 3: Tank ID = Rajendra_nagar1,
tankcount = 3
 Tank 4: Tank ID = Bademakan,
tankcount = 4
 Tank 5: Tank ID = Kesare,
tankcount = 5
 Tank 6: Tank ID = Rajiv_nagar_II,
tankcount = 6
 Tank 7: Tank ID = Veeranageeri,
tankcount = 7
 Tank 8: Tank ID = NR_mohalla2,
tankcount = 8
 Tank 9: Tank ID = NR_mohalla1,
tankcount = 9
 Tank 10: Tank ID = Rajiv_nagar_I,
tankcount = 10
 Tank 11: Tank ID = Tippu_park,
 Tank ID = 34, Tank Max Level (meter^3) = 990.779907
 Tank ID = 34, Tank Input Link ID = 84
 Tank ID = 34, Tank Output Link ID = 9
 Tank ID = Rajendra_nagar2, Tank Max Level (meter^3) = 990.779663
 Tank ID = Rajendra_nagar2, Tank Input Link ID = 71
 Tank ID = Rajendra_nagar2, Tank Output Link ID = 20
 Tank ID = Rajendra_nagar1, Tank Max Level (meter^3) = 1475.370483
 Tank ID = Rajendra_nagar1, Tank Input Link ID = 69
 Tank ID = Rajendra_nagar1, Tank Output Link ID = 18
 Tank ID = Bademakan, Tank Max Level (meter^3) = 499.937347
 Tank ID = Bademakan, Tank Input Link ID = 67
 Tank ID = Bademakan, Tank Output Link ID = 16
 Tank ID = Kesare, Tank Max Level (meter^3) = 499.937347
 Tank ID = Kesare, Tank Input Link ID = 64
 Tank ID = Kesare, Tank Output Link ID = 14
 Tank ID = Rajiv_nagar_II, Tank Max Level (meter^3) = 990.779663
 Tank ID = Rajiv_nagar_II, Tank Input Link ID = 11
 Tank ID = Rajiv_nagar_II, Tank Output Link ID = 12
 Tank ID = Veeranageeri, Tank Max Level (meter^3) = 499.937347
 Tank ID = Veeranageeri, Tank Input Link ID = 79
 Tank ID = Veeranageeri, Tank Output Link ID = 10
 Tank ID = NR_mohalla2, Tank Max Level (meter^3) = 251.123215
 Tank ID = NR_mohalla2, Tank Input Link ID = 77
 Tank ID = NR_mohalla2, Tank Output Link ID = 8
 Tank ID = NR_mohalla1, Tank Max Level (meter^3) = 990.779663
 Tank ID = NR_mohalla1, Tank Input Link ID = 75
 Tank ID = NR_mohalla1, Tank Output Link ID = 7
 Tank ID = Rajiv_nagar_I, Tank Max Level (meter^3) = 1475.370239
 Tank ID = Rajiv_nagar_I, Tank Input Link ID = 73
 Tank ID = Rajiv_nagar_I, Tank Output Link ID = 1
 Tank ID = Tippu_park, Tank Max Level (meter^3) = 990.779663
 Tank ID = Tippu_park, Tank Input Link ID = 55
 Tank ID = Tippu_park, Tank Output Link ID = 2
 Valve Link of Valve 80 is 49
 Valve Id = 80 	  Initial Valve Value = 0.000000
 Max Flow across Valve 80 = 490.873840 	 Diameter is 500.000000
 Valve Link of Valve 78 is 50
 Valve Id = 78 	  Initial Valve Value = 0.000000
 Max Flow across Valve 78 = 176.714584 	 Diameter is 300.000000
 Valve Link of Valve 76 is 51
 Valve Id = 76 	  Initial Valve Value = 0.000000
 Max Flow across Valve 76 = 122.718460 	 Diameter is 250.000000
 Valve Link of Valve 74 is 52
 Valve Id = 74 	  Initial Valve Value = 0.000000
 Max Flow across Valve 74 = 240.528183 	 Diameter is 350.000000
 Valve Link of Valve 72 is 53
 Valve Id = 72 	  Initial Valve Value = 0.000000
 Max Flow across Valve 72 = 176.714584 	 Diameter is 300.000000
 Valve Link of Valve 70 is 54
 Valve Id = 70 	  Initial Valve Value = 0.000000
 Max Flow across Valve 70 = 122.718460 	 Diameter is 250.000000
 Valve Link of Valve 68 is 55
 Valve Id = 68 	  Initial Valve Value = 0.000000
 Max Flow across Valve 68 = 240.528183 	 Diameter is 350.000000
 Valve Link of Valve 66 is 56
 Valve Id = 66 	  Initial Valve Value = 0.000000
 Max Flow across Valve 66 = 44.178646 	 Diameter is 150.000000
 Valve Link of Valve 65 is 57
 Valve Id = 65 	  Initial Valve Value = 0.000000
 Max Flow across Valve 65 = 78.539818 	 Diameter is 200.000000
 Valve Link of Valve 40 is 58
 Valve Id = 40 	  Initial Valve Value = 0.000000
 Max Flow across Valve 40 = 122.718460 	 Diameter is 250.000000
 Valve Link of Valve 35 is 59
 Valve Id = 35 	  Initial Valve Value = 0.000000
 Max Flow across Valve 35 = 176.714584 	 Diameter is 300.000000
 Valve Link of Valve 3 is 60
 Valve Id = 3 	  Initial Valve Value = 0.000000
 Max Flow across Valve 3 = 649.180664 	 Diameter is 575.000000
OUTER ITERATION COUNT in 1
 Simulation Parameters
 rho = 0.600000. c = 0.001000, beta = 0.600000
 Iteration Count = 100	Function Value = 570.782284 	 Percentage Difference = -0.018026 Gradient Norm = 17.907284 alpha mult = 0.600000
 Iteration Count = 200	Function Value = 146.397998 	 Percentage Difference = -0.009435 Gradient Norm = 2.914263 alpha mult = 0.600000
 Iteration Count = 300	Function Value = 74.553586 	 Percentage Difference = -0.003815 Gradient Norm = 0.561805 alpha mult = 0.600000
 Iteration Count = 400	Function Value = 59.128061 	 Percentage Difference = -0.001228 Gradient Norm = 0.152554 alpha mult = 0.600000
 Iteration Count = 500	Function Value = 54.495864 	 Percentage Difference = -0.000514 Gradient Norm = 0.061654 alpha mult = 0.600000
 Iteration Count = 600	Function Value = 52.282185 	 Percentage Difference = -0.000324 Gradient Norm = 0.038293 alpha mult = 0.600000
 Iteration Count = 700	Function Value = 50.806975 	 Percentage Difference = -0.000238 Gradient Norm = 0.028437 alpha mult = 0.600000
 Iteration Count = 800	Function Value = 49.712717 	 Percentage Difference = -0.000186 Gradient Norm = 0.022173 alpha mult = 0.600000
 Iteration Count = 900	Function Value = 48.864593 	 Percentage Difference = -0.000156 Gradient Norm = 0.017751 alpha mult = 0.600000
 Iteration Count = 1000	Function Value = 48.196900 	 Percentage Difference = -0.000124 Gradient Norm = 0.014588 alpha mult = 0.600000
OUTER ITERATION COUNT in 2
 Simulation Parameters
 rho = 0.600000. c = 0.001000, beta = 0.600000
 Iteration Count = 100	Function Value = 47.658211 	 Percentage Difference = -0.000107 Gradient Norm = 0.012237 alpha mult = 0.600000
 Iteration Count = 200	Function Value = 47.221949 	 Percentage Difference = -0.000087 Gradient Norm = 0.010411 alpha mult = 0.600000
 Iteration Count = 300	Function Value = 46.855967 	 Percentage Difference = -0.000072 Gradient Norm = 0.009023 alpha mult = 0.600000
 Iteration Count = 400	Function Value = 46.548261 	 Percentage Difference = -0.000067 Gradient Norm = 0.007902 alpha mult = 0.600000
 Iteration Count = 500	Function Value = 46.285060 	 Percentage Difference = -0.000052 Gradient Norm = 0.007076 alpha mult = 0.600000
 Iteration Count = 600	Function Value = 46.057350 	 Percentage Difference = -0.000046 Gradient Norm = 0.006441 alpha mult = 0.600000
 Iteration Count = 700	Function Value = 45.857368 	 Percentage Difference = -0.000042 Gradient Norm = 0.005914 alpha mult = 0.600000
 Iteration Count = 800	Function Value = 45.681238 	 Percentage Difference = -0.000035 Gradient Norm = 0.005485 alpha mult = 0.600000
 Iteration Count = 900	Function Value = 45.523760 	 Percentage Difference = -0.000032 Gradient Norm = 0.005102 alpha mult = 0.600000
 Iteration Count = 1000	Function Value = 45.381086 	 Percentage Difference = -0.000030 Gradient Norm = 0.004813 alpha mult = 0.600000
OUTER ITERATION COUNT in 3
 Simulation Parameters
 rho = 0.600000. c = 0.001000, beta = 0.600000
 Iteration Count = 100	Function Value = 45.250468 	 Percentage Difference = -0.000028 Gradient Norm = 0.004568 alpha mult = 0.600000
 Iteration Count = 200	Function Value = 45.130774 	 Percentage Difference = -0.000025 Gradient Norm = 0.004352 alpha mult = 0.600000
 Iteration Count = 300	Function Value = 45.020869 	 Percentage Difference = -0.000022 Gradient Norm = 0.004202 alpha mult = 0.600000
 Iteration Count = 400	Function Value = 44.917435 	 Percentage Difference = -0.000021 Gradient Norm = 0.004037 alpha mult = 0.600000
 Iteration Count = 500	Function Value = 44.820862 	 Percentage Difference = -0.000021 Gradient Norm = 0.003896 alpha mult = 0.600000
 Iteration Count = 600	Function Value = 44.729588 	 Percentage Difference = -0.000020 Gradient Norm = 0.003778 alpha mult = 0.600000
 Iteration Count = 700	Function Value = 44.642642 	 Percentage Difference = -0.000019 Gradient Norm = 0.003678 alpha mult = 0.600000
 Iteration Count = 800	Function Value = 44.560833 	 Percentage Difference = -0.000018 Gradient Norm = 0.003567 alpha mult = 0.600000
 Iteration Count = 900	Function Value = 44.482335 	 Percentage Difference = -0.000017 Gradient Norm = 0.003463 alpha mult = 0.600000
 Iteration Count = 1000	Function Value = 44.407314 	 Percentage Difference = -0.000016 Gradient Norm = 0.003382 alpha mult = 0.600000
OUTER ITERATION COUNT in 4
 Simulation Parameters
 rho = 0.600000. c = 0.001000, beta = 0.600000
 Iteration Count = 100	Function Value = 44.337164 	 Percentage Difference = -0.000016 Gradient Norm = 0.003303 alpha mult = 0.600000
 Iteration Count = 200	Function Value = 44.270814 	 Percentage Difference = -0.000016 Gradient Norm = 0.003228 alpha mult = 0.600000
 Iteration Count = 300	Function Value = 44.208016 	 Percentage Difference = -0.000014 Gradient Norm = 0.003140 alpha mult = 0.600000
 Iteration Count = 400	Function Value = 44.150145 	 Percentage Difference = -0.000012 Gradient Norm = 0.003082 alpha mult = 0.600000
 Iteration Count = 500	Function Value = 44.106652 	 Percentage Difference = -0.000021 Gradient Norm = 0.003736 alpha mult = 0.600000
 Iteration Count = 600	Function Value = 44.052770 	 Percentage Difference = -0.000011 Gradient Norm = 0.003058 alpha mult = 0.600000
 Iteration Count = 700	Function Value = 44.002586 	 Percentage Difference = -0.000012 Gradient Norm = 0.003011 alpha mult = 0.600000
 Iteration Count = 800	Function Value = 43.954238 	 Percentage Difference = -0.000011 Gradient Norm = 0.002967 alpha mult = 0.600000
 Iteration Count = 900	Function Value = 43.908025 	 Percentage Difference = -0.000010 Gradient Norm = 0.002930 alpha mult = 0.600000
 Iteration Count = 1000	Function Value = 43.863381 	 Percentage Difference = -0.000010 Gradient Norm = 0.002903 alpha mult = 0.600000
OUTER ITERATION COUNT in 5
 Simulation Parameters
 rho = 0.600000. c = 0.001000, beta = 0.600000
 Iteration Count = 100	Function Value = 43.820794 	 Percentage Difference = -0.000009 Gradient Norm = 0.002852 alpha mult = 0.600000
 Iteration Count = 200	Function Value = 43.779304 	 Percentage Difference = -0.000008 Gradient Norm = 0.002841 alpha mult = 0.600000
 Iteration Count = 300	Function Value = 43.740404 	 Percentage Difference = -0.000009 Gradient Norm = 0.002800 alpha mult = 0.600000
 Iteration Count = 400	Function Value = 43.703548 	 Percentage Difference = -0.000009 Gradient Norm = 0.002775 alpha mult = 0.600000
 Iteration Count = 500	Function Value = 43.667995 	 Percentage Difference = -0.000008 Gradient Norm = 0.002754 alpha mult = 0.600000
 Iteration Count = 600	Function Value = 43.634138 	 Percentage Difference = -0.000007 Gradient Norm = 0.002725 alpha mult = 0.600000
 Iteration Count = 700	Function Value = 43.601574 	 Percentage Difference = -0.000008 Gradient Norm = 0.002709 alpha mult = 0.600000
 Iteration Count = 800	Function Value = 43.569847 	 Percentage Difference = -0.000007 Gradient Norm = 0.002695 alpha mult = 0.600000
 Iteration Count = 900	Function Value = 43.539210 	 Percentage Difference = -0.000006 Gradient Norm = 0.002677 alpha mult = 0.600000
 Iteration Count = 1000	Function Value = 43.510644 	 Percentage Difference = -0.000006 Gradient Norm = 0.002646 alpha mult = 0.600000
OUTER ITERATION COUNT in 6
 Simulation Parameters
 rho = 0.600000. c = 0.001000, beta = 0.600000
 Iteration Count = 100	Function Value = 43.481955 	 Percentage Difference = -0.000008 Gradient Norm = 0.002621 alpha mult = 0.600000
 Iteration Count = 200	Function Value = 43.454439 	 Percentage Difference = -0.000006 Gradient Norm = 0.002610 alpha mult = 0.600000
 Iteration Count = 300	Function Value = 43.428039 	 Percentage Difference = -0.000006 Gradient Norm = 0.002574 alpha mult = 0.600000
 Iteration Count = 400	Function Value = 43.402098 	 Percentage Difference = -0.000006 Gradient Norm = 0.002563 alpha mult = 0.600000
 Iteration Count = 500	Function Value = 43.377081 	 Percentage Difference = -0.000005 Gradient Norm = 0.002541 alpha mult = 0.600000
 Iteration Count = 600	Function Value = 43.352794 	 Percentage Difference = -0.000005 Gradient Norm = 0.002520 alpha mult = 0.600000
 Iteration Count = 700	Function Value = 43.329339 	 Percentage Difference = -0.000006 Gradient Norm = 0.002517 alpha mult = 0.600000
 Iteration Count = 800	Function Value = 43.306714 	 Percentage Difference = -0.000005 Gradient Norm = 0.002485 alpha mult = 0.600000
 Iteration Count = 900	Function Value = 43.284813 	 Percentage Difference = -0.000006 Gradient Norm = 0.002481 alpha mult = 0.600000
 Iteration Count = 1000	Function Value = 43.263531 	 Percentage Difference = -0.000006 Gradient Norm = 0.002448 alpha mult = 0.600000
OUTER ITERATION COUNT in 7
 Simulation Parameters
 rho = 0.600000. c = 0.001000, beta = 0.600000
 Iteration Count = 100	Function Value = 43.243044 	 Percentage Difference = -0.000005 Gradient Norm = 0.002425 alpha mult = 0.600000
 Iteration Count = 200	Function Value = 43.223314 	 Percentage Difference = -0.000005 Gradient Norm = 0.002431 alpha mult = 0.600000
 Iteration Count = 300	Function Value = 43.204036 	 Percentage Difference = -0.000004 Gradient Norm = 0.002413 alpha mult = 0.600000
 Iteration Count = 400	Function Value = 43.185314 	 Percentage Difference = -0.000005 Gradient Norm = 0.002401 alpha mult = 0.600000
 Iteration Count = 500	Function Value = 43.167048 	 Percentage Difference = -0.000004 Gradient Norm = 0.002388 alpha mult = 0.600000
 Iteration Count = 600	Function Value = 43.149333 	 Percentage Difference = -0.000004 Gradient Norm = 0.002374 alpha mult = 0.600000
 Iteration Count = 700	Function Value = 43.132058 	 Percentage Difference = -0.000004 Gradient Norm = 0.002359 alpha mult = 0.600000
 Iteration Count = 800	Function Value = 43.115483 	 Percentage Difference = -0.000005 Gradient Norm = 0.002349 alpha mult = 0.600000
 Iteration Count = 900	Function Value = 43.099313 	 Percentage Difference = -0.000004 Gradient Norm = 0.002350 alpha mult = 0.600000
 Iteration Count = 1000	Function Value = 43.083612 	 Percentage Difference = -0.000004 Gradient Norm = 0.002337 alpha mult = 0.600000
OUTER ITERATION COUNT in 8
 Simulation Parameters
 rho = 0.600000. c = 0.001000, beta = 0.600000
 Iteration Count = 100	Function Value = 43.068643 	 Percentage Difference = -0.000003 Gradient Norm = 0.002324 alpha mult = 0.600000
 Iteration Count = 200	Function Value = 43.053846 	 Percentage Difference = -0.000003 Gradient Norm = 0.002312 alpha mult = 0.600000
 Iteration Count = 300	Function Value = 43.039371 	 Percentage Difference = -0.000005 Gradient Norm = 0.002297 alpha mult = 0.600000
 Iteration Count = 400	Function Value = 43.025450 	 Percentage Difference = -0.000004 Gradient Norm = 0.002288 alpha mult = 0.600000
 Iteration Count = 500	Function Value = 43.011852 	 Percentage Difference = -0.000003 Gradient Norm = 0.002280 alpha mult = 0.600000
 Iteration Count = 600	Function Value = 42.998702 	 Percentage Difference = -0.000002 Gradient Norm = 0.002272 alpha mult = 0.600000
 Iteration Count = 700	Function Value = 42.985812 	 Percentage Difference = -0.000003 Gradient Norm = 0.002265 alpha mult = 0.600000
 Iteration Count = 800	Function Value = 42.973287 	 Percentage Difference = -0.000004 Gradient Norm = 0.002269 alpha mult = 0.600000
 Iteration Count = 900	Function Value = 42.960980 	 Percentage Difference = -0.000002 Gradient Norm = 0.002248 alpha mult = 0.600000
 Iteration Count = 1000	Function Value = 42.949085 	 Percentage Difference = -0.000002 Gradient Norm = 0.002243 alpha mult = 0.600000
OUTER ITERATION COUNT in 9
 Simulation Parameters
 rho = 0.600000. c = 0.001000, beta = 0.600000
 Iteration Count = 100	Function Value = 42.937453 	 Percentage Difference = -0.000002 Gradient Norm = 0.002228 alpha mult = 0.600000
 Iteration Count = 200	Function Value = 42.926168 	 Percentage Difference = -0.000003 Gradient Norm = 0.002232 alpha mult = 0.600000
 Iteration Count = 300	Function Value = 42.915082 	 Percentage Difference = -0.000003 Gradient Norm = 0.002213 alpha mult = 0.600000
 Iteration Count = 400	Function Value = 42.904227 	 Percentage Difference = -0.000003 Gradient Norm = 0.002212 alpha mult = 0.600000
 Iteration Count = 500	Function Value = 42.893657 	 Percentage Difference = -0.000003 Gradient Norm = 0.002203 alpha mult = 0.600000
 Iteration Count = 600	Function Value = 42.883365 	 Percentage Difference = -0.000003 Gradient Norm = 0.002193 alpha mult = 0.600000
 Iteration Count = 700	Function Value = 42.873406 	 Percentage Difference = -0.000001 Gradient Norm = 0.002186 alpha mult = 0.600000
 Iteration Count = 800	Function Value = 42.863612 	 Percentage Difference = -0.000003 Gradient Norm = 0.002187 alpha mult = 0.600000
 Iteration Count = 900	Function Value = 42.854103 	 Percentage Difference = -0.000002 Gradient Norm = 0.002187 alpha mult = 0.600000
 Iteration Count = 1000	Function Value = 42.844797 	 Percentage Difference = -0.000003 Gradient Norm = 0.002176 alpha mult = 0.600000
OUTER ITERATION COUNT in 10
 Simulation Parameters
 rho = 0.600000. c = 0.001000, beta = 0.600000
 Iteration Count = 100	Function Value = 42.835763 	 Percentage Difference = -0.000002 Gradient Norm = 0.002164 alpha mult = 0.600000
 Iteration Count = 200	Function Value = 42.826849 	 Percentage Difference = -0.000003 Gradient Norm = 0.002158 alpha mult = 0.600000
 Iteration Count = 300	Function Value = 42.818263 	 Percentage Difference = -0.000001 Gradient Norm = 0.002156 alpha mult = 0.600000
 Iteration Count = 400	Function Value = 42.809882 	 Percentage Difference = -0.000002 Gradient Norm = 0.002147 alpha mult = 0.600000
 Iteration Count = 500	Function Value = 42.801690 	 Percentage Difference = -0.000002 Gradient Norm = 0.002144 alpha mult = 0.600000
 Iteration Count = 600	Function Value = 42.793637 	 Percentage Difference = -0.000002 Gradient Norm = 0.002136 alpha mult = 0.600000
 Iteration Count = 700	Function Value = 42.785802 	 Percentage Difference = -0.000001 Gradient Norm = 0.002138 alpha mult = 0.600000
 Iteration Count = 800	Function Value = 42.778049 	 Percentage Difference = -0.000001 Gradient Norm = 0.002130 alpha mult = 0.600000
 Iteration Count = 900	Function Value = 42.770566 	 Percentage Difference = -0.000001 Gradient Norm = 0.002130 alpha mult = 0.600000
 Iteration Count = 1000	Function Value = 42.763186 	 Percentage Difference = -0.000000 Gradient Norm = 0.002112 alpha mult = 0.600000
OUTER ITERATION COUNT in 11
 Simulation Parameters
 rho = 0.600000. c = 0.001000, beta = 0.600000
 Iteration Count = 100	Function Value = 42.755940 	 Percentage Difference = -0.000001 Gradient Norm = 0.002119 alpha mult = 0.600000
 Iteration Count = 200	Function Value = 42.748997 	 Percentage Difference = -0.000001 Gradient Norm = 0.002099 alpha mult = 0.600000
 Iteration Count = 300	Function Value = 42.742196 	 Percentage Difference = -0.000002 Gradient Norm = 0.002091 alpha mult = 0.600000
 Iteration Count = 400	Function Value = 42.735480 	 Percentage Difference = -0.000001 Gradient Norm = 0.002091 alpha mult = 0.600000
 Iteration Count = 500	Function Value = 42.728903 	 Percentage Difference = -0.000002 Gradient Norm = 0.002095 alpha mult = 0.600000
 Iteration Count = 600	Function Value = 42.722429 	 Percentage Difference = -0.000003 Gradient Norm = 0.002085 alpha mult = 0.600000
 Iteration Count = 700	Function Value = 42.716194 	 Percentage Difference = -0.000001 Gradient Norm = 0.002085 alpha mult = 0.600000
 Iteration Count = 800	Function Value = 42.710078 	 Percentage Difference = -0.000000 Gradient Norm = 0.002074 alpha mult = 0.600000
 Iteration Count = 900	Function Value = 42.704002 	 Percentage Difference = -0.000002 Gradient Norm = 0.002079 alpha mult = 0.600000
 Iteration Count = 1000	Function Value = 42.698118 	 Percentage Difference = -0.000002 Gradient Norm = 0.002069 alpha mult = 0.600000
OUTER ITERATION COUNT in 12
 Simulation Parameters
 rho = 0.600000. c = 0.001000, beta = 0.600000
 Iteration Count = 100	Function Value = 42.692390 	 Percentage Difference = -0.000001 Gradient Norm = 0.002066 alpha mult = 0.600000
 Iteration Count = 200	Function Value = 42.686791 	 Percentage Difference = -0.000000 Gradient Norm = 0.002057 alpha mult = 0.600000
 Iteration Count = 300	Function Value = 42.681331 	 Percentage Difference = -0.000002 Gradient Norm = 0.002050 alpha mult = 0.600000
 Iteration Count = 400	Function Value = 42.675973 	 Percentage Difference = -0.000002 Gradient Norm = 0.002046 alpha mult = 0.600000
 Iteration Count = 500	Function Value = 42.670676 	 Percentage Difference = -0.000003 Gradient Norm = 0.002058 alpha mult = 0.600000
 Iteration Count = 600	Function Value = 42.665470 	 Percentage Difference = -0.000002 Gradient Norm = 0.002044 alpha mult = 0.600000
 Iteration Count = 700	Function Value = 42.660357 	 Percentage Difference = -0.000002 Gradient Norm = 0.002047 alpha mult = 0.600000
 Iteration Count = 800	Function Value = 42.655508 	 Percentage Difference = -0.000000 Gradient Norm = 0.002034 alpha mult = 0.600000
 Iteration Count = 900	Function Value = 42.650604 	 Percentage Difference = -0.000003 Gradient Norm = 0.002039 alpha mult = 0.600000
 Iteration Count = 1000	Function Value = 42.645809 	 Percentage Difference = -0.000002 Gradient Norm = 0.002023 alpha mult = 0.600000
OUTER ITERATION COUNT in 13
 Simulation Parameters
 rho = 0.600000. c = 0.001000, beta = 0.600000
 Iteration Count = 100	Function Value = 42.641150 	 Percentage Difference = -0.000002 Gradient Norm = 0.002013 alpha mult = 0.600000
 Iteration Count = 200	Function Value = 42.638822 	 Percentage Difference = 0.000000 Gradient Norm = 0.002024 alpha mult = 0.000000
 Iteration Count = 300	Function Value = 42.638822 	 Percentage Difference = 0.000000 Gradient Norm = 0.002024 alpha mult = 0.000000
 Iteration Count = 400	Function Value = 42.638822 	 Percentage Difference = 0.000000 Gradient Norm = 0.002024 alpha mult = 0.000000
 Iteration Count = 500	Function Value = 42.638822 	 Percentage Difference = 0.000000 Gradient Norm = 0.002024 alpha mult = 0.000000
 Iteration Count = 600	Function Value = 42.638822 	 Percentage Difference = 0.000000 Gradient Norm = 0.002024 alpha mult = 0.000000
 Iteration Count = 700	Function Value = 42.638822 	 Percentage Difference = 0.000000 Gradient Norm = 0.002024 alpha mult = 0.000000
 Iteration Count = 800	Function Value = 42.638822 	 Percentage Difference = 0.000000 Gradient Norm = 0.002024 alpha mult = 0.000000
 Iteration Count = 900	Function Value = 42.638822 	 Percentage Difference = 0.000000 Gradient Norm = 0.002024 alpha mult = 0.000000
 Iteration Count = 1000	Function Value = 42.638822 	 Percentage Difference = 0.000000 Gradient Norm = 0.002024 alpha mult = 0.000000
OUTER ITERATION COUNT in 14
 Simulation Parameters
 rho = 0.600000. c = 0.001000, beta = 0.600000
 Iteration Count = 100	Function Value = 42.638822 	 Percentage Difference = 0.000000 Gradient Norm = 0.002024 alpha mult = 0.000000
 Iteration Count = 200	Function Value = 42.638822 	 Percentage Difference = 0.000000 Gradient Norm = 0.002024 alpha mult = 0.000000
 Iteration Count = 300	Function Value = 42.638822 	 Percentage Difference = 0.000000 Gradient Norm = 0.002024 alpha mult = 0.000000
 Iteration Count = 400	Function Value = 42.638822 	 Percentage Difference = 0.000000 Gradient Norm = 0.002024 alpha mult = 0.000000
 Iteration Count = 500	Function Value = 42.638822 	 Percentage Difference = 0.000000 Gradient Norm = 0.002024 alpha mult = 0.000000
 Iteration Count = 600	Function Value = 42.638822 	 Percentage Difference = 0.000000 Gradient Norm = 0.002024 alpha mult = 0.000000
 Iteration Count = 700	Function Value = 42.638822 	 Percentage Difference = 0.000000 Gradient Norm = 0.002024 alpha mult = 0.000000
 Iteration Count = 800	Function Value = 42.638822 	 Percentage Difference = 0.000000 Gradient Norm = 0.002024 alpha mult = 0.000000
 Iteration Count = 900	Function Value = 42.638822 	 Percentage Difference = 0.000000 Gradient Norm = 0.002024 alpha mult = 0.000000
 Iteration Count = 1000	Function Value = 42.638822 	 Percentage Difference = 0.000000 Gradient Norm = 0.002024 alpha mult = 0.000000
OUTER ITERATION COUNT in 15
 Simulation Parameters
 rho = 0.600000. c = 0.001000, beta = 0.600000
 Iteration Count = 100	Function Value = 42.638822 	 Percentage Difference = 0.000000 Gradient Norm = 0.002024 alpha mult = 0.000000
 Iteration Count = 200	Function Value = 42.638822 	 Percentage Difference = 0.000000 Gradient Norm = 0.002024 alpha mult = 0.000000
 Iteration Count = 300	Function Value = 42.638822 	 Percentage Difference = 0.000000 Gradient Norm = 0.002024 alpha mult = 0.000000
 Iteration Count = 400	Function Value = 42.638822 	 Percentage Difference = 0.000000 Gradient Norm = 0.002024 alpha mult = 0.000000
 Iteration Count = 500	Function Value = 42.638822 	 Percentage Difference = 0.000000 Gradient Norm = 0.002024 alpha mult = 0.000000
 Iteration Count = 600	Function Value = 42.638822 	 Percentage Difference = 0.000000 Gradient Norm = 0.002024 alpha mult = 0.000000
 Iteration Count = 700	Function Value = 42.638822 	 Percentage Difference = 0.000000 Gradient Norm = 0.002024 alpha mult = 0.000000
 Iteration Count = 800	Function Value = 42.638822 	 Percentage Difference = 0.000000 Gradient Norm = 0.002024 alpha mult = 0.000000
 Iteration Count = 900	Function Value = 42.638822 	 Percentage Difference = 0.000000 Gradient Norm = 0.002024 alpha mult = 0.000000
 Iteration Count = 1000	Function Value = 42.638822 	 Percentage Difference = 0.000000 Gradient Norm = 0.002024 alpha mult = 0.000000
OUTER ITERATION COUNT in 16
 Simulation Parameters
 rho = 0.600000. c = 0.001000, beta = 0.600000
 Iteration Count = 100	Function Value = 42.638822 	 Percentage Difference = 0.000000 Gradient Norm = 0.002024 alpha mult = 0.000000
 Iteration Count = 200	Function Value = 42.638822 	 Percentage Difference = 0.000000 Gradient Norm = 0.002024 alpha mult = 0.000000
 Iteration Count = 300	Function Value = 42.638822 	 Percentage Difference = 0.000000 Gradient Norm = 0.002024 alpha mult = 0.000000
 Iteration Count = 400	Function Value = 42.638822 	 Percentage Difference = 0.000000 Gradient Norm = 0.002024 alpha mult = 0.000000
 Iteration Count = 500	Function Value = 42.638822 	 Percentage Difference = 0.000000 Gradient Norm = 0.002024 alpha mult = 0.000000
 Iteration Count = 600	Function Value = 42.638822 	 Percentage Difference = 0.000000 Gradient Norm = 0.002024 alpha mult = 0.000000
 Iteration Count = 700	Function Value = 42.638822 	 Percentage Difference = 0.000000 Gradient Norm = 0.002024 alpha mult = 0.000000
 Iteration Count = 800	Function Value = 42.638822 	 Percentage Difference = 0.000000 Gradient Norm = 0.002024 alpha mult = 0.000000
 Iteration Count = 900	Function Value = 42.638822 	 Percentage Difference = 0.000000 Gradient Norm = 0.002024 alpha mult = 0.000000
 Iteration Count = 1000	Function Value = 42.638822 	 Percentage Difference = 0.000000 Gradient Norm = 0.002024 alpha mult = 0.000000
OUTER ITERATION COUNT in 17
 Simulation Parameters
 rho = 0.600000. c = 0.001000, beta = 0.600000
 Iteration Count = 100	Function Value = 42.638822 	 Percentage Difference = 0.000000 Gradient Norm = 0.002024 alpha mult = 0.000000
 Iteration Count = 200	Function Value = 42.638822 	 Percentage Difference = 0.000000 Gradient Norm = 0.002024 alpha mult = 0.000000
 Iteration Count = 300	Function Value = 42.638822 	 Percentage Difference = 0.000000 Gradient Norm = 0.002024 alpha mult = 0.000000
 Iteration Count = 400	Function Value = 42.638822 	 Percentage Difference = 0.000000 Gradient Norm = 0.002024 alpha mult = 0.000000
 Iteration Count = 500	Function Value = 42.638822 	 Percentage Difference = 0.000000 Gradient Norm = 0.002024 alpha mult = 0.000000
 Iteration Count = 600	Function Value = 42.638822 	 Percentage Difference = 0.000000 Gradient Norm = 0.002024 alpha mult = 0.000000
 Iteration Count = 700	Function Value = 42.638822 	 Percentage Difference = 0.000000 Gradient Norm = 0.002024 alpha mult = 0.000000
 Iteration Count = 800	Function Value = 42.638822 	 Percentage Difference = 0.000000 Gradient Norm = 0.002024 alpha mult = 0.000000
 Iteration Count = 900	Function Value = 42.638822 	 Percentage Difference = 0.000000 Gradient Norm = 0.002024 alpha mult = 0.000000
 Iteration Count = 1000	Function Value = 42.638822 	 Percentage Difference = 0.000000 Gradient Norm = 0.002024 alpha mult = 0.000000
OUTER ITERATION COUNT in 18
 Simulation Parameters
 rho = 0.600000. c = 0.001000, beta = 0.600000
 Iteration Count = 100	Function Value = 42.638822 	 Percentage Difference = 0.000000 Gradient Norm = 0.002024 alpha mult = 0.000000
 Iteration Count = 200	Function Value = 42.638822 	 Percentage Difference = 0.000000 Gradient Norm = 0.002024 alpha mult = 0.000000
 Iteration Count = 300	Function Value = 42.638822 	 Percentage Difference = 0.000000 Gradient Norm = 0.002024 alpha mult = 0.000000
 Iteration Count = 400	Function Value = 42.638822 	 Percentage Difference = 0.000000 Gradient Norm = 0.002024 alpha mult = 0.000000
 Iteration Count = 500	Function Value = 42.638822 	 Percentage Difference = 0.000000 Gradient Norm = 0.002024 alpha mult = 0.000000
 Iteration Count = 600	Function Value = 42.638822 	 Percentage Difference = 0.000000 Gradient Norm = 0.002024 alpha mult = 0.000000
 Iteration Count = 700	Function Value = 42.638822 	 Percentage Difference = 0.000000 Gradient Norm = 0.002024 alpha mult = 0.000000
 Iteration Count = 800	Function Value = 42.638822 	 Percentage Difference = 0.000000 Gradient Norm = 0.002024 alpha mult = 0.000000
 Iteration Count = 900	Function Value = 42.638822 	 Percentage Difference = 0.000000 Gradient Norm = 0.002024 alpha mult = 0.000000
 Iteration Count = 1000	Function Value = 42.638822 	 Percentage Difference = 0.000000 Gradient Norm = 0.002024 alpha mult = 0.000000
OUTER ITERATION COUNT in 19
 Simulation Parameters
 rho = 0.600000. c = 0.001000, beta = 0.600000
 Iteration Count = 100	Function Value = 42.638822 	 Percentage Difference = 0.000000 Gradient Norm = 0.002024 alpha mult = 0.000000
 Iteration Count = 200	Function Value = 42.638822 	 Percentage Difference = 0.000000 Gradient Norm = 0.002024 alpha mult = 0.000000
 Iteration Count = 300	Function Value = 42.638822 	 Percentage Difference = 0.000000 Gradient Norm = 0.002024 alpha mult = 0.000000
 Iteration Count = 400	Function Value = 42.638822 	 Percentage Difference = 0.000000 Gradient Norm = 0.002024 alpha mult = 0.000000
 Iteration Count = 500	Function Value = 42.638822 	 Percentage Difference = 0.000000 Gradient Norm = 0.002024 alpha mult = 0.000000
 Iteration Count = 600	Function Value = 42.638822 	 Percentage Difference = 0.000000 Gradient Norm = 0.002024 alpha mult = 0.000000
 Iteration Count = 700	Function Value = 42.638822 	 Percentage Difference = 0.000000 Gradient Norm = 0.002024 alpha mult = 0.000000
 Iteration Count = 800	Function Value = 42.638822 	 Percentage Difference = 0.000000 Gradient Norm = 0.002024 alpha mult = 0.000000
 Iteration Count = 900	Function Value = 42.638822 	 Percentage Difference = 0.000000 Gradient Norm = 0.002024 alpha mult = 0.000000
 Iteration Count = 1000	Function Value = 42.638822 	 Percentage Difference = 0.000000 Gradient Norm = 0.002024 alpha mult = 0.000000
OUTER ITERATION COUNT in 20
 Simulation Parameters
 rho = 0.600000. c = 0.001000, beta = 0.600000
 Iteration Count = 100	Function Value = 42.638822 	 Percentage Difference = 0.000000 Gradient Norm = 0.002024 alpha mult = 0.000000
 Iteration Count = 200	Function Value = 42.638822 	 Percentage Difference = 0.000000 Gradient Norm = 0.002024 alpha mult = 0.000000
 Iteration Count = 300	Function Value = 42.638822 	 Percentage Difference = 0.000000 Gradient Norm = 0.002024 alpha mult = 0.000000
 Iteration Count = 400	Function Value = 42.638822 	 Percentage Difference = 0.000000 Gradient Norm = 0.002024 alpha mult = 0.000000
 Iteration Count = 500	Function Value = 42.638822 	 Percentage Difference = 0.000000 Gradient Norm = 0.002024 alpha mult = 0.000000
 Iteration Count = 600	Function Value = 42.638822 	 Percentage Difference = 0.000000 Gradient Norm = 0.002024 alpha mult = 0.000000
 Iteration Count = 700	Function Value = 42.638822 	 Percentage Difference = 0.000000 Gradient Norm = 0.002024 alpha mult = 0.000000
 Iteration Count = 800	Function Value = 42.638822 	 Percentage Difference = 0.000000 Gradient Norm = 0.002024 alpha mult = 0.000000
 Iteration Count = 900	Function Value = 42.638822 	 Percentage Difference = 0.000000 Gradient Norm = 0.002024 alpha mult = 0.000000
 Iteration Count = 1000	Function Value = 42.638822 	 Percentage Difference = 0.000000 Gradient Norm = 0.002024 alpha mult = 0.000000
OUTER ITERATION COUNT in 21
 Simulation Parameters
 rho = 0.600000. c = 0.001000, beta = 0.600000
 Iteration Count = 100	Function Value = 42.638822 	 Percentage Difference = 0.000000 Gradient Norm = 0.002024 alpha mult = 0.000000
 Iteration Count = 200	Function Value = 42.638822 	 Percentage Difference = 0.000000 Gradient Norm = 0.002024 alpha mult = 0.000000
 Iteration Count = 300	Function Value = 42.638822 	 Percentage Difference = 0.000000 Gradient Norm = 0.002024 alpha mult = 0.000000
 Iteration Count = 400	Function Value = 42.638822 	 Percentage Difference = 0.000000 Gradient Norm = 0.002024 alpha mult = 0.000000
 Iteration Count = 500	Function Value = 42.638822 	 Percentage Difference = 0.000000 Gradient Norm = 0.002024 alpha mult = 0.000000
 Iteration Count = 600	Function Value = 42.638822 	 Percentage Difference = 0.000000 Gradient Norm = 0.002024 alpha mult = 0.000000
 Iteration Count = 700	Function Value = 42.638822 	 Percentage Difference = 0.000000 Gradient Norm = 0.002024 alpha mult = 0.000000
 Iteration Count = 800	Function Value = 42.638822 	 Percentage Difference = 0.000000 Gradient Norm = 0.002024 alpha mult = 0.000000
 Iteration Count = 900	Function Value = 42.638822 	 Percentage Difference = 0.000000 Gradient Norm = 0.002024 alpha mult = 0.000000
 Iteration Count = 1000	Function Value = 42.638822 	 Percentage Difference = 0.000000 Gradient Norm = 0.002024 alpha mult = 0.000000
OUTER ITERATION COUNT in 22
 Simulation Parameters
 rho = 0.600000. c = 0.001000, beta = 0.600000
 Iteration Count = 100	Function Value = 42.638822 	 Percentage Difference = 0.000000 Gradient Norm = 0.002024 alpha mult = 0.000000
 Iteration Count = 200	Function Value = 42.638822 	 Percentage Difference = 0.000000 Gradient Norm = 0.002024 alpha mult = 0.000000
 Iteration Count = 300	Function Value = 42.638822 	 Percentage Difference = 0.000000 Gradient Norm = 0.002024 alpha mult = 0.000000
 Iteration Count = 400	Function Value = 42.638822 	 Percentage Difference = 0.000000 Gradient Norm = 0.002024 alpha mult = 0.000000
 Iteration Count = 500	Function Value = 42.638822 	 Percentage Difference = 0.000000 Gradient Norm = 0.002024 alpha mult = 0.000000
 Iteration Count = 600	Function Value = 42.638822 	 Percentage Difference = 0.000000 Gradient Norm = 0.002024 alpha mult = 0.000000
 Iteration Count = 700	Function Value = 42.638822 	 Percentage Difference = 0.000000 Gradient Norm = 0.002024 alpha mult = 0.000000
 Iteration Count = 800	Function Value = 42.638822 	 Percentage Difference = 0.000000 Gradient Norm = 0.002024 alpha mult = 0.000000
 Iteration Count = 900	Function Value = 42.638822 	 Percentage Difference = 0.000000 Gradient Norm = 0.002024 alpha mult = 0.000000
 Iteration Count = 1000	Function Value = 42.638822 	 Percentage Difference = 0.000000 Gradient Norm = 0.002024 alpha mult = 0.000000
OUTER ITERATION COUNT in 23
 Simulation Parameters
 rho = 0.600000. c = 0.001000, beta = 0.600000
 Iteration Count = 100	Function Value = 42.638822 	 Percentage Difference = 0.000000 Gradient Norm = 0.002024 alpha mult = 0.000000
 Iteration Count = 200	Function Value = 42.638822 	 Percentage Difference = 0.000000 Gradient Norm = 0.002024 alpha mult = 0.000000
 Iteration Count = 300	Function Value = 42.638822 	 Percentage Difference = 0.000000 Gradient Norm = 0.002024 alpha mult = 0.000000
 Iteration Count = 400	Function Value = 42.638822 	 Percentage Difference = 0.000000 Gradient Norm = 0.002024 alpha mult = 0.000000
 Iteration Count = 500	Function Value = 42.638822 	 Percentage Difference = 0.000000 Gradient Norm = 0.002024 alpha mult = 0.000000
 Iteration Count = 600	Function Value = 42.638822 	 Percentage Difference = 0.000000 Gradient Norm = 0.002024 alpha mult = 0.000000
 Iteration Count = 700	Function Value = 42.638822 	 Percentage Difference = 0.000000 Gradient Norm = 0.002024 alpha mult = 0.000000
 Iteration Count = 800	Function Value = 42.638822 	 Percentage Difference = 0.000000 Gradient Norm = 0.002024 alpha mult = 0.000000
 Iteration Count = 900	Function Value = 42.638822 	 Percentage Difference = 0.000000 Gradient Norm = 0.002024 alpha mult = 0.000000
 Iteration Count = 1000	Function Value = 42.638822 	 Percentage Difference = 0.000000 Gradient Norm = 0.002024 alpha mult = 0.000000
OUTER ITERATION COUNT in 24
 Simulation Parameters
 rho = 0.600000. c = 0.001000, beta = 0.600000
 Iteration Count = 100	Function Value = 42.638822 	 Percentage Difference = 0.000000 Gradient Norm = 0.002024 alpha mult = 0.000000
 Iteration Count = 200	Function Value = 42.638822 	 Percentage Difference = 0.000000 Gradient Norm = 0.002024 alpha mult = 0.000000
 Iteration Count = 300	Function Value = 42.638822 	 Percentage Difference = 0.000000 Gradient Norm = 0.002024 alpha mult = 0.000000
 Iteration Count = 400	Function Value = 42.638822 	 Percentage Difference = 0.000000 Gradient Norm = 0.002024 alpha mult = 0.000000
 Iteration Count = 500	Function Value = 42.638822 	 Percentage Difference = 0.000000 Gradient Norm = 0.002024 alpha mult = 0.000000
 Iteration Count = 600	Function Value = 42.638822 	 Percentage Difference = 0.000000 Gradient Norm = 0.002024 alpha mult = 0.000000
 Iteration Count = 700	Function Value = 42.638822 	 Percentage Difference = 0.000000 Gradient Norm = 0.002024 alpha mult = 0.000000
 Iteration Count = 800	Function Value = 42.638822 	 Percentage Difference = 0.000000 Gradient Norm = 0.002024 alpha mult = 0.000000
 Iteration Count = 900	Function Value = 42.638822 	 Percentage Difference = 0.000000 Gradient Norm = 0.002024 alpha mult = 0.000000
 Iteration Count = 1000	Function Value = 42.638822 	 Percentage Difference = 0.000000 Gradient Norm = 0.002024 alpha mult = 0.000000
OUTER ITERATION COUNT in 25
 Simulation Parameters
 rho = 0.600000. c = 0.001000, beta = 0.600000
 Iteration Count = 100	Function Value = 42.638822 	 Percentage Difference = 0.000000 Gradient Norm = 0.002024 alpha mult = 0.000000
 Iteration Count = 200	Function Value = 42.638822 	 Percentage Difference = 0.000000 Gradient Norm = 0.002024 alpha mult = 0.000000
 Iteration Count = 300	Function Value = 42.638822 	 Percentage Difference = 0.000000 Gradient Norm = 0.002024 alpha mult = 0.000000
 Iteration Count = 400	Function Value = 42.638822 	 Percentage Difference = 0.000000 Gradient Norm = 0.002024 alpha mult = 0.000000
 Iteration Count = 500	Function Value = 42.638822 	 Percentage Difference = 0.000000 Gradient Norm = 0.002024 alpha mult = 0.000000
 Iteration Count = 600	Function Value = 42.638822 	 Percentage Difference = 0.000000 Gradient Norm = 0.002024 alpha mult = 0.000000
 Iteration Count = 700	Function Value = 42.638822 	 Percentage Difference = 0.000000 Gradient Norm = 0.002024 alpha mult = 0.000000
 Iteration Count = 800	Function Value = 42.638822 	 Percentage Difference = 0.000000 Gradient Norm = 0.002024 alpha mult = 0.000000
 Iteration Count = 900	Function Value = 42.638822 	 Percentage Difference = 0.000000 Gradient Norm = 0.002024 alpha mult = 0.000000
 Iteration Count = 1000	Function Value = 42.638822 	 Percentage Difference = 0.000000 Gradient Norm = 0.002024 alpha mult = 0.000000
OUTER ITERATION COUNT in 26
 Simulation Parameters
 rho = 0.600000. c = 0.001000, beta = 0.600000
 Iteration Count = 100	Function Value = 42.638822 	 Percentage Difference = 0.000000 Gradient Norm = 0.002024 alpha mult = 0.000000
 Iteration Count = 200	Function Value = 42.638822 	 Percentage Difference = 0.000000 Gradient Norm = 0.002024 alpha mult = 0.000000
 Iteration Count = 300	Function Value = 42.638822 	 Percentage Difference = 0.000000 Gradient Norm = 0.002024 alpha mult = 0.000000
 Iteration Count = 400	Function Value = 42.638822 	 Percentage Difference = 0.000000 Gradient Norm = 0.002024 alpha mult = 0.000000
 Iteration Count = 500	Function Value = 42.638822 	 Percentage Difference = 0.000000 Gradient Norm = 0.002024 alpha mult = 0.000000
 Iteration Count = 600	Function Value = 42.638822 	 Percentage Difference = 0.000000 Gradient Norm = 0.002024 alpha mult = 0.000000
 Iteration Count = 700	Function Value = 42.638822 	 Percentage Difference = 0.000000 Gradient Norm = 0.002024 alpha mult = 0.000000
 Iteration Count = 800	Function Value = 42.638822 	 Percentage Difference = 0.000000 Gradient Norm = 0.002024 alpha mult = 0.000000
 Iteration Count = 900	Function Value = 42.638822 	 Percentage Difference = 0.000000 Gradient Norm = 0.002024 alpha mult = 0.000000
 Iteration Count = 1000	Function Value = 42.638822 	 Percentage Difference = 0.000000 Gradient Norm = 0.002024 alpha mult = 0.000000
OUTER ITERATION COUNT in 27
 Simulation Parameters
 rho = 0.600000. c = 0.001000, beta = 0.600000
 Iteration Count = 100	Function Value = 42.638822 	 Percentage Difference = 0.000000 Gradient Norm = 0.002024 alpha mult = 0.000000
 Iteration Count = 200	Function Value = 42.638822 	 Percentage Difference = 0.000000 Gradient Norm = 0.002024 alpha mult = 0.000000
 Iteration Count = 300	Function Value = 42.638822 	 Percentage Difference = 0.000000 Gradient Norm = 0.002024 alpha mult = 0.000000
 Iteration Count = 400	Function Value = 42.638822 	 Percentage Difference = 0.000000 Gradient Norm = 0.002024 alpha mult = 0.000000
 Iteration Count = 500	Function Value = 42.638822 	 Percentage Difference = 0.000000 Gradient Norm = 0.002024 alpha mult = 0.000000
 Iteration Count = 600	Function Value = 42.638822 	 Percentage Difference = 0.000000 Gradient Norm = 0.002024 alpha mult = 0.000000
 Iteration Count = 700	Function Value = 42.638822 	 Percentage Difference = 0.000000 Gradient Norm = 0.002024 alpha mult = 0.000000
 Iteration Count = 800	Function Value = 42.638822 	 Percentage Difference = 0.000000 Gradient Norm = 0.002024 alpha mult = 0.000000
 Iteration Count = 900	Function Value = 42.638822 	 Percentage Difference = 0.000000 Gradient Norm = 0.002024 alpha mult = 0.000000
 Iteration Count = 1000	Function Value = 42.638822 	 Percentage Difference = 0.000000 Gradient Norm = 0.002024 alpha mult = 0.000000
OUTER ITERATION COUNT in 28
 Simulation Parameters
 rho = 0.600000. c = 0.001000, beta = 0.600000
 Iteration Count = 100	Function Value = 42.638822 	 Percentage Difference = 0.000000 Gradient Norm = 0.002024 alpha mult = 0.000000
 Iteration Count = 200	Function Value = 42.638822 	 Percentage Difference = 0.000000 Gradient Norm = 0.002024 alpha mult = 0.000000
 Iteration Count = 300	Function Value = 42.638822 	 Percentage Difference = 0.000000 Gradient Norm = 0.002024 alpha mult = 0.000000
 Iteration Count = 400	Function Value = 42.638822 	 Percentage Difference = 0.000000 Gradient Norm = 0.002024 alpha mult = 0.000000
 Iteration Count = 500	Function Value = 42.638822 	 Percentage Difference = 0.000000 Gradient Norm = 0.002024 alpha mult = 0.000000
 Iteration Count = 600	Function Value = 42.638822 	 Percentage Difference = 0.000000 Gradient Norm = 0.002024 alpha mult = 0.000000
 Iteration Count = 700	Function Value = 42.638822 	 Percentage Difference = 0.000000 Gradient Norm = 0.002024 alpha mult = 0.000000
 Iteration Count = 800	Function Value = 42.638822 	 Percentage Difference = 0.000000 Gradient Norm = 0.002024 alpha mult = 0.000000
 Iteration Count = 900	Function Value = 42.638822 	 Percentage Difference = 0.000000 Gradient Norm = 0.002024 alpha mult = 0.000000
 Iteration Count = 1000	Function Value = 42.638822 	 Percentage Difference = 0.000000 Gradient Norm = 0.002024 alpha mult = 0.000000
OUTER ITERATION COUNT in 29
 Simulation Parameters
 rho = 0.600000. c = 0.001000, beta = 0.600000
 Iteration Count = 100	Function Value = 42.638822 	 Percentage Difference = 0.000000 Gradient Norm = 0.002024 alpha mult = 0.000000
 Iteration Count = 200	Function Value = 42.638822 	 Percentage Difference = 0.000000 Gradient Norm = 0.002024 alpha mult = 0.000000
 Iteration Count = 300	Function Value = 42.638822 	 Percentage Difference = 0.000000 Gradient Norm = 0.002024 alpha mult = 0.000000
 Iteration Count = 400	Function Value = 42.638822 	 Percentage Difference = 0.000000 Gradient Norm = 0.002024 alpha mult = 0.000000
 Iteration Count = 500	Function Value = 42.638822 	 Percentage Difference = 0.000000 Gradient Norm = 0.002024 alpha mult = 0.000000
 Iteration Count = 600	Function Value = 42.638822 	 Percentage Difference = 0.000000 Gradient Norm = 0.002024 alpha mult = 0.000000
 Iteration Count = 700	Function Value = 42.638822 	 Percentage Difference = 0.000000 Gradient Norm = 0.002024 alpha mult = 0.000000
 Iteration Count = 800	Function Value = 42.638822 	 Percentage Difference = 0.000000 Gradient Norm = 0.002024 alpha mult = 0.000000
 Iteration Count = 900	Function Value = 42.638822 	 Percentage Difference = 0.000000 Gradient Norm = 0.002024 alpha mult = 0.000000
 Iteration Count = 1000	Function Value = 42.638822 	 Percentage Difference = 0.000000 Gradient Norm = 0.002024 alpha mult = 0.000000
OUTER ITERATION COUNT in 30
 Simulation Parameters
 rho = 0.600000. c = 0.001000, beta = 0.600000
 Iteration Count = 100	Function Value = 42.638822 	 Percentage Difference = 0.000000 Gradient Norm = 0.002024 alpha mult = 0.000000
 Iteration Count = 200	Function Value = 42.638822 	 Percentage Difference = 0.000000 Gradient Norm = 0.002024 alpha mult = 0.000000
 Iteration Count = 300	Function Value = 42.638822 	 Percentage Difference = 0.000000 Gradient Norm = 0.002024 alpha mult = 0.000000
 Iteration Count = 400	Function Value = 42.638822 	 Percentage Difference = 0.000000 Gradient Norm = 0.002024 alpha mult = 0.000000
 Iteration Count = 500	Function Value = 42.638822 	 Percentage Difference = 0.000000 Gradient Norm = 0.002024 alpha mult = 0.000000
 Iteration Count = 600	Function Value = 42.638822 	 Percentage Difference = 0.000000 Gradient Norm = 0.002024 alpha mult = 0.000000
 Iteration Count = 700	Function Value = 42.638822 	 Percentage Difference = 0.000000 Gradient Norm = 0.002024 alpha mult = 0.000000
 Iteration Count = 800	Function Value = 42.638822 	 Percentage Difference = 0.000000 Gradient Norm = 0.002024 alpha mult = 0.000000
 Iteration Count = 900	Function Value = 42.638822 	 Percentage Difference = 0.000000 Gradient Norm = 0.002024 alpha mult = 0.000000
 Iteration Count = 1000	Function Value = 42.638822 	 Percentage Difference = 0.000000 Gradient Norm = 0.002024 alpha mult = 0.000000
OUTER ITERATION COUNT in 31
 Simulation Parameters
 rho = 0.600000. c = 0.001000, beta = 0.600000
 Iteration Count = 100	Function Value = 42.638822 	 Percentage Difference = 0.000000 Gradient Norm = 0.002024 alpha mult = 0.000000
 Iteration Count = 200	Function Value = 42.638822 	 Percentage Difference = 0.000000 Gradient Norm = 0.002024 alpha mult = 0.000000
 Iteration Count = 300	Function Value = 42.638822 	 Percentage Difference = 0.000000 Gradient Norm = 0.002024 alpha mult = 0.000000
 Iteration Count = 400	Function Value = 42.638822 	 Percentage Difference = 0.000000 Gradient Norm = 0.002024 alpha mult = 0.000000
 Iteration Count = 500	Function Value = 42.638822 	 Percentage Difference = 0.000000 Gradient Norm = 0.002024 alpha mult = 0.000000
 Iteration Count = 600	Function Value = 42.638822 	 Percentage Difference = 0.000000 Gradient Norm = 0.002024 alpha mult = 0.000000
 Iteration Count = 700	Function Value = 42.638822 	 Percentage Difference = 0.000000 Gradient Norm = 0.002024 alpha mult = 0.000000
 Iteration Count = 800	Function Value = 42.638822 	 Percentage Difference = 0.000000 Gradient Norm = 0.002024 alpha mult = 0.000000
 Iteration Count = 900	Function Value = 42.638822 	 Percentage Difference = 0.000000 Gradient Norm = 0.002024 alpha mult = 0.000000
 Iteration Count = 1000	Function Value = 42.638822 	 Percentage Difference = 0.000000 Gradient Norm = 0.002024 alpha mult = 0.000000
OUTER ITERATION COUNT in 32
 Simulation Parameters
 rho = 0.600000. c = 0.001000, beta = 0.600000
 Iteration Count = 100	Function Value = 42.638822 	 Percentage Difference = 0.000000 Gradient Norm = 0.002024 alpha mult = 0.000000
 Iteration Count = 200	Function Value = 42.638822 	 Percentage Difference = 0.000000 Gradient Norm = 0.002024 alpha mult = 0.000000
 Iteration Count = 300	Function Value = 42.638822 	 Percentage Difference = 0.000000 Gradient Norm = 0.002024 alpha mult = 0.000000
 Iteration Count = 400	Function Value = 42.638822 	 Percentage Difference = 0.000000 Gradient Norm = 0.002024 alpha mult = 0.000000
 Iteration Count = 500	Function Value = 42.638822 	 Percentage Difference = 0.000000 Gradient Norm = 0.002024 alpha mult = 0.000000
 Iteration Count = 600	Function Value = 42.638822 	 Percentage Difference = 0.000000 Gradient Norm = 0.002024 alpha mult = 0.000000
 Iteration Count = 700	Function Value = 42.638822 	 Percentage Difference = 0.000000 Gradient Norm = 0.002024 alpha mult = 0.000000
 Iteration Count = 800	Function Value = 42.638822 	 Percentage Difference = 0.000000 Gradient Norm = 0.002024 alpha mult = 0.000000
 Iteration Count = 900	Function Value = 42.638822 	 Percentage Difference = 0.000000 Gradient Norm = 0.002024 alpha mult = 0.000000
 Iteration Count = 1000	Function Value = 42.638822 	 Percentage Difference = 0.000000 Gradient Norm = 0.002024 alpha mult = 0.000000
OUTER ITERATION COUNT in 33
 Simulation Parameters
 rho = 0.600000. c = 0.001000, beta = 0.600000
 Iteration Count = 100	Function Value = 42.638822 	 Percentage Difference = 0.000000 Gradient Norm = 0.002024 alpha mult = 0.000000
 Iteration Count = 200	Function Value = 42.638822 	 Percentage Difference = 0.000000 Gradient Norm = 0.002024 alpha mult = 0.000000
 Iteration Count = 300	Function Value = 42.638822 	 Percentage Difference = 0.000000 Gradient Norm = 0.002024 alpha mult = 0.000000
 Iteration Count = 400	Function Value = 42.638822 	 Percentage Difference = 0.000000 Gradient Norm = 0.002024 alpha mult = 0.000000
 Iteration Count = 500	Function Value = 42.638822 	 Percentage Difference = 0.000000 Gradient Norm = 0.002024 alpha mult = 0.000000
 Iteration Count = 600	Function Value = 42.638822 	 Percentage Difference = 0.000000 Gradient Norm = 0.002024 alpha mult = 0.000000
 Iteration Count = 700	Function Value = 42.638822 	 Percentage Difference = 0.000000 Gradient Norm = 0.002024 alpha mult = 0.000000
 Iteration Count = 800	Function Value = 42.638822 	 Percentage Difference = 0.000000 Gradient Norm = 0.002024 alpha mult = 0.000000
 Iteration Count = 900	Function Value = 42.638822 	 Percentage Difference = 0.000000 Gradient Norm = 0.002024 alpha mult = 0.000000
 Iteration Count = 1000	Function Value = 42.638822 	 Percentage Difference = 0.000000 Gradient Norm = 0.002024 alpha mult = 0.000000
OUTER ITERATION COUNT in 34
 Simulation Parameters
 rho = 0.600000. c = 0.001000, beta = 0.600000
 Iteration Count = 100	Function Value = 42.638822 	 Percentage Difference = 0.000000 Gradient Norm = 0.002024 alpha mult = 0.000000
 Iteration Count = 200	Function Value = 42.638822 	 Percentage Difference = 0.000000 Gradient Norm = 0.002024 alpha mult = 0.000000
 Iteration Count = 300	Function Value = 42.638822 	 Percentage Difference = 0.000000 Gradient Norm = 0.002024 alpha mult = 0.000000
 Iteration Count = 400	Function Value = 42.638822 	 Percentage Difference = 0.000000 Gradient Norm = 0.002024 alpha mult = 0.000000
 Iteration Count = 500	Function Value = 42.638822 	 Percentage Difference = 0.000000 Gradient Norm = 0.002024 alpha mult = 0.000000
 Iteration Count = 600	Function Value = 42.638822 	 Percentage Difference = 0.000000 Gradient Norm = 0.002024 alpha mult = 0.000000
 Iteration Count = 700	Function Value = 42.638822 	 Percentage Difference = 0.000000 Gradient Norm = 0.002024 alpha mult = 0.000000
 Iteration Count = 800	Function Value = 42.638822 	 Percentage Difference = 0.000000 Gradient Norm = 0.002024 alpha mult = 0.000000
 Iteration Count = 900	Function Value = 42.638822 	 Percentage Difference = 0.000000 Gradient Norm = 0.002024 alpha mult = 0.000000
 Iteration Count = 1000	Function Value = 42.638822 	 Percentage Difference = 0.000000 Gradient Norm = 0.002024 alpha mult = 0.000000
OUTER ITERATION COUNT in 35
 Simulation Parameters
 rho = 0.600000. c = 0.001000, beta = 0.600000
 Iteration Count = 100	Function Value = 42.638822 	 Percentage Difference = 0.000000 Gradient Norm = 0.002024 alpha mult = 0.000000
 Iteration Count = 200	Function Value = 42.638822 	 Percentage Difference = 0.000000 Gradient Norm = 0.002024 alpha mult = 0.000000
 Iteration Count = 300	Function Value = 42.638822 	 Percentage Difference = 0.000000 Gradient Norm = 0.002024 alpha mult = 0.000000
 Iteration Count = 400	Function Value = 42.638822 	 Percentage Difference = 0.000000 Gradient Norm = 0.002024 alpha mult = 0.000000
 Iteration Count = 500	Function Value = 42.638822 	 Percentage Difference = 0.000000 Gradient Norm = 0.002024 alpha mult = 0.000000
 Iteration Count = 600	Function Value = 42.638822 	 Percentage Difference = 0.000000 Gradient Norm = 0.002024 alpha mult = 0.000000
 Iteration Count = 700	Function Value = 42.638822 	 Percentage Difference = 0.000000 Gradient Norm = 0.002024 alpha mult = 0.000000
 Iteration Count = 800	Function Value = 42.638822 	 Percentage Difference = 0.000000 Gradient Norm = 0.002024 alpha mult = 0.000000
 Iteration Count = 900	Function Value = 42.638822 	 Percentage Difference = 0.000000 Gradient Norm = 0.002024 alpha mult = 0.000000
 Iteration Count = 1000	Function Value = 42.638822 	 Percentage Difference = 0.000000 Gradient Norm = 0.002024 alpha mult = 0.000000
OUTER ITERATION COUNT in 36
 Simulation Parameters
 rho = 0.600000. c = 0.001000, beta = 0.600000
 Iteration Count = 100	Function Value = 42.638822 	 Percentage Difference = 0.000000 Gradient Norm = 0.002024 alpha mult = 0.000000
 Iteration Count = 200	Function Value = 42.638822 	 Percentage Difference = 0.000000 Gradient Norm = 0.002024 alpha mult = 0.000000
 Iteration Count = 300	Function Value = 42.638822 	 Percentage Difference = 0.000000 Gradient Norm = 0.002024 alpha mult = 0.000000
 Iteration Count = 400	Function Value = 42.638822 	 Percentage Difference = 0.000000 Gradient Norm = 0.002024 alpha mult = 0.000000
 Iteration Count = 500	Function Value = 42.638822 	 Percentage Difference = 0.000000 Gradient Norm = 0.002024 alpha mult = 0.000000
 Iteration Count = 600	Function Value = 42.638822 	 Percentage Difference = 0.000000 Gradient Norm = 0.002024 alpha mult = 0.000000
 Iteration Count = 700	Function Value = 42.638822 	 Percentage Difference = 0.000000 Gradient Norm = 0.002024 alpha mult = 0.000000
 Iteration Count = 800	Function Value = 42.638822 	 Percentage Difference = 0.000000 Gradient Norm = 0.002024 alpha mult = 0.000000
 Iteration Count = 900	Function Value = 42.638822 	 Percentage Difference = 0.000000 Gradient Norm = 0.002024 alpha mult = 0.000000
 Iteration Count = 1000	Function Value = 42.638822 	 Percentage Difference = 0.000000 Gradient Norm = 0.002024 alpha mult = 0.000000
OUTER ITERATION COUNT in 37
 Simulation Parameters
 rho = 0.600000. c = 0.001000, beta = 0.600000
 Iteration Count = 100	Function Value = 42.638822 	 Percentage Difference = 0.000000 Gradient Norm = 0.002024 alpha mult = 0.000000
 Iteration Count = 200	Function Value = 42.638822 	 Percentage Difference = 0.000000 Gradient Norm = 0.002024 alpha mult = 0.000000
 Iteration Count = 300	Function Value = 42.638822 	 Percentage Difference = 0.000000 Gradient Norm = 0.002024 alpha mult = 0.000000
 Iteration Count = 400	Function Value = 42.638822 	 Percentage Difference = 0.000000 Gradient Norm = 0.002024 alpha mult = 0.000000
 Iteration Count = 500	Function Value = 42.638822 	 Percentage Difference = 0.000000 Gradient Norm = 0.002024 alpha mult = 0.000000
 Iteration Count = 600	Function Value = 42.638822 	 Percentage Difference = 0.000000 Gradient Norm = 0.002024 alpha mult = 0.000000
 Iteration Count = 700	Function Value = 42.638822 	 Percentage Difference = 0.000000 Gradient Norm = 0.002024 alpha mult = 0.000000
 Iteration Count = 800	Function Value = 42.638822 	 Percentage Difference = 0.000000 Gradient Norm = 0.002024 alpha mult = 0.000000
 Iteration Count = 900	Function Value = 42.638822 	 Percentage Difference = 0.000000 Gradient Norm = 0.002024 alpha mult = 0.000000
 Iteration Count = 1000	Function Value = 42.638822 	 Percentage Difference = 0.000000 Gradient Norm = 0.002024 alpha mult = 0.000000
OUTER ITERATION COUNT in 38
 Simulation Parameters
 rho = 0.600000. c = 0.001000, beta = 0.600000
 Iteration Count = 100	Function Value = 42.638822 	 Percentage Difference = 0.000000 Gradient Norm = 0.002024 alpha mult = 0.000000
 Iteration Count = 200	Function Value = 42.638822 	 Percentage Difference = 0.000000 Gradient Norm = 0.002024 alpha mult = 0.000000
 Iteration Count = 300	Function Value = 42.638822 	 Percentage Difference = 0.000000 Gradient Norm = 0.002024 alpha mult = 0.000000
 Iteration Count = 400	Function Value = 42.638822 	 Percentage Difference = 0.000000 Gradient Norm = 0.002024 alpha mult = 0.000000
 Iteration Count = 500	Function Value = 42.638822 	 Percentage Difference = 0.000000 Gradient Norm = 0.002024 alpha mult = 0.000000
 Iteration Count = 600	Function Value = 42.638822 	 Percentage Difference = 0.000000 Gradient Norm = 0.002024 alpha mult = 0.000000
 Iteration Count = 700	Function Value = 42.638822 	 Percentage Difference = 0.000000 Gradient Norm = 0.002024 alpha mult = 0.000000
 Iteration Count = 800	Function Value = 42.638822 	 Percentage Difference = 0.000000 Gradient Norm = 0.002024 alpha mult = 0.000000
 Iteration Count = 900	Function Value = 42.638822 	 Percentage Difference = 0.000000 Gradient Norm = 0.002024 alpha mult = 0.000000
 Iteration Count = 1000	Function Value = 42.638822 	 Percentage Difference = 0.000000 Gradient Norm = 0.002024 alpha mult = 0.000000
OUTER ITERATION COUNT in 39
 Simulation Parameters
 rho = 0.600000. c = 0.001000, beta = 0.600000
 Iteration Count = 100	Function Value = 42.638822 	 Percentage Difference = 0.000000 Gradient Norm = 0.002024 alpha mult = 0.000000
 Iteration Count = 200	Function Value = 42.638822 	 Percentage Difference = 0.000000 Gradient Norm = 0.002024 alpha mult = 0.000000
 Iteration Count = 300	Function Value = 42.638822 	 Percentage Difference = 0.000000 Gradient Norm = 0.002024 alpha mult = 0.000000
 Iteration Count = 400	Function Value = 42.638822 	 Percentage Difference = 0.000000 Gradient Norm = 0.002024 alpha mult = 0.000000
 Iteration Count = 500	Function Value = 42.638822 	 Percentage Difference = 0.000000 Gradient Norm = 0.002024 alpha mult = 0.000000
 Iteration Count = 600	Function Value = 42.638822 	 Percentage Difference = 0.000000 Gradient Norm = 0.002024 alpha mult = 0.000000
 Iteration Count = 700	Function Value = 42.638822 	 Percentage Difference = 0.000000 Gradient Norm = 0.002024 alpha mult = 0.000000
 Iteration Count = 800	Function Value = 42.638822 	 Percentage Difference = 0.000000 Gradient Norm = 0.002024 alpha mult = 0.000000
 Iteration Count = 900	Function Value = 42.638822 	 Percentage Difference = 0.000000 Gradient Norm = 0.002024 alpha mult = 0.000000
 Iteration Count = 1000	Function Value = 42.638822 	 Percentage Difference = 0.000000 Gradient Norm = 0.002024 alpha mult = 0.000000
OUTER ITERATION COUNT in 40
 Simulation Parameters
 rho = 0.600000. c = 0.001000, beta = 0.600000
 Iteration Count = 100	Function Value = 42.638822 	 Percentage Difference = 0.000000 Gradient Norm = 0.002024 alpha mult = 0.000000
 Iteration Count = 200	Function Value = 42.638822 	 Percentage Difference = 0.000000 Gradient Norm = 0.002024 alpha mult = 0.000000
 Iteration Count = 300	Function Value = 42.638822 	 Percentage Difference = 0.000000 Gradient Norm = 0.002024 alpha mult = 0.000000
 Iteration Count = 400	Function Value = 42.638822 	 Percentage Difference = 0.000000 Gradient Norm = 0.002024 alpha mult = 0.000000
 Iteration Count = 500	Function Value = 42.638822 	 Percentage Difference = 0.000000 Gradient Norm = 0.002024 alpha mult = 0.000000
 Iteration Count = 600	Function Value = 42.638822 	 Percentage Difference = 0.000000 Gradient Norm = 0.002024 alpha mult = 0.000000
 Iteration Count = 700	Function Value = 42.638822 	 Percentage Difference = 0.000000 Gradient Norm = 0.002024 alpha mult = 0.000000
 Iteration Count = 800	Function Value = 42.638822 	 Percentage Difference = 0.000000 Gradient Norm = 0.002024 alpha mult = 0.000000
 Iteration Count = 900	Function Value = 42.638822 	 Percentage Difference = 0.000000 Gradient Norm = 0.002024 alpha mult = 0.000000
 Iteration Count = 1000	Function Value = 42.638822 	 Percentage Difference = 0.000000 Gradient Norm = 0.002024 alpha mult = 0.000000
OUTER ITERATION COUNT in 41
 Simulation Parameters
 rho = 0.600000. c = 0.001000, beta = 0.600000
 Iteration Count = 100	Function Value = 42.638822 	 Percentage Difference = 0.000000 Gradient Norm = 0.002024 alpha mult = 0.000000
 Iteration Count = 200	Function Value = 42.638822 	 Percentage Difference = 0.000000 Gradient Norm = 0.002024 alpha mult = 0.000000
 Iteration Count = 300	Function Value = 42.638822 	 Percentage Difference = 0.000000 Gradient Norm = 0.002024 alpha mult = 0.000000
 Iteration Count = 400	Function Value = 42.638822 	 Percentage Difference = 0.000000 Gradient Norm = 0.002024 alpha mult = 0.000000
 Iteration Count = 500	Function Value = 42.638822 	 Percentage Difference = 0.000000 Gradient Norm = 0.002024 alpha mult = 0.000000
 Iteration Count = 600	Function Value = 42.638822 	 Percentage Difference = 0.000000 Gradient Norm = 0.002024 alpha mult = 0.000000
 Iteration Count = 700	Function Value = 42.638822 	 Percentage Difference = 0.000000 Gradient Norm = 0.002024 alpha mult = 0.000000
 Iteration Count = 800	Function Value = 42.638822 	 Percentage Difference = 0.000000 Gradient Norm = 0.002024 alpha mult = 0.000000
 Iteration Count = 900	Function Value = 42.638822 	 Percentage Difference = 0.000000 Gradient Norm = 0.002024 alpha mult = 0.000000
 Iteration Count = 1000	Function Value = 42.638822 	 Percentage Difference = 0.000000 Gradient Norm = 0.002024 alpha mult = 0.000000
OUTER ITERATION COUNT in 42
 Simulation Parameters
 rho = 0.600000. c = 0.001000, beta = 0.600000
 Iteration Count = 100	Function Value = 42.638822 	 Percentage Difference = 0.000000 Gradient Norm = 0.002024 alpha mult = 0.000000
 Iteration Count = 200	Function Value = 42.638822 	 Percentage Difference = 0.000000 Gradient Norm = 0.002024 alpha mult = 0.000000
 Iteration Count = 300	Function Value = 42.638822 	 Percentage Difference = 0.000000 Gradient Norm = 0.002024 alpha mult = 0.000000
 Iteration Count = 400	Function Value = 42.638822 	 Percentage Difference = 0.000000 Gradient Norm = 0.002024 alpha mult = 0.000000
 Iteration Count = 500	Function Value = 42.638822 	 Percentage Difference = 0.000000 Gradient Norm = 0.002024 alpha mult = 0.000000
 Iteration Count = 600	Function Value = 42.638822 	 Percentage Difference = 0.000000 Gradient Norm = 0.002024 alpha mult = 0.000000
 Iteration Count = 700	Function Value = 42.638822 	 Percentage Difference = 0.000000 Gradient Norm = 0.002024 alpha mult = 0.000000
 Iteration Count = 800	Function Value = 42.638822 	 Percentage Difference = 0.000000 Gradient Norm = 0.002024 alpha mult = 0.000000
 Iteration Count = 900	Function Value = 42.638822 	 Percentage Difference = 0.000000 Gradient Norm = 0.002024 alpha mult = 0.000000
 Iteration Count = 1000	Function Value = 42.638822 	 Percentage Difference = 0.000000 Gradient Norm = 0.002024 alpha mult = 0.000000
OUTER ITERATION COUNT in 43
 Simulation Parameters
 rho = 0.600000. c = 0.001000, beta = 0.600000
 Iteration Count = 100	Function Value = 42.638822 	 Percentage Difference = 0.000000 Gradient Norm = 0.002024 alpha mult = 0.000000
 Iteration Count = 200	Function Value = 42.638822 	 Percentage Difference = 0.000000 Gradient Norm = 0.002024 alpha mult = 0.000000
 Iteration Count = 300	Function Value = 42.638822 	 Percentage Difference = 0.000000 Gradient Norm = 0.002024 alpha mult = 0.000000
 Iteration Count = 400	Function Value = 42.638822 	 Percentage Difference = 0.000000 Gradient Norm = 0.002024 alpha mult = 0.000000
 Iteration Count = 500	Function Value = 42.638822 	 Percentage Difference = 0.000000 Gradient Norm = 0.002024 alpha mult = 0.000000
 Iteration Count = 600	Function Value = 42.638822 	 Percentage Difference = 0.000000 Gradient Norm = 0.002024 alpha mult = 0.000000
 Iteration Count = 700	Function Value = 42.638822 	 Percentage Difference = 0.000000 Gradient Norm = 0.002024 alpha mult = 0.000000
 Iteration Count = 800	Function Value = 42.638822 	 Percentage Difference = 0.000000 Gradient Norm = 0.002024 alpha mult = 0.000000
 Iteration Count = 900	Function Value = 42.638822 	 Percentage Difference = 0.000000 Gradient Norm = 0.002024 alpha mult = 0.000000
 Iteration Count = 1000	Function Value = 42.638822 	 Percentage Difference = 0.000000 Gradient Norm = 0.002024 alpha mult = 0.000000
OUTER ITERATION COUNT in 44
 Simulation Parameters
 rho = 0.600000. c = 0.001000, beta = 0.600000
 Iteration Count = 100	Function Value = 42.638822 	 Percentage Difference = 0.000000 Gradient Norm = 0.002024 alpha mult = 0.000000
 Iteration Count = 200	Function Value = 42.638822 	 Percentage Difference = 0.000000 Gradient Norm = 0.002024 alpha mult = 0.000000
 Iteration Count = 300	Function Value = 42.638822 	 Percentage Difference = 0.000000 Gradient Norm = 0.002024 alpha mult = 0.000000
 Iteration Count = 400	Function Value = 42.638822 	 Percentage Difference = 0.000000 Gradient Norm = 0.002024 alpha mult = 0.000000
 Iteration Count = 500	Function Value = 42.638822 	 Percentage Difference = 0.000000 Gradient Norm = 0.002024 alpha mult = 0.000000
 Iteration Count = 600	Function Value = 42.638822 	 Percentage Difference = 0.000000 Gradient Norm = 0.002024 alpha mult = 0.000000
 Iteration Count = 700	Function Value = 42.638822 	 Percentage Difference = 0.000000 Gradient Norm = 0.002024 alpha mult = 0.000000
 Iteration Count = 800	Function Value = 42.638822 	 Percentage Difference = 0.000000 Gradient Norm = 0.002024 alpha mult = 0.000000
 Iteration Count = 900	Function Value = 42.638822 	 Percentage Difference = 0.000000 Gradient Norm = 0.002024 alpha mult = 0.000000
 Iteration Count = 1000	Function Value = 42.638822 	 Percentage Difference = 0.000000 Gradient Norm = 0.002024 alpha mult = 0.000000
OUTER ITERATION COUNT in 45
 Simulation Parameters
 rho = 0.600000. c = 0.001000, beta = 0.600000
 Iteration Count = 100	Function Value = 42.638822 	 Percentage Difference = 0.000000 Gradient Norm = 0.002024 alpha mult = 0.000000
 Iteration Count = 200	Function Value = 42.638822 	 Percentage Difference = 0.000000 Gradient Norm = 0.002024 alpha mult = 0.000000
 Iteration Count = 300	Function Value = 42.638822 	 Percentage Difference = 0.000000 Gradient Norm = 0.002024 alpha mult = 0.000000
 Iteration Count = 400	Function Value = 42.638822 	 Percentage Difference = 0.000000 Gradient Norm = 0.002024 alpha mult = 0.000000
 Iteration Count = 500	Function Value = 42.638822 	 Percentage Difference = 0.000000 Gradient Norm = 0.002024 alpha mult = 0.000000
 Iteration Count = 600	Function Value = 42.638822 	 Percentage Difference = 0.000000 Gradient Norm = 0.002024 alpha mult = 0.000000
 Iteration Count = 700	Function Value = 42.638822 	 Percentage Difference = 0.000000 Gradient Norm = 0.002024 alpha mult = 0.000000
 Iteration Count = 800	Function Value = 42.638822 	 Percentage Difference = 0.000000 Gradient Norm = 0.002024 alpha mult = 0.000000
 Iteration Count = 900	Function Value = 42.638822 	 Percentage Difference = 0.000000 Gradient Norm = 0.002024 alpha mult = 0.000000
 Iteration Count = 1000	Function Value = 42.638822 	 Percentage Difference = 0.000000 Gradient Norm = 0.002024 alpha mult = 0.000000
OUTER ITERATION COUNT in 46
 Simulation Parameters
 rho = 0.600000. c = 0.001000, beta = 0.600000
 Iteration Count = 100	Function Value = 42.638822 	 Percentage Difference = 0.000000 Gradient Norm = 0.002024 alpha mult = 0.000000
 Iteration Count = 200	Function Value = 42.638822 	 Percentage Difference = 0.000000 Gradient Norm = 0.002024 alpha mult = 0.000000
 Iteration Count = 300	Function Value = 42.638822 	 Percentage Difference = 0.000000 Gradient Norm = 0.002024 alpha mult = 0.000000
 Iteration Count = 400	Function Value = 42.638822 	 Percentage Difference = 0.000000 Gradient Norm = 0.002024 alpha mult = 0.000000
 Iteration Count = 500	Function Value = 42.638822 	 Percentage Difference = 0.000000 Gradient Norm = 0.002024 alpha mult = 0.000000
 Iteration Count = 600	Function Value = 42.638822 	 Percentage Difference = 0.000000 Gradient Norm = 0.002024 alpha mult = 0.000000
 Iteration Count = 700	Function Value = 42.638822 	 Percentage Difference = 0.000000 Gradient Norm = 0.002024 alpha mult = 0.000000
 Iteration Count = 800	Function Value = 42.638822 	 Percentage Difference = 0.000000 Gradient Norm = 0.002024 alpha mult = 0.000000
 Iteration Count = 900	Function Value = 42.638822 	 Percentage Difference = 0.000000 Gradient Norm = 0.002024 alpha mult = 0.000000
 Iteration Count = 1000	Function Value = 42.638822 	 Percentage Difference = 0.000000 Gradient Norm = 0.002024 alpha mult = 0.000000
OUTER ITERATION COUNT in 47
 Simulation Parameters
 rho = 0.600000. c = 0.001000, beta = 0.600000
 Iteration Count = 100	Function Value = 42.638822 	 Percentage Difference = 0.000000 Gradient Norm = 0.002024 alpha mult = 0.000000
 Iteration Count = 200	Function Value = 42.638822 	 Percentage Difference = 0.000000 Gradient Norm = 0.002024 alpha mult = 0.000000
 Iteration Count = 300	Function Value = 42.638822 	 Percentage Difference = 0.000000 Gradient Norm = 0.002024 alpha mult = 0.000000
 Iteration Count = 400	Function Value = 42.638822 	 Percentage Difference = 0.000000 Gradient Norm = 0.002024 alpha mult = 0.000000
 Iteration Count = 500	Function Value = 42.638822 	 Percentage Difference = 0.000000 Gradient Norm = 0.002024 alpha mult = 0.000000
 Iteration Count = 600	Function Value = 42.638822 	 Percentage Difference = 0.000000 Gradient Norm = 0.002024 alpha mult = 0.000000
 Iteration Count = 700	Function Value = 42.638822 	 Percentage Difference = 0.000000 Gradient Norm = 0.002024 alpha mult = 0.000000
 Iteration Count = 800	Function Value = 42.638822 	 Percentage Difference = 0.000000 Gradient Norm = 0.002024 alpha mult = 0.000000
 Iteration Count = 900	Function Value = 42.638822 	 Percentage Difference = 0.000000 Gradient Norm = 0.002024 alpha mult = 0.000000
 Iteration Count = 1000	Function Value = 42.638822 	 Percentage Difference = 0.000000 Gradient Norm = 0.002024 alpha mult = 0.000000
OUTER ITERATION COUNT in 48
 Simulation Parameters
 rho = 0.600000. c = 0.001000, beta = 0.600000
 Iteration Count = 100	Function Value = 42.638822 	 Percentage Difference = 0.000000 Gradient Norm = 0.002024 alpha mult = 0.000000
 Iteration Count = 200	Function Value = 42.638822 	 Percentage Difference = 0.000000 Gradient Norm = 0.002024 alpha mult = 0.000000
 Iteration Count = 300	Function Value = 42.638822 	 Percentage Difference = 0.000000 Gradient Norm = 0.002024 alpha mult = 0.000000
 Iteration Count = 400	Function Value = 42.638822 	 Percentage Difference = 0.000000 Gradient Norm = 0.002024 alpha mult = 0.000000
 Iteration Count = 500	Function Value = 42.638822 	 Percentage Difference = 0.000000 Gradient Norm = 0.002024 alpha mult = 0.000000
 Iteration Count = 600	Function Value = 42.638822 	 Percentage Difference = 0.000000 Gradient Norm = 0.002024 alpha mult = 0.000000
 Iteration Count = 700	Function Value = 42.638822 	 Percentage Difference = 0.000000 Gradient Norm = 0.002024 alpha mult = 0.000000
 Iteration Count = 800	Function Value = 42.638822 	 Percentage Difference = 0.000000 Gradient Norm = 0.002024 alpha mult = 0.000000
 Iteration Count = 900	Function Value = 42.638822 	 Percentage Difference = 0.000000 Gradient Norm = 0.002024 alpha mult = 0.000000
 Iteration Count = 1000	Function Value = 42.638822 	 Percentage Difference = 0.000000 Gradient Norm = 0.002024 alpha mult = 0.000000
OUTER ITERATION COUNT in 49
 Simulation Parameters
 rho = 0.600000. c = 0.001000, beta = 0.600000
 Iteration Count = 100	Function Value = 42.638822 	 Percentage Difference = 0.000000 Gradient Norm = 0.002024 alpha mult = 0.000000
 Iteration Count = 200	Function Value = 42.638822 	 Percentage Difference = 0.000000 Gradient Norm = 0.002024 alpha mult = 0.000000
 Iteration Count = 300	Function Value = 42.638822 	 Percentage Difference = 0.000000 Gradient Norm = 0.002024 alpha mult = 0.000000
 Iteration Count = 400	Function Value = 42.638822 	 Percentage Difference = 0.000000 Gradient Norm = 0.002024 alpha mult = 0.000000
 Iteration Count = 500	Function Value = 42.638822 	 Percentage Difference = 0.000000 Gradient Norm = 0.002024 alpha mult = 0.000000
 Iteration Count = 600	Function Value = 42.638822 	 Percentage Difference = 0.000000 Gradient Norm = 0.002024 alpha mult = 0.000000
 Iteration Count = 700	Function Value = 42.638822 	 Percentage Difference = 0.000000 Gradient Norm = 0.002024 alpha mult = 0.000000
 Iteration Count = 800	Function Value = 42.638822 	 Percentage Difference = 0.000000 Gradient Norm = 0.002024 alpha mult = 0.000000
 Iteration Count = 900	Function Value = 42.638822 	 Percentage Difference = 0.000000 Gradient Norm = 0.002024 alpha mult = 0.000000
 Iteration Count = 1000	Function Value = 42.638822 	 Percentage Difference = 0.000000 Gradient Norm = 0.002024 alpha mult = 0.000000
OUTER ITERATION COUNT in 50
 Simulation Parameters
 rho = 0.600000. c = 0.001000, beta = 0.600000
 Iteration Count = 100	Function Value = 42.638822 	 Percentage Difference = 0.000000 Gradient Norm = 0.002024 alpha mult = 0.000000
 Iteration Count = 200	Function Value = 42.638822 	 Percentage Difference = 0.000000 Gradient Norm = 0.002024 alpha mult = 0.000000
 Iteration Count = 300	Function Value = 42.638822 	 Percentage Difference = 0.000000 Gradient Norm = 0.002024 alpha mult = 0.000000
 Iteration Count = 400	Function Value = 42.638822 	 Percentage Difference = 0.000000 Gradient Norm = 0.002024 alpha mult = 0.000000
 Iteration Count = 500	Function Value = 42.638822 	 Percentage Difference = 0.000000 Gradient Norm = 0.002024 alpha mult = 0.000000
 Iteration Count = 600	Function Value = 42.638822 	 Percentage Difference = 0.000000 Gradient Norm = 0.002024 alpha mult = 0.000000
 Iteration Count = 700	Function Value = 42.638822 	 Percentage Difference = 0.000000 Gradient Norm = 0.002024 alpha mult = 0.000000
 Iteration Count = 800	Function Value = 42.638822 	 Percentage Difference = 0.000000 Gradient Norm = 0.002024 alpha mult = 0.000000
 Iteration Count = 900	Function Value = 42.638822 	 Percentage Difference = 0.000000 Gradient Norm = 0.002024 alpha mult = 0.000000
 Iteration Count = 1000	Function Value = 42.638822 	 Percentage Difference = 0.000000 Gradient Norm = 0.002024 alpha mult = 0.000000
OUTER ITERATION COUNT in 51
 Simulation Parameters
 rho = 0.600000. c = 0.001000, beta = 0.600000
 Iteration Count = 100	Function Value = 42.638822 	 Percentage Difference = 0.000000 Gradient Norm = 0.002024 alpha mult = 0.000000
 Iteration Count = 200	Function Value = 42.638822 	 Percentage Difference = 0.000000 Gradient Norm = 0.002024 alpha mult = 0.000000
 Iteration Count = 300	Function Value = 42.638822 	 Percentage Difference = 0.000000 Gradient Norm = 0.002024 alpha mult = 0.000000
 Iteration Count = 400	Function Value = 42.638822 	 Percentage Difference = 0.000000 Gradient Norm = 0.002024 alpha mult = 0.000000
 Iteration Count = 500	Function Value = 42.638822 	 Percentage Difference = 0.000000 Gradient Norm = 0.002024 alpha mult = 0.000000
 Iteration Count = 600	Function Value = 42.638822 	 Percentage Difference = 0.000000 Gradient Norm = 0.002024 alpha mult = 0.000000
 Iteration Count = 700	Function Value = 42.638822 	 Percentage Difference = 0.000000 Gradient Norm = 0.002024 alpha mult = 0.000000
 Iteration Count = 800	Function Value = 42.638822 	 Percentage Difference = 0.000000 Gradient Norm = 0.002024 alpha mult = 0.000000
 Iteration Count = 900	Function Value = 42.638822 	 Percentage Difference = 0.000000 Gradient Norm = 0.002024 alpha mult = 0.000000
 Iteration Count = 1000	Function Value = 42.638822 	 Percentage Difference = 0.000000 Gradient Norm = 0.002024 alpha mult = 0.000000
OUTER ITERATION COUNT in 52
 Simulation Parameters
 rho = 0.600000. c = 0.001000, beta = 0.600000
 Iteration Count = 100	Function Value = 42.638822 	 Percentage Difference = 0.000000 Gradient Norm = 0.002024 alpha mult = 0.000000
 Iteration Count = 200	Function Value = 42.638822 	 Percentage Difference = 0.000000 Gradient Norm = 0.002024 alpha mult = 0.000000
 Iteration Count = 300	Function Value = 42.638822 	 Percentage Difference = 0.000000 Gradient Norm = 0.002024 alpha mult = 0.000000
 Iteration Count = 400	Function Value = 42.638822 	 Percentage Difference = 0.000000 Gradient Norm = 0.002024 alpha mult = 0.000000
 Iteration Count = 500	Function Value = 42.638822 	 Percentage Difference = 0.000000 Gradient Norm = 0.002024 alpha mult = 0.000000
 Iteration Count = 600	Function Value = 42.638822 	 Percentage Difference = 0.000000 Gradient Norm = 0.002024 alpha mult = 0.000000
 Iteration Count = 700	Function Value = 42.638822 	 Percentage Difference = 0.000000 Gradient Norm = 0.002024 alpha mult = 0.000000
 Iteration Count = 800	Function Value = 42.638822 	 Percentage Difference = 0.000000 Gradient Norm = 0.002024 alpha mult = 0.000000
 Iteration Count = 900	Function Value = 42.638822 	 Percentage Difference = 0.000000 Gradient Norm = 0.002024 alpha mult = 0.000000
 Iteration Count = 1000	Function Value = 42.638822 	 Percentage Difference = 0.000000 Gradient Norm = 0.002024 alpha mult = 0.000000
OUTER ITERATION COUNT in 53
 Simulation Parameters
 rho = 0.600000. c = 0.001000, beta = 0.600000
 Iteration Count = 100	Function Value = 42.638822 	 Percentage Difference = 0.000000 Gradient Norm = 0.002024 alpha mult = 0.000000
 Iteration Count = 200	Function Value = 42.638822 	 Percentage Difference = 0.000000 Gradient Norm = 0.002024 alpha mult = 0.000000
 Iteration Count = 300	Function Value = 42.638822 	 Percentage Difference = 0.000000 Gradient Norm = 0.002024 alpha mult = 0.000000
 Iteration Count = 400	Function Value = 42.638822 	 Percentage Difference = 0.000000 Gradient Norm = 0.002024 alpha mult = 0.000000
 Iteration Count = 500	Function Value = 42.638822 	 Percentage Difference = 0.000000 Gradient Norm = 0.002024 alpha mult = 0.000000
 Iteration Count = 600	Function Value = 42.638822 	 Percentage Difference = 0.000000 Gradient Norm = 0.002024 alpha mult = 0.000000
 Iteration Count = 700	Function Value = 42.638822 	 Percentage Difference = 0.000000 Gradient Norm = 0.002024 alpha mult = 0.000000
 Iteration Count = 800	Function Value = 42.638822 	 Percentage Difference = 0.000000 Gradient Norm = 0.002024 alpha mult = 0.000000
 Iteration Count = 900	Function Value = 42.638822 	 Percentage Difference = 0.000000 Gradient Norm = 0.002024 alpha mult = 0.000000
 Iteration Count = 1000	Function Value = 42.638822 	 Percentage Difference = 0.000000 Gradient Norm = 0.002024 alpha mult = 0.000000
OUTER ITERATION COUNT in 54
 Simulation Parameters
 rho = 0.600000. c = 0.001000, beta = 0.600000
 Iteration Count = 100	Function Value = 42.638822 	 Percentage Difference = 0.000000 Gradient Norm = 0.002024 alpha mult = 0.000000
 Iteration Count = 200	Function Value = 42.638822 	 Percentage Difference = 0.000000 Gradient Norm = 0.002024 alpha mult = 0.000000
 Iteration Count = 300	Function Value = 42.638822 	 Percentage Difference = 0.000000 Gradient Norm = 0.002024 alpha mult = 0.000000
 Iteration Count = 400	Function Value = 42.638822 	 Percentage Difference = 0.000000 Gradient Norm = 0.002024 alpha mult = 0.000000
 Iteration Count = 500	Function Value = 42.638822 	 Percentage Difference = 0.000000 Gradient Norm = 0.002024 alpha mult = 0.000000
 Iteration Count = 600	Function Value = 42.638822 	 Percentage Difference = 0.000000 Gradient Norm = 0.002024 alpha mult = 0.000000
 Iteration Count = 700	Function Value = 42.638822 	 Percentage Difference = 0.000000 Gradient Norm = 0.002024 alpha mult = 0.000000
 Iteration Count = 800	Function Value = 42.638822 	 Percentage Difference = 0.000000 Gradient Norm = 0.002024 alpha mult = 0.000000
 Iteration Count = 900	Function Value = 42.638822 	 Percentage Difference = 0.000000 Gradient Norm = 0.002024 alpha mult = 0.000000
 Iteration Count = 1000	Function Value = 42.638822 	 Percentage Difference = 0.000000 Gradient Norm = 0.002024 alpha mult = 0.000000
OUTER ITERATION COUNT in 55
 Simulation Parameters
 rho = 0.600000. c = 0.001000, beta = 0.600000
 Iteration Count = 100	Function Value = 42.638822 	 Percentage Difference = 0.000000 Gradient Norm = 0.002024 alpha mult = 0.000000
 Iteration Count = 200	Function Value = 42.638822 	 Percentage Difference = 0.000000 Gradient Norm = 0.002024 alpha mult = 0.000000
 Iteration Count = 300	Function Value = 42.638822 	 Percentage Difference = 0.000000 Gradient Norm = 0.002024 alpha mult = 0.000000
 Iteration Count = 400	Function Value = 42.638822 	 Percentage Difference = 0.000000 Gradient Norm = 0.002024 alpha mult = 0.000000
 Iteration Count = 500	Function Value = 42.638822 	 Percentage Difference = 0.000000 Gradient Norm = 0.002024 alpha mult = 0.000000
 Iteration Count = 600	Function Value = 42.638822 	 Percentage Difference = 0.000000 Gradient Norm = 0.002024 alpha mult = 0.000000
 Iteration Count = 700	Function Value = 42.638822 	 Percentage Difference = 0.000000 Gradient Norm = 0.002024 alpha mult = 0.000000
 Iteration Count = 800	Function Value = 42.638822 	 Percentage Difference = 0.000000 Gradient Norm = 0.002024 alpha mult = 0.000000
 Iteration Count = 900	Function Value = 42.638822 	 Percentage Difference = 0.000000 Gradient Norm = 0.002024 alpha mult = 0.000000
 Iteration Count = 1000	Function Value = 42.638822 	 Percentage Difference = 0.000000 Gradient Norm = 0.002024 alpha mult = 0.000000
OUTER ITERATION COUNT in 56
 Simulation Parameters
 rho = 0.600000. c = 0.001000, beta = 0.600000
 Iteration Count = 100	Function Value = 42.638822 	 Percentage Difference = 0.000000 Gradient Norm = 0.002024 alpha mult = 0.000000
 Iteration Count = 200	Function Value = 42.638822 	 Percentage Difference = 0.000000 Gradient Norm = 0.002024 alpha mult = 0.000000
 Iteration Count = 300	Function Value = 42.638822 	 Percentage Difference = 0.000000 Gradient Norm = 0.002024 alpha mult = 0.000000
 Iteration Count = 400	Function Value = 42.638822 	 Percentage Difference = 0.000000 Gradient Norm = 0.002024 alpha mult = 0.000000
 Iteration Count = 500	Function Value = 42.638822 	 Percentage Difference = 0.000000 Gradient Norm = 0.002024 alpha mult = 0.000000
 Iteration Count = 600	Function Value = 42.638822 	 Percentage Difference = 0.000000 Gradient Norm = 0.002024 alpha mult = 0.000000
 Iteration Count = 700	Function Value = 42.638822 	 Percentage Difference = 0.000000 Gradient Norm = 0.002024 alpha mult = 0.000000
 Iteration Count = 800	Function Value = 42.638822 	 Percentage Difference = 0.000000 Gradient Norm = 0.002024 alpha mult = 0.000000
 Iteration Count = 900	Function Value = 42.638822 	 Percentage Difference = 0.000000 Gradient Norm = 0.002024 alpha mult = 0.000000
 Iteration Count = 1000	Function Value = 42.638822 	 Percentage Difference = 0.000000 Gradient Norm = 0.002024 alpha mult = 0.000000
OUTER ITERATION COUNT in 57
 Simulation Parameters
 rho = 0.600000. c = 0.001000, beta = 0.600000
 Iteration Count = 100	Function Value = 42.638822 	 Percentage Difference = 0.000000 Gradient Norm = 0.002024 alpha mult = 0.000000
 Iteration Count = 200	Function Value = 42.638822 	 Percentage Difference = 0.000000 Gradient Norm = 0.002024 alpha mult = 0.000000
 Iteration Count = 300	Function Value = 42.638822 	 Percentage Difference = 0.000000 Gradient Norm = 0.002024 alpha mult = 0.000000
 Iteration Count = 400	Function Value = 42.638822 	 Percentage Difference = 0.000000 Gradient Norm = 0.002024 alpha mult = 0.000000
 Iteration Count = 500	Function Value = 42.638822 	 Percentage Difference = 0.000000 Gradient Norm = 0.002024 alpha mult = 0.000000
 Iteration Count = 600	Function Value = 42.638822 	 Percentage Difference = 0.000000 Gradient Norm = 0.002024 alpha mult = 0.000000
 Iteration Count = 700	Function Value = 42.638822 	 Percentage Difference = 0.000000 Gradient Norm = 0.002024 alpha mult = 0.000000
 Iteration Count = 800	Function Value = 42.638822 	 Percentage Difference = 0.000000 Gradient Norm = 0.002024 alpha mult = 0.000000
 Iteration Count = 900	Function Value = 42.638822 	 Percentage Difference = 0.000000 Gradient Norm = 0.002024 alpha mult = 0.000000
 Iteration Count = 1000	Function Value = 42.638822 	 Percentage Difference = 0.000000 Gradient Norm = 0.002024 alpha mult = 0.000000
OUTER ITERATION COUNT in 58
 Simulation Parameters
 rho = 0.600000. c = 0.001000, beta = 0.600000
 Iteration Count = 100	Function Value = 42.638822 	 Percentage Difference = 0.000000 Gradient Norm = 0.002024 alpha mult = 0.000000
 Iteration Count = 200	Function Value = 42.638822 	 Percentage Difference = 0.000000 Gradient Norm = 0.002024 alpha mult = 0.000000
 Iteration Count = 300	Function Value = 42.638822 	 Percentage Difference = 0.000000 Gradient Norm = 0.002024 alpha mult = 0.000000
 Iteration Count = 400	Function Value = 42.638822 	 Percentage Difference = 0.000000 Gradient Norm = 0.002024 alpha mult = 0.000000
 Iteration Count = 500	Function Value = 42.638822 	 Percentage Difference = 0.000000 Gradient Norm = 0.002024 alpha mult = 0.000000
 Iteration Count = 600	Function Value = 42.638822 	 Percentage Difference = 0.000000 Gradient Norm = 0.002024 alpha mult = 0.000000
 Iteration Count = 700	Function Value = 42.638822 	 Percentage Difference = 0.000000 Gradient Norm = 0.002024 alpha mult = 0.000000
 Iteration Count = 800	Function Value = 42.638822 	 Percentage Difference = 0.000000 Gradient Norm = 0.002024 alpha mult = 0.000000
 Iteration Count = 900	Function Value = 42.638822 	 Percentage Difference = 0.000000 Gradient Norm = 0.002024 alpha mult = 0.000000
 Iteration Count = 1000	Function Value = 42.638822 	 Percentage Difference = 0.000000 Gradient Norm = 0.002024 alpha mult = 0.000000
OUTER ITERATION COUNT in 59
 Simulation Parameters
 rho = 0.600000. c = 0.001000, beta = 0.600000
 Iteration Count = 100	Function Value = 42.638822 	 Percentage Difference = 0.000000 Gradient Norm = 0.002024 alpha mult = 0.000000
 Iteration Count = 200	Function Value = 42.638822 	 Percentage Difference = 0.000000 Gradient Norm = 0.002024 alpha mult = 0.000000
 Iteration Count = 300	Function Value = 42.638822 	 Percentage Difference = 0.000000 Gradient Norm = 0.002024 alpha mult = 0.000000
 Iteration Count = 400	Function Value = 42.638822 	 Percentage Difference = 0.000000 Gradient Norm = 0.002024 alpha mult = 0.000000
 Iteration Count = 500	Function Value = 42.638822 	 Percentage Difference = 0.000000 Gradient Norm = 0.002024 alpha mult = 0.000000
 Iteration Count = 600	Function Value = 42.638822 	 Percentage Difference = 0.000000 Gradient Norm = 0.002024 alpha mult = 0.000000
 Iteration Count = 700	Function Value = 42.638822 	 Percentage Difference = 0.000000 Gradient Norm = 0.002024 alpha mult = 0.000000
 Iteration Count = 800	Function Value = 42.638822 	 Percentage Difference = 0.000000 Gradient Norm = 0.002024 alpha mult = 0.000000
 Iteration Count = 900	Function Value = 42.638822 	 Percentage Difference = 0.000000 Gradient Norm = 0.002024 alpha mult = 0.000000
 Iteration Count = 1000	Function Value = 42.638822 	 Percentage Difference = 0.000000 Gradient Norm = 0.002024 alpha mult = 0.000000
OUTER ITERATION COUNT in 60
 Simulation Parameters
 rho = 0.600000. c = 0.001000, beta = 0.600000
 Iteration Count = 100	Function Value = 42.638822 	 Percentage Difference = 0.000000 Gradient Norm = 0.002024 alpha mult = 0.000000
 Iteration Count = 200	Function Value = 42.638822 	 Percentage Difference = 0.000000 Gradient Norm = 0.002024 alpha mult = 0.000000
 Iteration Count = 300	Function Value = 42.638822 	 Percentage Difference = 0.000000 Gradient Norm = 0.002024 alpha mult = 0.000000
 Iteration Count = 400	Function Value = 42.638822 	 Percentage Difference = 0.000000 Gradient Norm = 0.002024 alpha mult = 0.000000
 Iteration Count = 500	Function Value = 42.638822 	 Percentage Difference = 0.000000 Gradient Norm = 0.002024 alpha mult = 0.000000
 Iteration Count = 600	Function Value = 42.638822 	 Percentage Difference = 0.000000 Gradient Norm = 0.002024 alpha mult = 0.000000
 Iteration Count = 700	Function Value = 42.638822 	 Percentage Difference = 0.000000 Gradient Norm = 0.002024 alpha mult = 0.000000
 Iteration Count = 800	Function Value = 42.638822 	 Percentage Difference = 0.000000 Gradient Norm = 0.002024 alpha mult = 0.000000
 Iteration Count = 900	Function Value = 42.638822 	 Percentage Difference = 0.000000 Gradient Norm = 0.002024 alpha mult = 0.000000
 Iteration Count = 1000	Function Value = 42.638822 	 Percentage Difference = 0.000000 Gradient Norm = 0.002024 alpha mult = 0.000000
OUTER ITERATION COUNT in 61
 Simulation Parameters
 rho = 0.600000. c = 0.001000, beta = 0.600000
 Iteration Count = 100	Function Value = 42.638822 	 Percentage Difference = 0.000000 Gradient Norm = 0.002024 alpha mult = 0.000000
 Iteration Count = 200	Function Value = 42.638822 	 Percentage Difference = 0.000000 Gradient Norm = 0.002024 alpha mult = 0.000000
 Iteration Count = 300	Function Value = 42.638822 	 Percentage Difference = 0.000000 Gradient Norm = 0.002024 alpha mult = 0.000000
 Iteration Count = 400	Function Value = 42.638822 	 Percentage Difference = 0.000000 Gradient Norm = 0.002024 alpha mult = 0.000000
 Iteration Count = 500	Function Value = 42.638822 	 Percentage Difference = 0.000000 Gradient Norm = 0.002024 alpha mult = 0.000000
 Iteration Count = 600	Function Value = 42.638822 	 Percentage Difference = 0.000000 Gradient Norm = 0.002024 alpha mult = 0.000000
 Iteration Count = 700	Function Value = 42.638822 	 Percentage Difference = 0.000000 Gradient Norm = 0.002024 alpha mult = 0.000000
 Iteration Count = 800	Function Value = 42.638822 	 Percentage Difference = 0.000000 Gradient Norm = 0.002024 alpha mult = 0.000000
 Iteration Count = 900	Function Value = 42.638822 	 Percentage Difference = 0.000000 Gradient Norm = 0.002024 alpha mult = 0.000000
 Iteration Count = 1000	Function Value = 42.638822 	 Percentage Difference = 0.000000 Gradient Norm = 0.002024 alpha mult = 0.000000
OUTER ITERATION COUNT in 62
 Simulation Parameters
 rho = 0.600000. c = 0.001000, beta = 0.600000
 Iteration Count = 100	Function Value = 42.638822 	 Percentage Difference = 0.000000 Gradient Norm = 0.002024 alpha mult = 0.000000
 Iteration Count = 200	Function Value = 42.638822 	 Percentage Difference = 0.000000 Gradient Norm = 0.002024 alpha mult = 0.000000
 Iteration Count = 300	Function Value = 42.638822 	 Percentage Difference = 0.000000 Gradient Norm = 0.002024 alpha mult = 0.000000
 Iteration Count = 400	Function Value = 42.638822 	 Percentage Difference = 0.000000 Gradient Norm = 0.002024 alpha mult = 0.000000
 Iteration Count = 500	Function Value = 42.638822 	 Percentage Difference = 0.000000 Gradient Norm = 0.002024 alpha mult = 0.000000
 Iteration Count = 600	Function Value = 42.638822 	 Percentage Difference = 0.000000 Gradient Norm = 0.002024 alpha mult = 0.000000
 Iteration Count = 700	Function Value = 42.638822 	 Percentage Difference = 0.000000 Gradient Norm = 0.002024 alpha mult = 0.000000
 Iteration Count = 800	Function Value = 42.638822 	 Percentage Difference = 0.000000 Gradient Norm = 0.002024 alpha mult = 0.000000
 Iteration Count = 900	Function Value = 42.638822 	 Percentage Difference = 0.000000 Gradient Norm = 0.002024 alpha mult = 0.000000
 Iteration Count = 1000	Function Value = 42.638822 	 Percentage Difference = 0.000000 Gradient Norm = 0.002024 alpha mult = 0.000000
OUTER ITERATION COUNT in 63
 Simulation Parameters
 rho = 0.600000. c = 0.001000, beta = 0.600000
 Iteration Count = 100	Function Value = 42.638822 	 Percentage Difference = 0.000000 Gradient Norm = 0.002024 alpha mult = 0.000000
 Iteration Count = 200	Function Value = 42.638822 	 Percentage Difference = 0.000000 Gradient Norm = 0.002024 alpha mult = 0.000000
 Iteration Count = 300	Function Value = 42.638822 	 Percentage Difference = 0.000000 Gradient Norm = 0.002024 alpha mult = 0.000000
 Iteration Count = 400	Function Value = 42.638822 	 Percentage Difference = 0.000000 Gradient Norm = 0.002024 alpha mult = 0.000000
 Iteration Count = 500	Function Value = 42.638822 	 Percentage Difference = 0.000000 Gradient Norm = 0.002024 alpha mult = 0.000000
 Iteration Count = 600	Function Value = 42.638822 	 Percentage Difference = 0.000000 Gradient Norm = 0.002024 alpha mult = 0.000000
 Iteration Count = 700	Function Value = 42.638822 	 Percentage Difference = 0.000000 Gradient Norm = 0.002024 alpha mult = 0.000000
 Iteration Count = 800	Function Value = 42.638822 	 Percentage Difference = 0.000000 Gradient Norm = 0.002024 alpha mult = 0.000000
 Iteration Count = 900	Function Value = 42.638822 	 Percentage Difference = 0.000000 Gradient Norm = 0.002024 alpha mult = 0.000000
 Iteration Count = 1000	Function Value = 42.638822 	 Percentage Difference = 0.000000 Gradient Norm = 0.002024 alpha mult = 0.000000
OUTER ITERATION COUNT in 64
 Simulation Parameters
 rho = 0.600000. c = 0.001000, beta = 0.600000
 Iteration Count = 100	Function Value = 42.638822 	 Percentage Difference = 0.000000 Gradient Norm = 0.002024 alpha mult = 0.000000
 Iteration Count = 200	Function Value = 42.638822 	 Percentage Difference = 0.000000 Gradient Norm = 0.002024 alpha mult = 0.000000
 Iteration Count = 300	Function Value = 42.638822 	 Percentage Difference = 0.000000 Gradient Norm = 0.002024 alpha mult = 0.000000
 Iteration Count = 400	Function Value = 42.638822 	 Percentage Difference = 0.000000 Gradient Norm = 0.002024 alpha mult = 0.000000
 Iteration Count = 500	Function Value = 42.638822 	 Percentage Difference = 0.000000 Gradient Norm = 0.002024 alpha mult = 0.000000
 Iteration Count = 600	Function Value = 42.638822 	 Percentage Difference = 0.000000 Gradient Norm = 0.002024 alpha mult = 0.000000
 Iteration Count = 700	Function Value = 42.638822 	 Percentage Difference = 0.000000 Gradient Norm = 0.002024 alpha mult = 0.000000
 Iteration Count = 800	Function Value = 42.638822 	 Percentage Difference = 0.000000 Gradient Norm = 0.002024 alpha mult = 0.000000
 Iteration Count = 900	Function Value = 42.638822 	 Percentage Difference = 0.000000 Gradient Norm = 0.002024 alpha mult = 0.000000
 Iteration Count = 1000	Function Value = 42.638822 	 Percentage Difference = 0.000000 Gradient Norm = 0.002024 alpha mult = 0.000000
OUTER ITERATION COUNT in 65
 Simulation Parameters
 rho = 0.600000. c = 0.001000, beta = 0.600000
 Iteration Count = 100	Function Value = 42.638822 	 Percentage Difference = 0.000000 Gradient Norm = 0.002024 alpha mult = 0.000000
 Iteration Count = 200	Function Value = 42.638822 	 Percentage Difference = 0.000000 Gradient Norm = 0.002024 alpha mult = 0.000000
 Iteration Count = 300	Function Value = 42.638822 	 Percentage Difference = 0.000000 Gradient Norm = 0.002024 alpha mult = 0.000000
 Iteration Count = 400	Function Value = 42.638822 	 Percentage Difference = 0.000000 Gradient Norm = 0.002024 alpha mult = 0.000000
 Iteration Count = 500	Function Value = 42.638822 	 Percentage Difference = 0.000000 Gradient Norm = 0.002024 alpha mult = 0.000000
 Iteration Count = 600	Function Value = 42.638822 	 Percentage Difference = 0.000000 Gradient Norm = 0.002024 alpha mult = 0.000000
 Iteration Count = 700	Function Value = 42.638822 	 Percentage Difference = 0.000000 Gradient Norm = 0.002024 alpha mult = 0.000000
 Iteration Count = 800	Function Value = 42.638822 	 Percentage Difference = 0.000000 Gradient Norm = 0.002024 alpha mult = 0.000000
 Iteration Count = 900	Function Value = 42.638822 	 Percentage Difference = 0.000000 Gradient Norm = 0.002024 alpha mult = 0.000000
 Iteration Count = 1000	Function Value = 42.638822 	 Percentage Difference = 0.000000 Gradient Norm = 0.002024 alpha mult = 0.000000
OUTER ITERATION COUNT in 66
 Simulation Parameters
 rho = 0.600000. c = 0.001000, beta = 0.600000
 Iteration Count = 100	Function Value = 42.638822 	 Percentage Difference = 0.000000 Gradient Norm = 0.002024 alpha mult = 0.000000
 Iteration Count = 200	Function Value = 42.638822 	 Percentage Difference = 0.000000 Gradient Norm = 0.002024 alpha mult = 0.000000
 Iteration Count = 300	Function Value = 42.638822 	 Percentage Difference = 0.000000 Gradient Norm = 0.002024 alpha mult = 0.000000
 Iteration Count = 400	Function Value = 42.638822 	 Percentage Difference = 0.000000 Gradient Norm = 0.002024 alpha mult = 0.000000
 Iteration Count = 500	Function Value = 42.638822 	 Percentage Difference = 0.000000 Gradient Norm = 0.002024 alpha mult = 0.000000
 Iteration Count = 600	Function Value = 42.638822 	 Percentage Difference = 0.000000 Gradient Norm = 0.002024 alpha mult = 0.000000
 Iteration Count = 700	Function Value = 42.638822 	 Percentage Difference = 0.000000 Gradient Norm = 0.002024 alpha mult = 0.000000
 Iteration Count = 800	Function Value = 42.638822 	 Percentage Difference = 0.000000 Gradient Norm = 0.002024 alpha mult = 0.000000
 Iteration Count = 900	Function Value = 42.638822 	 Percentage Difference = 0.000000 Gradient Norm = 0.002024 alpha mult = 0.000000
 Iteration Count = 1000	Function Value = 42.638822 	 Percentage Difference = 0.000000 Gradient Norm = 0.002024 alpha mult = 0.000000
OUTER ITERATION COUNT in 67
 Simulation Parameters
 rho = 0.600000. c = 0.001000, beta = 0.600000
 Iteration Count = 100	Function Value = 42.638822 	 Percentage Difference = 0.000000 Gradient Norm = 0.002024 alpha mult = 0.000000
 Iteration Count = 200	Function Value = 42.638822 	 Percentage Difference = 0.000000 Gradient Norm = 0.002024 alpha mult = 0.000000
 Iteration Count = 300	Function Value = 42.638822 	 Percentage Difference = 0.000000 Gradient Norm = 0.002024 alpha mult = 0.000000
 Iteration Count = 400	Function V