size of TankStruct = 1192, Size of Valve Struct = 848
tankcount = 0
 Tank 1: Tank ID = 34,
tankcount = 1
 Tank 2: Tank ID = Rajendra_nagar2,
tankcount = 2
 Tank 3: Tank ID = Rajendra_nagar1,
tankcount = 3
 Tank 4: Tank ID = Bademakan,
tankcount = 4
 Tank 5: Tank ID = Kesare,
tankcount = 5
 Tank 6: Tank ID = Rajiv_nagar_II,
tankcount = 6
 Tank 7: Tank ID = Veeranageeri,
tankcount = 7
 Tank 8: Tank ID = NR_mohalla2,
tankcount = 8
 Tank 9: Tank ID = NR_mohalla1,
tankcount = 9
 Tank 10: Tank ID = Rajiv_nagar_I,
tankcount = 10
 Tank 11: Tank ID = Tippu_park,
 Tank ID = 34, Tank Max Level (meter^3) = 990.779907
 Tank ID = 34, Tank Input Link ID = 84
 Tank ID = 34, Tank Output Link ID = 9
 Tank ID = Rajendra_nagar2, Tank Max Level (meter^3) = 990.779663
 Tank ID = Rajendra_nagar2, Tank Input Link ID = 71
 Tank ID = Rajendra_nagar2, Tank Output Link ID = 20
 Tank ID = Rajendra_nagar1, Tank Max Level (meter^3) = 1475.370483
 Tank ID = Rajendra_nagar1, Tank Input Link ID = 69
 Tank ID = Rajendra_nagar1, Tank Output Link ID = 18
 Tank ID = Bademakan, Tank Max Level (meter^3) = 499.937347
 Tank ID = Bademakan, Tank Input Link ID = 67
 Tank ID = Bademakan, Tank Output Link ID = 16
 Tank ID = Kesare, Tank Max Level (meter^3) = 499.937347
 Tank ID = Kesare, Tank Input Link ID = 64
 Tank ID = Kesare, Tank Output Link ID = 14
 Tank ID = Rajiv_nagar_II, Tank Max Level (meter^3) = 990.779663
 Tank ID = Rajiv_nagar_II, Tank Input Link ID = 11
 Tank ID = Rajiv_nagar_II, Tank Output Link ID = 12
 Tank ID = Veeranageeri, Tank Max Level (meter^3) = 499.937347
 Tank ID = Veeranageeri, Tank Input Link ID = 79
 Tank ID = Veeranageeri, Tank Output Link ID = 10
 Tank ID = NR_mohalla2, Tank Max Level (meter^3) = 251.123215
 Tank ID = NR_mohalla2, Tank Input Link ID = 77
 Tank ID = NR_mohalla2, Tank Output Link ID = 8
 Tank ID = NR_mohalla1, Tank Max Level (meter^3) = 990.779663
 Tank ID = NR_mohalla1, Tank Input Link ID = 75
 Tank ID = NR_mohalla1, Tank Output Link ID = 7
 Tank ID = Rajiv_nagar_I, Tank Max Level (meter^3) = 1475.370239
 Tank ID = Rajiv_nagar_I, Tank Input Link ID = 73
 Tank ID = Rajiv_nagar_I, Tank Output Link ID = 1
 Tank ID = Tippu_park, Tank Max Level (meter^3) = 990.779663
 Tank ID = Tippu_park, Tank Input Link ID = 55
 Tank ID = Tippu_park, Tank Output Link ID = 2
 Valve Link of Valve 80 is 49
 Valve Id = 80 	  Initial Valve Value = 0.000000
 Max Flow across Valve 80 = 490.873840 	 Diameter is 500.000000
 Valve Link of Valve 78 is 50
 Valve Id = 78 	  Initial Valve Value = 0.000000
 Max Flow across Valve 78 = 176.714584 	 Diameter is 300.000000
 Valve Link of Valve 76 is 51
 Valve Id = 76 	  Initial Valve Value = 0.000000
 Max Flow across Valve 76 = 122.718460 	 Diameter is 250.000000
 Valve Link of Valve 74 is 52
 Valve Id = 74 	  Initial Valve Value = 0.000000
 Max Flow across Valve 74 = 240.528183 	 Diameter is 350.000000
 Valve Link of Valve 72 is 53
 Valve Id = 72 	  Initial Valve Value = 0.000000
 Max Flow across Valve 72 = 176.714584 	 Diameter is 300.000000
 Valve Link of Valve 70 is 54
 Valve Id = 70 	  Initial Valve Value = 0.000000
 Max Flow across Valve 70 = 122.718460 	 Diameter is 250.000000
 Valve Link of Valve 68 is 55
 Valve Id = 68 	  Initial Valve Value = 0.000000
 Max Flow across Valve 68 = 240.528183 	 Diameter is 350.000000
 Valve Link of Valve 66 is 56
 Valve Id = 66 	  Initial Valve Value = 0.000000
 Max Flow across Valve 66 = 44.178646 	 Diameter is 150.000000
 Valve Link of Valve 65 is 57
 Valve Id = 65 	  Initial Valve Value = 0.000000
 Max Flow across Valve 65 = 78.539818 	 Diameter is 200.000000
 Valve Link of Valve 40 is 58
 Valve Id = 40 	  Initial Valve Value = 0.000000
 Max Flow across Valve 40 = 122.718460 	 Diameter is 250.000000
 Valve Link of Valve 35 is 59
 Valve Id = 35 	  Initial Valve Value = 0.000000
 Max Flow across Valve 35 = 176.714584 	 Diameter is 300.000000
 Valve Link of Valve 3 is 60
 Valve Id = 3 	  Initial Valve Value = 0.000000
 Max Flow across Valve 3 = 649.180664 	 Diameter is 575.000000
OUTER ITERATION COUNT in 1
==============================================================================================




 Valve ID = 80
 Valve Value [0] = 0.000000, 	 Percentage Open = 0.000000 
 Valve Value [1] = 0.000000, 	 Percentage Open = 0.000000 
 Valve Value [2] = 0.000000, 	 Percentage Open = 0.000000 
 Valve Value [3] = 0.000000, 	 Percentage Open = 0.000000 
 Valve Value [4] = 0.000000, 	 Percentage Open = 0.000000 
 Valve Value [5] = 0.000000, 	 Percentage Open = 0.000000 
 Valve Value [6] = 0.000000, 	 Percentage Open = 0.000000 
 Valve Value [7] = 0.000000, 	 Percentage Open = 0.000000 
 Valve Value [8] = 0.000000, 	 Percentage Open = 0.000000 
 Valve Value [9] = 0.000000, 	 Percentage Open = 0.000000 
 Valve Value [10] = 0.000000, 	 Percentage Open = 0.000000 
 Valve Value [11] = 0.000000, 	 Percentage Open = 0.000000 
 Valve Value [12] = 0.000000, 	 Percentage Open = 0.000000 
 Valve Value [13] = 0.000000, 	 Percentage Open = 0.000000 
 Valve Value [14] = 0.000000, 	 Percentage Open = 0.000000 
 Valve Value [15] = 0.000000, 	 Percentage Open = 0.000000 
 Valve Value [16] = 0.000000, 	 Percentage Open = 0.000000 
 Valve Value [17] = 0.000000, 	 Percentage Open = 0.000000 
 Valve Value [18] = 0.000000, 	 Percentage Open = 0.000000 
 Valve Value [19] = 0.000000, 	 Percentage Open = 0.000000 
 Valve Value [20] = 0.000000, 	 Percentage Open = 0.000000 
 Valve Value [21] = 0.000000, 	 Percentage Open = 0.000000 
 Valve Value [22] = 0.000000, 	 Percentage Open = 0.000000 
 Valve Value [23] = 0.000000, 	 Percentage Open = 0.000000 



 Valve ID = 78
 Valve Value [0] = 0.000000, 	 Percentage Open = 0.000000 
 Valve Value [1] = 0.000000, 	 Percentage Open = 0.000000 
 Valve Value [2] = 0.000000, 	 Percentage Open = 0.000000 
 Valve Value [3] = 0.000000, 	 Percentage Open = 0.000000 
 Valve Value [4] = 0.000000, 	 Percentage Open = 0.000000 
 Valve Value [5] = 0.000000, 	 Percentage Open = 0.000000 
 Valve Value [6] = 0.000000, 	 Percentage Open = 0.000000 
 Valve Value [7] = 0.000000, 	 Percentage Open = 0.000000 
 Valve Value [8] = 0.000000, 	 Percentage Open = 0.000000 
 Valve Value [9] = 0.000000, 	 Percentage Open = 0.000000 
 Valve Value [10] = 0.000000, 	 Percentage Open = 0.000000 
 Valve Value [11] = 0.000000, 	 Percentage Open = 0.000000 
 Valve Value [12] = 0.000000, 	 Percentage Open = 0.000000 
 Valve Value [13] = 0.000000, 	 Percentage Open = 0.000000 
 Valve Value [14] = 0.000000, 	 Percentage Open = 0.000000 
 Valve Value [15] = 0.000000, 	 Percentage Open = 0.000000 
 Valve Value [16] = 0.000000, 	 Percentage Open = 0.000000 
 Valve Value [17] = 0.000000, 	 Percentage Open = 0.000000 
 Valve Value [18] = 0.000000, 	 Percentage Open = 0.000000 
 Valve Value [19] = 0.000000, 	 Percentage Open = 0.000000 
 Valve Value [20] = 0.000000, 	 Percentage Open = 0.000000 
 Valve Value [21] = 0.000000, 	 Percentage Open = 0.000000 
 Valve Value [22] = 0.000000, 	 Percentage Open = 0.000000 
 Valve Value [23] = 0.000000, 	 Percentage Open = 0.000000 



 Valve ID = 76
 Valve Value [0] = 0.000000, 	 Percentage Open = 0.000000 
 Valve Value [1] = 0.000000, 	 Percentage Open = 0.000000 
 Valve Value [2] = 0.000000, 	 Percentage Open = 0.000000 
 Valve Value [3] = 0.000000, 	 Percentage Open = 0.000000 
 Valve Value [4] = 0.000000, 	 Percentage Open = 0.000000 
 Valve Value [5] = 0.000000, 	 Percentage Open = 0.000000 
 Valve Value [6] = 0.000000, 	 Percentage Open = 0.000000 
 Valve Value [7] = 0.000000, 	 Percentage Open = 0.000000 
 Valve Value [8] = 0.000000, 	 Percentage Open = 0.000000 
 Valve Value [9] = 0.000000, 	 Percentage Open = 0.000000 
 Valve Value [10] = 0.000000, 	 Percentage Open = 0.000000 
 Valve Value [11] = 0.000000, 	 Percentage Open = 0.000000 
 Valve Value [12] = 0.000000, 	 Percentage Open = 0.000000 
 Valve Value [13] = 0.000000, 	 Percentage Open = 0.000000 
 Valve Value [14] = 0.000000, 	 Percentage Open = 0.000000 
 Valve Value [15] = 0.000000, 	 Percentage Open = 0.000000 
 Valve Value [16] = 0.000000, 	 Percentage Open = 0.000000 
 Valve Value [17] = 0.000000, 	 Percentage Open = 0.000000 
 Valve Value [18] = 0.000000, 	 Percentage Open = 0.000000 
 Valve Value [19] = 0.000000, 	 Percentage Open = 0.000000 
 Valve Value [20] = 0.000000, 	 Percentage Open = 0.000000 
 Valve Value [21] = 0.000000, 	 Percentage Open = 0.000000 
 Valve Value [22] = 0.000000, 	 Percentage Open = 0.000000 
 Valve Value [23] = 0.000000, 	 Percentage Open = 0.000000 



 Valve ID = 74
 Valve Value [0] = 0.000000, 	 Percentage Open = 0.000000 
 Valve Value [1] = 0.000000, 	 Percentage Open = 0.000000 
 Valve Value [2] = 0.000000, 	 Percentage Open = 0.000000 
 Valve Value [3] = 0.000000, 	 Percentage Open = 0.000000 
 Valve Value [4] = 0.000000, 	 Percentage Open = 0.000000 
 Valve Value [5] = 0.000000, 	 Percentage Open = 0.000000 
 Valve Value [6] = 0.000000, 	 Percentage Open = 0.000000 
 Valve Value [7] = 0.000000, 	 Percentage Open = 0.000000 
 Valve Value [8] = 0.000000, 	 Percentage Open = 0.000000 
 Valve Value [9] = 0.000000, 	 Percentage Open = 0.000000 
 Valve Value [10] = 0.000000, 	 Percentage Open = 0.000000 
 Valve Value [11] = 0.000000, 	 Percentage Open = 0.000000 
 Valve Value [12] = 0.000000, 	 Percentage Open = 0.000000 
 Valve Value [13] = 0.000000, 	 Percentage Open = 0.000000 
 Valve Value [14] = 0.000000, 	 Percentage Open = 0.000000 
 Valve Value [15] = 0.000000, 	 Percentage Open = 0.000000 
 Valve Value [16] = 0.000000, 	 Percentage Open = 0.000000 
 Valve Value [17] = 0.000000, 	 Percentage Open = 0.000000 
 Valve Value [18] = 0.000000, 	 Percentage Open = 0.000000 
 Valve Value [19] = 0.000000, 	 Percentage Open = 0.000000 
 Valve Value [20] = 0.000000, 	 Percentage Open = 0.000000 
 Valve Value [21] = 0.000000, 	 Percentage Open = 0.000000 
 Valve Value [22] = 0.000000, 	 Percentage Open = 0.000000 
 Valve Value [23] = 0.000000, 	 Percentage Open = 0.000000 



 Valve ID = 72
 Valve Value [0] = 0.000000, 	 Percentage Open = 0.000000 
 Valve Value [1] = 0.000000, 	 Percentage Open = 0.000000 
 Valve Value [2] = 0.000000, 	 Percentage Open = 0.000000 
 Valve Value [3] = 0.000000, 	 Percentage Open = 0.000000 
 Valve Value [4] = 0.000000, 	 Percentage Open = 0.000000 
 Valve Value [5] = 0.000000, 	 Percentage Open = 0.000000 
 Valve Value [6] = 0.000000, 	 Percentage Open = 0.000000 
 Valve Value [7] = 0.000000, 	 Percentage Open = 0.000000 
 Valve Value [8] = 0.000000, 	 Percentage Open = 0.000000 
 Valve Value [9] = 0.000000, 	 Percentage Open = 0.000000 
 Valve Value [10] = 0.000000, 	 Percentage Open = 0.000000 
 Valve Value [11] = 0.000000, 	 Percentage Open = 0.000000 
 Valve Value [12] = 0.000000, 	 Percentage Open = 0.000000 
 Valve Value [13] = 0.000000, 	 Percentage Open = 0.000000 
 Valve Value [14] = 0.000000, 	 Percentage Open = 0.000000 
 Valve Value [15] = 0.000000, 	 Percentage Open = 0.000000 
 Valve Value [16] = 0.000000, 	 Percentage Open = 0.000000 
 Valve Value [17] = 0.000000, 	 Percentage Open = 0.000000 
 Valve Value [18] = 0.000000, 	 Percentage Open = 0.000000 
 Valve Value [19] = 0.000000, 	 Percentage Open = 0.000000 
 Valve Value [20] = 0.000000, 	 Percentage Open = 0.000000 
 Valve Value [21] = 0.000000, 	 Percentage Open = 0.000000 
 Valve Value [22] = 0.000000, 	 Percentage Open = 0.000000 
 Valve Value [23] = 0.000000, 	 Percentage Open = 0.000000 



 Valve ID = 70
 Valve Value [0] = 0.000000, 	 Percentage Open = 0.000000 
 Valve Value [1] = 0.000000, 	 Percentage Open = 0.000000 
 Valve Value [2] = 0.000000, 	 Percentage Open = 0.000000 
 Valve Value [3] = 0.000000, 	 Percentage Open = 0.000000 
 Valve Value [4] = 0.000000, 	 Percentage Open = 0.000000 
 Valve Value [5] = 0.000000, 	 Percentage Open = 0.000000 
 Valve Value [6] = 0.000000, 	 Percentage Open = 0.000000 
 Valve Value [7] = 0.000000, 	 Percentage Open = 0.000000 
 Valve Value [8] = 0.000000, 	 Percentage Open = 0.000000 
 Valve Value [9] = 0.000000, 	 Percentage Open = 0.000000 
 Valve Value [10] = 0.000000, 	 Percentage Open = 0.000000 
 Valve Value [11] = 0.000000, 	 Percentage Open = 0.000000 
 Valve Value [12] = 0.000000, 	 Percentage Open = 0.000000 
 Valve Value [13] = 0.000000, 	 Percentage Open = 0.000000 
 Valve Value [14] = 0.000000, 	 Percentage Open = 0.000000 
 Valve Value [15] = 0.000000, 	 Percentage Open = 0.000000 
 Valve Value [16] = 0.000000, 	 Percentage Open = 0.000000 
 Valve Value [17] = 0.000000, 	 Percentage Open = 0.000000 
 Valve Value [18] = 0.000000, 	 Percentage Open = 0.000000 
 Valve Value [19] = 0.000000, 	 Percentage Open = 0.000000 
 Valve Value [20] = 0.000000, 	 Percentage Open = 0.000000 
 Valve Value [21] = 0.000000, 	 Percentage Open = 0.000000 
 Valve Value [22] = 0.000000, 	 Percentage Open = 0.000000 
 Valve Value [23] = 0.000000, 	 Percentage Open = 0.000000 



 Valve ID = 68
 Valve Value [0] = 0.000000, 	 Percentage Open = 0.000000 
 Valve Value [1] = 0.000000, 	 Percentage Open = 0.000000 
 Valve Value [2] = 0.000000, 	 Percentage Open = 0.000000 
 Valve Value [3] = 0.000000, 	 Percentage Open = 0.000000 
 Valve Value [4] = 0.000000, 	 Percentage Open = 0.000000 
 Valve Value [5] = 0.000000, 	 Percentage Open = 0.000000 
 Valve Value [6] = 0.000000, 	 Percentage Open = 0.000000 
 Valve Value [7] = 0.000000, 	 Percentage Open = 0.000000 
 Valve Value [8] = 0.000000, 	 Percentage Open = 0.000000 
 Valve Value [9] = 0.000000, 	 Percentage Open = 0.000000 
 Valve Value [10] = 0.000000, 	 Percentage Open = 0.000000 
 Valve Value [11] = 0.000000, 	 Percentage Open = 0.000000 
 Valve Value [12] = 0.000000, 	 Percentage Open = 0.000000 
 Valve Value [13] = 0.000000, 	 Percentage Open = 0.000000 
 Valve Value [14] = 0.000000, 	 Percentage Open = 0.000000 
 Valve Value [15] = 0.000000, 	 Percentage Open = 0.000000 
 Valve Value [16] = 0.000000, 	 Percentage Open = 0.000000 
 Valve Value [17] = 0.000000, 	 Percentage Open = 0.000000 
 Valve Value [18] = 0.000000, 	 Percentage Open = 0.000000 
 Valve Value [19] = 0.000000, 	 Percentage Open = 0.000000 
 Valve Value [20] = 0.000000, 	 Percentage Open = 0.000000 
 Valve Value [21] = 0.000000, 	 Percentage Open = 0.000000 
 Valve Value [22] = 0.000000, 	 Percentage Open = 0.000000 
 Valve Value [23] = 0.000000, 	 Percentage Open = 0.000000 



 Valve ID = 66
 Valve Value [0] = 0.000000, 	 Percentage Open = 0.000000 
 Valve Value [1] = 0.000000, 	 Percentage Open = 0.000000 
 Valve Value [2] = 0.000000, 	 Percentage Open = 0.000000 
 Valve Value [3] = 0.000000, 	 Percentage Open = 0.000000 
 Valve Value [4] = 0.000000, 	 Percentage Open = 0.000000 
 Valve Value [5] = 0.000000, 	 Percentage Open = 0.000000 
 Valve Value [6] = 0.000000, 	 Percentage Open = 0.000000 
 Valve Value [7] = 0.000000, 	 Percentage Open = 0.000000 
 Valve Value [8] = 0.000000, 	 Percentage Open = 0.000000 
 Valve Value [9] = 0.000000, 	 Percentage Open = 0.000000 
 Valve Value [10] = 0.000000, 	 Percentage Open = 0.000000 
 Valve Value [11] = 0.000000, 	 Percentage Open = 0.000000 
 Valve Value [12] = 0.000000, 	 Percentage Open = 0.000000 
 Valve Value [13] = 0.000000, 	 Percentage Open = 0.000000 
 Valve Value [14] = 0.000000, 	 Percentage Open = 0.000000 
 Valve Value [15] = 0.000000, 	 Percentage Open = 0.000000 
 Valve Value [16] = 0.000000, 	 Percentage Open = 0.000000 
 Valve Value [17] = 0.000000, 	 Percentage Open = 0.000000 
 Valve Value [18] = 0.000000, 	 Percentage Open = 0.000000 
 Valve Value [19] = 0.000000, 	 Percentage Open = 0.000000 
 Valve Value [20] = 0.000000, 	 Percentage Open = 0.000000 
 Valve Value [21] = 0.000000, 	 Percentage Open = 0.000000 
 Valve Value [22] = 0.000000, 	 Percentage Open = 0.000000 
 Valve Value [23] = 0.000000, 	 Percentage Open = 0.000000 



 Valve ID = 65
 Valve Value [0] = 0.000000, 	 Percentage Open = 0.000000 
 Valve Value [1] = 0.000000, 	 Percentage Open = 0.000000 
 Valve Value [2] = 0.000000, 	 Percentage Open = 0.000000 
 Valve Value [3] = 0.000000, 	 Percentage Open = 0.000000 
 Valve Value [4] = 0.000000, 	 Percentage Open = 0.000000 
 Valve Value [5] = 0.000000, 	 Percentage Open = 0.000000 
 Valve Value [6] = 0.000000, 	 Percentage Open = 0.000000 
 Valve Value [7] = 0.000000, 	 Percentage Open = 0.000000 
 Valve Value [8] = 0.000000, 	 Percentage Open = 0.000000 
 Valve Value [9] = 0.000000, 	 Percentage Open = 0.000000 
 Valve Value [10] = 0.000000, 	 Percentage Open = 0.000000 
 Valve Value [11] = 0.000000, 	 Percentage Open = 0.000000 
 Valve Value [12] = 0.000000, 	 Percentage Open = 0.000000 
 Valve Value [13] = 0.000000, 	 Percentage Open = 0.000000 
 Valve Value [14] = 0.000000, 	 Percentage Open = 0.000000 
 Valve Value [15] = 0.000000, 	 Percentage Open = 0.000000 
 Valve Value [16] = 0.000000, 	 Percentage Open = 0.000000 
 Valve Value [17] = 0.000000, 	 Percentage Open = 0.000000 
 Valve Value [18] = 0.000000, 	 Percentage Open = 0.000000 
 Valve Value [19] = 0.000000, 	 Percentage Open = 0.000000 
 Valve Value [20] = 0.000000, 	 Percentage Open = 0.000000 
 Valve Value [21] = 0.000000, 	 Percentage Open = 0.000000 
 Valve Value [22] = 0.000000, 	 Percentage Open = 0.000000 
 Valve Value [23] = 0.000000, 	 Percentage Open = 0.000000 



 Valve ID = 40
 Valve Value [0] = 0.000000, 	 Percentage Open = 0.000000 
 Valve Value [1] = 0.000000, 	 Percentage Open = 0.000000 
 Valve Value [2] = 0.000000, 	 Percentage Open = 0.000000 
 Valve Value [3] = 0.000000, 	 Percentage Open = 0.000000 
 Valve Value [4] = 0.000000, 	 Percentage Open = 0.000000 
 Valve Value [5] = 0.000000, 	 Percentage Open = 0.000000 
 Valve Value [6] = 0.000000, 	 Percentage Open = 0.000000 
 Valve Value [7] = 0.000000, 	 Percentage Open = 0.000000 
 Valve Value [8] = 0.000000, 	 Percentage Open = 0.000000 
 Valve Value [9] = 0.000000, 	 Percentage Open = 0.000000 
 Valve Value [10] = 0.000000, 	 Percentage Open = 0.000000 
 Valve Value [11] = 0.000000, 	 Percentage Open = 0.000000 
 Valve Value [12] = 0.000000, 	 Percentage Open = 0.000000 
 Valve Value [13] = 0.000000, 	 Percentage Open = 0.000000 
 Valve Value [14] = 0.000000, 	 Percentage Open = 0.000000 
 Valve Value [15] = 0.000000, 	 Percentage Open = 0.000000 
 Valve Value [16] = 0.000000, 	 Percentage Open = 0.000000 
 Valve Value [17] = 0.000000, 	 Percentage Open = 0.000000 
 Valve Value [18] = 0.000000, 	 Percentage Open = 0.000000 
 Valve Value [19] = 0.000000, 	 Percentage Open = 0.000000 
 Valve Value [20] = 0.000000, 	 Percentage Open = 0.000000 
 Valve Value [21] = 0.000000, 	 Percentage Open = 0.000000 
 Valve Value [22] = 0.000000, 	 Percentage Open = 0.000000 
 Valve Value [23] = 0.000000, 	 Percentage Open = 0.000000 



 Valve ID = 35
 Valve Value [0] = 0.000000, 	 Percentage Open = 0.000000 
 Valve Value [1] = 0.000000, 	 Percentage Open = 0.000000 
 Valve Value [2] = 0.000000, 	 Percentage Open = 0.000000 
 Valve Value [3] = 0.000000, 	 Percentage Open = 0.000000 
 Valve Value [4] = 0.000000, 	 Percentage Open = 0.000000 
 Valve Value [5] = 0.000000, 	 Percentage Open = 0.000000 
 Valve Value [6] = 0.000000, 	 Percentage Open = 0.000000 
 Valve Value [7] = 0.000000, 	 Percentage Open = 0.000000 
 Valve Value [8] = 0.000000, 	 Percentage Open = 0.000000 
 Valve Value [9] = 0.000000, 	 Percentage Open = 0.000000 
 Valve Value [10] = 0.000000, 	 Percentage Open = 0.000000 
 Valve Value [11] = 0.000000, 	 Percentage Open = 0.000000 
 Valve Value [12] = 0.000000, 	 Percentage Open = 0.000000 
 Valve Value [13] = 0.000000, 	 Percentage Open = 0.000000 
 Valve Value [14] = 0.000000, 	 Percentage Open = 0.000000 
 Valve Value [15] = 0.000000, 	 Percentage Open = 0.000000 
 Valve Value [16] = 0.000000, 	 Percentage Open = 0.000000 
 Valve Value [17] = 0.000000, 	 Percentage Open = 0.000000 
 Valve Value [18] = 0.000000, 	 Percentage Open = 0.000000 
 Valve Value [19] = 0.000000, 	 Percentage Open = 0.000000 
 Valve Value [20] = 0.000000, 	 Percentage Open = 0.000000 
 Valve Value [21] = 0.000000, 	 Percentage Open = 0.000000 
 Valve Value [22] = 0.000000, 	 Percentage Open = 0.000000 
 Valve Value [23] = 0.000000, 	 Percentage Open = 0.000000 



 Valve ID = 3
 Valve Value [0] = 0.000000, 	 Percentage Open = 0.000000 
 Valve Value [1] = 0.000000, 	 Percentage Open = 0.000000 
 Valve Value [2] = 0.000000, 	 Percentage Open = 0.000000 
 Valve Value [3] = 0.000000, 	 Percentage Open = 0.000000 
 Valve Value [4] = 0.000000, 	 Percentage Open = 0.000000 
 Valve Value [5] = 0.000000, 	 Percentage Open = 0.000000 
 Valve Value [6] = 0.000000, 	 Percentage Open = 0.000000 
 Valve Value [7] = 0.000000, 	 Percentage Open = 0.000000 
 Valve Value [8] = 0.000000, 	 Percentage Open = 0.000000 
 Valve Value [9] = 0.000000, 	 Percentage Open = 0.000000 
 Valve Value [10] = 0.000000, 	 Percentage Open = 0.000000 
 Valve Value [11] = 0.000000, 	 Percentage Open = 0.000000 
 Valve Value [12] = 0.000000, 	 Percentage Open = 0.000000 
 Valve Value [13] = 0.000000, 	 Percentage Open = 0.000000 
 Valve Value [14] = 0.000000, 	 Percentage Open = 0.000000 
 Valve Value [15] = 0.000000, 	 Percentage Open = 0.000000 
 Valve Value [16] = 0.000000, 	 Percentage Open = 0.000000 
 Valve Value [17] = 0.000000, 	 Percentage Open = 0.000000 
 Valve Value [18] = 0.000000, 	 Percentage Open = 0.000000 
 Valve Value [19] = 0.000000, 	 Percentage Open = 0.000000 
 Valve Value [20] = 0.000000, 	 Percentage Open = 0.000000 
 Valve Value [21] = 0.000000, 	 Percentage Open = 0.000000 
 Valve Value [22] = 0.000000, 	 Percentage Open = 0.000000 
 Valve Value [23] = 0.000000, 	 Percentage Open = 0.000000 



 Tank ID = 34
 Tank Level [0] = 0.000000%, 	 Tank Inflow = 334.214996, 	 Tank Outflow = 0.000847
 Tank Level [1] = 121.436752%, 	 Tank Inflow = 0.000000, 	 Tank Outflow = 0.000000
 Tank Level [2] = 121.436752%, 	 Tank Inflow = 0.000000, 	 Tank Outflow = 0.000000
 Tank Level [3] = 121.436752%, 	 Tank Inflow = 0.000000, 	 Tank Outflow = 0.000000
 Tank Level [4] = 121.436752%, 	 Tank Inflow = 0.000000, 	 Tank Outflow = 0.000000
 Tank Level [5] = 121.436752%, 	 Tank Inflow = 0.000000, 	 Tank Outflow = 0.000000
 Tank Level [6] = 121.436752%, 	 Tank Inflow = 0.000000, 	 Tank Outflow = 0.000000
 Tank Level [7] = 121.436752%, 	 Tank Inflow = 0.000000, 	 Tank Outflow = 0.000000
 Tank Level [8] = 121.436752%, 	 Tank Inflow = 0.000000, 	 Tank Outflow = 0.000000
 Tank Level [9] = 121.436752%, 	 Tank Inflow = 0.000000, 	 Tank Outflow = 0.000000
 Tank Level [10] = 121.436752%, 	 Tank Inflow = 0.000000, 	 Tank Outflow = 0.000000
 Tank Level [11] = 121.436752%, 	 Tank Inflow = 0.000000, 	 Tank Outflow = 0.000000
 Tank Level [12] = 121.436752%, 	 Tank Inflow = 0.000000, 	 Tank Outflow = 0.000000
 Tank Level [13] = 121.436752%, 	 Tank Inflow = 0.000000, 	 Tank Outflow = 0.000000
 Tank Level [14] = 121.436752%, 	 Tank Inflow = 0.000000, 	 Tank Outflow = 0.000000
 Tank Level [15] = 121.436752%, 	 Tank Inflow = 0.000000, 	 Tank Outflow = 0.000000
 Tank Level [16] = 121.436752%, 	 Tank Inflow = 0.000000, 	 Tank Outflow = 0.000000
 Tank Level [17] = 121.436752%, 	 Tank Inflow = 0.000000, 	 Tank Outflow = 0.000000
 Tank Level [18] = 121.436752%, 	 Tank Inflow = 0.000000, 	 Tank Outflow = 0.000000
 Tank Level [19] = 121.436752%, 	 Tank Inflow = 0.000000, 	 Tank Outflow = 0.000000
 Tank Level [20] = 121.436752%, 	 Tank Inflow = 0.000000, 	 Tank Outflow = 0.000000
 Tank Level [21] = 121.436752%, 	 Tank Inflow = 0.000000, 	 Tank Outflow = 0.000000
 Tank Level [22] = 121.436752%, 	 Tank Inflow = 0.000000, 	 Tank Outflow = 0.000000
 Tank Level [23] = 121.436752%, 	 Tank Inflow = 0.000000, 	 Tank Outflow = 0.000000



 Tank ID = Rajendra_nagar2
 Tank Level [0] = 0.000000%, 	 Tank Inflow = 0.000010, 	 Tank Outflow = 6.804000
 Tank Level [1] = -2.472231%, 	 Tank Inflow = 0.000000, 	 Tank Outflow = 6.804000
 Tank Level [2] = -4.944466%, 	 Tank Inflow = 0.000000, 	 Tank Outflow = 6.804000
 Tank Level [3] = -7.416701%, 	 Tank Inflow = 0.000000, 	 Tank Outflow = 6.804000
 Tank Level [4] = -9.888935%, 	 Tank Inflow = 0.000000, 	 Tank Outflow = 13.608000
 Tank Level [5] = -14.833405%, 	 Tank Inflow = 0.000000, 	 Tank Outflow = 34.020000
 Tank Level [6] = -27.194578%, 	 Tank Inflow = 0.000000, 	 Tank Outflow = 68.040001
 Tank Level [7] = -51.916931%, 	 Tank Inflow = 0.000000, 	 Tank Outflow = 85.050003
 Tank Level [8] = -82.819862%, 	 Tank Inflow = 0.000000, 	 Tank Outflow = 85.050003
 Tank Level [9] = -113.722801%, 	 Tank Inflow = 0.000000, 	 Tank Outflow = 68.040001
 Tank Level [10] = -138.445145%, 	 Tank Inflow = 0.000000, 	 Tank Outflow = 34.020000
 Tank Level [11] = -150.806335%, 	 Tank Inflow = 0.000000, 	 Tank Outflow = 34.020000
 Tank Level [12] = -163.167511%, 	 Tank Inflow = 0.000000, 	 Tank Outflow = 27.216000
 Tank Level [13] = -173.056442%, 	 Tank Inflow = 0.000000, 	 Tank Outflow = 27.216000
 Tank Level [14] = -182.945374%, 	 Tank Inflow = 0.000000, 	 Tank Outflow = 34.020000
 Tank Level [15] = -195.306564%, 	 Tank Inflow = 0.000000, 	 Tank Outflow = 20.412001
 Tank Level [16] = -202.723251%, 	 Tank Inflow = 0.000000, 	 Tank Outflow = 27.216000
 Tank Level [17] = -212.612183%, 	 Tank Inflow = 0.000000, 	 Tank Outflow = 34.020000
 Tank Level [18] = -224.973358%, 	 Tank Inflow = 0.000000, 	 Tank Outflow = 51.029999
 Tank Level [19] = -243.515121%, 	 Tank Inflow = 0.000000, 	 Tank Outflow = 51.029999
 Tank Level [20] = -262.056885%, 	 Tank Inflow = 0.000000, 	 Tank Outflow = 34.020000
 Tank Level [21] = -274.418030%, 	 Tank Inflow = 0.000000, 	 Tank Outflow = 27.216000
 Tank Level [22] = -284.306976%, 	 Tank Inflow = 0.000000, 	 Tank Outflow = 20.412001
 Tank Level [23] = -291.723663%, 	 Tank Inflow = 0.000000, 	 Tank Outflow = 13.608000



 Tank ID = Rajendra_nagar1
 Tank Level [0] = 0.000000%, 	 Tank Inflow = 0.000010, 	 Tank Outflow = 7.920000
 Tank Level [1] = -1.932529%, 	 Tank Inflow = 0.000000, 	 Tank Outflow = 7.920000
 Tank Level [2] = -3.865061%, 	 Tank Inflow = 0.000000, 	 Tank Outflow = 7.920000
 Tank Level [3] = -5.797592%, 	 Tank Inflow = 0.000000, 	 Tank Outflow = 7.920000
 Tank Level [4] = -7.730124%, 	 Tank Inflow = 0.000000, 	 Tank Outflow = 15.840000
 Tank Level [5] = -11.595186%, 	 Tank Inflow = 0.000000, 	 Tank Outflow = 39.599998
 Tank Level [6] = -21.257843%, 	 Tank Inflow = 0.000000, 	 Tank Outflow = 79.199997
 Tank Level [7] = -40.583160%, 	 Tank Inflow = 0.000000, 	 Tank Outflow = 99.000000
 Tank Level [8] = -64.739807%, 	 Tank Inflow = 0.000000, 	 Tank Outflow = 99.000000
 Tank Level [9] = -88.896454%, 	 Tank Inflow = 0.000000, 	 Tank Outflow = 79.199997
 Tank Level [10] = -108.221771%, 	 Tank Inflow = 0.000000, 	 Tank Outflow = 39.599998
 Tank Level [11] = -117.884415%, 	 Tank Inflow = 0.000000, 	 Tank Outflow = 39.599998
 Tank Level [12] = -127.547073%, 	 Tank Inflow = 0.000000, 	 Tank Outflow = 31.680000
 Tank Level [13] = -135.277191%, 	 Tank Inflow = 0.000000, 	 Tank Outflow = 31.680000
 Tank Level [14] = -143.007339%, 	 Tank Inflow = 0.000000, 	 Tank Outflow = 39.599998
 Tank Level [15] = -152.669983%, 	 Tank Inflow = 0.000000, 	 Tank Outflow = 23.760000
 Tank Level [16] = -158.467575%, 	 Tank Inflow = 0.000000, 	 Tank Outflow = 31.680000
 Tank Level [17] = -166.197708%, 	 Tank Inflow = 0.000000, 	 Tank Outflow = 39.599998
 Tank Level [18] = -175.860367%, 	 Tank Inflow = 0.000000, 	 Tank Outflow = 59.400002
 Tank Level [19] = -190.354370%, 	 Tank Inflow = 0.000000, 	 Tank Outflow = 59.400002
 Tank Level [20] = -204.848358%, 	 Tank Inflow = 0.000000, 	 Tank Outflow = 39.599998
 Tank Level [21] = -214.511017%, 	 Tank Inflow = 0.000000, 	 Tank Outflow = 31.680000
 Tank Level [22] = -222.241150%, 	 Tank Inflow = 0.000000, 	 Tank Outflow = 23.760000
 Tank Level [23] = -228.038742%, 	 Tank Inflow = 0.000000, 	 Tank Outflow = 15.840000



 Tank ID = Bademakan
 Tank Level [0] = 0.000000%, 	 Tank Inflow = 0.000035, 	 Tank Outflow = 1.980000
 Tank Level [1] = -1.425754%, 	 Tank Inflow = 0.000000, 	 Tank Outflow = 1.980000
 Tank Level [2] = -2.851532%, 	 Tank Inflow = 0.000000, 	 Tank Outflow = 1.980000
 Tank Level [3] = -4.277311%, 	 Tank Inflow = 0.000000, 	 Tank Outflow = 1.980000
 Tank Level [4] = -5.703090%, 	 Tank Inflow = 0.000000, 	 Tank Outflow = 3.960000
 Tank Level [5] = -8.554647%, 	 Tank Inflow = 0.000000, 	 Tank Outflow = 9.900000
 Tank Level [6] = -15.683540%, 	 Tank Inflow = 0.000000, 	 Tank Outflow = 19.799999
 Tank Level [7] = -29.941326%, 	 Tank Inflow = 0.000000, 	 Tank Outflow = 24.750000
 Tank Level [8] = -47.763557%, 	 Tank Inflow = 0.000000, 	 Tank Outflow = 24.750000
 Tank Level [9] = -65.585800%, 	 Tank Inflow = 0.000000, 	 Tank Outflow = 19.799999
 Tank Level [10] = -79.843582%, 	 Tank Inflow = 0.000000, 	 Tank Outflow = 9.900000
 Tank Level [11] = -86.972466%, 	 Tank Inflow = 0.000000, 	 Tank Outflow = 9.900000
 Tank Level [12] = -94.101364%, 	 Tank Inflow = 0.000000, 	 Tank Outflow = 7.920000
 Tank Level [13] = -99.804474%, 	 Tank Inflow = 0.000000, 	 Tank Outflow = 7.920000
 Tank Level [14] = -105.507599%, 	 Tank Inflow = 0.000000, 	 Tank Outflow = 9.900000
 Tank Level [15] = -112.636490%, 	 Tank Inflow = 0.000000, 	 Tank Outflow = 5.940000
 Tank Level [16] = -116.913818%, 	 Tank Inflow = 0.000000, 	 Tank Outflow = 7.920000
 Tank Level [17] = -122.616943%, 	 Tank Inflow = 0.000000, 	 Tank Outflow = 9.900000
 Tank Level [18] = -129.745834%, 	 Tank Inflow = 0.000000, 	 Tank Outflow = 14.850000
 Tank Level [19] = -140.439178%, 	 Tank Inflow = 0.000000, 	 Tank Outflow = 14.850000
 Tank Level [20] = -151.132538%, 	 Tank Inflow = 0.000000, 	 Tank Outflow = 9.900000
 Tank Level [21] = -158.261429%, 	 Tank Inflow = 0.000000, 	 Tank Outflow = 7.920000
 Tank Level [22] = -163.964539%, 	 Tank Inflow = 0.000000, 	 Tank Outflow = 5.940000
 Tank Level [23] = -168.241867%, 	 Tank Inflow = 0.000000, 	 Tank Outflow = 3.960000



 Tank ID = Kesare
 Tank Level [0] = 0.000000%, 	 Tank Inflow = 0.000037, 	 Tank Outflow = 2.880000
 Tank Level [1] = -2.073834%, 	 Tank Inflow = 0.000000, 	 Tank Outflow = 2.880000
 Tank Level [2] = -4.147694%, 	 Tank Inflow = 0.000000, 	 Tank Outflow = 2.880000
 Tank Level [3] = -6.221553%, 	 Tank Inflow = 0.000000, 	 Tank Outflow = 2.880000
 Tank Level [4] = -8.295413%, 	 Tank Inflow = 0.000000, 	 Tank Outflow = 5.760000
 Tank Level [5] = -12.443133%, 	 Tank Inflow = 0.000000, 	 Tank Outflow = 14.400000
 Tank Level [6] = -22.812433%, 	 Tank Inflow = 0.000000, 	 Tank Outflow = 28.799999
 Tank Level [7] = -43.551029%, 	 Tank Inflow = 0.000000, 	 Tank Outflow = 36.000000
 Tank Level [8] = -69.474274%, 	 Tank Inflow = 0.000000, 	 Tank Outflow = 36.000000
 Tank Level [9] = -95.397522%, 	 Tank Inflow = 0.000000, 	 Tank Outflow = 28.799999
 Tank Level [10] = -116.136124%, 	 Tank Inflow = 0.000000, 	 Tank Outflow = 14.400000
 Tank Level [11] = -126.505432%, 	 Tank Inflow = 0.000000, 	 Tank Outflow = 14.400000
 Tank Level [12] = -136.874725%, 	 Tank Inflow = 0.000000, 	 Tank Outflow = 11.520000
 Tank Level [13] = -145.170181%, 	 Tank Inflow = 0.000000, 	 Tank Outflow = 11.520000
 Tank Level [14] = -153.465607%, 	 Tank Inflow = 0.000000, 	 Tank Outflow = 14.400000
 Tank Level [15] = -163.834900%, 	 Tank Inflow = 0.000000, 	 Tank Outflow = 8.640000
 Tank Level [16] = -170.056503%, 	 Tank Inflow = 0.000000, 	 Tank Outflow = 11.520000
 Tank Level [17] = -178.351929%, 	 Tank Inflow = 0.000000, 	 Tank Outflow = 14.400000
 Tank Level [18] = -188.721222%, 	 Tank Inflow = 0.000000, 	 Tank Outflow = 21.600000
 Tank Level [19] = -204.275177%, 	 Tank Inflow = 0.000000, 	 Tank Outflow = 21.600000
 Tank Level [20] = -219.829132%, 	 Tank Inflow = 0.000000, 	 Tank Outflow = 14.400000
 Tank Level [21] = -230.198425%, 	 Tank Inflow = 0.000000, 	 Tank Outflow = 11.520000
 Tank Level [22] = -238.493866%, 	 Tank Inflow = 0.000000, 	 Tank Outflow = 8.640000
 Tank Level [23] = -244.715454%, 	 Tank Inflow = 0.000000, 	 Tank Outflow = 5.760000



 Tank ID = Rajiv_nagar_II
 Tank Level [0] = 0.000000%, 	 Tank Inflow = 0.000010, 	 Tank Outflow = 3.924128
 Tank Level [1] = -1.425829%, 	 Tank Inflow = 0.000000, 	 Tank Outflow = 3.924000
 Tank Level [2] = -2.851615%, 	 Tank Inflow = 0.000000, 	 Tank Outflow = 3.924000
 Tank Level [3] = -4.277402%, 	 Tank Inflow = 0.000000, 	 Tank Outflow = 3.924000
 Tank Level [4] = -5.703188%, 	 Tank Inflow = 0.000000, 	 Tank Outflow = 7.848000
 Tank Level [5] = -8.554761%, 	 Tank Inflow = 0.000000, 	 Tank Outflow = 19.620001
 Tank Level [6] = -15.683691%, 	 Tank Inflow = 0.000000, 	 Tank Outflow = 39.240002
 Tank Level [7] = -29.941553%, 	 Tank Inflow = 0.000000, 	 Tank Outflow = 49.049999
 Tank Level [8] = -47.763878%, 	 Tank Inflow = 0.000000, 	 Tank Outflow = 49.049999
 Tank Level [9] = -65.586205%, 	 Tank Inflow = 0.000000, 	 Tank Outflow = 39.240002
 Tank Level [10] = -79.844070%, 	 Tank Inflow = 0.000000, 	 Tank Outflow = 19.620001
 Tank Level [11] = -86.973000%, 	 Tank Inflow = 0.000000, 	 Tank Outflow = 19.620001
 Tank Level [12] = -94.101936%, 	 Tank Inflow = 0.000000, 	 Tank Outflow = 15.696000
 Tank Level [13] = -99.805077%, 	 Tank Inflow = 0.000000, 	 Tank Outflow = 15.696000
 Tank Level [14] = -105.508217%, 	 Tank Inflow = 0.000000, 	 Tank Outflow = 19.620001
 Tank Level [15] = -112.637146%, 	 Tank Inflow = 0.000000, 	 Tank Outflow = 11.772000
 Tank Level [16] = -116.914497%, 	 Tank Inflow = 0.000000, 	 Tank Outflow = 15.696000
 Tank Level [17] = -122.617645%, 	 Tank Inflow = 0.000000, 	 Tank Outflow = 19.620001
 Tank Level [18] = -129.746567%, 	 Tank Inflow = 0.000000, 	 Tank Outflow = 29.430000
 Tank Level [19] = -140.439972%, 	 Tank Inflow = 0.000000, 	 Tank Outflow = 29.430000
 Tank Level [20] = -151.133377%, 	 Tank Inflow = 0.000000, 	 Tank Outflow = 19.620001
 Tank Level [21] = -158.262299%, 	 Tank Inflow = 0.000000, 	 Tank Outflow = 15.696000
 Tank Level [22] = -163.965439%, 	 Tank Inflow = 0.000000, 	 Tank Outflow = 11.772000
 Tank Level [23] = -168.242798%, 	 Tank Inflow = 0.000000, 	 Tank Outflow = 7.848000



 Tank ID = Veeranageeri
 Tank Level [0] = 0.000000%, 	 Tank Inflow = -0.000129, 	 Tank Outflow = 5.625000
 Tank Level [1] = -4.050601%, 	 Tank Inflow = 0.000000, 	 Tank Outflow = 5.625000
 Tank Level [2] = -8.101109%, 	 Tank Inflow = 0.000000, 	 Tank Outflow = 5.625000
 Tank Level [3] = -12.151615%, 	 Tank Inflow = 0.000000, 	 Tank Outflow = 5.625000
 Tank Level [4] = -16.202124%, 	 Tank Inflow = 0.000000, 	 Tank Outflow = 11.250000
 Tank Level [5] = -24.303139%, 	 Tank Inflow = 0.000000, 	 Tank Outflow = 28.125000
 Tank Level [6] = -44.555672%, 	 Tank Inflow = 0.000000, 	 Tank Outflow = 56.250000
 Tank Level [7] = -85.060753%, 	 Tank Inflow = 0.000000, 	 Tank Outflow = 70.311996
 Tank Level [8] = -135.691742%, 	 Tank Inflow = 0.000000, 	 Tank Outflow = 70.311996
 Tank Level [9] = -186.322708%, 	 Tank Inflow = 0.000000, 	 Tank Outflow = 56.250000
 Tank Level [10] = -226.827789%, 	 Tank Inflow = 0.000000, 	 Tank Outflow = 28.125000
 Tank Level [11] = -247.080322%, 	 Tank Inflow = 0.000000, 	 Tank Outflow = 28.125000
 Tank Level [12] = -267.332886%, 	 Tank Inflow = 0.000000, 	 Tank Outflow = 22.500000
 Tank Level [13] = -283.534912%, 	 Tank Inflow = 0.000000, 	 Tank Outflow = 22.500000
 Tank Level [14] = -299.736938%, 	 Tank Inflow = 0.000000, 	 Tank Outflow = 28.125000
 Tank Level [15] = -319.989471%, 	 Tank Inflow = 0.000000, 	 Tank Outflow = 16.875000
 Tank Level [16] = -332.140991%, 	 Tank Inflow = 0.000000, 	 Tank Outflow = 22.500000
 Tank Level [17] = -348.343018%, 	 Tank Inflow = 0.000000, 	 Tank Outflow = 28.125000
 Tank Level [18] = -368.595551%, 	 Tank Inflow = 0.000000, 	 Tank Outflow = 42.188000
 Tank Level [19] = -398.974701%, 	 Tank Inflow = 0.000000, 	 Tank Outflow = 42.188000
 Tank Level [20] = -429.353882%, 	 Tank Inflow = 0.000000, 	 Tank Outflow = 28.125000
 Tank Level [21] = -449.606445%, 	 Tank Inflow = 0.000000, 	 Tank Outflow = 22.500000
 Tank Level [22] = -465.808472%, 	 Tank Inflow = 0.000000, 	 Tank Outflow = 16.875000
 Tank Level [23] = -477.959991%, 	 Tank Inflow = 0.000000, 	 Tank Outflow = 11.250000



 Tank ID = NR_mohalla2
 Tank Level [0] = 0.000000%, 	 Tank Inflow = 0.000010, 	 Tank Outflow = 2.880005
 Tank Level [1] = -4.128644%, 	 Tank Inflow = 0.000000, 	 Tank Outflow = 2.880000
 Tank Level [2] = -8.257295%, 	 Tank Inflow = 0.000000, 	 Tank Outflow = 2.880000
 Tank Level [3] = -12.385944%, 	 Tank Inflow = 0.000000, 	 Tank Outflow = 2.880000
 Tank Level [4] = -16.514595%, 	 Tank Inflow = 0.000000, 	 Tank Outflow = 5.760000
 Tank Level [5] = -24.771896%, 	 Tank Inflow = 0.000000, 	 Tank Outflow = 14.400000
 Tank Level [6] = -45.415146%, 	 Tank Inflow = 0.000000, 	 Tank Outflow = 28.799999
 Tank Level [7] = -86.701660%, 	 Tank Inflow = 0.000000, 	 Tank Outflow = 36.000000
 Tank Level [8] = -138.309784%, 	 Tank Inflow = 0.000000, 	 Tank Outflow = 36.000000
 Tank Level [9] = -189.917908%, 	 Tank Inflow = 0.000000, 	 Tank Outflow = 28.799999
 Tank Level [10] = -231.204422%, 	 Tank Inflow = 0.000000, 	 Tank Outflow = 14.400000
 Tank Level [11] = -251.847687%, 	 Tank Inflow = 0.000000, 	 Tank Outflow = 14.400000
 Tank Level [12] = -272.490967%, 	 Tank Inflow = 0.000000, 	 Tank Outflow = 11.520000
 Tank Level [13] = -289.005524%, 	 Tank Inflow = 0.000000, 	 Tank Outflow = 11.520000
 Tank Level [14] = -305.520142%, 	 Tank Inflow = 0.000000, 	 Tank Outflow = 14.400000
 Tank Level [15] = -326.163391%, 	 Tank Inflow = 0.000000, 	 Tank Outflow = 8.640000
 Tank Level [16] = -338.549347%, 	 Tank Inflow = 0.000000, 	 Tank Outflow = 11.520000
 Tank Level [17] = -355.063965%, 	 Tank Inflow = 0.000000, 	 Tank Outflow = 14.400000
 Tank Level [18] = -375.707214%, 	 Tank Inflow = 0.000000, 	 Tank Outflow = 21.600000
 Tank Level [19] = -406.672089%, 	 Tank Inflow = 0.000000, 	 Tank Outflow = 21.600000
 Tank Level [20] = -437.636963%, 	 Tank Inflow = 0.000000, 	 Tank Outflow = 14.400000
 Tank Level [21] = -458.280243%, 	 Tank Inflow = 0.000000, 	 Tank Outflow = 11.520000
 Tank Level [22] = -474.794830%, 	 Tank Inflow = 0.000000, 	 Tank Outflow = 8.640000
 Tank Level [23] = -487.180786%, 	 Tank Inflow = 0.000000, 	 Tank Outflow = 5.760000



 Tank ID = NR_mohalla1
 Tank Level [0] = 0.000000%, 	 Tank Inflow = 0.000001, 	 Tank Outflow = 11.394000
 Tank Level [1] = -4.140012%, 	 Tank Inflow = 0.000000, 	 Tank Outflow = 11.394000
 Tank Level [2] = -8.280025%, 	 Tank Inflow = 0.000000, 	 Tank Outflow = 11.394000
 Tank Level [3] = -12.420036%, 	 Tank Inflow = 0.000000, 	 Tank Outflow = 11.394000
 Tank Level [4] = -16.560049%, 	 Tank Inflow = 0.000000, 	 Tank Outflow = 22.788000
 Tank Level [5] = -24.840073%, 	 Tank Inflow = 0.000000, 	 Tank Outflow = 56.970001
 Tank Level [6] = -45.540134%, 	 Tank Inflow = 0.000000, 	 Tank Outflow = 113.940002
 Tank Level [7] = -86.940262%, 	 Tank Inflow = 0.000000, 	 Tank Outflow = 142.425003
 Tank Level [8] = -138.690414%, 	 Tank Inflow = 0.000000, 	 Tank Outflow = 142.425003
 Tank Level [9] = -190.440567%, 	 Tank Inflow = 0.000000, 	 Tank Outflow = 113.940002
 Tank Level [10] = -231.840698%, 	 Tank Inflow = 0.000000, 	 Tank Outflow = 56.970001
 Tank Level [11] = -252.540756%, 	 Tank Inflow = 0.000000, 	 Tank Outflow = 56.970001
 Tank Level [12] = -273.240845%, 	 Tank Inflow = 0.000000, 	 Tank Outflow = 45.576000
 Tank Level [13] = -289.800873%, 	 Tank Inflow = 0.000000, 	 Tank Outflow = 45.576000
 Tank Level [14] = -306.360901%, 	 Tank Inflow = 0.000000, 	 Tank Outflow = 56.970001
 Tank Level [15] = -327.060974%, 	 Tank Inflow = 0.000000, 	 Tank Outflow = 34.181999
 Tank Level [16] = -339.481018%, 	 Tank Inflow = 0.000000, 	 Tank Outflow = 45.576000
 Tank Level [17] = -356.041046%, 	 Tank Inflow = 0.000000, 	 Tank Outflow = 56.970001
 Tank Level [18] = -376.741119%, 	 Tank Inflow = 0.000000, 	 Tank Outflow = 85.455002
 Tank Level [19] = -407.791199%, 	 Tank Inflow = 0.000000, 	 Tank Outflow = 85.455002
 Tank Level [20] = -438.841309%, 	 Tank Inflow = 0.000000, 	 Tank Outflow = 56.970001
 Tank Level [21] = -459.541321%, 	 Tank Inflow = 0.000000, 	 Tank Outflow = 45.576000
 Tank Level [22] = -476.101379%, 	 Tank Inflow = 0.000000, 	 Tank Outflow = 34.181999
 Tank Level [23] = -488.521423%, 	 Tank Inflow = 0.000000, 	 Tank Outflow = 22.788000



 Tank ID = Rajiv_nagar_I
 Tank Level [0] = 0.000000%, 	 Tank Inflow = 0.000004, 	 Tank Outflow = 15.966000
 Tank Level [1] = -3.895808%, 	 Tank Inflow = 0.000000, 	 Tank Outflow = 15.966000
 Tank Level [2] = -7.791615%, 	 Tank Inflow = 0.000000, 	 Tank Outflow = 15.966000
 Tank Level [3] = -11.687424%, 	 Tank Inflow = 0.000000, 	 Tank Outflow = 15.966000
 Tank Level [4] = -15.583232%, 	 Tank Inflow = 0.000000, 	 Tank Outflow = 31.931999
 Tank Level [5] = -23.374851%, 	 Tank Inflow = 0.000000, 	 Tank Outflow = 79.830002
 Tank Level [6] = -42.853893%, 	 Tank Inflow = 0.000000, 	 Tank Outflow = 159.660004
 Tank Level [7] = -81.811989%, 	 Tank Inflow = 0.000000, 	 Tank Outflow = 199.574997
 Tank Level [8] = -130.509598%, 	 Tank Inflow = 0.000000, 	 Tank Outflow = 199.574997
 Tank Level [9] = -179.207199%, 	 Tank Inflow = 0.000000, 	 Tank Outflow = 159.660004
 Tank Level [10] = -218.165298%, 	 Tank Inflow = 0.000000, 	 Tank Outflow = 79.830002
 Tank Level [11] = -237.644333%, 	 Tank Inflow = 0.000000, 	 Tank Outflow = 79.830002
 Tank Level [12] = -257.123383%, 	 Tank Inflow = 0.000000, 	 Tank Outflow = 63.863998
 Tank Level [13] = -272.706604%, 	 Tank Inflow = 0.000000, 	 Tank Outflow = 63.863998
 Tank Level [14] = -288.289825%, 	 Tank Inflow = 0.000000, 	 Tank Outflow = 79.830002
 Tank Level [15] = -307.768890%, 	 Tank Inflow = 0.000000, 	 Tank Outflow = 47.897999
 Tank Level [16] = -319.456299%, 	 Tank Inflow = 0.000000, 	 Tank Outflow = 63.863998
 Tank Level [17] = -335.039490%, 	 Tank Inflow = 0.000000, 	 Tank Outflow = 79.830002
 Tank Level [18] = -354.518585%, 	 Tank Inflow = 0.000000, 	 Tank Outflow = 119.745003
 Tank Level [19] = -383.737152%, 	 Tank Inflow = 0.000000, 	 Tank Outflow = 119.745003
 Tank Level [20] = -412.955719%, 	 Tank Inflow = 0.000000, 	 Tank Outflow = 79.830002
 Tank Level [21] = -432.434753%, 	 Tank Inflow = 0.000000, 	 Tank Outflow = 63.863998
 Tank Level [22] = -448.017975%, 	 Tank Inflow = 0.000000, 	 Tank Outflow = 47.897999
 Tank Level [23] = -459.705383%, 	 Tank Inflow = 0.000000, 	 Tank Outflow = 31.931999



 Tank ID = Tippu_park
 Tank Level [0] = 0.000000%, 	 Tank Inflow = 0.000002, 	 Tank Outflow = 7.500000
 Tank Level [1] = -2.725126%, 	 Tank Inflow = 0.000000, 	 Tank Outflow = 7.500000
 Tank Level [2] = -5.450252%, 	 Tank Inflow = 0.000000, 	 Tank Outflow = 7.500000
 Tank Level [3] = -8.175379%, 	 Tank Inflow = 0.000000, 	 Tank Outflow = 7.500000
 Tank Level [4] = -10.900505%, 	 Tank Inflow = 0.000000, 	 Tank Outflow = 15.000000
 Tank Level [5] = -16.350760%, 	 Tank Inflow = 0.000000, 	 Tank Outflow = 37.500000
 Tank Level [6] = -29.976393%, 	 Tank Inflow = 0.000000, 	 Tank Outflow = 75.000000
 Tank Level [7] = -57.227657%, 	 Tank Inflow = 0.000000, 	 Tank Outflow = 93.750000
 Tank Level [8] = -91.291740%, 	 Tank Inflow = 0.000000, 	 Tank Outflow = 93.750000
 Tank Level [9] = -125.355820%, 	 Tank Inflow = 0.000000, 	 Tank Outflow = 75.000000
 Tank Level [10] = -152.607086%, 	 Tank Inflow = 0.000000, 	 Tank Outflow = 37.500000
 Tank Level [11] = -166.232727%, 	 Tank Inflow = 0.000000, 	 Tank Outflow = 37.500000
 Tank Level [12] = -179.858353%, 	 Tank Inflow = 0.000000, 	 Tank Outflow = 30.000000
 Tank Level [13] = -190.758865%, 	 Tank Inflow = 0.000000, 	 Tank Outflow = 30.000000
 Tank Level [14] = -201.659363%, 	 Tank Inflow = 0.000000, 	 Tank Outflow = 37.500000
 Tank Level [15] = -215.285004%, 	 Tank Inflow = 0.000000, 	 Tank Outflow = 22.500000
 Tank Level [16] = -223.460373%, 	 Tank Inflow = 0.000000, 	 Tank Outflow = 30.000000
 Tank Level [17] = -234.360886%, 	 Tank Inflow = 0.000000, 	 Tank Outflow = 37.500000
 Tank Level [18] = -247.986526%, 	 Tank Inflow = 0.000000, 	 Tank Outflow = 56.250000
 Tank Level [19] = -268.424957%, 	 Tank Inflow = 0.000000, 	 Tank Outflow = 56.250000
 Tank Level [20] = -288.863403%, 	 Tank Inflow = 0.000000, 	 Tank Outflow = 37.500000
 Tank Level [21] = -302.489044%, 	 Tank Inflow = 0.000000, 	 Tank Outflow = 30.000000
 Tank Level [22] = -313.389557%, 	 Tank Inflow = 0.000000, 	 Tank Outflow = 22.500000
 Tank Level [23] = -321.564941%, 	 Tank Inflow = 0.000000, 	 Tank Outflow = 15.000000
==============================================================================================
