size of TankStruct = 1192, Size of Valve Struct = 848
tankcount = 0
 Tank 1: Tank ID = 34,
tankcount = 1
 Tank 2: Tank ID = Rajendra_nagar2,
tankcount = 2
 Tank 3: Tank ID = Rajendra_nagar1,
tankcount = 3
 Tank 4: Tank ID = Bademakan,
tankcount = 4
 Tank 5: Tank ID = Kesare,
tankcount = 5
 Tank 6: Tank ID = Rajiv_nagar_II,
tankcount = 6
 Tank 7: Tank ID = Veeranageeri,
tankcount = 7
 Tank 8: Tank ID = NR_mohalla2,
tankcount = 8
 Tank 9: Tank ID = NR_mohalla1,
tankcount = 9
 Tank 10: Tank ID = Rajiv_nagar_I,
tankcount = 10
 Tank 11: Tank ID = Tippu_park,
 Tank ID = 34, Tank Max Level (meter^3) = 990.779907
 Tank ID = 34, Tank Input Link ID = 84
 Tank ID = 34, Tank Output Link ID = 9
 Tank ID = Rajendra_nagar2, Tank Max Level (meter^3) = 990.779663
 Tank ID = Rajendra_nagar2, Tank Input Link ID = 71
 Tank ID = Rajendra_nagar2, Tank Output Link ID = 20
 Tank ID = Rajendra_nagar1, Tank Max Level (meter^3) = 1475.370483
 Tank ID = Rajendra_nagar1, Tank Input Link ID = 69
 Tank ID = Rajendra_nagar1, Tank Output Link ID = 18
 Tank ID = Bademakan, Tank Max Level (meter^3) = 499.937347
 Tank ID = Bademakan, Tank Input Link ID = 67
 Tank ID = Bademakan, Tank Output Link ID = 16
 Tank ID = Kesare, Tank Max Level (meter^3) = 499.937347
 Tank ID = Kesare, Tank Input Link ID = 64
 Tank ID = Kesare, Tank Output Link ID = 14
 Tank ID = Rajiv_nagar_II, Tank Max Level (meter^3) = 990.779663
 Tank ID = Rajiv_nagar_II, Tank Input Link ID = 11
 Tank ID = Rajiv_nagar_II, Tank Output Link ID = 12
 Tank ID = Veeranageeri, Tank Max Level (meter^3) = 499.937347
 Tank ID = Veeranageeri, Tank Input Link ID = 79
 Tank ID = Veeranageeri, Tank Output Link ID = 10
 Tank ID = NR_mohalla2, Tank Max Level (meter^3) = 251.123215
 Tank ID = NR_mohalla2, Tank Input Link ID = 77
 Tank ID = NR_mohalla2, Tank Output Link ID = 8
 Tank ID = NR_mohalla1, Tank Max Level (meter^3) = 990.779663
 Tank ID = NR_mohalla1, Tank Input Link ID = 75
 Tank ID = NR_mohalla1, Tank Output Link ID = 7
 Tank ID = Rajiv_nagar_I, Tank Max Level (meter^3) = 1475.370239
 Tank ID = Rajiv_nagar_I, Tank Input Link ID = 73
 Tank ID = Rajiv_nagar_I, Tank Output Link ID = 1
 Tank ID = Tippu_park, Tank Max Level (meter^3) = 990.779663
 Tank ID = Tippu_park, Tank Input Link ID = 55
 Tank ID = Tippu_park, Tank Output Link ID = 2
 Valve Link of Valve 80 is 49
 Valve Id = 80 	  Initial Valve Value = 0.000000
 Max Flow across Valve 80 = 490.873840 	 Diameter is 500.000000
 Valve Link of Valve 78 is 50
 Valve Id = 78 	  Initial Valve Value = 0.000000
 Max Flow across Valve 78 = 176.714584 	 Diameter is 300.000000
 Valve Link of Valve 76 is 51
 Valve Id = 76 	  Initial Valve Value = 0.000000
 Max Flow across Valve 76 = 122.718460 	 Diameter is 250.000000
 Valve Link of Valve 74 is 52
 Valve Id = 74 	  Initial Valve Value = 0.000000
 Max Flow across Valve 74 = 240.528183 	 Diameter is 350.000000
 Valve Link of Valve 72 is 53
 Valve Id = 72 	  Initial Valve Value = 0.000000
 Max Flow across Valve 72 = 176.714584 	 Diameter is 300.000000
 Valve Link of Valve 70 is 54
 Valve Id = 70 	  Initial Valve Value = 0.000000
 Max Flow across Valve 70 = 122.718460 	 Diameter is 250.000000
 Valve Link of Valve 68 is 55
 Valve Id = 68 	  Initial Valve Value = 0.000000
 Max Flow across Valve 68 = 240.528183 	 Diameter is 350.000000
 Valve Link of Valve 66 is 56
 Valve Id = 66 	  Initial Valve Value = 0.000000
 Max Flow across Valve 66 = 44.178646 	 Diameter is 150.000000
 Valve Link of Valve 65 is 57
 Valve Id = 65 	  Initial Valve Value = 0.000000
 Max Flow across Valve 65 = 78.539818 	 Diameter is 200.000000
 Valve Link of Valve 40 is 58
 Valve Id = 40 	  Initial Valve Value = 0.000000
 Max Flow across Valve 40 = 122.718460 	 Diameter is 250.000000
 Valve Link of Valve 35 is 59
 Valve Id = 35 	  Initial Valve Value = 0.000000
 Max Flow across Valve 35 = 176.714584 	 Diameter is 300.000000
 Valve Link of Valve 3 is 60
 Valve Id = 3 	  Initial Valve Value = 0.000000
 Max Flow across Valve 3 = 649.180664 	 Diameter is 575.000000
OUTER ITERATION COUNT in 1
 Simulation Parameters
 rho = 0.600000. c = 0.001000, beta = 0.600000
 Iteration Count = 100	Function Value = 3854.205950 	 Percentage Difference = -0.005678 Gradient Norm = 26.645058 alpha mult = 0.600000
 Iteration Count = 200	Function Value = 2865.912486 	 Percentage Difference = -0.002670 Gradient Norm = 12.418492 alpha mult = 0.600000
 Iteration Count = 300	Function Value = 2229.169250 	 Percentage Difference = -0.002094 Gradient Norm = 8.918259 alpha mult = 0.600000
 Iteration Count = 400	Function Value = 1767.624099 	 Percentage Difference = -0.002483 Gradient Norm = 6.902818 alpha mult = 0.600000
 Iteration Count = 500	Function Value = 1411.044318 	 Percentage Difference = -0.001995 Gradient Norm = 5.444157 alpha mult = 0.600000
 Iteration Count = 600	Function Value = 1121.606455 	 Percentage Difference = -0.002922 Gradient Norm = 4.279554 alpha mult = 0.600000
 Iteration Count = 700	Function Value = 896.646391 	 Percentage Difference = -0.001770 Gradient Norm = 3.379895 alpha mult = 0.600000
 Iteration Count = 800	Function Value = 717.598044 	 Percentage Difference = -0.001955 Gradient Norm = 2.664799 alpha mult = 0.600000
 Iteration Count = 900	Function Value = 572.842156 	 Percentage Difference = -0.002467 Gradient Norm = 2.085748 alpha mult = 0.600000
 Iteration Count = 1000	Function Value = 461.481144 	 Percentage Difference = -0.002418 Gradient Norm = 1.640730 alpha mult = 0.600000
OUTER ITERATION COUNT in 2
 Simulation Parameters
 rho = 0.600000. c = 0.001000, beta = 0.600000
 Iteration Count = 100	Function Value = 375.458460 	 Percentage Difference = -0.000793 Gradient Norm = 1.297270 alpha mult = 0.600000
 Iteration Count = 200	Function Value = 305.539797 	 Percentage Difference = -0.001219 Gradient Norm = 1.018169 alpha mult = 0.600000
 Iteration Count = 300	Function Value = 250.318730 	 Percentage Difference = -0.002242 Gradient Norm = 0.797470 alpha mult = 0.600000
 Iteration Count = 400	Function Value = 206.687872 	 Percentage Difference = -0.001476 Gradient Norm = 0.623374 alpha mult = 0.600000
 Iteration Count = 500	Function Value = 173.023708 	 Percentage Difference = -0.001297 Gradient Norm = 0.489177 alpha mult = 0.600000
 Iteration Count = 600	Function Value = 146.678553 	 Percentage Difference = -0.001430 Gradient Norm = 0.384787 alpha mult = 0.600000
 Iteration Count = 700	Function Value = 126.505195 	 Percentage Difference = -0.001177 Gradient Norm = 0.304687 alpha mult = 0.600000
 Iteration Count = 800	Function Value = 109.589424 	 Percentage Difference = -0.001324 Gradient Norm = 0.240078 alpha mult = 0.600000
 Iteration Count = 900	Function Value = 96.997740 	 Percentage Difference = -0.001123 Gradient Norm = 0.190460 alpha mult = 0.600000
 Iteration Count = 1000	Function Value = 86.790223 	 Percentage Difference = -0.000931 Gradient Norm = 0.150381 alpha mult = 0.600000
OUTER ITERATION COUNT in 3
 Simulation Parameters
 rho = 0.600000. c = 0.001000, beta = 0.600000
 Iteration Count = 100	Function Value = 78.329758 	 Percentage Difference = -0.000716 Gradient Norm = 0.117331 alpha mult = 0.600000
 Iteration Count = 200	Function Value = 71.665670 	 Percentage Difference = -0.000979 Gradient Norm = 0.092324 alpha mult = 0.600000
 Iteration Count = 300	Function Value = 65.573905 	 Percentage Difference = -0.000892 Gradient Norm = 0.070868 alpha mult = 0.600000
 Iteration Count = 400	Function Value = 61.837525 	 Percentage Difference = -0.000419 Gradient Norm = 0.056489 alpha mult = 0.600000
 Iteration Count = 500	Function Value = 58.466392 	 Percentage Difference = -0.000435 Gradient Norm = 0.044709 alpha mult = 0.600000
 Iteration Count = 600	Function Value = 56.088219 	 Percentage Difference = -0.000382 Gradient Norm = 0.035740 alpha mult = 0.600000
 Iteration Count = 700	Function Value = 54.191181 	 Percentage Difference = -0.000305 Gradient Norm = 0.028536 alpha mult = 0.600000
 Iteration Count = 800	Function Value = 52.688248 	 Percentage Difference = -0.000227 Gradient Norm = 0.022997 alpha mult = 0.600000
 Iteration Count = 900	Function Value = 51.461881 	 Percentage Difference = -0.000211 Gradient Norm = 0.018432 alpha mult = 0.600000
 Iteration Count = 1000	Function Value = 50.508825 	 Percentage Difference = -0.000156 Gradient Norm = 0.014964 alpha mult = 0.600000
OUTER ITERATION COUNT in 4
 Simulation Parameters
 rho = 0.600000. c = 0.001000, beta = 0.600000
 Iteration Count = 100	Function Value = 49.725186 	 Percentage Difference = -0.000100 Gradient Norm = 0.012198 alpha mult = 0.600000
 Iteration Count = 200	Function Value = 49.079938 	 Percentage Difference = -0.000102 Gradient Norm = 0.009973 alpha mult = 0.600000
 Iteration Count = 300	Function Value = 48.560691 	 Percentage Difference = -0.000074 Gradient Norm = 0.008128 alpha mult = 0.600000
 Iteration Count = 400	Function Value = 48.133325 	 Percentage Difference = -0.000090 Gradient Norm = 0.006752 alpha mult = 0.600000
 Iteration Count = 500	Function Value = 47.774216 	 Percentage Difference = -0.000082 Gradient Norm = 0.005583 alpha mult = 0.600000
 Iteration Count = 600	Function Value = 47.473134 	 Percentage Difference = -0.000056 Gradient Norm = 0.004650 alpha mult = 0.600000
 Iteration Count = 700	Function Value = 47.226619 	 Percentage Difference = -0.000048 Gradient Norm = 0.003917 alpha mult = 0.600000
 Iteration Count = 800	Function Value = 47.018844 	 Percentage Difference = -0.000034 Gradient Norm = 0.003354 alpha mult = 0.600000
 Iteration Count = 900	Function Value = 46.841385 	 Percentage Difference = -0.000032 Gradient Norm = 0.002873 alpha mult = 0.600000
 Iteration Count = 1000	Function Value = 46.692423 	 Percentage Difference = -0.000030 Gradient Norm = 0.002518 alpha mult = 0.600000
OUTER ITERATION COUNT in 5
 Simulation Parameters
 rho = 0.600000. c = 0.001000, beta = 0.600000
 Iteration Count = 100	Function Value = 46.557321 	 Percentage Difference = -0.000024 Gradient Norm = 0.002209 alpha mult = 0.600000
 Iteration Count = 200	Function Value = 46.442987 	 Percentage Difference = -0.000021 Gradient Norm = 0.001942 alpha mult = 0.600000
 Iteration Count = 300	Function Value = 46.342675 	 Percentage Difference = -0.000021 Gradient Norm = 0.001757 alpha mult = 0.600000
 Iteration Count = 400	Function Value = 46.251986 	 Percentage Difference = -0.000019 Gradient Norm = 0.001582 alpha mult = 0.600000
 Iteration Count = 500	Function Value = 46.170434 	 Percentage Difference = -0.000018 Gradient Norm = 0.001431 alpha mult = 0.600000
 Iteration Count = 600	Function Value = 46.095655 	 Percentage Difference = -0.000014 Gradient Norm = 0.001323 alpha mult = 0.600000
 Iteration Count = 700	Function Value = 46.027701 	 Percentage Difference = -0.000014 Gradient Norm = 0.001227 alpha mult = 0.600000
 Iteration Count = 800	Function Value = 45.964287 	 Percentage Difference = -0.000013 Gradient Norm = 0.001152 alpha mult = 0.600000
 Iteration Count = 900	Function Value = 45.905443 	 Percentage Difference = -0.000012 Gradient Norm = 0.001071 alpha mult = 0.600000
 Iteration Count = 1000	Function Value = 45.850322 	 Percentage Difference = -0.000013 Gradient Norm = 0.001009 alpha mult = 0.600000
OUTER ITERATION COUNT in 6
 Simulation Parameters
 rho = 0.600000. c = 0.001000, beta = 0.600000
 Iteration Count = 100	Function Value = 45.797632 	 Percentage Difference = -0.000009 Gradient Norm = 0.000949 alpha mult = 0.600000
 Iteration Count = 200	Function Value = 45.749929 	 Percentage Difference = -0.000011 Gradient Norm = 0.000906 alpha mult = 0.600000
 Iteration Count = 300	Function Value = 45.703795 	 Percentage Difference = -0.000009 Gradient Norm = 0.000866 alpha mult = 0.600000
 Iteration Count = 400	Function Value = 45.660736 	 Percentage Difference = -0.000012 Gradient Norm = 0.000836 alpha mult = 0.600000
 Iteration Count = 500	Function Value = 45.618539 	 Percentage Difference = -0.000009 Gradient Norm = 0.000790 alpha mult = 0.600000
 Iteration Count = 600	Function Value = 45.578361 	 Percentage Difference = -0.000007 Gradient Norm = 0.000752 alpha mult = 0.600000
 Iteration Count = 700	Function Value = 45.540249 	 Percentage Difference = -0.000007 Gradient Norm = 0.000723 alpha mult = 0.600000
 Iteration Count = 800	Function Value = 45.503539 	 Percentage Difference = -0.000009 Gradient Norm = 0.000694 alpha mult = 0.600000
 Iteration Count = 900	Function Value = 45.468353 	 Percentage Difference = -0.000008 Gradient Norm = 0.000680 alpha mult = 0.600000
 Iteration Count = 1000	Function Value = 45.435042 	 Percentage Difference = -0.000007 Gradient Norm = 0.000663 alpha mult = 0.600000
OUTER ITERATION COUNT in 7
 Simulation Parameters
 rho = 0.600000. c = 0.001000, beta = 0.600000
 Iteration Count = 100	Function Value = 45.402938 	 Percentage Difference = -0.000008 Gradient Norm = 0.000632 alpha mult = 0.600000
 Iteration Count = 200	Function Value = 45.371418 	 Percentage Difference = -0.000008 Gradient Norm = 0.000626 alpha mult = 0.600000
 Iteration Count = 300	Function Value = 45.341195 	 Percentage Difference = -0.000005 Gradient Norm = 0.000605 alpha mult = 0.600000
 Iteration Count = 400	Function Value = 45.311864 	 Percentage Difference = -0.000006 Gradient Norm = 0.000578 alpha mult = 0.600000
 Iteration Count = 500	Function Value = 45.284032 	 Percentage Difference = -0.000006 Gradient Norm = 0.000563 alpha mult = 0.600000
 Iteration Count = 600	Function Value = 45.256841 	 Percentage Difference = -0.000006 Gradient Norm = 1593771.875000 alpha mult = 0.000000
 Iteration Count = 700	Function Value = 45.230761 	 Percentage Difference = -0.000005 Gradient Norm = 0.000547 alpha mult = 0.600000
 Iteration Count = 800	Function Value = 45.205341 	 Percentage Difference = -0.000006 Gradient Norm = 0.000524 alpha mult = 0.600000
 Iteration Count = 900	Function Value = 45.180491 	 Percentage Difference = -0.000006 Gradient Norm = 0.000517 alpha mult = 0.600000
 Iteration Count = 1000	Function Value = 45.156190 	 Percentage Difference = -0.000005 Gradient Norm = 0.000494 alpha mult = 0.600000
OUTER ITERATION COUNT in 8
 Simulation Parameters
 rho = 0.600000. c = 0.001000, beta = 0.600000
 Iteration Count = 100	Function Value = 45.132796 	 Percentage Difference = -0.000007 Gradient Norm = 0.000485 alpha mult = 0.600000
 Iteration Count = 200	Function Value = 45.110179 	 Percentage Difference = -0.000006 Gradient Norm = 0.000469 alpha mult = 0.600000
 Iteration Count = 300	Function Value = 45.087509 	 Percentage Difference = -0.000005 Gradient Norm = 0.000457 alpha mult = 0.600000
 Iteration Count = 400	Function Value = 45.065690 	 Percentage Difference = -0.000005 Gradient Norm = 0.000451 alpha mult = 0.600000
 Iteration Count = 500	Function Value = 45.044712 	 Percentage Difference = -0.000005 Gradient Norm = 0.000440 alpha mult = 0.600000
 Iteration Count = 600	Function Value = 45.024133 	 Percentage Difference = -0.000006 Gradient Norm = 0.000433 alpha mult = 0.600000
 Iteration Count = 700	Function Value = 45.004159 	 Percentage Difference = -0.000004 Gradient Norm = 0.000422 alpha mult = 0.600000
 Iteration Count = 800	Function Value = 44.984501 	 Percentage Difference = -0.000003 Gradient Norm = 0.000401 alpha mult = 0.600000
 Iteration Count = 900	Function Value = 44.965633 	 Percentage Difference = -0.000004 Gradient Norm = 0.000392 alpha mult = 0.600000
 Iteration Count = 1000	Function Value = 44.947260 	 Percentage Difference = -0.000003 Gradient Norm = 0.000382 alpha mult = 0.600000
OUTER ITERATION COUNT in 9
 Simulation Parameters
 rho = 0.600000. c = 0.001000, beta = 0.600000
 Iteration Count = 100	Function Value = 44.929026 	 Percentage Difference = -0.000004 Gradient Norm = 0.000374 alpha mult = 0.600000
 Iteration Count = 200	Function Value = 44.911547 	 Percentage Difference = -0.000003 Gradient Norm = 0.000371 alpha mult = 0.600000
 Iteration Count = 300	Function Value = 44.894558 	 Percentage Difference = -0.000003 Gradient Norm = 0.000356 alpha mult = 0.600000
 Iteration Count = 400	Function Value = 44.877762 	 Percentage Difference = -0.000004 Gradient Norm = 0.000359 alpha mult = 0.600000
 Iteration Count = 500	Function Value = 44.861689 	 Percentage Difference = -0.000002 Gradient Norm = 0.000342 alpha mult = 0.600000
 Iteration Count = 600	Function Value = 44.846058 	 Percentage Difference = -0.000003 Gradient Norm = 0.000344 alpha mult = 0.600000
 Iteration Count = 700	Function Value = 44.830634 	 Percentage Difference = -0.000003 Gradient Norm = 0.000332 alpha mult = 0.600000
 Iteration Count = 800	Function Value = 44.815488 	 Percentage Difference = -0.000003 Gradient Norm = 0.000327 alpha mult = 0.600000
 Iteration Count = 900	Function Value = 44.800813 	 Percentage Difference = -0.000004 Gradient Norm = 0.000322 alpha mult = 0.600000
 Iteration Count = 1000	Function Value = 44.786311 	 Percentage Difference = -0.000002 Gradient Norm = 0.000306 alpha mult = 0.600000
OUTER ITERATION COUNT in 10
 Simulation Parameters
 rho = 0.600000. c = 0.001000, beta = 0.600000
 Iteration Count = 100	Function Value = 44.772243 	 Percentage Difference = -0.000004 Gradient Norm = 0.000300 alpha mult = 0.600000
 Iteration Count = 200	Function Value = 44.758615 	 Percentage Difference = -0.000002 Gradient Norm = 0.000298 alpha mult = 0.600000
 Iteration Count = 300	Function Value = 44.745405 	 Percentage Difference = -0.000003 Gradient Norm = 0.000294 alpha mult = 0.600000
 Iteration Count = 400	Function Value = 44.732266 	 Percentage Difference = -0.000002 Gradient Norm = 0.000285 alpha mult = 0.600000
 Iteration Count = 500	Function Value = 44.719500 	 Percentage Difference = -0.000003 Gradient Norm = 0.000282 alpha mult = 0.600000
 Iteration Count = 600	Function Value = 44.706888 	 Percentage Difference = -0.000001 Gradient Norm = 0.000272 alpha mult = 0.600000
 Iteration Count = 700	Function Value = 44.694999 	 Percentage Difference = -0.000003 Gradient Norm = 0.000264 alpha mult = 0.600000
 Iteration Count = 800	Function Value = 44.683077 	 Percentage Difference = -0.000003 Gradient Norm = 0.000262 alpha mult = 0.600000
 Iteration Count = 900	Function Value = 44.671258 	 Percentage Difference = -0.000003 Gradient Norm = 0.000264 alpha mult = 0.600000
 Iteration Count = 1000	Function Value = 44.659792 	 Percentage Difference = -0.000002 Gradient Norm = 0.000252 alpha mult = 0.600000
OUTER ITERATION COUNT in 11
 Simulation Parameters
 rho = 0.600000. c = 0.001000, beta = 0.600000
 Iteration Count = 100	Function Value = 44.648286 	 Percentage Difference = -0.000002 Gradient Norm = 0.000252 alpha mult = 0.600000
 Iteration Count = 200	Function Value = 44.637165 	 Percentage Difference = -0.000002 Gradient Norm = 0.000243 alpha mult = 0.600000
 Iteration Count = 300	Function Value = 44.626671 	 Percentage Difference = -0.000002 Gradient Norm = 0.000247 alpha mult = 0.600000
 Iteration Count = 400	Function Value = 44.616164 	 Percentage Difference = -0.000003 Gradient Norm = 0.000236 alpha mult = 0.600000
 Iteration Count = 500	Function Value = 44.606132 	 Percentage Difference = -0.000002 Gradient Norm = 0.000228 alpha mult = 0.600000
 Iteration Count = 600	Function Value = 44.596439 	 Percentage Difference = -0.000001 Gradient Norm = 0.000222 alpha mult = 0.600000
 Iteration Count = 700	Function Value = 44.586640 	 Percentage Difference = -0.000003 Gradient Norm = 0.000222 alpha mult = 0.600000
 Iteration Count = 800	Function Value = 44.577112 	 Percentage Difference = -0.000003 Gradient Norm = 0.000220 alpha mult = 0.600000
 Iteration Count = 900	Function Value = 44.567839 	 Percentage Difference = -0.000002 Gradient Norm = 0.000210 alpha mult = 0.600000
 Iteration Count = 1000	Function Value = 44.558723 	 Percentage Difference = -0.000002 Gradient Norm = 0.000207 alpha mult = 0.600000
OUTER ITERATION COUNT in 12
 Simulation Parameters
 rho = 0.600000. c = 0.001000, beta = 0.600000
 Iteration Count = 100	Function Value = 44.549741 	 Percentage Difference = -0.000003 Gradient Norm = 0.000202 alpha mult = 0.600000
 Iteration Count = 200	Function Value = 44.540989 	 Percentage Difference = -0.000003 Gradient Norm = 0.000197 alpha mult = 0.600000
 Iteration Count = 300	Function Value = 44.532543 	 Percentage Difference = -0.000003 Gradient Norm = 0.000200 alpha mult = 0.600000
 Iteration Count = 400	Function Value = 44.524195 	 Percentage Difference = -0.000002 Gradient Norm = 0.000198 alpha mult = 0.600000
 Iteration Count = 500	Function Value = 44.515719 	 Percentage Difference = -0.000002 Gradient Norm 