size of TankStruct = 1192, Size of Valve Struct = 560
tankcount = 0
 Tank 1: Tank ID = 34,
tankcount = 1
 Tank 2: Tank ID = Rajendra_nagar2,
tankcount = 2
 Tank 3: Tank ID = Rajendra_nagar1,
tankcount = 3
 Tank 4: Tank ID = Bademakan,
tankcount = 4
 Tank 5: Tank ID = Kesare,
tankcount = 5
 Tank 6: Tank ID = Rajiv_nagar_II,
tankcount = 6
 Tank 7: Tank ID = Veeranageeri,
tankcount = 7
 Tank 8: Tank ID = NR_mohalla2,
tankcount = 8
 Tank 9: Tank ID = NR_mohalla1,
tankcount = 9
 Tank 10: Tank ID = Rajiv_nagar_I,
tankcount = 10
 Tank 11: Tank ID = Tippu_park,
 Tank ID = 34, Tank Max Level (meter^3) = 990.779907
 Tank ID = 34, Tank Input Link ID = 84
 Tank ID = 34, Tank Output Link ID = 9
 Tank ID = Rajendra_nagar2, Tank Max Level (meter^3) = 990.779663
 Tank ID = Rajendra_nagar2, Tank Input Link ID = 71
 Tank ID = Rajendra_nagar2, Tank Output Link ID = 20
 Tank ID = Rajendra_nagar1, Tank Max Level (meter^3) = 1475.370483
 Tank ID = Rajendra_nagar1, Tank Input Link ID = 69
 Tank ID = Rajendra_nagar1, Tank Output Link ID = 18
 Tank ID = Bademakan, Tank Max Level (meter^3) = 499.937347
 Tank ID = Bademakan, Tank Input Link ID = 67
 Tank ID = Bademakan, Tank Output Link ID = 16
 Tank ID = Kesare, Tank Max Level (meter^3) = 499.937347
 Tank ID = Kesare, Tank Input Link ID = 64
 Tank ID = Kesare, Tank Output Link ID = 14
 Tank ID = Rajiv_nagar_II, Tank Max Level (meter^3) = 990.779663
 Tank ID = Rajiv_nagar_II, Tank Input Link ID = 11
 Tank ID = Rajiv_nagar_II, Tank Output Link ID = 12
 Tank ID = Veeranageeri, Tank Max Level (meter^3) = 499.937347
 Tank ID = Veeranageeri, Tank Input Link ID = 79
 Tank ID = Veeranageeri, Tank Output Link ID = 10
 Tank ID = NR_mohalla2, Tank Max Level (meter^3) = 251.123215
 Tank ID = NR_mohalla2, Tank Input Link ID = 77
 Tank ID = NR_mohalla2, Tank Output Link ID = 8
 Tank ID = NR_mohalla1, Tank Max Level (meter^3) = 990.779663
 Tank ID = NR_mohalla1, Tank Input Link ID = 75
 Tank ID = NR_mohalla1, Tank Output Link ID = 7
 Tank ID = Rajiv_nagar_I, Tank Max Level (meter^3) = 1475.370239
 Tank ID = Rajiv_nagar_I, Tank Input Link ID = 73
 Tank ID = Rajiv_nagar_I, Tank Output Link ID = 1
 Tank ID = Tippu_park, Tank Max Level (meter^3) = 990.779663
 Tank ID = Tippu_park, Tank Input Link ID = 55
 Tank ID = Tippu_park, Tank Output Link ID = 2
 Valve Link of Valve 80 is 49
 Valve Id = 80 	  Initial Valve Value = 0.000000
 Max Flow across Valve 80 = 490.873840 	 Diameter is 500.000000
 Valve Link of Valve 78 is 50
 Valve Id = 78 	  Initial Valve Value = 0.000000
 Max Flow across Valve 78 = 176.714584 	 Diameter is 300.000000
 Valve Link of Valve 76 is 51
 Valve Id = 76 	  Initial Valve Value = 0.000000
 Max Flow across Valve 76 = 122.718460 	 Diameter is 250.000000
 Valve Link of Valve 74 is 52
 Valve Id = 74 	  Initial Valve Value = 0.000000
 Max Flow across Valve 74 = 240.528183 	 Diameter is 350.000000
 Valve Link of Valve 72 is 53
 Valve Id = 72 	  Initial Valve Value = 0.000000
 Max Flow across Valve 72 = 176.714584 	 Diameter is 300.000000
 Valve Link of Valve 70 is 54
 Valve Id = 70 	  Initial Valve Value = 0.000000
 Max Flow across Valve 70 = 122.718460 	 Diameter is 250.000000
 Valve Link of Valve 68 is 55
 Valve Id = 68 	  Initial Valve Value = 0.000000
 Max Flow across Valve 68 = 240.528183 	 Diameter is 350.000000
 Valve Link of Valve 66 is 56
 Valve Id = 66 	  Initial Valve Value = 0.000000
 Max Flow across Valve 66 = 44.178646 	 Diameter is 150.000000
 Valve Link of Valve 65 is 57
 Valve Id = 65 	  Initial Valve Value = 0.000000
 Max Flow across Valve 65 = 78.539818 	 Diameter is 200.000000
 Valve Link of Valve 40 is 58
 Valve Id = 40 	  Initial Valve Value = 0.000000
 Max Flow across Valve 40 = 122.718460 	 Diameter is 250.000000
 Valve Link of Valve 35 is 59
 Valve Id = 35 	  Initial Valve Value = 0.000000
 Max Flow across Valve 35 = 176.714584 	 Diameter is 300.000000
 Valve Link of Valve 3 is 60
 Valve Id = 3 	  Initial Valve Value = 0.000000
 Max Flow across Valve 3 = 649.180664 	 Diameter is 575.000000
OUTER ITERATION COUNT in 1
 Simulation Parameters
 rho = 0.600000. c = 0.001000, beta = 0.600000
 Iteration Count = 100	Function Value = 34100.845694 	 Percentage Difference = 0.000001 Gradient Norm = 1244406016.000000 alpha mult = 0.000000
 Iteration Count = 200	Function Value = 34100.940546 	 Percentage Difference = -0.000000 Gradient Norm = 1242292864.000000 alpha mult = 0.000000
 Iteration Count = 300	Function Value = 34101.021287 	 Percentage Difference = -0.000000 Gradient Norm = 1241853312.000000 alpha mult = 0.000000
 Iteration Count = 400	Function Value = 34101.077700 	 Percentage Difference = -0.000000 Gradient Norm = 1241663616.000000 alpha mult = 0.000000
 Iteration Count = 500	Function Value = 34101.250052 	 Percentage Difference = 0.000000 Gradient Norm = 1240953728.000000 alpha mult = 0.000000
 Iteration Count = 600	Function Value = 34101.345089 	 Percentage Difference = 0.000000 Gradient Norm = 1240500608.000000 alpha mult = 0.000000
 Iteration Count = 700	Function Value = 34101.440625 	 Percentage Difference = -0.000001 Gradient Norm = 1240051328.000000 alpha mult = 0.000000
 Iteration Count = 800	Function Value = 34101.560858 	 Percentage Difference = 0.000000 Gradient Norm = 1239843328.000000 alpha mult = 0.000000
 Iteration Count = 900	Function Value = 34101.659952 	 Percentage Difference = 0.000000 Gradient Norm = 1239146240.000000 alpha mult = 0.000000
 Iteration Count = 1000	Function Value = 34101.766086 	 Percentage Difference = 0.000000 Gradient Norm = 1238700288.000000 alpha mult = 0.000000
OUTER ITERATION COUNT in 2
 Simulation Parameters
 rho = 0.600000. c = 0.001000, beta = 0.600000
 Iteration Count = 100	Function Value = 34101.935923 	 Percentage Difference = 0.000000 Gradient Norm = 1238210432.000000 alpha mult = 0.000000
 Iteration Count = 200	Function Value = 34102.077446 	 Percentage Difference = 0.000000 Gradient Norm = 1237725056.000000 alpha mult = 0.000000
 Iteration Count = 300	Function Value = 34102.145795 	 Percentage Difference = -0.000000 Gradient Norm = 1237291264.000000 alpha mult = 0.000000
 Iteration Count = 400	Function Value = 34102.238920 	 Percentage Difference = 0.000000 Gradient Norm = 1236846976.000000 alpha mult = 0.000000
 Iteration Count = 500	Function Value = 34102.364494 	 Percentage Difference = -0.000000 Gradient Norm = 1236379520.000000 alpha mult = 0.000000
 Iteration Count = 600	Function Value = 34102.474318 	 Percentage Difference = -0.000000 Gradient Norm = 1235924224.000000 alpha mult = 0.000000
 Iteration Count = 700	Function Value = 34102.588363 	 Percentage Difference = -0.000000 Gradient Norm = 1235467392.000000 alpha mult = 0.000000
 Iteration Count = 800	Function Value = 34102.705277 	 Percentage Difference = 0.000000 Gradient Norm = 1235014656.000000 alpha mult = 0.000000
 Iteration Count = 900	Function Value = 34102.829647 	 Percentage Difference = 0.000000 Gradient Norm = 1234551040.000000 alpha mult = 0.000000
 Iteration Count = 1000	Function Value = 34102.931886 	 Percentage Difference = -0.000001 Gradient Norm = 1234098048.000000 alpha mult = 0.000000
OUTER ITERATION COUNT in 3
 Simulation Parameters
 rho = 0.600000. c = 0.001000, beta = 0.600000
 Iteration Count = 100	Function Value = 34103.045922 	 Percentage Difference = 0.000000 Gradient Norm = 1233621760.000000 alpha mult = 0.000000
 Iteration Count = 200	Function Value = 34103.142196 	 Percentage Difference = 0.000000 Gradient Norm = 1233183616.000000 alpha mult = 0.000000
 Iteration Count = 300	Function Value = 34103.238538 	 Percentage Difference = -0.000000 Gradient Norm = 1232730752.000000 alpha mult = 0.000000
 Iteration Count = 400	Function Value = 34103.375817 	 Percentage Difference = 0.000000 Gradient Norm = 1232264064.000000 alpha mult = 0.000000
 Iteration Count = 500	Function Value = 34103.511373 	 Percentage Difference = 0.000000 Gradient Norm = 1231790336.000000 alpha mult = 0.000000
 Iteration Count = 600	Function Value = 34103.627928 	 Percentage Difference = -0.000000 Gradient Norm = 1231327232.000000 alpha mult = 0.000000
 Iteration Count = 700	Function Value = 34103.759833 	 Percentage Difference = 0.000000 Gradient Norm = 1230870912.000000 alpha mult = 0