size of TankStruct = 1192, Size of Valve Struct = 560
tankcount = 0
 Tank 1: Tank ID = 34,
tankcount = 1
 Tank 2: Tank ID = Rajendra_nagar2,
tankcount = 2
 Tank 3: Tank ID = Rajendra_nagar1,
tankcount = 3
 Tank 4: Tank ID = Bademakan,
tankcount = 4
 Tank 5: Tank ID = Kesare,
tankcount = 5
 Tank 6: Tank ID = Rajiv_nagar_II,
tankcount = 6
 Tank 7: Tank ID = Veeranageeri,
tankcount = 7
 Tank 8: Tank ID = NR_mohalla2,
tankcount = 8
 Tank 9: Tank ID = NR_mohalla1,
tankcount = 9
 Tank 10: Tank ID = Rajiv_nagar_I,
tankcount = 10
 Tank 11: Tank ID = Tippu_park,
 Tank ID = 34, Tank Max Level (meter^3) = 990.779907
 Tank ID = 34, Tank Input Link ID = 84
 Tank ID = 34, Tank Output Link ID = 9
 Tank ID = Rajendra_nagar2, Tank Max Level (meter^3) = 990.779663
 Tank ID = Rajendra_nagar2, Tank Input Link ID = 71
 Tank ID = Rajendra_nagar2, Tank Output Link ID = 20
 Tank ID = Rajendra_nagar1, Tank Max Level (meter^3) = 1475.370483
 Tank ID = Rajendra_nagar1, Tank Input Link ID = 69
 Tank ID = Rajendra_nagar1, Tank Output Link ID = 18
 Tank ID = Bademakan, Tank Max Level (meter^3) = 499.937347
 Tank ID = Bademakan, Tank Input Link ID = 67
 Tank ID = Bademakan, Tank Output Link ID = 16
 Tank ID = Kesare, Tank Max Level (meter^3) = 499.937347
 Tank ID = Kesare, Tank Input Link ID = 64
 Tank ID = Kesare, Tank Output Link ID = 14
 Tank ID = Rajiv_nagar_II, Tank Max Level (meter^3) = 990.779663
 Tank ID = Rajiv_nagar_II, Tank Input Link ID = 11
 Tank ID = Rajiv_nagar_II, Tank Output Link ID = 12
 Tank ID = Veeranageeri, Tank Max Level (meter^3) = 499.937347
 Tank ID = Veeranageeri, Tank Input Link ID = 79
 Tank ID = Veeranageeri, Tank Output Link ID = 10
 Tank ID = NR_mohalla2, Tank Max Level (meter^3) = 251.123215
 Tank ID = NR_mohalla2, Tank Input Link ID = 77
 Tank ID = NR_mohalla2, Tank Output Link ID = 8
 Tank ID = NR_mohalla1, Tank Max Level (meter^3) = 990.779663
 Tank ID = NR_mohalla1, Tank Input Link ID = 75
 Tank ID = NR_mohalla1, Tank Output Link ID = 7
 Tank ID = Rajiv_nagar_I, Tank Max Level (meter^3) = 1475.370239
 Tank ID = Rajiv_nagar_I, Tank Input Link ID = 73
 Tank ID = Rajiv_nagar_I, Tank Output Link ID = 1
 Tank ID = Tippu_park, Tank Max Level (meter^3) = 990.779663
 Tank ID = Tippu_park, Tank Input Link ID = 55
 Tank ID = Tippu_park, Tank Output Link ID = 2
 Valve Link of Valve 80 is 49
 Valve Id = 80 	  Initial Valve Value = 0.000000
 Max Flow across Valve 80 = 490.873840 	 Diameter is 500.000000
 Valve Link of Valve 78 is 50
 Valve Id = 78 	  Initial Valve Value = 0.000000
 Max Flow across Valve 78 = 176.714584 	 Diameter is 300.000000
 Valve Link of Valve 76 is 51
 Valve Id = 76 	  Initial Valve Value = 0.000000
 Max Flow across Valve 76 = 122.718460 	 Diameter is 250.000000
 Valve Link of Valve 74 is 52
 Valve Id = 74 	  Initial Valve Value = 0.000000
 Max Flow across Valve 74 = 240.528183 	 Diameter is 350.000000
 Valve Link of Valve 72 is 53
 Valve Id = 72 	  Initial Valve Value = 0.000000
 Max Flow across Valve 72 = 176.714584 	 Diameter is 300.000000
 Valve Link of Valve 70 is 54
 Valve Id = 70 	  Initial Valve Value = 0.000000
 Max Flow across Valve 70 = 122.718460 	 Diameter is 250.000000
 Valve Link of Valve 68 is 55
 Valve Id = 68 	  Initial Valve Value = 0.000000
 Max Flow across Valve 68 = 240.528183 	 Diameter is 350.000000
 Valve Link of Valve 66 is 56
 Valve Id = 66 	  Initial Valve Value = 0.000000
 Max Flow across Valve 66 = 44.178646 	 Diameter is 150.000000
 Valve Link of Valve 65 is 57
 Valve Id = 65 	  Initial Valve Value = 0.000000
 Max Flow across Valve 65 = 78.539818 	 Diameter is 200.000000
 Valve Link of Valve 40 is 58
 Valve Id = 40 	  Initial Valve Value = 0.000000
 Max Flow across Valve 40 = 122.718460 	 Diameter is 250.000000
 Valve Link of Valve 35 is 59
 Valve Id = 35 	  Initial Valve Value = 0.000000
 Max Flow across Valve 35 = 176.714584 	 Diameter is 300.000000
 Valve Link of Valve 3 is 60
 Valve Id = 3 	  Initial Valve Value = 0.000000
 Max Flow across Valve 3 = 649.180664 	 Diameter is 575.000000
OUTER ITERATION COUNT in 1
 Simulation Parameters
 rho = 0.600000. c = 0.001000, beta = 0.600000
 Iteration Count = 100	Function Value = 724.834771 	 Percentage Difference = -0.016737 Gradient Norm = 21.957554 alpha mult = 0.600000
 Iteration Count = 200	Function Value = 217.877744 	 Percentage Difference = -0.007322 Gradient Norm = 3.463836 alpha mult = 0.600000
 Iteration Count = 300	Function Value = 126.939258 	 Percentage Difference = -0.002997 Gradient Norm = 0.709983 alpha mult = 0.600000
 Iteration Count = 400	Function Value = 106.249373 	 Percentage Difference = -0.000924 Gradient Norm = 0.179549 alpha mult = 0.600000
 Iteration Count = 500	Function Value = 99.824836 	 Percentage Difference = -0.000380 Gradient Norm = 0.072226 alpha mult = 0.600000
 Iteration Count = 600	Function Value = 96.708709 	 Percentage Difference = -0.000246 Gradient Norm = 0.041582 alpha mult = 0.600000
 Iteration Count = 700	Function Value = 94.627880 	 Percentage Difference = -0.000211 Gradient Norm = 0.030136 alpha mult = 0.600000
 Iteration Count = 800	Function Value = 93.037025 	 Percentage Difference = -0.000158 Gradient Norm = 0.023872 alpha mult = 0.600000
 Iteration Count = 900	Function Value = 91.823176 	 Percentage Difference = -0.000120 Gradient Norm = 0.018988 alpha mult = 0.600000
 Iteration Count = 1000	Function Value = 90.862687 	 Percentage Difference = -0.000102 Gradient Norm = 0.015390 alpha mult = 0.600000
OUTER ITERATION COUNT in 2
 Simulation Parameters
 rho = 0.600000. c = 0.001000, beta = 0.600000
 Iteration Count = 100	Function Value = 90.062830 	 Percentage Difference = -0.000087 Gradient Norm = 0.014745 alpha mult = 0.600000
 Iteration Count = 200	Function Value = 89.445981 	 Percentage Difference = -0.000070 Gradient Norm = 0.010981 alpha mult = 0.600000
 Iteration Count = 300	Function Value = 88.889252 	 Percentage Difference = -0.000058 Gradient Norm = 0.009671 alpha mult = 0.600000
 Iteration Count = 400	Function Value = 88.421055 	 Percentage Difference = -0.000049 Gradient Norm = 0.008261 alpha mult = 0.600000
 Iteration Count = 500	Function Value = 88.043194 	 Percentage Difference = -0.000045 Gradient Norm = 0.007484 alpha mult = 0.600000
 Iteration Count = 600	Function Value = 87.695255 	 Percentage Difference = -0.000023 Gradient Norm = 0.007232 alpha mult = 0.600000
 Iteration Count = 700	Function Value = 86.929610 	 Percentage Difference = -0.000026 Gradient Norm = 0.006254 alpha mult = 0.600000
 Iteration Count = 800	Function Value = 86.644845 	 Percentage Difference = -0.000027 Gradient Norm = 0.007118 alpha mult = 0.600000
 Iteration Count = 900	Function Value = 86.404631 	 Percentage Difference = -0.000019 Gradient Norm = 0.005566 alpha mult = 0.600000
 Iteration Count = 1000	Function Value = 86.210848 	 Percentage Difference = -0.000019 Gradient Norm = 0.005516 alpha mult = 0.600000
OUTER ITERATION COUNT in 3
 Simulation Parameters
 rho = 0.600000. c = 0.001000, beta = 0.600000
 Iteration Count = 100	Function Value = 86.042426 	 Percentage Difference = -0.000029 Gradient Norm = 0.004822 alpha mult = 0.600000
 Iteration Count = 200	Function Value = 85.868495 	 Percentage Difference = -0.000019 Gradient Norm = 0.005400 alpha mult = 0.600000
 Iteration Count = 300	Function Value = 85.705942 	 Percentage Difference = -0.000016 Gradient Norm = 0.004547 alpha mult = 0.600000
 Iteration Count = 400	Function Value = 85.579995 	 Percentage Difference = -0.000015 Gradient Norm = 0.004707 alpha mult = 0.600000
 Iteration Count = 500	Function Value = 85.446673 	 Percentage Difference = -0.000010 Gradient Norm = 0.004605 alpha mult = 0.600000
 Iteration Count = 600	Function Value = 85.341858 	 Percentage Difference = -0.000016 Gradient Norm = 0.004290 alpha mult = 0.600000
 Iteration Count = 700	Function Value = 85.228441 	 Percentage Difference = -0.000010 Gradient Norm = 0.004295 alpha mult = 0.600000
 Iteration Count = 800	Function Value = 85.123133 	 Percentage Difference = -0.000017 Gradient Norm = 0.003858 alpha mult = 0.600000
 Iteration Count = 900	Function Value = 85.079632 	 Percentage Difference = 0.000000 Gradient Norm = 0.002888 alpha mult = 0.000000
 Iteration Count = 1000	Functi