size of TankStruct = 1192, Size of Valve Struct = 560
tankcount = 0
 Tank 1: Tank ID = 34,
tankcount = 1
 Tank 2: Tank ID = Rajendra_nagar2,
tankcount = 2
 Tank 3: Tank ID = Rajendra_nagar1,
tankcount = 3
 Tank 4: Tank ID = Bademakan,
tankcount = 4
 Tank 5: Tank ID = Kesare,
tankcount = 5
 Tank 6: Tank ID = Rajiv_nagar_II,
tankcount = 6
 Tank 7: Tank ID = Veeranageeri,
tankcount = 7
 Tank 8: Tank ID = NR_mohalla2,
tankcount = 8
 Tank 9: Tank ID = NR_mohalla1,
tankcount = 9
 Tank 10: Tank ID = Rajiv_nagar_I,
tankcount = 10
 Tank 11: Tank ID = Tippu_park,
 Tank ID = 34, Tank Max Level (meter^3) = 990.779907
 Tank ID = 34, Tank Input Link ID = 84
 Tank ID = 34, Tank Output Link ID = 9
 Tank ID = Rajendra_nagar2, Tank Max Level (meter^3) = 990.779663
 Tank ID = Rajendra_nagar2, Tank Input Link ID = 71
 Tank ID = Rajendra_nagar2, Tank Output Link ID = 20
 Tank ID = Rajendra_nagar1, Tank Max Level (meter^3) = 1475.370483
 Tank ID = Rajendra_nagar1, Tank Input Link ID = 69
 Tank ID = Rajendra_nagar1, Tank Output Link ID = 18
 Tank ID = Bademakan, Tank Max Level (meter^3) = 499.937347
 Tank ID = Bademakan, Tank Input Link ID = 67
 Tank ID = Bademakan, Tank Output Link ID = 16
 Tank ID = Kesare, Tank Max Level (meter^3) = 499.937347
 Tank ID = Kesare, Tank Input Link ID = 64
 Tank ID = Kesare, Tank Output Link ID = 14
 Tank ID = Rajiv_nagar_II, Tank Max Level (meter^3) = 990.779663
 Tank ID = Rajiv_nagar_II, Tank Input Link ID = 11
 Tank ID = Rajiv_nagar_II, Tank Output Link ID = 12
 Tank ID = Veeranageeri, Tank Max Level (meter^3) = 499.937347
 Tank ID = Veeranageeri, Tank Input Link ID = 79
 Tank ID = Veeranageeri, Tank Output Link ID = 10
 Tank ID = NR_mohalla2, Tank Max Level (meter^3) = 251.123215
 Tank ID = NR_mohalla2, Tank Input Link ID = 77
 Tank ID = NR_mohalla2, Tank Output Link ID = 8
 Tank ID = NR_mohalla1, Tank Max Level (meter^3) = 990.779663
 Tank ID = NR_mohalla1, Tank Input Link ID = 75
 Tank ID = NR_mohalla1, Tank Output Link ID = 7
 Tank ID = Rajiv_nagar_I, Tank Max Level (meter^3) = 1475.370239
 Tank ID = Rajiv_nagar_I, Tank Input Link ID = 73
 Tank ID = Rajiv_nagar_I, Tank Output Link ID = 1
 Tank ID = Tippu_park, Tank Max Level (meter^3) = 990.779663
 Tank ID = Tippu_park, Tank Input Link ID = 55
 Tank ID = Tippu_park, Tank Output Link ID = 2
 Valve Link of Valve 80 is 49
 Valve Id = 80 	  Initial Valve Value = 0.000000
 Max Flow across Valve 80 = 490.873840 	 Diameter is 500.000000
 Valve Link of Valve 78 is 50
 Valve Id = 78 	  Initial Valve Value = 0.000000
 Max Flow across Valve 78 = 176.714584 	 Diameter is 300.000000
 Valve Link of Valve 76 is 51
 Valve Id = 76 	  Initial Valve Value = 0.000000
 Max Flow across Valve 76 = 122.718460 	 Diameter is 250.000000
 Valve Link of Valve 74 is 52
 Valve Id = 74 	  Initial Valve Value = 0.000000
 Max Flow across Valve 74 = 240.528183 	 Diameter is 350.000000
 Valve Link of Valve 72 is 53
 Valve Id = 72 	  Initial Valve Value = 0.000000
 Max Flow across Valve 72 = 176.714584 	 Diameter is 300.000000
 Valve Link of Valve 70 is 54
 Valve Id = 70 	  Initial Valve Value = 0.000000
 Max Flow across Valve 70 = 122.718460 	 Diameter is 250.000000
 Valve Link of Valve 68 is 55
 Valve Id = 68 	  Initial Valve Value = 0.000000
 Max Flow across Valve 68 = 240.528183 	 Diameter is 350.000000
 Valve Link of Valve 66 is 56
 Valve Id = 66 	  Initial Valve Value = 0.000000
 Max Flow across Valve 66 = 44.178646 	 Diameter is 150.000000
 Valve Link of Valve 65 is 57
 Valve Id = 65 	  Initial Valve Value = 0.000000
 Max Flow across Valve 65 = 78.539818 	 Diameter is 200.000000
 Valve Link of Valve 40 is 58
 Valve Id = 40 	  Initial Valve Value = 0.000000
 Max Flow across Valve 40 = 122.718460 	 Diameter is 250.000000
 Valve Link of Valve 35 is 59
 Valve Id = 35 	  Initial Valve Value = 0.000000
 Max Flow across Valve 35 = 176.714584 	 Diameter is 300.000000
 Valve Link of Valve 3 is 60
 Valve Id = 3 	  Initial Valve Value = 0.000000
 Max Flow across Valve 3 = 649.180664 	 Diameter is 575.000000
OUTER ITERATION COUNT is 1
 Simulation Parameters
 rho = 0.600000. c = 0.001000, beta = 0.600000
 Iteration Count = 100	Function Value = 47263.460282 	 Percentage Difference = -0.000000 Gradient Norm = 240312176.000000 alpha mult = 0.000000
 Iteration Count = 200	Function Value = 47263.053513 	 Percentage Difference = -0.000000 Gradient Norm = 240721168.000000 alpha mult = 0.000000
 Iteration Count = 300	Function Value = 47262.653392 	 Percentage Difference = 0.000000 Gradient Norm = 240656416.000000 alpha mult = 0.000000
 Iteration Count = 400	Function Value = 47262.238132 	 Percentage Difference = -0.000000 Gradient Norm = 240117760.000000 alpha mult = 0.000000
 Iteration Count = 500	Function Value = 47261.835683 	 Percentage Difference = -0.000000 Gradient Norm = 240055744.000000 alpha mult = 0.000000
 Iteration Count = 600	Function Value = 47261.431007 	 Percentage Difference = -0.000000 Gradient Norm = 239991152.000000 alpha mult = 0.000000
 Iteration Count = 700	Function Value = 47261.026693 	 Percentage Difference = -0.000000 Gradient Norm = 239924240.000000 alpha mult = 0.000000
 Iteration Count = 800	Function Value = 47260.623114 	 Percentage Difference = 0.000000 Gradient Norm = 239855216.000000 alpha mult = 0.000000
 Iteration Count = 900	Function Value = 47260.225062 	 Percentage Difference = 0.000000 Gradient Norm = 240263648.000000 alpha mult = 0.000000
 Iteration Count = 1000	Function Value = 47259.811375 	 Percentage Difference = -0.000000 Gradient Norm = 239727328.000000 alpha mult = 0.000000
OUTER ITERATION COUNT is 2
 Simulation Parameters
 rho = 0.600000. c = 0.001000, beta = 0.600000
 Iteration Count = 100	Function Value = 47259.403448 	 Percentage Difference = 0.000000 Gradient Norm = 239661808.000000 alpha mult = 0.000000
 Iteration Count = 200	Function Value = 47256.207378 	 Percentage Difference = 0.000000 Gradient Norm = 239070576.000000 alpha mult = 0.000000
 Iteration Count = 300	Function Value = 47255.789113 	 Percentage Difference = -0.000000 Gradient Norm = 239001680.000000 alpha mult = 0.000000
 Iteration Count = 400	Function Value = 47255.386084 	 Percentage Difference = -0.000000 Gradient Norm = 238939536.000000 alpha mult = 0.000000
 Iteration Count = 500	Function Value = 47254.979432 	 Percentage Difference = -0.000000 Gradient Norm = 238873056.000000 alpha mult = 0.000000
 Iteration Count = 600	Function Value = 47254.574476 	 Percentage Difference = -0.000000 Gradient Norm = 238804816.000000 alpha mult = 0.000000
 Iteration Count = 700	Function Value = 47254.166224 	 Percentage Difference = -0.000000 Gradient Norm = 238742000.000000 alpha mult = 0.000000
 Iteration Count = 800	Function Value = 47253.764299 	 Percentage Difference = -0.000000 Gradient Norm = 238671808.000000 alpha mult = 0.000000
 Iteration Count = 900	Function Value = 47253.361489 	 Percentage Difference = -0.000000 Gradient Norm = 238606192.000000 alpha mult = 0.000000
 Iteration Count = 1000	Function Value = 47252.949961 	 Percentage Difference = -0.000000 Gradient Norm = 238537168.000000 alpha mult = 0.000000
OUTER ITERATION COUNT is 3
 Simulation Parameters
 rho = 0.600000. c = 0.001000, beta = 0.600000
 Iteration Count = 100	Function Value = 47252.544197 	 Percentage Difference = -0.000000 Gradient Norm = 238471680.000000 alpha mult = 0.000000
 Iteration Count = 200	Function Value = 47252.141567 	 Percentage Difference = -0.000000 Gradient Norm = 238403888.000000 alpha mult = 0.000000
 Iteration Count = 300	Function Value = 47251.728999 	 Percentage Difference = 0.000000 Gradient Norm = 238339696.000000 alpha mult = 0.000000
 Iteration Count = 400	Function Value = 47251.310069 	 Percentage Difference = -0.000000 Gradient Norm = 238274496.000000 alpha mult = 0.000000
 Iteration Count = 500	Function Value = 47250.899097 	 Percentage Difference = 0.000000 Gradient Norm = 238206560.000000 alpha mult = 0.000000
 Iteration Count = 600	Function Value = 47250.482201 	 Percentage Difference = -0.000000 Gradient Norm = 238141088.000000 alpha mult = 0.000000
 Iteration Count = 700	Function Value = 47250.089839 	 Percentage Difference = -0.000000 Gradient Norm = 238073472.000000 alpha mult = 0.000000
 Iteration Count = 800	Function Value = 47249.677161 	 Percentage Difference = -0.000000 Gradient Norm = 238008032.000000 alpha mult = 0.000000
 Iteration Count = 900	Function Value = 47249.252353 	 Percentage Difference = -0.000000 Gradient Norm = 237942384.000000 alpha mult = 0.000000
 Iteration Count = 1000	Function Value = 47248.859707 	 Percentage Difference = -0.000000 Gradient Norm = 237873712.000000 alpha mult = 0.000000
OUTER ITERATION COUNT is 4
 Simulation Parameters
 rho = 0.600000. c = 0.001000, beta = 0.600000
 Iteration Count = 100	Function Value = 47248.426138 	 Percentage Difference = -0.000000 Gradient Norm = 237809408.000000 alpha mult = 0.000000
 Iteration Count = 200	Function Value = 47248.035136 	 Percentage Difference = 0.000000 Gradient Norm = 237741616.000000 alpha mult = 0.000000
 Iteration Count = 300	Function Value = 47247.637427 	 Percentage Difference = 0.000000 Gradient Norm = 237675296.000000 alpha mult = 0.000000
 Iteration Count = 400	Function Value = 47247.218064 	 Percentage Difference = -0.000000 Gradient Norm = 237608768.000000 alpha mult = 0.000000
 Iteration Count = 500	Function Value = 47246.790806 	 Percentage Difference = -0.000000 Gradient Norm = 237539776.000000 alpha mult = 0.000000
 Iteration Count = 600	Function Value = 47246.372967 	 Percentage Difference = -0.000001 Gradient Norm = 237472176.000000 alpha mult = 0.000000
 Iteration Count = 700	Function Value = 47245.984520 	 Percentage Difference = 0.000000 Gradient Norm = 237406688.000000 alpha mult = 0.000000
 Iteration Count = 800	Function Value = 47245.582221 	 Percentage Difference = 0.000000 Gradient Norm = 237340176.000000 alpha mult = 0.000000
 Iteration Count = 900	Function Value = 47245.170156 	 Percentage Difference = 0.000000 Gradient Norm = 237270080.000000 alpha mult = 0.000000
 Iteration Count = 1000	Function Value = 47244.761912 	 Percentage Difference = -0.000000 Gradient Norm = 237203696.000000 alpha mult = 0.000000
OUTER ITERATION COUNT is 5
 Simulation Parameters
 rho = 0.600000. c = 0.001000, beta = 0.600000
 Iteration Count = 100	Function Value = 47244.336834 	 Percentage Difference = -0.000000 Gradient Norm = 237134880.000000 alpha mult = 0.000000
 Iteration Count = 200	Function Value = 47243.930513 	 Percentage Difference = -0.000000 Gradient Norm = 237065968.000000 alpha mult = 0.000000
 Iteration Count = 300	Function Value = 47243.532916 	 Percentage Difference = 0.000000 Gradient Norm = 236999680.000000 alpha mult = 0.000000
 Iteration Count = 400	Function Value = 47243.114059 	 Percentage Difference = -0.000000 Gradient Norm = 236932032.000000 alpha mult = 0.000000
 Iteration Count = 500	Function Value = 47242.688390 	 Percentage Difference = -0.000000 Gradient Norm = 236868096.000000 alpha mult = 0.000000
 Iteration Count = 600	Function Value = 47242.300466 	 Percentage Difference = 0.000000 Gradient Norm = 236801680.000000 alpha mult = 0.000000
 Iteration Count = 700	Function Value = 47241.872657 	 Percentage Difference = -0.000000 Gradient Norm = 236735072.000000 alpha mult = 0.000000
 Iteration Count = 800	Function Value = 47241.463977 	 Percentage Difference = -0.000000 Gradient Norm = 236665296.000000 alpha mult = 0.000000
 Iteration Count = 900	Function Value = 47241.055839 	 Percentage Difference = 0.000000 Gradient Norm = 236598944.000000 alpha mult = 0.000000
 Iteration Count = 1000	Function Value = 47240.638495 	 Percentage Difference = -0.000000 Gradient Norm = 236528896.000000 alpha mult = 0.000000
OUTER ITERATION COUNT is 6
 Simulation Parameters
 rho = 0.600000. c = 0.001000, beta = 0.600000
 Iteration Count = 100	Function Value = 47240.246388 	 Percentage Difference = 0.000000 Gradient Norm = 236462400.000000 alpha mult = 0.000000
 Iteration Count = 200	Function Value = 47239.822192 	 Percentage Difference = 0.000000 Gradient Norm = 236393824.000000 alpha mult = 0.000000
 Iteration Count = 300	Function Value = 47239.395633 	 Percentage Difference = -0.000000 Gradient Norm = 236326304.000000 alpha mult = 0.000000
 Iteration Count = 400	Function Value = 47238.999874 	 Percentage Difference = 0.000000 Gradient Norm = 236257552.000000 alpha mult = 0.000000
 Iteration Count = 500	Function Value = 47238.581695 	 Percentage Difference = -0.000000 Gradient Norm = 236192320.000000 alpha mult = 0.000000
 Iteration Count = 600	Function Value = 47238.157044 	 Percentage Difference = -0.000000 Gradient Norm = 236126048.000000 alpha mult = 0.000000
 Iteration Count = 700	Function Value = 47237.726832 	 Percentage Difference = -0.000000 Gradient Norm = 236059664.000000 alpha mult = 0.000000
 Iteration Count = 800	Function Value = 47237.333408 	 Percentage Difference = 0.000000 Gradient Norm = 235989792.000000 alpha mult = 0.000000
 Iteration Count = 900	Function Value = 47236.921776 	 Percentage Difference = -0.000000 Gradient Norm = 235919968.000000 alpha mult = 0.000000
 Iteration Count = 1000	Function Value = 47236.511995 	 Percentage Difference = -0.000000 Gradient Norm = 235851424.000000 alpha mult = 0.000000
OUTER ITERATION COUNT is 7
 Simulation Parameters
 rho = 0.600000. c = 0.001000, beta = 0.600000
 Iteration Count = 100	Function Value = 47236.109528 	 Percentage Difference = 0.000000 Gradient Norm = 235780320.000000 alpha mult = 0.000000
 Iteration Count = 200	Function Value = 47235.688145 	 Percentage Difference = 0.000000 Gradient Norm = 235716384.000000 alpha mult = 0.000000
 Iteration Count = 300	Function Value = 47235.265179 	 Percentage Difference = -0.000000 Gradient Norm = 235648992.000000 alpha mult = 0.000000
 Iteration Count = 400	Function Value = 47234.851409 	 Percentage Difference = -0.000000 Gradient Norm = 235579344.000000 alpha mult = 0.000000
 Iteration Count = 500	Function Value = 47234.441678 	 Percentage Difference = -0.000000 Gradient Norm = 235511968.000000 alpha mult = 0.000000
 Iteration Count = 600	Function Value = 47234.029490 	 Percentage Difference = -0.000000 Gradient Norm = 235443248.000000 alpha mult = 0.000000
 Iteration Count = 700	Function Value = 47233.614284 	 Percentage Difference = -0.000000 Gradient Norm = 235371024.000000 alpha mult = 0.000000
 Iteration Count = 800	Function Value = 47233.202875 	 Percentage Difference = -0.000000 Gradient Norm = 235303584.000000 alpha mult = 0.000000
 Iteration Count = 900	Function Value = 47232.786599 	 Percentage Difference = -0.000000 Gradient Norm = 235234048.000000 alpha mult = 0.000000
 Iteration Count = 1000	Function Value = 47232.383534 	 Percentage Difference = 0.000000 Gradient Norm = 235163072.000000 alpha mult = 0.000000
OUTER ITERATION COUNT is 8
 Simulation Parameters
 rho = 0.600000. c = 0.001000, beta = 0.600000
 Iteration Count = 100	Function Value = 47231.973676 	 Percentage Difference = 0.000000 Gradient Norm = 235097856.000000 alpha mult = 0.000000
 Iteration Count = 200	Function Value = 47231.534026 	 Percentage Difference = -0.000000 Gradient Norm = 235029472.000000 alpha mult = 0.000000
 Iteration Count = 300	Function Value = 47231.130008 	 Percentage Difference = -0.000000 Gradient Norm = 234958688.000000 alpha mult = 0.000000
 Iteration Count = 400	Function Value = 47230.709398 	 Percentage Difference = -0.000000 Gradient Norm = 234888816.000000 alpha mult = 0.000000
 Iteration Count = 500	Function Value = 47230.294740 	 Percentage Difference = 0.000000 Gradient Norm = 234821456.000000 alpha mult = 0.000000
 Iteration Count = 600	Function Value = 47229.880157 	 Percentage Difference = -0.000000 Gradient Norm = 234750688.000000 alpha mult = 0.000000
 Iteration Count = 700	Function Value = 47229.470868 	 Percentage Difference = -0.000000 Gradient Norm = 234682064.000000 alpha mult = 0.000000
 Iteration Count = 800	Function Value = 47229.062243 	 Percentage Difference = -0.000000 Gradient Norm = 234608880.000000 alpha mult = 0.000000
 Iteration Count = 900	Function Value = 47228.646771 	 Percentage Difference = -0.000000 Gradient Norm = 234539136.000000 alpha mult = 0.000000
 Iteration Count = 1000	Function Value = 47228.245975 	 Percentage Difference = 0.000000 Gradient Norm = 234470880.000000 alpha mult = 0.000000
OUTER ITERATION COUNT is 9
 Simulation Parameters
 rho = 0.600000. c = 0.001000, beta = 0.600000
