size of TankStruct = 1192, Size of Valve Struct = 552
tankcount = 0
 Tank 1: Tank ID = 34,
tankcount = 1
 Tank 2: Tank ID = Veeranageeri,
tankcount = 2
 Tank 3: Tank ID = NR_mohalla2,
tankcount = 3
 Tank 4: Tank ID = NR_Mohalla1,
tankcount = 4
 Tank 5: Tank ID = Rajiv_nagar_II,
tankcount = 5
 Tank 6: Tank ID = Tippu_Park,
 Tank ID = 34, Tank Max Level (meter^3) = 990.779907
 Tank ID = 34, Tank Input Link ID = 84
 Tank ID = 34, Tank Output Link ID = DVRTMP3
 Tank ID = Veeranageeri, Tank Max Level (meter^3) = 499.937347
 Tank ID = Veeranageeri, Tank Input Link ID = 79
 Tank ID = Veeranageeri, Tank Output Link ID = 10
 Tank ID = NR_mohalla2, Tank Max Level (meter^3) = 251.123215
 Tank ID = NR_mohalla2, Tank Input Link ID = 77
 Tank ID = NR_mohalla2, Tank Output Link ID = 8
 Tank ID = NR_Mohalla1, Tank Max Level (meter^3) = 990.779663
 Tank ID = NR_Mohalla1, Tank Input Link ID = 75
 Tank ID = NR_Mohalla1, Tank Output Link ID = 7
 Tank ID = Rajiv_nagar_II, Tank Max Level (meter^3) = 1475.370239
 Tank ID = Rajiv_nagar_II, Tank Input Link ID = 73
 Tank ID = Rajiv_nagar_II, Tank Output Link ID = 1
 Tank ID = Tippu_Park, Tank Max Level (meter^3) = 990.779663
 Tank ID = Tippu_Park, Tank Input Link ID = 55
 Tank ID = Tippu_Park, Tank Output Link ID = 2
valvecount = 0
 
Valve 1: Valve ID = 80,
 ValveValue 1 = 119.018829
 ValveValue 2 = 119.019279
 ValveValue 3 = 119.021011
 ValveValue 4 = 119.022758
 ValveValue 5 = 119.021263
 ValveValue 6 = 119.019501
 ValveValue 7 = 119.020958
 ValveValue 8 = 119.020111
 ValveValue 9 = 119.017326
 ValveValue 10 = 119.021263
 ValveValue 11 = 119.021202
 ValveValue 12 = 119.021263
 ValveValue 13 = 119.021202
 ValveValue 14 = 119.018768
 ValveValue 15 = 119.019341
 ValveValue 16 = 119.019714
 ValveValue 17 = 119.021042
 ValveValue 18 = 119.021690
 ValveValue 19 = 119.021202
 ValveValue 20 = 119.018829
 ValveValue 21 = 119.020500
 ValveValue 22 = 119.022087
 ValveValue 23 = 119.022758
 ValveValue 24 = 119.019279
valvecount = 1
 
Valve 2: Valve ID = 78,
 ValveValue 1 = 10.351542
 ValveValue 2 = 13.484177
 ValveValue 3 = 15.655304
 ValveValue 4 = 19.928902
 ValveValue 5 = 33.024040
 ValveValue 6 = 64.829216
 ValveValue 7 = 87.478210
 ValveValue 8 = 92.736099
 ValveValue 9 = 92.842941
 ValveValue 10 = 87.413666
 ValveValue 11 = 68.097374
 ValveValue 12 = 43.131985
 ValveValue 13 = 30.893410
 ValveValue 14 = 27.133690
 ValveValue 15 = 27.316999
 ValveValue 16 = 23.011723
 ValveValue 17 = 25.174706
 ValveValue 18 = 28.952471
 ValveValue 19 = 35.295364
 ValveValue 20 = 35.314983
 ValveValue 21 = 28.905582
 ValveValue 22 = 24.970028
 ValveValue 23 = 21.982038
 ValveValue 24 = 21.374245
valvecount = 2
 
Valve 3: Valve ID = 76,
 ValveValue 1 = 0.000000
 ValveValue 2 = 0.000000
 ValveValue 3 = 3.148241
 ValveValue 4 = 5.445385
 ValveValue 5 = 8.314867
 ValveValue 6 = 15.220182
 ValveValue 7 = 25.229662
 ValveValue 8 = 30.450397
 ValveValue 9 = 30.729647
 ValveValue 10 = 25.934288
 ValveValue 11 = 16.277315
 ValveValue 12 = 14.698191
 ValveValue 13 = 12.498007
 ValveValue 14 = 12.386706
 ValveValue 15 = 13.938629
 ValveValue 16 = 10.515806
 ValveValue 17 = 12.357300
 ValveValue 18 = 14.774837
 ValveValue 19 = 19.627407
 ValveValue 20 = 19.626059
 ValveValue 21 = 14.756199
 ValveValue 22 = 12.316082
 ValveValue 23 = 10.682628
 ValveValue 24 = 17.928068
valvecount = 3
 
Valve 4: Valve ID = 74,
 ValveValue 1 = 134.426453
 ValveValue 2 = 134.425735
 ValveValue 3 = 134.426697
 ValveValue 4 = 134.423828
 ValveValue 5 = 134.425476
 ValveValue 6 = 134.423584
 ValveValue 7 = 134.417496
 ValveValue 8 = 134.408630
 ValveValue 9 = 134.419968
 ValveValue 10 = 134.416779
 ValveValue 11 = 134.418915
 ValveValue 12 = 134.424072
 ValveValue 13 = 134.422119
 ValveValue 14 = 134.421677
 ValveValue 15 = 134.420212
 ValveValue 16 = 134.419907
 ValveValue 17 = 134.425842
 ValveValue 18 = 134.427582
 ValveValue 19 = 134.425293
 ValveValue 20 = 134.426193
 ValveValue 21 = 134.422455
 ValveValue 22 = 134.427902
 ValveValue 23 = 134.429337
 ValveValue 24 = 134.421295
valvecount = 4
 
Valve 5: Valve ID = 72,
 ValveValue 1 = 128.592178
 ValveValue 2 = 128.590363
 ValveValue 3 = 128.587051
 ValveValue 4 = 128.588409
 ValveValue 5 = 128.586273
 ValveValue 6 = 128.587738
 ValveValue 7 = 128.582443
 ValveValue 8 = 128.602722
 ValveValue 9 = 128.596481
 ValveValue 10 = 128.587601
 ValveValue 11 = 128.585526
 ValveValue 12 = 128.580582
 ValveValue 13 = 128.586304
 ValveValue 14 = 128.583023
 ValveValue 15 = 128.583221
 ValveValue 16 = 128.591217
 ValveValue 17 = 128.586761
 ValveValue 18 = 128.589264
 ValveValue 19 = 128.588699
 ValveValue 20 = 128.591125
 ValveValue 21 = 128.585785
 ValveValue 22 = 128.586227
 ValveValue 23 = 128.587784
 ValveValue 24 = 128.586334
valvecount = 5
 
Valve 6: Valve ID = 40,
 ValveValue 1 = 38.132290
 ValveValue 2 = 38.261539
 ValveValue 3 = 38.306587
 ValveValue 4 = 38.070446
 ValveValue 5 = 37.974445
 ValveValue 6 = 45.528019
 ValveValue 7 = 35.693741
 ValveValue 8 = 27.751736
 ValveValue 9 = 28.674797
 ValveValue 10 = 37.818348
 ValveValue 11 = 48.539261
 ValveValue 12 = 35.599167
 ValveValue 13 = 36.236317
 ValveValue 14 = 36.891163
 ValveValue 15 = 37.338112
 ValveValue 16 = 37.608639
 ValveValue 17 = 37.588707
 ValveValue 18 = 37.312420
 ValveValue 19 = 36.946331
 ValveValue 20 = 37.058842
 ValveValue 21 = 37.448986
 ValveValue 22 = 38.020969
 ValveValue 23 = 38.489761
 ValveValue 24 = 39.267254
valvecount = 6
 
Valve 7: Valve ID = 6,
 ValveValue 1 = 177.659714
 ValveValue 2 = 183.397079
 ValveValue 3 = 188.101822
 ValveValue 4 = 193.447327
 ValveValue 5 = 205.304382
 ValveValue 6 = 222.894791
 ValveValue 7 = 243.667068
 ValveValue 8 = 256.057617
 ValveValue 9 = 257.485168
 ValveValue 10 = 247.001404
 ValveValue 11 = 229.703918
 ValveValue 12 = 222.053970
 ValveValue 13 = 214.907791
 ValveValue 14 = 212.901520
 ValveValue 15 = 213.179581
 ValveValue 16 = 209.523346
 ValveValue 17 = 212.723663
 ValveValue 18 = 219.371796
 ValveValue 19 = 227.112961
 ValveValue 20 = 226.823761
 ValveValue 21 = 218.908981
 ValveValue 22 = 211.958618
 ValveValue 23 = 206.738602
 ValveValue 24 = 205.906342
valvecount = 7
 
Valve 8: Valve ID = 3,
 ValveValue 1 = 154.567780
 ValveValue 2 = 154.565704
 ValveValue 3 = 154.583618
 ValveValue 4 = 154.567657
 ValveValue 5 = 154.564499
 ValveValue 6 = 144.104553
 ValveValue 7 = 156.903015
 ValveValue 8 = 173.351730
 ValveValue 9 = 178.822922
 ValveValue 10 = 171.796265
 ValveValue 11 = 155.621521
 ValveValue 12 = 154.559830
 ValveValue 13 = 154.578278
 ValveValue 14 = 154.579300
 ValveValue 15 = 154.573822
 ValveValue 16 = 154.581512
 ValveValue 17 = 154.558838
 ValveValue 18 = 154.571381
 ValveValue 19 = 154.579926
 ValveValue 20 = 154.571243
 ValveValue 21 = 154.568649
 ValveValue 22 = 154.576752
 ValveValue 23 = 154.565445
 ValveValue 24 = 154.566605
valvecount = 8
 
Valve 9: Valve ID = 5,
 ValveValue 1 = 46.258022
 ValveValue 2 = 46.481937
 ValveValue 3 = 49.561779
 ValveValue 4 = 54.626610
 ValveValue 5 = 64.537003
 ValveValue 6 = 80.421036
 ValveValue 7 = 85.832695
 ValveValue 8 = 91.654198
 ValveValue 9 = 95.775833
 ValveValue 10 = 97.528267
 ValveValue 11 = 94.568382
 ValveValue 12 = 73.810860
 ValveValue 13 = 68.947975
 ValveValue 14 = 67.801888
 ValveValue 15 = 67.986908
 ValveValue 16 = 66.095108
 ValveValue 17 = 68.440536
 ValveValue 18 = 73.072708
 ValveValue 19 = 78.623772
 ValveValue 20 = 78.545555
 ValveValue 21 = 72.687927
 ValveValue 22 = 67.619637
 ValveValue 23 = 63.805103
 ValveValue 24 = 62.638626
ValveID = 80, Valve Link = 28
ValveID = 78, Valve Link = 29
ValveID = 76, Valve Link = 30
ValveID = 74, Valve Link = 31
ValveID = 72, Valve Link = 32
ValveID = 40, Valve Link = 33
ValveID = 6, Valve Link = 34
ValveID = 3, Valve Link = 35
ValveID = 5, Valve Link = 36
 Simulation Parameters
 rho = 0.600000. c = 0.001000, beta = 0.600000
 Iteration Count = 100	Function Value = 3855.633673 	 Percentage Difference = -0.836349 Gradient Norm = 4974797389824.000000 alpha mult = 0.000001
 Iteration Count = 200	Function Value = 48541.837199 	 Percentage Difference = 3.779806 Gradient Norm = 815292284928.000000 alpha mult = 0.000037
 Iteration Count = 300	Function Value = 248.052757 	 Percentage Difference = -0.983285 Gradient Norm = 79861374976.000000 alpha mult = 0.000000
 Iteration Count = 400	Function Value = 3562.010579 	 Percentage Difference = -0.845379 Gradient Norm = 35518636032.000000 alpha mult = 0.000000
 Iteration Count = 500	Function Value = 298597.157937 	 Percentage Difference = -0.000174 Gradient Norm = 50822339624960.000000 alpha mult = 0.000003
 Iteration Count = 600	Function Value = 725.597340 	 Percentage Difference = -0.201186 Gradient Norm = 3931990654976.000000 alpha mult = 0.000000
 Iteration Count = 700	Function Value = 306.091486 	 Percentage Difference = 0.000000 Gradient Norm = 344424960.000000 alpha mult = 0.000000
 Iteration Count = 800	Function Value = 306.090927 	 Percentage Difference = 0.000001 Gradient Norm = 344423264.000000 alpha mult = 0.000000
 Iteration Count = 900	Function Value = 306.091032 	 Percentage Difference = 0.000000 Gradient Norm = 344422912.000000 alpha mult = 0.000000
 Iteration Count = 1000	Function Value = 306.090428 	 Percentage Difference = -0.000001 Gradient Norm = 344426944.000000 alpha mult = 0.000000
%%%%%%%%%%%%%%%%%%%%%%%
Iteration Count = 1001
 
 
 
 Valve ID = 80
 Valve Value [0] = 119.018829 	 Gradient = 0.000000 
 Valve Value [1] = 119.019279 	 Gradient = 0.000000 
 Valve Value [2] = 119.021011 	 Gradient = 0.000000 
 Valve Value [3] = 119.022758 	 Gradient = 0.000000 
 Valve Value [4] = 119.021263 	 Gradient = 0.000000 
 Valve Value [5] = 119.019501 	 Gradient = 0.000000 
 Valve Value [6] = 119.020958 	 Gradient = 0.000000 
 Valve Value [7] = 119.020111 	 Gradient = 0.000000 
 Valve Value [8] = 119.017326 	 Gradient = 0.000000 
 Valve Value [9] = 119.021263 	 Gradient = 0.000000 
 Valve Value [10] = 119.021202 	 Gradient = 0.000000 
 Valve Value [11] = 119.021263 	 Gradient = 0.000000 
 Valve Value [12] = 119.021202 	 Gradient = 0.000000 
 Valve Value [13] = 119.018768 	 Gradient = 0.000000 
 Valve Value [14] = 119.019341 	 Gradient = 0.000000 
 Valve Value [15] = 119.019714 	 Gradient = 0.000000 
 Valve Value [16] = 119.021042 	 Gradient = 0.000000 
 Valve Value [17] = 119.021690 	 Gradient = 0.000000 
 Valve Value [18] = 119.021202 	 Gradient = 0.000000 
 Valve Value [19] = 119.018829 	 Gradient = 0.000000 
 Valve Value [20] = 119.020500 	 Gradient = 0.000000 
 Valve Value [21] = 119.022087 	 Gradient = 0.000000 
 Valve Value [22] = 119.022758 	 Gradient = 0.000000 
 Valve Value [23] = 119.019279 	 Gradient = 0.000000 
 
 
 
 Valve ID = 78
 Valve Value [0] = 18.611393 	 Gradient = 0.000305 
 Valve Value [1] = 77.236137 	 Gradient = -0.001221 
 Valve Value [2] = 119.721710 	 Gradient = 0.002136 
 Valve Value [3] = 118.807449 	 Gradient = 0.002136 
 Valve Value [4] = 11.700335 	 Gradient = -0.000916 
 Valve Value [5] = 4.645716 	 Gradient = -0.000305 
 Valve Value [6] = 118.073029 	 Gradient = -0.000305 
 Valve Value [7] = 94.020592 	 Gradient = -0.000610 
 Valve Value [8] = 40.733448 	 Gradient = -0.177612 
 Valve Value [9] = 111.462662 	 Gradient = 0.001221 
 Valve Value [10] = 67.858971 	 Gradient = 0.000000 
 Valve Value [11] = 47.120132 	 Gradient = -0.686951 
 Valve Value [12] = 61.870602 	 Gradient = 0.001831 
 Valve Value [13] = 539.622803 	 Gradient = -0.001221 
 Valve Value [14] = 36.947456 	 Gradient = 0.000916 
 Valve Value [15] = 16.713585 	 Gradient = -0.057373 
 Valve Value [16] = 43.974739 	 Gradient = 0.000305 
 Valve Value [17] = 21.408941 	 Gradient = -0.052185 
 Valve Value [18] = 41.287975 	 Gradient = -0.560303 
 Valve Value [19] = 36.100014 	 Gradient = -0.000305 
 Valve Value [20] = 38.827053 	 Gradient = -0.484009 
 Valve Value [21] = 21.108738 	 Gradient = -0.466919 
 Valve Value [22] = 3.999949 	 Gradient = -0.055237 
 Valve Value [23] = 26.738634 	 Gradient = -0.302124 
 
 
 
 Valve ID = 76
 Valve Value [0] = 1.003805 	 Gradient = 3.146667 
 Valve Value [1] = 10.078212 	 Gradient = 0.001526 
 Valve Value [2] = 0.000000 	 Gradient = 1.566772 
 Valve Value [3] = 141.451401 	 Gradient = -0.005798 
 Valve Value [4] = 46.654022 	 Gradient = 0.000305 
 Valve Value [5] = 29.899090 	 Gradient = -0.002136 
 Valve Value [6] = 0.000000 	 Gradient = 0.439758 
 Valve Value [7] = 27.757626 	 Gradient = 1.556702 
 Valve Value [8] = 4.373049 	 Gradient = 1.307373 
 Valve Value [9] = 16.679464 	 Gradient = 0.576782 
 Valve Value [10] = 0.000000 	 Gradient = 18521.666016 
 Valve Value [11] = 540.575439 	 Gradient = -0.000305 
 Valve Value [12] = 0.000000 	 Gradient = 1172.528931 
 Valve Value [13] = 334.392334 	 Gradient = -0.001221 
 Valve Value [14] = 14.847740 	 Gradient = 1.130066 
 Valve Value [15] = 0.386286 	 Gradient = 1.087952 
 Valve Value [16] = 16.733025 	 Gradient = 1.053467 
 Valve Value [17] = 1.970132 	 Gradient = 1.000061 
 Valve Value [18] = 16.716228 	 Gradient = 0.000305 
 Valve Value [19] = 26.213812 	 Gradient = 0.937500 
 Valve Value [20] = 19.064245 	 Gradient = -0.225830 
 Valve Value [21] = 18.688303 	 Gradient = 0.000000 
 Valve Value [22] = 19.147343 	 Gradient = 0.635071 
 Valve Value [23] = 12.897906 	 Gradient = 0.420227 
 
 
 
 Valve ID = 74
 Valve Value [0] = 86.758072 	 Gradient = 0.001526 
 Valve Value [1] = 151.347748 	 Gradient = -0.000916 
 Valve Value [2] = 155.419724 	 Gradient = -0.002136 
 Valve Value [3] = 10.775177 	 Gradient = -1.725464 
 Valve Value [4] = 60.397030 	 Gradient = 0.000305 
 Valve Value [5] = 166.792358 	 Gradient = -0.000610 
 Valve Value [6] = 92.572968 	 Gradient = -1.013794 
 Valve Value [7] = 175.042908 	 Gradient = 0.002747 
 Valve Value [8] = 152.412338 	 Gradient = -0.000305 
 Valve Value [9] = 130.643158 	 Gradient = -0.676575 
 Valve Value [10] = 136.341797 	 Gradient = 0.001526 
 Valve Value [11] = 150.449188 	 Gradient = -0.000610 
 Valve Value [12] = 111.209671 	 Gradient = -0.000610 
 Valve Value [13] = 136.224915 	 Gradient = -0.001221 
 Valve Value [14] = 114.599892 	 Gradient = -0.001831 
 Valve Value [15] = 91.527222 	 Gradient = 0.000000 
 Valve Value [16] = 144.611526 	 Gradient = 0.000000 
 Valve Value [17] = 131.654282 	 Gradient = -0.000305 
 Valve Value [18] = 133.843079 	 Gradient = 0.000610 
 Valve Value [19] = 149.306564 	 Gradient = -0.000305 
 Valve Value [20] = 38.693790 	 Gradient = -1.105957 
 Valve Value [21] = 83.679985 	 Gradient = -0.000916 
 Valve Value [22] = 179.268982 	 Gradient = -0.000916 
 Valve Value [23] = 119.993050 	 Gradient = 0.000610 
 
 
 
 Valve ID = 72
 Valve Value [0] = 158.903580 	 Gradient = -0.000305 
 Valve Value [1] = 861.516968 	 Gradient = -0.002441 
 Valve Value [2] = 88.865135 	 Gradient = -0.000610 
 Valve Value [3] = 0.276789 	 Gradient = -0.000610 
 Valve Value [4] = 103.421951 	 Gradient = -0.556030 
 Valve Value [5] = 132.312881 	 Gradient = 0.175476 
 Valve Value [6] = 125.736267 	 Gradient = 0.175476 
 Valve Value [7] = 35.153522 	 Gradient = 0.275269 
 Valve Value [8] = 136.491776 	 Gradient = 0.444946 
 Valve Value [9] = 129.859711 	 Gradient = 0.000305 
 Valve Value [10] = 3.404199 	 Gradient = 0.544434 
 Valve Value [11] = 634.616882 	 Gradient = 0.001221 
 Valve Value [12] = 71.669144 	 Gradient = 0.624695 
 Valve Value [13] = 136.598358 	 Gradient = -0.000610 
 Valve Value [14] = 134.875916 	 Gradient = 0.577087 
 Valve Value [15] = 84.905754 	 Gradient = 0.560913 
 Valve Value [16] = 119.779045 	 Gradient = 0.000610 
 Valve Value [17] = 119.765999 	 Gradient = 0.531616 
 Valve Value [18] = 210.552979 	 Gradient = 0.000000 
 Valve Value [19] = 103.995178 	 Gradient = 0.464783 
 Valve Value [20] = 94.926842 	 Gradient = 0.000305 
 Valve Value [21] = 236.260605 	 Gradient = 0.001526 
 Valve Value [22] = 103.442184 	 Gradient = 0.351868 
 Valve Value [23] = 125.970993 	 Gradient = -0.000610 
 
 
 
 Valve ID = 40
 Valve Value [0] = 44.446590 	 Gradient = -0.001221 
 Valve Value [1] = 56.478760 	 Gradient = -0.883789 
 Valve Value [2] = 81.741890 	 Gradient = -0.890198 
 Valve Value [3] = 4.686818 	 Gradient = -0.973206 
 Valve Value [4] = 283.141479 	 Gradient = -0.000916 
 Valve Value [5] = 83.533752 	 Gradient = 0.000610 
 Valve Value [6] = 18.329264 	 Gradient = -0.462341 
 Valve Value [7] = 10.909354 	 Gradient = 0.544434 
 Valve Value [8] = 34.967495 	 Gradient = -0.334167 
 Valve Value [9] = 1.278480 	 Gradient = -0.148315 
 Valve Value [10] = 42.970551 	 Gradient = -0.001221 
 Valve Value [11] = 42.171833 	 Gradient = -0.829773 
 Valve Value [12] = 32.447281 	 Gradient = 0.551758 
 Valve Value [13] = 39.226635 	 Gradient = -0.170593 
 Valve Value [14] = 41.913097 	 Gradient = 0.000916 
 Valve Value [15] = 8.257153 	 Gradient = -0.218811 
 Valve Value [16] = 170.596970 	 Gradient = 0.001526 
 Valve Value [17] = 2.130647 	 Gradient = -0.211182 
 Valve Value [18] = 27.351891 	 Gradient = -0.715942 
 Valve Value [19] = 22.169233 	 Gradient = -0.146484 
 Valve Value [20] = 14.390273 	 Gradient = -0.603943 
 Valve Value [21] = 43.506184 	 Gradient = -0.542603 
 Valve Value [22] = 48.328064 	 Gradient = -0.097656 
 Valve Value [23] = 49.835461 	 Gradient = -0.330200 
 
 
 
 Valve ID = 6
 Valve Value [0] = 207.378082 	 Gradient = -0.750122 
 Valve Value [1] = 143.561172 	 Gradient = -0.761108 
 Valve Value [2] = 176.192734 	 Gradient = -0.509644 
 Valve Value [3] = 107.427437 	 Gradient = -0.453186 
 Valve Value [4] = 170.406754 	 Gradient = -0.001526 
 Valve Value [5] = 160.775726 	 Gradient = -0.409546 
 Valve Value [6] = 347.386658 	 Gradient = 0.000000 
 Valve Value [7] = 257.094818 	 Gradient = -0.000610 
 Valve Value [8] = 410.418549 	 Gradient = 0.000000 
 Valve Value [9] = 232.128632 	 Gradient = 0.489807 
 Valve Value [10] = 232.210297 	 Gradient = -0.002747 
 Valve Value [11] = 584.312988 	 Gradient = 0.684509 
 Valve Value [12] = 215.197861 	 Gradient = 0.002136 
 Valve Value [13] = 186.729645 	 Gradient = 0.591736 
 Valve Value [14] = 243.232330 	 Gradient = -0.000305 
 Valve Value [15] = 189.455887 	 Gradient = -0.000610 
 Valve Value [16] = 197.820923 	 Gradient = 0.543213 
 Valve Value [17] = 256.235291 	 Gradient = 0.000305 
 Valve Value [18] = 235.413727 	 Gradient = 0.505066 
 Valve Value [19] = 263.191711 	 Gradient = 0.000305 
 Valve Value [20] = 150.697952 	 Gradient = 0.425415 
 Valve Value [21] = 221.320328 	 Gradient = 0.408325 
 Valve Value [22] = 191.620697 	 Gradient = -0.000305 
 Valve Value [23] = 200.905075 	 Gradient = 0.249939 
 
 
 
 Valve ID = 3
 Valve Value [0] = 90.804260 	 Gradient = -0.651855 
 Valve Value [1] = 111.197731 	 Gradient = 0.237732 
 Valve Value [2] = 178.257401 	 Gradient = 0.000610 
 Valve Value [3] = 515.892456 	 Gradient = 0.003052 
 Valve Value [4] = 50.398384 	 Gradient = -1.069031 
 Valve Value [5] = 145.729645 	 Gradient = -0.580139 
 Valve Value [6] = 215.969574 	 Gradient = -0.144043 
 Valve Value [7] = 149.887680 	 Gradient = -1.054382 
 Valve Value [8] = 203.140701 	 Gradient = 0.000000 
 Valve Value [9] = 158.058960 	 Gradient = -0.634766 
 Valve Value [10] = 163.539597 	 Gradient = -0.361328 
 Valve Value [11] = 294.866699 	 Gradient = -0.000916 
 Valve Value [12] = 114.185097 	 Gradient = -0.744019 
 Valve Value [13] = 185.145111 	 Gradient = -0.635986 
 Valve Value [14] = 73.342308 	 Gradient = -0.643005 
 Valve Value [15] = 166.302841 	 Gradient = -0.000305 
 Valve Value [16] = 149.932312 	 Gradient = -0.635376 
 Valve Value [17] = 178.643951 	 Gradient = 0.000916 
 Valve Value [18] = 188.510635 	 Gradient = 0.000000 
 Valve Value [19] = 149.382370 	 Gradient = -0.053711 
 Valve Value [20] = 142.740631 	 Gradient = 0.000000 
 Valve Value [21] = 210.919281 	 Gradient = -0.001831 
 Valve Value [22] = 108.877434 	 Gradient = 0.000305 
 Valve Value [23] = 183.426941 	 Gradient = 0.000000 
 
 
 
 Valve ID = 5
 Valve Value [0] = 48.401470 	 Gradient = -0.720215 
 Valve Value [1] = 0.000000 	 Gradient = 0.769653 
 Valve Value [2] = 25.933737 	 Gradient = -1.604004 
 Valve Value [3] = 159.888733 	 Gradient = -0.003662 
 Valve Value [4] = 171.910263 	 Gradient = 0.001831 
 Valve Value [5] = 73.397644 	 Gradient = -0.554504 
 Valve Value [6] = 158.179276 	 Gradient = 0.000305 
 Valve Value [7] = 137.541656 	 Gradient = 0.000305 
 Valve Value [8] = 99.950684 	 Gradient = -0.882568 
 Valve Value [9] = 186.599548 	 Gradient = -0.000610 
 Valve Value [10] = 111.814865 	 Gradient = 0.001221 
 Valve Value [11] = 25.048302 	 Gradient = -0.150146 
 Valve Value [12] = 96.000175 	 Gradient = -0.003357 
 Valve Value [13] = 62.712322 	 Gradient = -0.714722 
 Valve Value [14] = 64.013039 	 Gradient = 0.000916 
 Valve Value [15] = 68.950623 	 Gradient = -0.773621 
 Valve Value [16] = 27.255835 	 Gradient = -0.688171 
 Valve Value [17] = 92.092079 	 Gradient = -0.764160 
 Valve Value [18] = 13.035602 	 Gradient = -0.277405 
 Valve Value [19] = 92.917259 	 Gradient = -0.674438 
 Valve Value [20] = 121.295044 	 Gradient = 0.000610 
 Valve Value [21] = 8.447477 	 Gradient = -0.222168 
 Valve Value [22] = 31.024738 	 Gradient = -0.466309 
 Valve Value [23] = 69.280716 	 Gradient = -0.530701 
 
 
 Tank ID = 34  
 Tank Level[0] = 51.245098%, 	 Tank Inflow = 220.000000, 	 Tank Outflow = 207.378098, 
 Tank Level[1] = 55.831264%, 	 Tank Inflow = 220.000000, 	 Tank Outflow = 143.561188, 
 Tank Level[2] = 83.605316%, 	 Tank Inflow = 220.000000, 	 Tank Outflow = 176.192764, 
 Tank Level[3] = 99.522690%, 	 Tank Inflow = 220.000000, 	 Tank Outflow = 107.427475, 
 Tank Level[4] = 140.425934%, 	 Tank Inflow = 220.000000, 	 Tank Outflow = 153.820480, 
 Tank Level[5] = 164.472260%, 	 Tank Inflow = 220.000000, 	 Tank Outflow = 199.864670, 
 Tank Level[6] = 171.788437%, 	 Tank Inflow = 220.000000, 	 Tank Outflow = 341.705933, 
 Tank Level[7] = 127.566566%, 	 Tank Inflow = 220.000000, 	 Tank Outflow = 185.041245, 
 Tank Level[8] = 140.268845%, 	 Tank Inflow = 220.000000, 	 Tank Outflow = 312.143433, 
 Tank Level[9] = 106.788521%, 	 Tank Inflow = 220.000000, 	 Tank Outflow = 232.128647, 
 Tank Level[10] = 102.381569%, 	 Tank Inflow = 220.000000, 	 Tank Outflow = 166.943741, 
 Tank Level[11] = 121.659561%, 	 Tank Inflow = 220.000000, 	 Tank Outflow = 584.312988, 
 Tank Level[12] = -10.713602%, 	 Tank Inflow = 220.000000, 	 Tank Outflow = 185.854309, 
 Tank Level[13] = 1.693239%, 	 Tank Inflow = 220.000000, 	 Tank Outflow = 186.729660, 
 Tank Level[14] = 13.782022%, 	 Tank Inflow = 220.000000, 	 Tank Outflow = 208.218475, 
 Tank Level[15] = 18.062840%, 	 Tank Inflow = 220.000000, 	 Tank Outflow = 178.827179, 
 Tank Level[16] = 33.022991%, 	 Tank Inflow = 220.000000, 	 Tank Outflow = 197.820938, 
 Tank Level[17] = 41.081753%, 	 Tank Inflow = 220.000000, 	 Tank Outflow = 235.397659, 
 Tank Level[18] = 35.487015%, 	 Tank Inflow = 220.000000, 	 Tank Outflow = 235.413742, 
 Tank Level[19] = 29.886429%, 	 Tank Inflow = 220.000000, 	 Tank Outflow = 253.377640, 
 Tank Level[20] = 17.758661%, 	 Tank Inflow = 220.000000, 	 Tank Outflow = 150.697968, 
 Tank Level[21] = 42.939564%, 	 Tank Inflow = 220.000000, 	 Tank Outflow = 221.320343, 
 Tank Level[22] = 42.459816%, 	 Tank Inflow = 220.000000, 	 Tank Outflow = 186.795364, 
 Tank Level[23] = 54.524727%, 	 Tank Inflow = 220.000000, 	 Tank Outflow = 200.905090, 
 Tank Level[24] = 61.462864%, 	 Tank Inflow = 0.000000, 	 Tank Outflow = 0.000000, 
 
 
 Tank ID = Veeranageeri  
 Tank Level[0] = 51.453640%, 	 Tank Inflow = 0.000000, 	 Tank Outflow = 5.625000, 
 Tank Level[1] = 47.403130%, 	 Tank Inflow = 54.718674, 	 Tank Outflow = 5.625000, 
 Tank Level[2] = 82.755005%, 	 Tank Inflow = 68.517487, 	 Tank Outflow = 5.625000, 
 Tank Level[3] = 128.043259%, 	 Tank Inflow = 34.877659, 	 Tank Outflow = 5.625000, 
 Tank Level[4] = 149.107819%, 	 Tank Inflow = 0.000000, 	 Tank Outflow = 11.250000, 
 Tank Level[5] = 141.006805%, 	 Tank Inflow = 0.000000, 	 Tank Outflow = 28.125000, 
 Tank Level[6] = 120.754265%, 	 Tank Inflow = 105.066948, 	 Tank Outflow = 56.250000, 
 Tank Level[7] = 155.906876%, 	 Tank Inflow = 0.000000, 	 Tank Outflow = 70.312500, 
 Tank Level[8] = 105.275536%, 	 Tank Inflow = 40.733482, 	 Tank Outflow = 70.312500, 
 Tank Level[9] = 83.975967%, 	 Tank Inflow = 9.457682, 	 Tank Outflow = 56.250000, 
 Tank Level[10] = 50.281281%, 	 Tank Inflow = -37.968834, 	 Tank Outflow = 28.125000, 
 Tank Level[11] = 2.687755%, 	 Tank Inflow = 47.120152, 	 Tank Outflow = 28.125000, 
 Tank Level[12] = 16.365978%, 	 Tank Inflow = 0.000000, 	 Tank Outflow = 22.500000, 
 Tank Level[13] = 0.163947%, 	 Tank Inflow = 83.206184, 	 Tank Outflow = 22.500000, 
 Tank Level[14] = 43.877876%, 	 Tank Inflow = 0.000000, 	 Tank Outflow = 28.125000, 
 Tank Level[15] = 23.625340%, 	 Tank Inflow = 16.713621, 	 Tank Outflow = 16.875000, 
 Tank Level[16] = 23.509130%, 	 Tank Inflow = 40.466923, 	 Tank Outflow = 22.500000, 
 Tank Level[17] = 36.446938%, 	 Tank Inflow = 21.408976, 	 Tank Outflow = 28.125000, 
 Tank Level[18] = 31.610792%, 	 Tank Inflow = 41.287994, 	 Tank Outflow = 42.187500, 
 Tank Level[19] = 30.963070%, 	 Tank Inflow = 34.296059, 	 Tank Outflow = 42.187500, 
 Tank Level[20] = 25.280519%, 	 Tank Inflow = 38.827072, 	 Tank Outflow = 28.125000, 
 Tank Level[21] = 32.986977%, 	 Tank Inflow = 21.108757, 	 Tank Outflow = 22.500000, 
 Tank Level[22] = 31.985157%, 	 Tank Inflow = 3.999985, 	 Tank Outflow = 16.875000, 
 Tank Level[23] = 22.713985%, 	 Tank Inflow = 26.738651, 	 Tank Outflow = 11.250000, 
 Tank Level[24] = 33.867214%, 	 Tank Inflow = 0.000000, 	 Tank Outflow = 0.000000, 
 
 
 Tank ID = NR_mohalla2  
 Tank Level[0] = 49.198322%, 	 Tank Inflow = 1.003811, 	 Tank Outflow = 2.880004, 
 Tank Level[1] = 46.508686%, 	 Tank Inflow = 0.000183, 	 Tank Outflow = 2.880128, 
 Tank Level[2] = 42.380119%, 	 Tank Inflow = 0.000005, 	 Tank Outflow = 2.880131, 
 Tank Level[3] = 38.251286%, 	 Tank Inflow = 57.087585, 	 Tank Outflow = 2.880001, 
 Tank Level[4] = 115.961075%, 	 Tank Inflow = 39.034107, 	 Tank Outflow = 5.760131, 
 Tank Level[5] = 163.661285%, 	 Tank Inflow = 42.987122, 	 Tank Outflow = 14.400131, 
 Tank Level[6] = 204.642426%, 	 Tank Inflow = 0.000012, 	 Tank Outflow = 28.800129, 
 Tank Level[7] = 163.355774%, 	 Tank Inflow = 27.757629, 	 Tank Outflow = 36.000000, 
 Tank Level[8] = 151.539841%, 	 Tank Inflow = 4.373055, 	 Tank Outflow = 36.000000, 
 Tank Level[9] = 106.200737%, 	 Tank Inflow = 16.679470, 	 Tank Outflow = 28.800129, 
 Tank Level[10] = 88.825058%, 	 Tank Inflow = 0.000007, 	 Tank Outflow = 14.400005, 
 Tank Level[11] = 68.181801%, 	 Tank Inflow = 25.048471, 	 Tank Outflow = 14.400130, 
 Tank Level[12] = 83.446838%, 	 Tank Inflow = 0.000006, 	 Tank Outflow = 11.520131, 
 Tank Level[13] = 66.932053%, 	 Tank Inflow = 42.841915, 	 Tank Outflow = 11.520131, 
 Tank Level[14] = 111.833679%, 	 Tank Inflow = 14.847745, 	 Tank Outflow = 14.400005, 
 Tank Level[15] = 112.475540%, 	 Tank Inflow = 0.386292, 	 Tank Outflow = 8.640130, 
 Tank Level[16] = 100.643166%, 	 Tank Inflow = 16.733028, 	 Tank Outflow = 11.519997, 
 Tank Level[17] = 108.116356%, 	 Tank Inflow = 1.970138, 	 Tank Outflow = 14.400001, 
 Tank Level[18] = 90.297417%, 	 Tank Inflow = 13.035848, 	 Tank Outflow = 21.600130, 
 Tank Level[19] = 78.020012%, 	 Tank Inflow = 26.213816, 	 Tank Outflow = 21.600132, 
 Tank Level[20] = 84.634003%, 	 Tank Inflow = 19.064272, 	 Tank Outflow = 14.400130, 
 Tank Level[21] = 91.320328%, 	 Tank Inflow = 8.447504, 	 Tank Outflow = 11.520129, 
 Tank Level[22] = 86.915543%, 	 Tank Inflow = 19.147346, 	 Tank Outflow = 8.639997, 
 Tank Level[23] = 101.978447%, 	 Tank Inflow = 12.897911, 	 Tank Outflow = 5.760005, 
 Tank Level[24] = 112.211060%, 	 Tank Inflow = 0.000000, 	 Tank Outflow = 0.000000, 
 
 
 Tank ID = NR_Mohalla1  
 Tank Level[0] = 50.173084%, 	 Tank Inflow = 47.397652, 	 Tank Outflow = 11.394000, 
 Tank Level[1] = 63.255020%, 	 Tank Inflow = 0.000000, 	 Tank Outflow = 11.394000, 
 Tank Level[2] = 59.115013%, 	 Tank Inflow = 25.933521, 	 Tank Outflow = 11.394000, 
 Tank Level[3] = 64.397949%, 	 Tank Inflow = 10.775181, 	 Tank Outflow = 11.394000, 
 Tank Level[4] = 64.173111%, 	 Tank Inflow = 0.000000, 	 Tank Outflow = 22.788000, 
 Tank Level[5] = 55.893078%, 	 Tank Inflow = 30.410286, 	 Tank Outflow = 56.970001, 
 Tank Level[6] = 46.242603%, 	 Tank Inflow = 92.572975, 	 Tank Outflow = 113.940002, 
 Tank Level[7] = 38.478889%, 	 Tank Inflow = 111.220505, 	 Tank Outflow = 142.425003, 
 Tank Level[8] = 27.140730%, 	 Tank Inflow = 95.577530, 	 Tank Outflow = 142.425003, 
 Tank Level[9] = 10.118690%, 	 Tank Inflow = 130.643158, 	 Tank Outflow = 113.940002, 
 Tank Level[10] = 16.187784%, 	 Tank Inflow = 130.684982, 	 Tank Outflow = 56.970001, 
 Tank Level[11] = 42.972141%, 	 Tank Inflow = 0.000000, 	 Tank Outflow = 56.970001, 
 Tank Level[12] = 22.272078%, 	 Tank Inflow = 81.738075, 	 Tank Outflow = 45.576000, 
 Tank Level[13] = 35.411572%, 	 Tank Inflow = 19.870459, 	 Tank Outflow = 45.576000, 
 Tank Level[14] = 26.071461%, 	 Tank Inflow = 25.254099, 	 Tank Outflow = 56.970001, 
 Tank Level[15] = 14.547482%, 	 Tank Inflow = 68.564278, 	 Tank Outflow = 34.181999, 
 Tank Level[16] = 27.040291%, 	 Tank Inflow = 10.522676, 	 Tank Outflow = 45.576000, 
 Tank Level[17] = 14.303657%, 	 Tank Inflow = 90.121979, 	 Tank Outflow = 56.970001, 
 Tank Level[18] = 26.349436%, 	 Tank Inflow = 0.000000, 	 Tank Outflow = 85.455002, 
 Tank Level[19] = -4.700657%, 	 Tank Inflow = 66.703415, 	 Tank Outflow = 85.455002, 
 Tank Level[20] = -11.514051%, 	 Tank Inflow = 38.693813, 	 Tank Outflow = 56.970001, 
 Tank Level[21] = -18.154707%, 	 Tank Inflow = 0.000000, 	 Tank Outflow = 45.576000, 
 Tank Level[22] = -34.714756%, 	 Tank Inflow = 11.877569, 	 Tank Outflow = 34.181999, 
 Tank Level[23] = -42.819077%, 	 Tank Inflow = 56.382835, 	 Tank Outflow = 22.788000, 
 Tank Level[24] = -30.612387%, 	 Tank Inflow = 0.000000, 	 Tank Outflow = 0.000000, 
 
 
 Tank ID = Rajiv_nagar_II  
 Tank Level[0] = 49.017902%, 	 Tank Inflow = 116.573685, 	 Tank Outflow = 15.966000, 
 Tank Level[1] = 73.566833%, 	 Tank Inflow = 32.363400, 	 Tank Outflow = 15.966128, 
 Tank Level[2] = 77.567879%, 	 Tank Inflow = 0.000000, 	 Tank Outflow = 15.966128, 
 Tank Level[3] = 73.672035%, 	 Tank Inflow = 0.000000, 	 Tank Outflow = 15.966000, 
 Tank Level[4] = 69.776230%, 	 Tank Inflow = 103.421967, 	 Tank Outflow = 31.932127, 
 Tank Level[5] = 87.220222%, 	 Tank Inflow = 93.223946, 	 Tank Outflow = 79.830132, 
 Tank Level[6] = 90.488396%, 	 Tank Inflow = 125.736282, 	 Tank Outflow = 159.660126, 
 Tank Level[7] = 82.210762%, 	 Tank Inflow = 35.153538, 	 Tank Outflow = 199.574997, 
 Tank Level[8] = 42.090851%, 	 Tank Inflow = 136.491791, 	 Tank Outflow = 199.574997, 
 Tank Level[9] = 26.698132%, 	 Tank Inflow = 74.069870, 	 Tank Outflow = 159.660126, 
 Tank Level[10] = 5.813548%, 	 Tank Inflow = 3.404216, 	 Tank Outflow = 79.830002, 
 Tank Level[11] = -12.834846%, 	 Tank Inflow = 469.972382, 	 Tank Outflow = 79.830132, 
 Tank Level[12] = 82.362427%, 	 Tank Inflow = 71.669159, 	 Tank Outflow = 63.864128, 
 Tank Level[13] = 84.266907%, 	 Tank Inflow = 1.584533, 	 Tank Outflow = 63.864128, 
 Tank Level[14] = 69.070282%, 	 Tank Inflow = 134.875931, 	 Tank Outflow = 79.830002, 
 Tank Level[15] = 82.501846%, 	 Tank Inflow = 84.905769, 	 Tank Outflow = 47.898129, 
 Tank Level[16] = 91.531960%, 	 Tank Inflow = 47.888760, 	 Tank Outflow = 63.863998, 
 Tank Level[17] = 87.633896%, 	 Tank Inflow = 119.766014, 	 Tank Outflow = 79.830002, 
 Tank Level[18] = 97.378548%, 	 Tank Inflow = 153.738495, 	 Tank Outflow = 119.745132, 
 Tank Level[19] = 105.673149%, 	 Tank Inflow = 103.995193, 	 Tank Outflow = 119.745132, 
 Tank Level[20] = 101.830055%, 	 Tank Inflow = 39.722206, 	 Tank Outflow = 79.830132, 
 Tank Level[21] = 92.043465%, 	 Tank Inflow = 148.258026, 	 Tank Outflow = 63.864128, 
 Tank Level[22] = 112.636124%, 	 Tank Inflow = 103.442200, 	 Tank Outflow = 47.897999, 
 Tank Level[23] = 126.189270%, 	 Tank Inflow = 55.050159, 	 Tank Outflow = 31.931999, 
 Tank Level[24] = 131.830246%, 	 Tank Inflow = 0.000000, 	 Tank Outflow = 0.000000, 
 
 
 Tank ID = Tippu_Park  
 Tank Level[0] = 50.026058%, 	 Tank Inflow = 42.402786, 	 Tank Outflow = 7.470000, 
 Tank Level[1] = 62.718891%, 	 Tank Inflow = 56.478764, 	 Tank Outflow = 7.470129, 
 Tank Level[2] = 80.526192%, 	 Tank Inflow = 81.741890, 	 Tank Outflow = 7.470129, 
 Tank Level[3] = 107.512848%, 	 Tank Inflow = 4.686823, 	 Tank Outflow = 7.470000, 
 Tank Level[4] = 106.501579%, 	 Tank Inflow = 11.364113, 	 Tank Outflow = 14.940128, 
 Tank Level[5] = 105.202240%, 	 Tank Inflow = 33.243141, 	 Tank Outflow = 37.350128, 
 Tank Level[6] = 103.709969%, 	 Tank Inflow = 18.329273, 	 Tank Outflow = 74.700127, 
 Tank Level[7] = 83.227608%, 	 Tank Inflow = 10.909359, 	 Tank Outflow = 93.375000, 
 Tank Level[8] = 53.263699%, 	 Tank Inflow = 34.967533, 	 Tank Outflow = 93.375000, 
 Tank Level[9] = 32.041336%, 	 Tank Inflow = 1.278485, 	 Tank Outflow = 74.700127, 
 Tank Level[10] = 5.363566%, 	 Tank Inflow = 70.823837, 	 Tank Outflow = 37.349998, 
 Tank Level[11] = 17.526291%, 	 Tank Inflow = 42.171856, 	 Tank Outflow = 37.350128, 
 Tank Level[12] = 19.278269%, 	 Tank Inflow = 32.447281, 	 Tank Outflow = 29.880129, 
 Tank Level[13] = 20.211044%, 	 Tank Inflow = 39.226643, 	 Tank Outflow = 29.880127, 
 Tank Level[14] = 23.607101%, 	 Tank Inflow = 33.240543, 	 Tank Outflow = 37.349998, 
 Tank Level[15] = 22.113932%, 	 Tank Inflow = 8.257194, 	 Tank Outflow = 22.410130, 
 Tank Level[16] = 16.971458%, 	 Tank Inflow = 82.209419, 	 Tank Outflow = 29.879999, 
 Tank Level[17] = 35.985363%, 	 Tank Inflow = 2.130687, 	 Tank Outflow = 37.349998, 
 Tank Level[18] = 23.188419%, 	 Tank Inflow = 27.351913, 	 Tank Outflow = 56.025131, 
 Tank Level[19] = 12.770000%, 	 Tank Inflow = 22.169239, 	 Tank Outflow = 56.025131, 
 Tank Level[20] = 0.468455%, 	 Tank Inflow = 14.390297, 	 Tank Outflow = 37.350128, 
 Tank Level[21] = -7.874005%, 	 Tank Inflow = 43.506207, 	 Tank Outflow = 29.880129, 
 Tank Level[22] = -2.922966%, 	 Tank Inflow = 48.328102, 	 Tank Outflow = 22.410000, 
 Tank Level[23] = 6.494382%, 	 Tank Inflow = 49.835480, 	 Tank Outflow = 14.940001, 
 Tank Level[24] = 19.173662%, 	 Tank Inflow = 0.000000, 	 Tank Outflow = 0.000000, 
%%%%%%%%%%%%%%%%%%%%%%%

 Iteration Count = 1100	Function Value = 306.090372 	 Percentage Difference = -0.000001 Gradient Norm = 344422560.000000 alpha mult = 0.000000
 Iteration Count = 1200	Function Value = 372.509366 	 Percentage Difference = 0.216917 Gradient Norm = 318935104.000000 alpha mult = 0.000169
 Iteration Count = 1300	Function Value = 306.100071 	 Percentage Difference = -0.000001 Gradient Norm = 344943776.000000 alpha mult = 0.000000
 Iteration Count = 1400	Function Value = 306.080564 	 Percentage Difference = 0.000000 Gradient Norm = 344374240.000000 alpha mult = 0.000000
 Iteration Count = 1500	Function Value = 333.494196 	 Percentage Difference = 0.000001 Gradient Norm = 391393632.000000 alpha mult = 0.000000
 Iteration Count = 1600	Function Value = 333.361185 	 Percentage Difference = 0.000001 Gradient Norm = 391229376.000000 alpha mult = 0.000000
 Iteration Count = 1700	Function Value = 333.634257 	 Percentage Difference = 0.000000 Gradient Norm = 391050816.000000 alpha mult = 0.000000
 Iteration Count = 1800	Function Value = 609.194738 	 Percentage Difference = -0.000001 Gradient Norm = 137821323264.000000 alpha mult = 0.000000
 Iteration Count = 1900	Function Value = 609.194789 	 Percentage Difference = -0.000001 Gradient Norm = 137821437952.000000 alpha mult = 0.000000
 Iteration Count = 2000	Function Value = 609.192081 	 Percentage Difference = -0.000005 Gradient Norm = 137821274112.000000 alpha mult = 0.000000
%%%%%%%%%%%%%%%%%%%%%%%
Iteration Count = 2001
 
 
 
 Valve ID = 80
 Valve Value [0] = 119.018829 	 Gradient = 0.000000 
 Valve Value [1] = 119.019279 	 Gradient = 0.000000 
 Valve Value [2] = 119.021011 	 Gradient = 0.000000 
 Valve Value [3] = 119.022758 	 Gradient = 0.000000 
 Valve Value [4] = 119.021263 	 Gradient = 0.000000 
 Valve Value [5] = 119.019501 	 Gradient = 0.000000 
 Valve Value [6] = 119.020958 	 Gradient = 0.000000 
 Valve Value [7] = 119.020111 	 Gradient = 0.000000 
 Valve Value [8] = 119.017326 	 Gradient = 0.000000 
 Valve Value [9] = 119.021263 	 Gradient = 0.000000 
 Valve Value [10] = 119.021202 	 Gradient = 0.000000 
 Valve Value [11] = 119.021263 	 Gradient = 0.000000 
 Valve Value [12] = 119.021202 	 Gradient = 0.000000 
 Valve Value [13] = 119.018768 	 Gradient = 0.000000 
 Valve Value [14] = 119.019341 	 Gradient = 0.000000 
 Valve Value [15] = 119.019714 	 Gradient = 0.000000 
 Valve Value [16] = 119.021042 	 Gradient = 0.000000 
 Valve Value [17] = 119.021690 	 Gradient = 0.000000 
 Valve Value [18] = 119.021202 	 Gradient = 0.000000 
 Valve Value [19] = 119.018829 	 Gradient = 0.000000 
 Valve Value [20] = 119.020500 	 Gradient = 0.000000 
 Valve Value [21] = 119.022087 	 Gradient = 0.000000 
 Valve Value [22] = 119.022758 	 Gradient = 0.000000 
 Valve Value [23] = 119.019279 	 Gradient = 0.000000 
 
 
 
 Valve ID = 78
 Valve Value [0] = 18.686224 	 Gradient = -0.002441 
 Valve Value [1] = 77.178558 	 Gradient = 0.001831 
 Valve Value [2] = 94.232269 	 Gradient = 0.370789 
 Valve Value [3] = 118.809967 	 Gradient = 0.001526 
 Valve Value [4] = 11.719394 	 Gradient = 0.001831 
 Valve Value [5] = 0.025907 	 Gradient = -0.002747 
 Valve Value [6] = 118.069847 	 Gradient = -0.002441 
 Valve Value [7] = 94.020203 	 Gradient = 0.001526 
 Valve Value [8] = 40.757984 	 Gradient = 2.064209 
 Valve Value [9] = 111.456490 	 Gradient = 0.001526 
 Valve Value [10] = 67.869469 	 Gradient = 0.001831 
 Valve Value [11] = 54.107918 	 Gradient = 1.250610 
 Valve Value [12] = 92.272064 	 Gradient = 0.000916 
 Valve Value [13] = 539.621582 	 Gradient = 0.000305 
 Valve Value [14] = 36.944584 	 Gradient = -0.001831 
 Valve Value [15] = 12.635715 	 Gradient = 2.166443 
 Valve Value [16] = 43.973228 	 Gradient = -0.005798 
 Valve Value [17] = 18.091932 	 Gradient = 2.183838 
 Valve Value [18] = 47.327629 	 Gradient = 1.470947 
 Valve Value [19] = 36.092262 	 Gradient = 0.002441 
 Valve Value [20] = 50.613190 	 Gradient = -0.004883 
 Valve Value [21] = 22.618103 	 Gradient = 1.571960 
 Valve Value [22] = 0.439416 	 Gradient = 0.000916 
 Valve Value [23] = 27.526268 	 Gradient = 0.973206 
 
 
 
 Valve ID = 76
 Valve Value [0] = 0.000000 	 Gradient = 3.074951 
 Valve Value [1] = 10.117672 	 Gradient = 0.004272 
 Valve Value [2] = 82.418648 	 Gradient = -0.021057 
 Valve Value [3] = 141.457947 	 Gradient = 0.001831 
 Valve Value [4] = 46.650673 	 Gradient = -0.002747 
 Valve Value [5] = 10.659593 	 Gradient = 3.662415 
 Valve Value [6] = 0.000077 	 Gradient = -0.216980 
 Valve Value [7] = 15.558309 	 Gradient = 1.446533 
 Valve Value [8] = 0.000000 	 Gradient = 0.537109 
 Valve Value [9] = 9.620656 	 Gradient = -1.429443 
 Valve Value [10] = 0.000000 	 Gradient = 0.443420 
 Valve Value [11] = 540.572205 	 Gradient = 0.000305 
 Valve Value [12] = 1.284407 	 Gradient = 0.965271 
 Valve Value [13] = 334.400970 	 Gradient = 0.003357 
 Valve Value [14] = 5.665233 	 Gradient = 0.832825 
 Valve Value [15] = 0.000000 	 Gradient = 0.429688 
 Valve Value [16] = 9.679563 	 Gradient = 0.848083 
 Valve Value [17] = 0.000000 	 Gradient = 0.419922 
 Valve Value [18] = 13.631091 	 Gradient = 0.834045 
 Valve Value [19] = 20.245504 	 Gradient = 0.810547 
 Valve Value [20] = 150.802505 	 Gradient = 0.004272 
 Valve Value [21] = 18.688932 	 Gradient = -0.000305 
 Valve Value [22] = 293.298157 	 Gradient = 0.000916 
 Valve Value [23] = 10.816255 	 Gradient = 0.303955 
 
 
 
 Valve ID = 74
 Valve Value [0] = 86.770073 	 Gradient = 0.000000 
 Valve Value [1] = 151.368790 	 Gradient = -0.006714 
 Valve Value [2] = 134.450974 	 Gradient = 0.673218 
 Valve Value [3] = 18.004143 	 Gradient = -3.324890 
 Valve Value [4] = 60.398758 	 Gradient = 0.003052 
 Valve Value [5] = 367.304169 	 Gradient = -0.001221 
 Valve Value [6] = 95.292625 	 Gradient = -2.618713 
 Valve Value [7] = 175.045227 	 Gradient = 0.001221 
 Valve Value [8] = 152.412384 	 Gradient = -0.001831 
 Valve Value [9] = 132.981308 	 Gradient = -2.439880 
 Valve Value [10] = 335.493744 	 Gradient = -0.004272 
 Valve Value [11] = 150.455521 	 Gradient = 0.000610 
 Valve Value [12] = 94.784470 	 Gradient = 0.000610 
 Valve Value [13] = 136.223404 	 Gradient = -0.003662 
 Valve Value [14] = 114.601868 	 Gradient = 0.000610 
 Valve Value [15] = 91.533257 	 Gradient = 0.000000 
 Valve Value [16] = 144.609650 	 Gradient = -0.003662 
 Valve Value [17] = 131.661880 	 Gradient = 0.000000 
 Valve Value [18] = 133.930527 	 Gradient = 0.001831 
 Valve Value [19] = 149.305618 	 Gradient = -0.005493 
 Valve Value [20] = 61.758053 	 Gradient = -0.003052 
 Valve Value [21] = 83.680923 	 Gradient = -0.001221 
 Valve Value [22] = 281.170837 	 Gradient = 0.000000 
 Valve Value [23] = 119.993164 	 Gradient = 0.000000 
 
 
 
 Valve ID = 72
 Valve Value [0] = 158.899750 	 Gradient = 0.001221 
 Valve Value [1] = 861.509155 	 Gradient = -0.004272 
 Valve Value [2] = 88.731636 	 Gradient = 0.230713 
 Valve Value [3] = 0.270934 	 Gradient = -0.004272 
 Valve Value [4] = 109.750130 	 Gradient = -0.046997 
 Valve Value [5] = 206.265015 	 Gradient = -0.001831 
 Valve Value [6] = 127.568153 	 Gradient = 0.002441 
 Valve Value [7] = 37.229271 	 Gradient = 0.691528 
 Valve Value [8] = 137.741974 	 Gradient = 0.838013 
 Valve Value [9] = 129.856644 	 Gradient = -0.002441 
 Valve Value [10] = 4.141453 	 Gradient = 0.893250 
 Valve Value [11] = 634.616699 	 Gradient = 0.000305 
 Valve Value [12] = 63.679928 	 Gradient = 0.892334 
 Valve Value [13] = 136.596970 	 Gradient = 0.001221 
 Valve Value [14] = 135.083160 	 Gradient = 0.813904 
 Valve Value [15] = 85.256042 	 Gradient = 0.783997 
 Valve Value [16] = 119.778793 	 Gradient = -0.001831 
 Valve Value [17] = 120.136841 	 Gradient = 0.745850 
 Valve Value [18] = 207.271759 	 Gradient = -0.000305 
 Valve Value [19] = 104.608917 	 Gradient = 0.667114 
 Valve Value [20] = 623.352295 	 Gradient = -0.004883 
 Valve Value [21] = 236.260788 	 Gradient = 0.000000 
 Valve Value [22] = 0.926368 	 Gradient = 0.455627 
 Valve Value [23] = 125.968468 	 Gradient = 0.000000 
 
 
 
 Valve ID = 40
 Valve Value [0] = 44.453857 	 Gradient = -0.006409 
 Valve Value [1] = 54.457489 	 Gradient = -1.580200 
 Valve Value [2] = 79.782898 	 Gradient = 0.320740 
 Valve Value [3] = 4.663795 	 Gradient = -1.874390 
 Valve Value [4] = 283.141296 	 Gradient = 0.000000 
 Valve Value [5] = 114.801193 	 Gradient = 0.001526 
 Valve Value [6] = 16.648233 	 Gradient = -1.466980 
 Valve Value [7] = 9.841331 	 Gradient = 0.000305 
 Valve Value [8] = 37.243969 	 Gradient = 0.759888 
 Valve Value [9] = 0.000068 	 Gradient = -0.657349 
 Valve Value [10] = 127.466919 	 Gradient = 0.003052 
 Valve Value [11] = 43.841206 	 Gradient = -0.131836 
 Valve Value [12] = 62.590778 	 Gradient = 0.000610 
 Valve Value [13] = 37.973454 	 Gradient = -1.475525 
 Valve Value [14] = 41.911011 	 Gradient = -0.000916 
 Valve Value [15] = 9.912374 	 Gradient = 0.689697 
 Valve Value [16] = 170.598801 	 Gradient = -0.000610 
 Valve Value [17] = 3.907502 	 Gradient = 0.678101 
 Valve Value [18] = 28.103247 	 Gradient = -0.040894 
 Valve Value [19] = 21.458712 	 Gradient = -1.533203 
 Valve Value [20] = 55.088547 	 Gradient = -1.532593 
 Valve Value [21] = 44.427322 	 Gradient = 0.038452 
 Valve Value [22] = 0.285943 	 Gradient = 0.000610 
 Valve Value [23] = 50.449116 	 Gradient = 0.054932 
 
 
 
 Valve ID = 6
 Valve Value [0] = 213.843048 	 Gradient = -0.192261 
 Valve Value [1] = 150.177521 	 Gradient = -0.207520 
 Valve Value [2] = 181.718719 	 Gradient = 0.189209 
 Valve Value [3] = 113.289680 	 Gradient = 1.679688 
 Valve Value [4] = 170.409821 	 Gradient = 0.004883 
 Valve Value [5] = 167.704239 	 Gradient = 0.189209 
 Valve Value [6] = 348.252411 	 Gradient = 0.600586 
 Valve Value [7] = 257.095581 	 Gradient = -0.000916 
 Valve Value [8] = 410.413757 	 Gradient = 0.001831 
 Valve Value [9] = 233.047516 	 Gradient = 0.858765 
 Valve Value [10] = 232.207230 	 Gradient = 0.000305 
 Valve Value [11] = 584.198425 	 Gradient = 0.989075 
 Valve Value [12] = 237.695480 	 Gradient = -0.000916 
 Valve Value [13] = 187.657166 	 Gradient = 1.879883 
 Valve Value [14] = 243.230804 	 Gradient = -0.000916 
 Valve Value [15] = 189.453033 	 Gradient = 0.000305 
 Valve Value [16] = 198.109970 	 Gradient = 0.759277 
 Valve Value [17] = 256.233734 	 Gradient = -0.000610 
 Valve Value [18] = 230.113846 	 Gradient = 0.710449 
 Valve Value [19] = 263.190765 	 Gradient = -0.002747 
 Valve Value [20] = 102.201553 	 Gradient = 2.170410 
 Valve Value [21] = 222.137955 	 Gradient = 0.605164 
 Valve Value [22] = 255.425613 	 Gradient = -0.001221 
 Valve Value [23] = 201.439087 	 Gradient = 0.393677 
 
 
 
 Valve ID = 3
 Valve Value [0] = 92.737442 	 Gradient = 0.017395 
 Valve Value [1] = 113.737350 	 Gradient = 1.639709 
 Valve Value [2] = 179.542496 	 Gradient = 0.694885 
 Valve Value [3] = 515.888672 	 Gradient = 0.011902 
 Valve Value [4] = 55.770664 	 Gradient = 0.397949 
 Valve Value [5] = 63.799252 	 Gradient = -1.001587 
 Valve Value [6] = 221.698715 	 Gradient = 1.385498 
 Valve Value [7] = 154.976578 	 Gradient = 1.494446 
 Valve Value [8] = 203.138855 	 Gradient = 0.001526 
 Valve Value [9] = 162.585541 	 Gradient = 1.215210 
 Valve Value [10] = 170.259140 	 Gradient = 0.029907 
 Valve Value [11] = 294.872253 	 Gradient = 0.000000 
 Valve Value [12] = 116.024330 	 Gradient = 0.775146 
 Valve Value [13] = 187.683731 	 Gradient = 0.308228 
 Valve Value [14] = 79.266945 	 Gradient = -0.121765 
 Valve Value [15] = 166.306137 	 Gradient = 0.004272 
 Valve Value [16] = 152.434830 	 Gradient = 1.068726 
 Valve Value [17] = 178.646225 	 Gradient = 0.000305 
 Valve Value [18] = 188.099442 	 Gradient = -0.000610 
 Valve Value [19] = 152.591812 	 Gradient = 2.184448 
 Valve Value [20] = 142.471466 	 Gradient = -0.003052 
 Valve Value [21] = 210.921310 	 Gradient = 0.000000 
 Valve Value [22] = 0.622742 	 Gradient = -0.006714 
 Valve Value [23] = 183.470734 	 Gradient = -0.000916 
 
 
 
 Valve ID = 5
 Valve Value [0] = 53.315548 	 Gradient = -1.320496 
 Valve Value [1] = 0.000000 	 Gradient = 371242.875000 
 Valve Value [2] = 24.848339 	 Gradient = -0.466919 
 Valve Value [3] = 159.886581 	 Gradient = 0.003662 
 Valve Value [4] = 171.907318 	 Gradient = 0.001221 
 Valve Value [5] = 82.771255 	 Gradient = -0.004272 
 Valve Value [6] = 158.175110 	 Gradient = 0.000610 
 Valve Value [7] = 141.996140 	 Gradient = -2.480469 
 Valve Value [8] = 108.636650 	 Gradient = -0.635376 
 Valve Value [9] = 186.605515 	 Gradient = -0.003662 
 Valve Value [10] = 111.817627 	 Gradient = -0.004272 
 Valve Value [11] = 22.602554 	 Gradient = 0.018921 
 Valve Value [12] = 66.935814 	 Gradient = -1.242676 
 Valve Value [13] = 66.148514 	 Gradient = -3.016968 
 Valve Value [14] = 64.014984 	 Gradient = 0.001221 
 Valve Value [15] = 76.096809 	 Gradient = -0.582886 
 Valve Value [16] = 31.397144 	 Gradient = -2.640381 
 Valve Value [17] = 98.642441 	 Gradient = -0.575562 
 Valve Value [18] = 13.779764 	 Gradient = -1.153564 
 Valve Value [19] = 96.716240 	 Gradient = -2.990723 
 Valve Value [20] = 3.507851 	 Gradient = -2.044067 
 Valve Value [21] = 8.499674 	 Gradient = -0.126953 
 Valve Value [22] = 0.540517 	 Gradient = -0.299683 
 Valve Value [23] = 54.927006 	 Gradient = -0.467529 
 
 
 Tank ID = 34  
 Tank Level[0] = 53.508087%, 	 Tank Inflow = 220.000000, 	 Tank Outflow = 213.843063, 
 Tank Level[1] = 55.745213%, 	 Tank Inflow = 220.000000, 	 Tank Outflow = 138.482132, 
 Tank Level[2] = 85.364746%, 	 Tank Inflow = 220.000000, 	 Tank Outflow = 181.011215, 
 Tank Level[3] = 99.531319%, 	 Tank Inflow = 220.000000, 	 Tank Outflow = 113.289719, 
 Tank Level[4] = 138.304504%, 	 Tank Inflow = 220.000000, 	 Tank Outflow = 165.520828, 
 Tank Level[5] = 158.099518%, 	 Tank Inflow = 220.000000, 	 Tank Outflow = 167.704254, 
 Tank Level[6] = 177.101181%, 	 Tank Inflow = 220.000000, 	 Tank Outflow = 348.252441, 
 Tank Level[7] = 130.500656%, 	 Tank Inflow = 220.000000, 	 Tank Outflow = 192.205887, 
 Tank Level[8] = 140.599655%, 	 Tank Inflow = 220.000000, 	 Tank Outflow = 324.380829, 
 Tank Level[9] = 102.672867%, 	 Tank Inflow = 220.000000, 	 Tank Outflow = 233.047531, 
 Tank Level[10] = 97.932037%, 	 Tank Inflow = 220.000000, 	 Tank Outflow = 174.400833, 
 Tank Level[11] = 114.500504%, 	 Tank Inflow = 220.000000, 	 Tank Outflow = 584.198425, 
 Tank Level[12] = -17.831038%, 	 Tank Inflow = 220.000000, 	 Tank Outflow = 179.704315, 
 Tank Level[13] = -3.189596%, 	 Tank Inflow = 220.000000, 	 Tank Outflow = 187.657196, 
 Tank Level[14] = 8.562166%, 	 Tank Inflow = 220.000000, 	 Tank Outflow = 214.350204, 
 Tank Level[15] = 10.615020%, 	 Tank Inflow = 220.000000, 	 Tank Outflow = 183.900879, 
 Tank Level[16] = 23.731640%, 	 Tank Inflow = 220.000000, 	 Tank Outflow = 198.109985, 
 Tank Level[17] = 31.685381%, 	 Tank Inflow = 220.000000, 	 Tank Outflow = 240.778870, 
 Tank Level[18] = 24.135376%, 	 Tank Inflow = 220.000000, 	 Tank Outflow = 230.113861, 
 Tank Level[19] = 20.460503%, 	 Tank Inflow = 220.000000, 	 Tank Outflow = 257.200806, 
 Tank Level[20] = 6.943586%, 	 Tank Inflow = 220.000000, 	 Tank Outflow = 102.201591, 
 Tank Level[21] = 49.745651%, 	 Tank Inflow = 220.000000, 	 Tank Outflow = 222.137970, 
 Tank Level[22] = 48.968822%, 	 Tank Inflow = 220.000000, 	 Tank Outflow = 452.954895, 
 Tank Level[23] = -35.675369%, 	 Tank Inflow = 220.000000, 	 Tank Outflow = 201.439102, 
 Tank Level[24] = -28.931263%, 	 Tank Inflow = 0.000000, 	 Tank Outflow = 0.000000, 
 
 
 Tank ID = Veeranageeri  
 Tank Level[0] = 51.356163%, 	 Tank Inflow = 0.000000, 	 Tank Outflow = 5.625000, 
 Tank Level[1] = 47.305653%, 	 Tank Inflow = 70.975235, 	 Tank Outflow = 5.625000, 
 Tank Level[2] = 94.363716%, 	 Tank Inflow = 39.279144, 	 Tank Outflow = 5.625000, 
 Tank Level[3] = 118.597733%, 	 Tank Inflow = 34.063656, 	 Tank Outflow = 5.625000, 
 Tank Level[4] = 139.076126%, 	 Tank Inflow = 0.000000, 	 Tank Outflow = 11.250000, 
 Tank Level[5] = 130.975113%, 	 Tank Inflow = 0.000000, 	 Tank Outflow = 28.125000, 
 Tank Level[6] = 110.722580%, 	 Tank Inflow = 109.757706, 	 Tank Outflow = 56.250000, 
 Tank Level[7] = 149.252945%, 	 Tank Inflow = -52.495201, 	 Tank Outflow = 70.312500, 
 Tank Level[8] = 60.820328%, 	 Tank Inflow = 40.758015, 	 Tank Outflow = 70.312500, 
 Tank Level[9] = 39.538429%, 	 Tank Inflow = 19.983383, 	 Tank Outflow = 56.250000, 
 Tank Level[10] = 13.423196%, 	 Tank Inflow = 0.000000, 	 Tank Outflow = 28.125000, 
 Tank Level[11] = -6.829342%, 	 Tank Inflow = 54.107937, 	 Tank Outflow = 28.125000, 
 Tank Level[12] = 11.880717%, 	 Tank Inflow = 0.000000, 	 Tank Outflow = 22.500000, 
 Tank Level[13] = -4.321313%, 	 Tank Inflow = 83.534637, 	 Tank Outflow = 22.500000, 
 Tank Level[14] = 39.629135%, 	 Tank Inflow = 0.000000, 	 Tank Outflow = 28.125000, 
 Tank Level[15] = 19.376595%, 	 Tank Inflow = 12.635750, 	 Tank Outflow = 16.875000, 
 Tank Level[16] = 16.323954%, 	 Tank Inflow = 39.120605, 	 Tank Outflow = 22.500000, 
 Tank Level[17] = 28.292288%, 	 Tank Inflow = 18.091967, 	 Tank Outflow = 28.125000, 
 Tank Level[18] = 21.067598%, 	 Tank Inflow = 47.327648, 	 Tank Outflow = 42.187500, 
 Tank Level[19] = 24.768969%, 	 Tank Inflow = 34.416862, 	 Tank Outflow = 42.187500, 
 Tank Level[20] = 19.173409%, 	 Tank Inflow = 43.604984, 	 Tank Outflow = 28.125000, 
 Tank Level[21] = 30.320395%, 	 Tank Inflow = 22.618122, 	 Tank Outflow = 22.500000, 
 Tank Level[22] = 30.405453%, 	 Tank Inflow = 252.148178, 	 Tank Outflow = 16.875000, 
 Tank Level[23] = 199.823364%, 	 Tank Inflow = 27.526287, 	 Tank Outflow = 11.250000, 
 Tank Level[24] = 211.543777%, 	 Tank Inflow = 0.000000, 	 Tank Outflow = 0.000000, 
 
 
 Tank ID = NR_mohalla2  
 Tank Level[0] = 46.933365%, 	 Tank Inflow = 0.000006, 	 Tank Outflow = 2.879992, 
 Tank Level[1] = 42.804733%, 	 Tank Inflow = 10.117677, 	 Tank Outflow = 2.879999, 
 Tank Level[2] = 53.180374%, 	 Tank Inflow = 58.134548, 	 Tank Outflow = 2.880128, 
 Tank Level[3] = 132.390854%, 	 Tank Inflow = 56.557713, 	 Tank Outflow = 2.880001, 
 Tank Level[4] = 209.341019%, 	 Tank Inflow = 39.595860, 	 Tank Outflow = 5.760131, 
 Tank Level[5] = 257.846558%, 	 Tank Inflow = 10.659597, 	 Tank Outflow = 14.400004, 
 Tank Level[6] = 252.484467%, 	 Tank Inflow = 0.000090, 	 Tank Outflow = 28.800127, 
 Tank Level[7] = 211.197922%, 	 Tank Inflow = 15.558314, 	 Tank Outflow = 36.000004, 
 Tank Level[8] = 181.893539%, 	 Tank Inflow = 0.000006, 	 Tank Outflow = 36.000130, 
 Tank Level[9] = 130.285233%, 	 Tank Inflow = 9.620663, 	 Tank Outflow = 28.800129, 
 Tank Level[10] = 102.790329%, 	 Tank Inflow = 0.000007, 	 Tank Outflow = 14.400130, 
 Tank Level[11] = 82.146904%, 	 Tank Inflow = 22.602337, 	 Tank Outflow = 14.400130, 
 Tank Level[12] = 93.905243%, 	 Tank Inflow = 1.284413, 	 Tank Outflow = 11.520131, 
 Tank Level[13] = 79.231735%, 	 Tank Inflow = 42.883057, 	 Tank Outflow = 11.520131, 
 Tank Level[14] = 124.192352%, 	 Tank Inflow = 5.665238, 	 Tank Outflow = 14.400005, 
 Tank Level[15] = 111.670547%, 	 Tank Inflow = 0.000006, 	 Tank Outflow = 8.640131, 
 Tank Level[16] = 99.284416%, 	 Tank Inflow = 9.679567, 	 Tank Outflow = 11.520006, 
 Tank Level[17] = 96.646042%, 	 Tank Inflow = 0.000007, 	 Tank Outflow = 14.400130, 
 Tank Level[18] = 76.002609%, 	 Tank Inflow = 13.631096, 	 Tank Outflow = 21.600004, 
 Tank Level[19] = 64.578712%, 	 Tank Inflow = 20.245508, 	 Tank Outflow = 21.600132, 
 Tank Level[20] = 62.636776%, 	 Tank Inflow = 3.507819, 	 Tank Outflow = 14.400128, 
 Tank Level[21] = 47.022007%, 	 Tank Inflow = 8.499575, 	 Tank Outflow = 11.520129, 
 Tank Level[22] = 42.691864%, 	 Tank Inflow = 0.540660, 	 Tank Outflow = 8.639999, 
 Tank Level[23] = 31.080978%, 	 Tank Inflow = 10.816259, 	 Tank Outflow = 5.760005, 
 Tank Level[24] = 38.329418%, 	 Tank Inflow = 0.000000, 	 Tank Outflow = 0.000000, 
 
 
 Tank ID = NR_Mohalla1  
 Tank Level[0] = 50.338150%, 	 Tank Inflow = 53.315609, 	 Tank Outflow = 11.394000, 
 Tank Level[1] = 65.570381%, 	 Tank Inflow = -10.117612, 	 Tank Outflow = 11.394000, 
 Tank Level[2] = 57.754131%, 	 Tank Inflow = 0.000000, 	 Tank Outflow = 11.394000, 
 Tank Level[3] = 53.614120%, 	 Tank Inflow = 18.004147, 	 Tank Outflow = 11.394000, 
 Tank Level[4] = 56.015919%, 	 Tank Inflow = 0.000000, 	 Tank Outflow = 22.788000, 
 Tank Level[5] = 47.735889%, 	 Tank Inflow = 21.870146, 	 Tank Outflow = 56.970001, 
 Tank Level[6] = 34.982353%, 	 Tank Inflow = 95.292633, 	 Tank Outflow = 113.940002, 
 Tank Level[7] = 28.206831%, 	 Tank Inflow = 126.437820, 	 Tank Outflow = 142.425003, 
 Tank Level[8] = 22.397882%, 	 Tank Inflow = 108.636612, 	 Tank Outflow = 142.425003, 
 Tank Level[9] = 10.120864%, 	 Tank Inflow = 132.981308, 	 Tank Outflow = 113.940002, 
 Tank Level[10] = 17.039526%, 	 Tank Inflow = 108.121994, 	 Tank Outflow = 56.970001, 
 Tank Level[11] = 35.625614%, 	 Tank Inflow = 0.000000, 	 Tank Outflow = 56.970001, 
 Tank Level[12] = 14.925552%, 	 Tank Inflow = 65.651421, 	 Tank Outflow = 45.576000, 
 Tank Level[13] = 22.219959%, 	 Tank Inflow = 23.265562, 	 Tank Outflow = 45.576000, 
 Tank Level[14] = 14.113458%, 	 Tank Inflow = 38.451462, 	 Tank Outflow = 56.970001, 
 Tank Level[15] = 7.384743%, 	 Tank Inflow = 76.096542, 	 Tank Outflow = 34.181999, 
 Tank Level[16] = 22.614401%, 	 Tank Inflow = 21.717510, 	 Tank Outflow = 45.576000, 
 Tank Level[17] = 13.945414%, 	 Tank Inflow = 98.642395, 	 Tank Outflow = 56.970001, 
 Tank Level[18] = 29.087086%, 	 Tank Inflow = 0.148694, 	 Tank Outflow = 85.455002, 
 Tank Level[19] = -1.908978%, 	 Tank Inflow = 76.470825, 	 Tank Outflow = 85.455002, 
 Tank Level[20] = -5.173380%, 	 Tank Inflow = 0.000000, 	 Tank Outflow = 56.970001, 
 Tank Level[21] = -25.873444%, 	 Tank Inflow = 0.000000, 	 Tank Outflow = 45.576000, 
 Tank Level[22] = -42.433495%, 	 Tank Inflow = 0.000000, 	 Tank Outflow = 34.181999, 
 Tank Level[23] = -54.853531%, 	 Tank Inflow = 44.110878, 	 Tank Outflow = 22.788000, 
 Tank Level[24] = -47.105854%, 	 Tank Inflow = 0.000000, 	 Tank Outflow = 0.000000, 
 
 
 Tank ID = Rajiv_nagar_II  
 Tank Level[0] = 48.072987%, 	 Tank Inflow = 121.105530, 	 Tank Outflow = 15.966000, 
 Tank Level[1] = 73.727722%, 	 Tank Inflow = 0.000000, 	 Tank Outflow = 15.966000, 
 Tank Level[2] = 69.831917%, 	 Tank Inflow = 0.000000, 	 Tank Outflow = 15.966128, 
 Tank Level[3] = 65.936073%, 	 Tank Inflow = 0.000000, 	 Tank Outflow = 15.966000, 
 Tank Level[4] = 62.040264%, 	 Tank Inflow = 109.750145, 	 Tank Outflow = 31.932127, 
 Tank Level[5] = 81.028374%, 	 Tank Inflow = 103.905067, 	 Tank Outflow = 79.830002, 
 Tank Level[6] = 86.902855%, 	 Tank Inflow = 126.553696, 	 Tank Outflow = 159.660126, 
 Tank Level[7] = 78.824661%, 	 Tank Inflow = 37.229286, 	 Tank Outflow = 199.574997, 
 Tank Level[8] = 39.211246%, 	 Tank Inflow = 137.741989, 	 Tank Outflow = 199.575119, 
 Tank Level[9] = 24.123556%, 	 Tank Inflow = 70.462090, 	 Tank Outflow = 159.660126, 
 Tank Level[10] = 2.358648%, 	 Tank Inflow = 4.141469, 	 Tank Outflow = 79.830132, 
 Tank Level[11] = -16.109880%, 	 Tank Inflow = 463.646667, 	 Tank Outflow = 79.830132, 
 Tank Level[12] = 77.543861%, 	 Tank Inflow = 63.679943, 	 Tank Outflow = 63.864128, 
 Tank Level[13] = 77.498924%, 	 Tank Inflow = 0.000000, 	 Tank Outflow = 63.864128, 
 Tank Level[14] = 61.915649%, 	 Tank Inflow = 135.083176, 	 Tank Outflow = 79.830002, 
 Tank Level[15] = 75.397789%, 	 Tank Inflow = 85.256058, 	 Tank Outflow = 47.898129, 
 Tank Level[16] = 84.513359%, 	 Tank Inflow = 45.675068, 	 Tank Outflow = 63.863998, 
 Tank Level[17] = 80.075150%, 	 Tank Inflow = 120.136856, 	 Tank Outflow = 79.830132, 
 Tank Level[18] = 89.910263%, 	 Tank Inflow = 140.903168, 	 Tank Outflow = 119.745003, 
 Tank Level[19] = 95.072990%, 	 Tank Inflow = 104.608932, 	 Tank Outflow = 119.745132, 
 Tank Level[20] = 91.379662%, 	 Tank Inflow = 0.000000, 	 Tank Outflow = 79.830132, 
 Tank Level[21] = 71.900589%, 	 Tank Inflow = 146.592758, 	 Tank Outflow = 63.864128, 
 Tank Level[22] = 92.086914%, 	 Tank Inflow = 0.926382, 	 Tank Outflow = 47.897999, 
 Tank Level[23] = 80.625534%, 	 Tank Inflow = 68.536530, 	 Tank Outflow = 31.931999, 
 Tank Level[24] = 89.557289%, 	 Tank Inflow = 0.000000, 	 Tank Outflow = 0.000000, 
 
 
 Tank ID = Tippu_Park  
 Tank Level[0] = 50.021858%, 	 Tank Inflow = 39.421741, 	 Tank Outflow = 7.470000, 
 Tank Level[1] = 61.631535%, 	 Tank Inflow = 54.457493, 	 Tank Outflow = 7.470000, 
 Tank Level[2] = 78.704445%, 	 Tank Inflow = 82.835953, 	 Tank Outflow = 7.470129, 
 Tank Level[3] = 106.088631%, 	 Tank Inflow = 4.663800, 	 Tank Outflow = 7.470000, 
 Tank Level[4] = 105.069008%, 	 Tank Inflow = 16.174784, 	 Tank Outflow = 14.940128, 
 Tank Level[5] = 105.517609%, 	 Tank Inflow = 31.269253, 	 Tank Outflow = 37.349998, 
 Tank Level[6] = 103.308167%, 	 Tank Inflow = 16.648243, 	 Tank Outflow = 74.700127, 
 Tank Level[7] = 82.215012%, 	 Tank Inflow = 65.475792, 	 Tank Outflow = 93.375000, 
 Tank Level[8] = 72.077827%, 	 Tank Inflow = 37.244007, 	 Tank Outflow = 93.375130, 
 Tank Level[9] = 51.682575%, 	 Tank Inflow = 0.000074, 	 Tank Outflow = 74.700127, 
 Tank Level[10] = 24.540293%, 	 Tank Inflow = 62.136837, 	 Tank Outflow = 37.350128, 
 Tank Level[11] = 33.546555%, 	 Tank Inflow = 43.841228, 	 Tank Outflow = 37.350128, 
 Tank Level[12] = 35.905090%, 	 Tank Inflow = 49.088562, 	 Tank Outflow = 29.880129, 
 Tank Level[13] = 42.884480%, 	 Tank Inflow = 37.973461, 	 Tank Outflow = 29.880127, 
 Tank Level[14] = 45.825195%, 	 Tank Inflow = 35.150394, 	 Tank Outflow = 37.349998, 
 Tank Level[15] = 45.025967%, 	 Tank Inflow = 9.912414, 	 Tank Outflow = 22.410128, 
 Tank Level[16] = 40.484921%, 	 Tank Inflow = 81.916771, 	 Tank Outflow = 29.879999, 
 Tank Level[17] = 59.392494%, 	 Tank Inflow = 3.907542, 	 Tank Outflow = 37.350128, 
 Tank Level[18] = 47.241123%, 	 Tank Inflow = 28.103270, 	 Tank Outflow = 56.025002, 
 Tank Level[19] = 37.095753%, 	 Tank Inflow = 21.458717, 	 Tank Outflow = 56.025131, 
 Tank Level[20] = 24.536039%, 	 Tank Inflow = 55.088551, 	 Tank Outflow = 37.350128, 
 Tank Level[21] = 30.981297%, 	 Tank Inflow = 44.427345, 	 Tank Outflow = 29.880129, 
 Tank Level[22] = 36.267033%, 	 Tank Inflow = 199.339508, 	 Tank Outflow = 22.410000, 
 Tank Level[23] = 100.554405%, 	 Tank Inflow = 50.449139, 	 Tank Outflow = 14.940001, 
 Tank Level[24] = 113.456657%, 	 Tank Inflow = 0.000000, 	 Tank Outflow = 0.000000, 
%%%%%%%%%%%%%%%%%%%%%%%

 Iteration Count = 2100	Function Value = 609.190957 	 Percentage Difference = -0.000005 Gradient Norm = 137821274112.000000 alpha mult = 0.000000
 Iteration Count = 2200	Function Value = 609.190350 	 Percentage Difference = -0.000004 Gradient Norm = 137821274112.000000 alpha mult = 0.000000
 Iteration Count = 2300	Function Value = 609.191276 	 Percentage Difference = -0.000000 Gradient Norm = 137821339648.000000 alpha mult = 0.000000
 Iteration Count = 2400	Function Value = 609.189802 	 Percentage Difference = -0.000001 Gradient Norm = 137821224960.000000 alpha mult = 0.000000
 Iteration Count = 2500	Function Value = 609.187799 	 Percentage Difference = -0.000002 Gradient Norm = 137821110272.000000 alpha mult = 0.000000
 Iteration Count = 2600	Function Value = 609.187663 	 Percentage Difference = -0.000000 Gradient Norm = 137821093888.000000 alpha mult = 0.000000
 Iteration Count = 2700	Function Value = 609.187163 	 Percentage Difference = -0.000003 Gradient Norm = 137821093888.000000 alpha mult = 0.000000
 Iteration Count = 2800	Function Value = 609.186581 	 Percentage Difference = -0.000000 Gradient Norm = 137820848128.000000 alpha mult = 0.000000
 Iteration Count = 2900	Function Value = 609.186739 	 Percentage Difference = 0.000004 Gradient Norm = 137821323264.000000 alpha mult = 0.000000
 Iteration Count = 3000	Function Value = 609.184865 	 Percentage Difference = 0.000001 Gradient Norm = 137820962816.000000 alpha mult = 0.000000
%%%%%%%%%%%%%%%%%%%%%%%
Iteration Count = 3001
 
 
 
 Valve ID = 80
 Valve Value [0] = 119.018829 	 Gradient = 0.000000 
 Valve Value [1] = 119.019279 	 Gradient = 0.000000 
 Valve Value [2] = 119.021011 	 Gradient = 0.000000 
 Valve Value [3] = 119.022758 	 Gradient = 0.000000 
 Valve Value [4] = 119.021263 	 Gradient = 0.000000 
 Valve Value [5] = 119.019501 	 Gradient = 0.000000 
 Valve Value [6] = 119.020958 	 Gradient = 0.000000 
 Valve Value [7] = 119.020111 	 Gradient = 0.000000 
 Valve Value [8] = 119.017326 	 Gradient = 0.000000 
 Valve Value [9] = 119.021263 	 Gradient = 0.000000 
 Valve Value [10] = 119.021202 	 Gradient = 0.000000 
 Valve Value [11] = 119.021263 	 Gradient = 0.000000 
 Valve Value [12] = 119.021202 	 Gradient = 0.000000 
 Valve Value [13] = 119.018768 	 Gradient = 0.000000 
 Valve Value [14] = 119.019341 	 Gradient = 0.000000 
 Valve Value [15] = 119.019714 	 Gradient = 0.000000 
 Valve Value [16] = 119.021042 	 Gradient = 0.000000 
 Valve Value [17] = 119.021690 	 Gradient = 0.000000 
 Valve Value [18] = 119.021202 	 Gradient = 0.000000 
 Valve Value [19] = 119.018829 	 Gradient = 0.000000 
 Valve Value [20] = 119.020500 	 Gradient = 0.000000 
 Valve Value [21] = 119.022087 	 Gradient = 0.000000 
 Valve Value [22] = 119.022758 	 Gradient = 0.000000 
 Valve Value [23] = 119.019279 	 Gradient = 0.000000 
 
 
 
 Valve ID = 78
 Valve Value [0] = 18.686224 	 Gradient = -0.003052 
 Valve Value [1] = 77.178558 	 Gradient = 0.001221 
 Valve Value [2] = 94.232269 	 Gradient = 0.370178 
 Valve Value [3] = 118.809967 	 Gradient = -0.003662 
 Valve Value [4] = 11.719394 	 Gradient = 0.001221 
 Valve Value [5] = 0.025907 	 Gradient = 0.001526 
 Valve Value [6] = 118.069847 	 Gradient = 0.000610 
 Valve Value [7] = 94.020203 	 Gradient = 0.001526 
 Valve Value [8] = 40.757984 	 Gradient = 2.064209 
 Valve Value [9] = 111.456490 	 Gradient = -0.001831 
 Valve Value [10] = 67.869469 	 Gradient = 0.001831 
 Valve Value [11] = 54.107918 	 Gradient = 1.250610 
 Valve Value [12] = 92.272064 	 Gradient = -0.000916 
 Valve Value [13] = 539.621582 	 Gradient = 0.000916 
 Valve Value [14] = 36.944584 	 Gradient = -0.001831 
 Valve Value [15] = 12.635212 	 Gradient = 2.168274 
 Valve Value [16] = 43.973228 	 Gradient = -0.005188 
 Valve Value [17] = 18.091932 	 Gradient = 2.181396 
 Valve Value [18] = 47.327629 	 Gradient = 1.470947 
 Valve Value [19] = 36.092262 	 Gradient = 0.002136 
 Valve Value [20] = 50.613190 	 Gradient = -0.002441 
 Valve Value [21] = 22.618103 	 Gradient = 1.571960 
 Valve Value [22] = 0.439416 	 Gradient = 0.003967 
 Valve Value [23] = 27.526268 	 Gradient = 0.972900 
 
 
 
 Valve ID = 76
 Valve Value [0] = 0.000000 	 Gradient = 3.074951 
 Valve Value [1] = 10.117672 	 Gradient = 0.004272 
 Valve Value [2] = 82.418648 	 Gradient = -0.021057 
 Valve Value [3] = 141.457947 	 Gradient = -0.014343 
 Valve Value [4] = 46.650673 	 Gradient = -0.003052 
 Valve Value [5] = 10.658639 	 Gradient = 3.662109 
 Valve Value [6] = 0.000125 	 Gradient = -0.217590 
 Valve Value [7] = 15.558309 	 Gradient = 1.446228 
 Valve Value [8] = 0.000000 	 Gradient = 0.537109 
 Valve Value [9] = 9.620656 	 Gradient = -1.433411 
 Valve Value [10] = 0.000000 	 Gradient = 0.443115 
 Valve Value [11] = 540.572205 	 Gradient = 0.000305 
 Valve Value [12] = 1.284169 	 Gradient = 0.961609 
 Valve Value [13] = 334.400970 	 Gradient = 0.003052 
 Valve Value [14] = 5.665233 	 Gradient = 0.832825 
 Valve Value [15] = 0.000000 	 Gradient = 0.430908 
 Valve Value [16] = 9.679563 	 Gradient = 0.847778 
 Valve Value [17] = 0.000000 	 Gradient = 0.418396 
 Valve Value [18] = 13.631091 	 Gradient = 0.834045 
 Valve Value [19] = 20.245504 	 Gradient = 0.810852 
 Valve Value [20] = 150.802505 	 Gradient = 0.001831 
 Valve Value [21] = 18.688932 	 Gradient = -0.000305 
 Valve Value [22] = 293.298157 	 Gradient = 0.002441 
 Valve Value [23] = 10.816255 	 Gradient = 0.303955 
 
 
 
 Valve ID = 74
 Valve Value [0] = 86.770073 	 Gradient = 0.000305 
 Valve Value [1] = 151.368790 	 Gradient = -0.006714 
 Valve Value [2] = 134.450974 	 Gradient = 0.673218 
 Valve Value [3] = 18.004143 	 Gradient = -3.325806 
 Valve Value [4] = 60.398758 	 Gradient = 0.003662 
 Valve Value [5] = 367.304169 	 Gradient = -0.004578 
 Valve Value [6] = 95.292625 	 Gradient = -2.612610 
 Valve Value [7] = 175.045227 	 Gradient = 0.000916 
 Valve Value [8] = 152.412384 	 Gradient = -0.002441 
 Valve Value [9] = 132.981308 	 Gradient = -2.435608 
 Valve Value [10] = 335.493744 	 Gradient = -0.004272 
 Valve Value [11] = 150.455521 	 Gradient = 0.000610 
 Valve Value [12] = 94.784470 	 Gradient = 0.000610 
 Valve Value [13] = 136.223404 	 Gradient = -0.003662 
 Valve Value [14] = 114.601868 	 Gradient = 0.001831 
 Valve Value [15] = 91.533257 	 Gradient = -0.000610 
 Valve Value [16] = 144.609650 	 Gradient = -0.003662 
 Valve Value [17] = 131.661880 	 Gradient = 0.001831 
 Valve Value [18] = 133.930527 	 Gradient = 0.002441 
 Valve Value [19] = 149.305618 	 Gradient = -0.004883 
 Valve Value [20] = 61.758053 	 Gradient = 0.000610 
 Valve Value [21] = 83.680923 	 Gradient = -0.000610 
 Valve Value [22] = 281.170837 	 Gradient = 0.002441 
 Valve Value [23] = 119.993164 	 Gradient = 0.000610 
 
 
 
 Valve ID = 72
 Valve Value [0] = 158.899750 	 Gradient = 0.000610 
 Valve Value [1] = 861.509155 	 Gradient = -0.005493 
 Valve Value [2] = 88.731636 	 Gradient = 0.230713 
 Valve Value [3] = 0.270934 	 Gradient = 0.000610 
 Valve Value [4] = 109.750130 	 Gradient = -0.046387 
 Valve Value [5] = 206.265015 	 Gradient = 0.001831 
 Valve Value [6] = 127.568153 	 Gradient = 0.000916 
 Valve Value [7] = 37.229271 	 Gradient = 0.691223 
 Valve Value [8] = 137.741974 	 Gradient = 0.838013 
 Valve Value [9] = 129.856644 	 Gradient = 0.000305 
 Valve Value [10] = 4.141453 	 Gradient = 0.893250 
 Valve Value [11] = 634.616699 	 Gradient = 0.000305 
 Valve Value [12] = 63.679928 	 Gradient = 0.892944 
 Valve Value [13] = 136.596970 	 Gradient = 0.001221 
 Valve Value [14] = 135.083160 	 Gradient = 0.813599 
 Valve Value [15] = 85.256042 	 Gradient = 0.785217 
 Valve Value [16] = 119.778793 	 Gradient = -0.002136 
 Valve Value [17] = 120.136841 	 Gradient = 0.745544 
 Valve Value [18] = 207.271759 	 Gradient = -0.000610 
 Valve Value [19] = 104.608917 	 Gradient = 0.667114 
 Valve Value [20] = 623.352295 	 Gradient = -0.003967 
 Valve Value [21] = 236.260788 	 Gradient = 0.000000 
 Valve Value [22] = 0.926254 	 Gradient = 0.456848 
 Valve Value [23] = 125.968468 	 Gradient = -0.000305 
 
 
 
 Valve ID = 40
 Valve Value [0] = 44.453857 	 Gradient = -0.006714 
 Valve Value [1] = 54.457489 	 Gradient = -1.580811 
 Valve Value [2] = 79.782898 	 Gradient = 0.320740 
 Valve Value [3] = 4.664271 	 Gradient = -1.866455 
 Valve Value [4] = 283.141296 	 Gradient = 0.000000 
 Valve Value [5] = 114.801193 	 Gradient = 0.000610 
 Valve Value [6] = 16.648233 	 Gradient = -1.470337 
 Valve Value [7] = 9.841331 	 Gradient = 0.000305 
 Valve Value [8] = 37.243969 	 Gradient = 0.759888 
 Valve Value [9] = 0.000213 	 Gradient = -0.655518 
 Valve Value [10] = 127.466919 	 Gradient = 0.002747 
 Valve Value [11] = 43.841206 	 Gradient = -0.131531 
 Valve Value [12] = 62.590778 	 Gradient = -0.001221 
 Valve Value [13] = 37.973454 	 Gradient = -1.475525 
 Valve Value [14] = 41.911011 	 Gradient = -0.000916 
 Valve Value [15] = 9.912374 	 Gradient = 0.688477 
 Valve Value [16] = 170.598801 	 Gradient = -0.000610 
 Valve Value [17] = 3.907263 	 Gradient = 0.682373 
 Valve Value [18] = 28.103247 	 Gradient = -0.040894 
 Valve Value [19] = 21.458712 	 Gradient = -1.533813 
 Valve Value [20] = 55.088547 	 Gradient = -1.542358 
 Valve Value [21] = 44.427322 	 Gradient = 0.038452 
 Valve Value [22] = 0.285943 	 Gradient = 0.000610 
 Valve Value [23] = 50.449116 	 Gradient = 0.054932 
 
 
 
 Valve ID = 6
 Valve Value [0] = 213.843048 	 Gradient = -0.191650 
 Valve Value [1] = 150.177521 	 Gradient = -0.208130 
 Valve Value [2] = 181.718719 	 Gradient = 0.189209 
 Valve Value [3] = 113.289680 	 Gradient = 1.686096 
 Valve Value [4] = 170.409821 	 Gradient = 0.004883 
 Valve Value [5] = 167.704239 	 Gradient = 0.190735 
 Valve Value [6] = 348.252411 	 Gradient = 0.599060 
 Valve Value [7] = 257.095581 	 Gradient = -0.000916 
 Valve Value [8] = 410.413757 	 Gradient = 0.001831 
 Valve Value [9] = 233.047516 	 Gradient = 0.869446 
 Valve Value [10] = 232.207230 	 Gradient = 0.000000 
 Valve Value [11] = 584.198425 	 Gradient = 0.989075 
 Valve Value [12] = 237.695480 	 Gradient = 0.000610 
 Valve Value [13] = 187.657166 	 Gradient = 1.879578 
 Valve Value [14] = 243.230804 	 Gradient = -0.000916 
 Valve Value [15] = 189.453033 	 Gradient = -0.002136 
 Valve Value [16] = 198.109970 	 Gradient = 0.759277 
 Valve Value [17] = 256.233734 	 Gradient = 0.002441 
 Valve Value [18] = 230.113846 	 Gradient = 0.710754 
 Valve Value [19] = 263.190765 	 Gradient = -0.002441 
 Valve Value [20] = 102.201553 	 Gradient = 2.170410 
 Valve Value [21] = 222.137955 	 Gradient = 0.605469 
 Valve Value [22] = 255.425613 	 Gradient = 0.001831 
 Valve Value [23] = 201.439087 	 Gradient = 0.393677 
 
 
 
 Valve ID = 3
 Valve Value [0] = 92.737442 	 Gradient = 0.017090 
 Valve Value [1] = 113.737350 	 Gradient = 1.639709 
 Valve Value [2] = 179.542496 	 Gradient = 0.694275 
 Valve Value [3] = 515.888672 	 Gradient = 0.004578 
 Valve Value [4] = 55.770664 	 Gradient = 0.397949 
 Valve Value [5] = 63.799252 	 Gradient = -1.004639 
 Valve Value [6] = 221.698715 	 Gradient = 1.387329 
 Valve Value [7] = 154.976578 	 Gradient = 1.494446 
 Valve Value [8] = 203.138855 	 Gradient = 0.001526 
 Valve Value [9] = 162.585541 	 Gradient = 1.219482 
 Valve Value [10] = 170.259140 	 Gradient = 0.030212 
 Valve Value [11] = 294.872253 	 Gradient = 0.000000 
 Valve Value [12] = 116.024330 	 Gradient = 0.774231 
 Valve Value [13] = 187.683731 	 Gradient = 0.308228 
 Valve Value [14] = 79.266945 	 Gradient = -0.121765 
 Valve Value [15] = 166.306137 	 Gradient = 0.002136 
 Valve Value [16] = 152.434830 	 Gradient = 1.068420 
 Valve Value [17] = 178.646225 	 Gradient = -0.001526 
 Valve Value [18] = 188.099442 	 Gradient = -0.000916 
 Valve Value [19] = 152.591812 	 Gradient = 2.184143 
 Valve Value [20] = 142.471466 	 Gradient = 0.002136 
 Valve Value [21] = 210.921310 	 Gradient = 0.000000 
 Valve Value [22] = 0.622742 	 Gradient = -0.004883 
 Valve Value [23] = 183.470734 	 Gradient = -0.000916 
 
 
 
 Valve ID = 5
 Valve Value [0] = 53.315548 	 Gradient = -1.320190 
 Valve Value [1] = 0.000000 	 Gradient = 371242.468750 
 Valve Value [2] = 24.848339 	 Gradient = -0.466919 
 Valve Value [3] = 159.886581 	 Gradient = 0.006714 
 Valve Value [4] = 171.907318 	 Gradient = 0.001221 
 Valve Value [5] = 82.771255 	 Gradient = -0.000610 
 Valve Value [6] = 158.175110 	 Gradient = -0.004272 
 Valve Value [7] = 141.996140 	 Gradient = -2.480469 
 Valve Value [8] = 108.636650 	 Gradient = -0.635986 
 Valve Value [9] = 186.605515 	 Gradient = 0.001221 
 Valve Value [10] = 111.817627 	 Gradient = -0.004272 
 Valve Value [11] = 22.602554 	 Gradient = 0.018921 
 Valve Value [12] = 66.935814 	 Gradient = -1.246338 
 Valve Value [13] = 66.148514 	 Gradient = -3.016968 
 Valve Value [14] = 64.014984 	 Gradient = 0.001221 
 Valve Value [15] = 76.096809 	 Gradient = -0.583496 
 Valve Value [16] = 31.397144 	 Gradient = -2.639771 
 Valve Value [17] = 98.642441 	 Gradient = -0.575562 
 Valve Value [18] = 13.779764 	 Gradient = -1.153564 
 Valve Value [19] = 96.716240 	 Gradient = -2.990723 
 Valve Value [20] = 3.508327 	 Gradient = -2.047729 
 Valve Value [21] = 8.499674 	 Gradient = -0.126953 
 Valve Value [22] = 0.540576 	 Gradient = -0.298462 
 Valve Value [23] = 54.927006 	 Gradient = -0.466919 
 
 
 Tank ID = 34  
 Tank Level[0] = 53.508087%, 	 Tank Inflow = 220.000000, 	 Tank Outflow = 213.843063, 
 Tank Level[1] = 55.745213%, 	 Tank Inflow = 220.000000, 	 Tank Outflow = 138.482132, 
 Tank Level[2] = 85.364746%, 	 Tank Inflow = 220.000000, 	 Tank Outflow = 181.011215, 
 Tank Level[3] = 99.531319%, 	 Tank Inflow = 220.000000, 	 Tank Outflow = 113.289719, 
 Tank Level[4] = 138.304504%, 	 Tank Inflow = 220.000000, 	 Tank Outflow = 165.520828, 
 Tank Level[5] = 158.099518%, 	 Tank Inflow = 220.000000, 	 Tank Outflow = 167.704254, 
 Tank Level[6] = 177.101181%, 	 Tank Inflow = 220.000000, 	 Tank Outflow = 348.252441, 
 Tank Level[7] = 130.500656%, 	 Tank Inflow = 220.000000, 	 Tank Outflow = 192.205887, 
 Tank Level[8] = 140.599655%, 	 Tank Inflow = 220.000000, 	 Tank Outflow = 324.380829, 
 Tank Level[9] = 102.672867%, 	 Tank Inflow = 220.000000, 	 Tank Outflow = 233.047531, 
 Tank Level[10] = 97.932037%, 	 Tank Inflow = 220.000000, 	 Tank Outflow = 174.400833, 
 Tank Level[11] = 114.500504%, 	 Tank Inflow = 220.000000, 	 Tank Outflow = 584.198425, 
 Tank Level[12] = -17.831038%, 	 Tank Inflow = 220.000000, 	 Tank Outflow = 179.704376, 
 Tank Level[13] = -3.189618%, 	 Tank Inflow = 220.000000, 	 Tank Outflow = 187.657196, 
 Tank Level[14] = 8.562144%, 	 Tank Inflow = 220.000000, 	 Tank Outflow = 214.350204, 
 Tank Level[15] = 10.614998%, 	 Tank Inflow = 220.000000, 	 Tank Outflow = 183.900452, 
 Tank Level[16] = 23.731773%, 	 Tank Inflow = 220.000000, 	 Tank Outflow = 198.109985, 
 Tank Level[17] = 31.685513%, 	 Tank Inflow = 220.000000, 	 Tank Outflow = 240.778687, 
 Tank Level[18] = 24.135572%, 	 Tank Inflow = 220.000000, 	 Tank Outflow = 230.113861, 
 Tank Level[19] = 20.460703%, 	 Tank Inflow = 220.000000, 	 Tank Outflow = 257.200806, 
 Tank Level[20] = 6.943785%, 	 Tank Inflow = 220.000000, 	 Tank Outflow = 102.201591, 
 Tank Level[21] = 49.745850%, 	 Tank Inflow = 220.000000, 	 Tank Outflow = 222.137970, 
 Tank Level[22] = 48.969017%, 	 Tank Inflow = 220.000000, 	 Tank Outflow = 452.954803, 
 Tank Level[23] = -35.675140%, 	 Tank Inflow = 220.000000, 	 Tank Outflow = 201.439102, 
 Tank Level[24] = -28.931032%, 	 Tank Inflow = 0.000000, 	 Tank Outflow = 0.000000, 
 
 
 Tank ID = Veeranageeri  
 Tank Level[0] = 51.356163%, 	 Tank Inflow = 0.000000, 	 Tank Outflow = 5.625000, 
 Tank Level[1] = 47.305653%, 	 Tank Inflow = 70.975235, 	 Tank Outflow = 5.625000, 
 Tank Level[2] = 94.363716%, 	 Tank Inflow = 39.279144, 	 Tank Outflow = 5.625000, 
 Tank Level[3] = 118.597733%, 	 Tank Inflow = 34.063114, 	 Tank Outflow = 5.625000, 
 Tank Level[4] = 139.075745%, 	 Tank Inflow = 0.000000, 	 Tank Outflow = 11.250000, 
 Tank Level[5] = 130.974731%, 	 Tank Inflow = 0.000000, 	 Tank Outflow = 28.125000, 
 Tank Level[6] = 110.722183%, 	 Tank Inflow = 109.757553, 	 Tank Outflow = 56.250000, 
 Tank Level[7] = 149.252457%, 	 Tank Inflow = -52.495201, 	 Tank Outflow = 70.312500, 
 Tank Level[8] = 60.819828%, 	 Tank Inflow = 40.758015, 	 Tank Outflow = 70.312500, 
 Tank Level[9] = 39.537930%, 	 Tank Inflow = 19.983036, 	 Tank Outflow = 56.250000, 
 Tank Level[10] = 13.422444%, 	 Tank Inflow = 0.000000, 	 Tank Outflow = 28.125000, 
 Tank Level[11] = -6.830093%, 	 Tank Inflow = 54.107937, 	 Tank Outflow = 28.125000, 
 Tank Level[12] = 11.879966%, 	 Tank Inflow = 0.000000, 	 Tank Outflow = 22.500000, 
 Tank Level[13] = -4.322064%, 	 Tank Inflow = 83.534637, 	 Tank Outflow = 22.500000, 
 Tank Level[14] = 39.628384%, 	 Tank Inflow = 0.000000, 	 Tank Outflow = 28.125000, 
 Tank Level[15] = 19.375843%, 	 Tank Inflow = 12.635247, 	 Tank Outflow = 16.875000, 
 Tank Level[16] = 16.322840%, 	 Tank Inflow = 39.120605, 	 Tank Outflow = 22.500000, 
 Tank Level[17] = 28.291176%, 	 Tank Inflow = 18.091967, 	 Tank Outflow = 28.125000, 
 Tank Level[18] = 21.066488%, 	 Tank Inflow = 47.327648, 	 Tank Outflow = 42.187500, 
 Tank Level[19] = 24.767857%, 	 Tank Inflow = 34.416862, 	 Tank Outflow = 42.187500, 
 Tank Level[20] = 19.172297%, 	 Tank Inflow = 43.604698, 	 Tank Outflow = 28.125000, 
 Tank Level[21] = 30.319077%, 	 Tank Inflow = 22.618122, 	 Tank Outflow = 22.500000, 
 Tank Level[22] = 30.404135%, 	 Tank Inflow = 252.148087, 	 Tank Outflow = 16.875000, 
 Tank Level[23] = 199.821991%, 	 Tank Inflow = 27.526287, 	 Tank Outflow = 11.250000, 
 Tank Level[24] = 211.542389%, 	 Tank Inflow = 0.000000, 	 Tank Outflow = 0.000000, 
 
 
 Tank ID = NR_mohalla2  
 Tank Level[0] = 46.933365%, 	 Tank Inflow = 0.000006, 	 Tank Outflow = 2.879992, 
 Tank Level[1] = 42.804733%, 	 Tank Inflow = 10.117677, 	 Tank Outflow = 2.879999, 
 Tank Level[2] = 53.180374%, 	 Tank Inflow = 58.134548, 	 Tank Outflow = 2.880128, 
 Tank Level[3] = 132.390854%, 	 Tank Inflow = 56.557671, 	 Tank Outflow = 2.880001, 
 Tank Level[4] = 209.340973%, 	 Tank Inflow = 39.595860, 	 Tank Outflow = 5.760131, 
 Tank Level[5] = 257.846527%, 	 Tank Inflow = 10.658644, 	 Tank Outflow = 14.400004, 
 Tank Level[6] = 252.483063%, 	 Tank Inflow = 0.000138, 	 Tank Outflow = 28.800127, 
 Tank Level[7] = 211.196579%, 	 Tank Inflow = 15.558314, 	 Tank Outflow = 36.000004, 
 Tank Level[8] = 181.892212%, 	 Tank Inflow = 0.000006, 	 Tank Outflow = 36.000130, 
 Tank Level[9] = 130.283890%, 	 Tank Inflow = 9.620663, 	 Tank Outflow = 28.800129, 
 Tank Level[10] = 102.788986%, 	 Tank Inflow = 0.000007, 	 Tank Outflow = 14.400130, 
 Tank Level[11] = 82.145561%, 	 Tank Inflow = 22.602337, 	 Tank Outflow = 14.400130, 
 Tank Level[12] = 93.903908%, 	 Tank Inflow = 1.284174, 	 Tank Outflow = 11.520131, 
 Tank Level[13] = 79.230064%, 	 Tank Inflow = 42.883057, 	 Tank Outflow = 11.520131, 
 Tank Level[14] = 124.190674%, 	 Tank Inflow = 5.665238, 	 Tank Outflow = 14.400005, 
 Tank Level[15] = 111.668869%, 	 Tank Inflow = 0.000006, 	 Tank Outflow = 8.640131, 
 Tank Level[16] = 99.282738%, 	 Tank Inflow = 9.679567, 	 Tank Outflow = 11.520006, 
 Tank Level[17] = 96.644363%, 	 Tank Inflow = 0.000006, 	 Tank Outflow = 14.400130, 
 Tank Level[18] = 76.000931%, 	 Tank Inflow = 13.631096, 	 Tank Outflow = 21.600004, 
 Tank Level[19] = 64.577026%, 	 Tank Inflow = 20.245508, 	 Tank Outflow = 21.600132, 
 Tank Level[20] = 62.635094%, 	 Tank Inflow = 3.508221, 	 Tank Outflow = 14.400128, 
 Tank Level[21] = 47.020897%, 	 Tank Inflow = 8.499575, 	 Tank Outflow = 11.520129, 
 Tank Level[22] = 42.690750%, 	 Tank Inflow = 0.540723, 	 Tank Outflow = 8.639999, 
 Tank Level[23] = 31.079960%, 	 Tank Inflow = 10.816259, 	 Tank Outflow = 5.760005, 
 Tank Level[24] = 38.328400%, 	 Tank Inflow = 0.000000, 	 Tank Outflow = 0.000000, 
 
 
 Tank ID = NR_Mohalla1  
 Tank Level[0] = 50.338150%, 	 Tank Inflow = 53.315609, 	 Tank Outflow = 11.394000, 
 Tank Level[1] = 65.570381%, 	 Tank Inflow = -10.117612, 	 Tank Outflow = 11.394000, 
 Tank Level[2] = 57.754131%, 	 Tank Inflow = 0.000000, 	 Tank Outflow = 11.394000, 
 Tank Level[3] = 53.614120%, 	 Tank Inflow = 18.004147, 	 Tank Outflow = 11.394000, 
 Tank Level[4] = 56.015919%, 	 Tank Inflow = 0.000000, 	 Tank Outflow = 22.788000, 
 Tank Level[5] = 47.735889%, 	 Tank Inflow = 21.871073, 	 Tank Outflow = 56.970001, 
 Tank Level[6] = 34.982689%, 	 Tank Inflow = 95.292633, 	 Tank Outflow = 113.940002, 
 Tank Level[7] = 28.207165%, 	 Tank Inflow = 126.437820, 	 Tank Outflow = 142.425003, 
 Tank Level[8] = 22.398218%, 	 Tank Inflow = 108.636612, 	 Tank Outflow = 142.425003, 
 Tank Level[9] = 10.121200%, 	 Tank Inflow = 132.981308, 	 Tank Outflow = 113.940002, 
 Tank Level[10] = 17.039862%, 	 Tank Inflow = 108.121994, 	 Tank Outflow = 56.970001, 
 Tank Level[11] = 35.625954%, 	 Tank Inflow = 0.000000, 	 Tank Outflow = 56.970001, 
 Tank Level[12] = 14.925887%, 	 Tank Inflow = 65.651787, 	 Tank Outflow = 45.576000, 
 Tank Level[13] = 22.220428%, 	 Tank Inflow = 23.265562, 	 Tank Outflow = 45.576000, 
 Tank Level[14] = 14.113926%, 	 Tank Inflow = 38.451462, 	 Tank Outflow = 56.970001, 
 Tank Level[15] = 7.385211%, 	 Tank Inflow = 76.096977, 	 Tank Outflow = 34.181999, 
 Tank Level[16] = 22.615028%, 	 Tank Inflow = 21.717510, 	 Tank Outflow = 45.576000, 
 Tank Level[17] = 13.946040%, 	 Tank Inflow = 98.642281, 	 Tank Outflow = 56.970001, 
 Tank Level[18] = 29.087671%, 	 Tank Inflow = 0.148694, 	 Tank Outflow = 85.455002, 
 Tank Level[19] = -1.908393%, 	 Tank Inflow = 76.470825, 	 Tank Outflow = 85.455002, 
 Tank Level[20] = -5.172795%, 	 Tank Inflow = 0.000000, 	 Tank Outflow = 56.970001, 
 Tank Level[21] = -25.872858%, 	 Tank Inflow = 0.000000, 	 Tank Outflow = 45.576000, 
 Tank Level[22] = -42.432911%, 	 Tank Inflow = 0.000000, 	 Tank Outflow = 34.181999, 
 Tank Level[23] = -54.852943%, 	 Tank Inflow = 44.110878, 	 Tank Outflow = 22.788000, 
 Tank Level[24] = -47.105270%, 	 Tank Inflow = 0.000000, 	 Tank Outflow = 0.000000, 
 
 
 Tank ID = Rajiv_nagar_II  
 Tank Level[0] = 48.072987%, 	 Tank Inflow = 121.105530, 	 Tank Outflow = 15.966000, 
 Tank Level[1] = 73.727722%, 	 Tank Inflow = 0.000000, 	 Tank Outflow = 15.966000, 
 Tank Level[2] = 69.831917%, 	 Tank Inflow = 0.000000, 	 Tank Outflow = 15.966128, 
 Tank Level[3] = 65.936073%, 	 Tank Inflow = 0.000000, 	 Tank Outflow = 15.966000, 
 Tank Level[4] = 62.040264%, 	 Tank Inflow = 109.750145, 	 Tank Outflow = 31.932127, 
 Tank Level[5] = 81.028374%, 	 Tank Inflow = 103.904984, 	 Tank Outflow = 79.830002, 
 Tank Level[6] = 86.902824%, 	 Tank Inflow = 126.553757, 	 Tank Outflow = 159.660126, 
 Tank Level[7] = 78.824654%, 	 Tank Inflow = 37.229286, 	 Tank Outflow = 199.574997, 
 Tank Level[8] = 39.211239%, 	 Tank Inflow = 137.741989, 	 Tank Outflow = 199.575119, 
 Tank Level[9] = 24.123547%, 	 Tank Inflow = 70.462234, 	 Tank Outflow = 159.660126, 
 Tank Level[10] = 2.358675%, 	 Tank Inflow = 4.141469, 	 Tank Outflow = 79.830132, 
 Tank Level[11] = -16.109854%, 	 Tank Inflow = 463.646667, 	 Tank Outflow = 79.830132, 
 Tank Level[12] = 77.543892%, 	 Tank Inflow = 63.679943, 	 Tank Outflow = 63.864128, 
 Tank Level[13] = 77.498955%, 	 Tank Inflow = 0.000000, 	 Tank Outflow = 63.864128, 
 Tank Level[14] = 61.915688%, 	 Tank Inflow = 135.083176, 	 Tank Outflow = 79.830002, 
 Tank Level[15] = 75.397820%, 	 Tank Inflow = 85.256058, 	 Tank Outflow = 47.898129, 
 Tank Level[16] = 84.513397%, 	 Tank Inflow = 45.675068, 	 Tank Outflow = 63.863998, 
 Tank Level[17] = 80.075180%, 	 Tank Inflow = 120.136856, 	 Tank Outflow = 79.830132, 
 Tank Level[18] = 89.910294%, 	 Tank Inflow = 140.903168, 	 Tank Outflow = 119.745003, 
 Tank Level[19] = 95.073021%, 	 Tank Inflow = 104.608932, 	 Tank Outflow = 119.745132, 
 Tank Level[20] = 91.379692%, 	 Tank Inflow = 0.000000, 	 Tank Outflow = 79.830132, 
 Tank Level[21] = 71.900620%, 	 Tank Inflow = 146.592758, 	 Tank Outflow = 63.864128, 
 Tank Level[22] = 92.086952%, 	 Tank Inflow = 0.926268, 	 Tank Outflow = 47.897999, 
 Tank Level[23] = 80.625534%, 	 Tank Inflow = 68.536530, 	 Tank Outflow = 31.931999, 
 Tank Level[24] = 89.557289%, 	 Tank Inflow = 0.000000, 	 Tank Outflow = 0.000000, 
 
 
 Tank ID = Tippu_Park  
 Tank Level[0] = 50.021858%, 	 Tank Inflow = 39.421741, 	 Tank Outflow = 7.470000, 
 Tank Level[1] = 61.631535%, 	 Tank Inflow = 54.457493, 	 Tank Outflow = 7.470000, 
 Tank Level[2] = 78.704445%, 	 Tank Inflow = 82.835953, 	 Tank Outflow = 7.470129, 
 Tank Level[3] = 106.088631%, 	 Tank Inflow = 4.664277, 	 Tank Outflow = 7.470000, 
 Tank Level[4] = 105.069176%, 	 Tank Inflow = 16.174784, 	 Tank Outflow = 14.940128, 
 Tank Level[5] = 105.517784%, 	 Tank Inflow = 31.269493, 	 Tank Outflow = 37.349998, 
 Tank Level[6] = 103.308426%, 	 Tank Inflow = 16.648243, 	 Tank Outflow = 74.700127, 
 Tank Level[7] = 82.215263%, 	 Tank Inflow = 65.475792, 	 Tank Outflow = 93.375000, 
 Tank Level[8] = 72.078087%, 	 Tank Inflow = 37.244007, 	 Tank Outflow = 93.375130, 
 Tank Level[9] = 51.682831%, 	 Tank Inflow = 0.000218, 	 Tank Outflow = 74.700127, 
 Tank Level[10] = 24.540606%, 	 Tank Inflow = 62.136837, 	 Tank Outflow = 37.350128, 
 Tank Level[11] = 33.546860%, 	 Tank Inflow = 43.841228, 	 Tank Outflow = 37.350128, 
 Tank Level[12] = 35.905403%, 	 Tank Inflow = 49.088535, 	 Tank Outflow = 29.880129, 
 Tank Level[13] = 42.884785%, 	 Tank Inflow = 37.973461, 	 Tank Outflow = 29.880127, 
 Tank Level[14] = 45.825497%, 	 Tank Inflow = 35.150394, 	 Tank Outflow = 37.349998, 
 Tank Level[15] = 45.026272%, 	 Tank Inflow = 9.912414, 	 Tank Outflow = 22.410128, 
 Tank Level[16] = 40.485222%, 	 Tank Inflow = 81.916771, 	 Tank Outflo