size of TankStruct = 1192, Size of Valve Struct = 552
tankcount = 0
 Tank 1: Tank ID = 34,
tankcount = 1
 Tank 2: Tank ID = Veeranageeri,
tankcount = 2
 Tank 3: Tank ID = NR_mohalla2,
tankcount = 3
 Tank 4: Tank ID = NR_Mohalla1,
tankcount = 4
 Tank 5: Tank ID = Rajiv_nagar_II,
tankcount = 5
 Tank 6: Tank ID = Tippu_Park,
 Tank ID = 34, Tank Max Level (meter^3) = 990.779907
 Tank ID = 34, Tank Input Link ID = 84
 Tank ID = 34, Tank Output Link ID = DVRTMP3
 Tank ID = Veeranageeri, Tank Max Level (meter^3) = 499.937347
 Tank ID = Veeranageeri, Tank Input Link ID = 79
 Tank ID = Veeranageeri, Tank Output Link ID = 10
 Tank ID = NR_mohalla2, Tank Max Level (meter^3) = 251.123215
 Tank ID = NR_mohalla2, Tank Input Link ID = 77
 Tank ID = NR_mohalla2, Tank Output Link ID = 8
 Tank ID = NR_Mohalla1, Tank Max Level (meter^3) = 990.779663
 Tank ID = NR_Mohalla1, Tank Input Link ID = 75
 Tank ID = NR_Mohalla1, Tank Output Link ID = 7
 Tank ID = Rajiv_nagar_II, Tank Max Level (meter^3) = 1475.370239
 Tank ID = Rajiv_nagar_II, Tank Input Link ID = 73
 Tank ID = Rajiv_nagar_II, Tank Output Link ID = 1
 Tank ID = Tippu_Park, Tank Max Level (meter^3) = 990.779663
 Tank ID = Tippu_Park, Tank Input Link ID = 55
 Tank ID = Tippu_Park, Tank Output Link ID = 2
valvecount = 0
 
Valve 1: Valve ID = 80,
 ValveValue 1 = 119.018829
 ValveValue 2 = 119.019279
 ValveValue 3 = 119.021011
 ValveValue 4 = 119.022758
 ValveValue 5 = 119.021263
 ValveValue 6 = 119.019501
 ValveValue 7 = 119.020958
 ValveValue 8 = 119.020111
 ValveValue 9 = 119.017326
 ValveValue 10 = 119.021263
 ValveValue 11 = 119.021202
 ValveValue 12 = 119.021263
 ValveValue 13 = 119.021202
 ValveValue 14 = 119.018768
 ValveValue 15 = 119.019341
 ValveValue 16 = 119.019714
 ValveValue 17 = 119.021042
 ValveValue 18 = 119.021690
 ValveValue 19 = 119.021202
 ValveValue 20 = 119.018829
 ValveValue 21 = 119.020500
 ValveValue 22 = 119.022087
 ValveValue 23 = 119.022758
 ValveValue 24 = 119.019279
valvecount = 1
 
Valve 2: Valve ID = 78,
 ValveValue 1 = 10.351542
 ValveValue 2 = 13.484177
 ValveValue 3 = 15.655304
 ValveValue 4 = 19.928902
 ValveValue 5 = 33.024040
 ValveValue 6 = 64.829216
 ValveValue 7 = 87.478210
 ValveValue 8 = 92.736099
 ValveValue 9 = 92.842941
 ValveValue 10 = 87.413666
 ValveValue 11 = 68.097374
 ValveValue 12 = 43.131985
 ValveValue 13 = 30.893410
 ValveValue 14 = 27.133690
 ValveValue 15 = 27.316999
 ValveValue 16 = 23.011723
 ValveValue 17 = 25.174706
 ValveValue 18 = 28.952471
 ValveValue 19 = 35.295364
 ValveValue 20 = 35.314983
 ValveValue 21 = 28.905582
 ValveValue 22 = 24.970028
 ValveValue 23 = 21.982038
 ValveValue 24 = 21.374245
valvecount = 2
 
Valve 3: Valve ID = 76,
 ValveValue 1 = 0.000000
 ValveValue 2 = 0.000000
 ValveValue 3 = 3.148241
 ValveValue 4 = 5.445385
 ValveValue 5 = 8.314867
 ValveValue 6 = 15.220182
 ValveValue 7 = 25.229662
 ValveValue 8 = 30.450397
 ValveValue 9 = 30.729647
 ValveValue 10 = 25.934288
 ValveValue 11 = 16.277315
 ValveValue 12 = 14.698191
 ValveValue 13 = 12.498007
 ValveValue 14 = 12.386706
 ValveValue 15 = 13.938629
 ValveValue 16 = 10.515806
 ValveValue 17 = 12.357300
 ValveValue 18 = 14.774837
 ValveValue 19 = 19.627407
 ValveValue 20 = 19.626059
 ValveValue 21 = 14.756199
 ValveValue 22 = 12.316082
 ValveValue 23 = 10.682628
 ValveValue 24 = 17.928068
valvecount = 3
 
Valve 4: Valve ID = 74,
 ValveValue 1 = 134.426453
 ValveValue 2 = 134.425735
 ValveValue 3 = 134.426697
 ValveValue 4 = 134.423828
 ValveValue 5 = 134.425476
 ValveValue 6 = 134.423584
 ValveValue 7 = 134.417496
 ValveValue 8 = 134.408630
 ValveValue 9 = 134.419968
 ValveValue 10 = 134.416779
 ValveValue 11 = 134.418915
 ValveValue 12 = 134.424072
 ValveValue 13 = 134.422119
 ValveValue 14 = 134.421677
 ValveValue 15 = 134.420212
 ValveValue 16 = 134.419907
 ValveValue 17 = 134.425842
 ValveValue 18 = 134.427582
 ValveValue 19 = 134.425293
 ValveValue 20 = 134.426193
 ValveValue 21 = 134.422455
 ValveValue 22 = 134.427902
 ValveValue 23 = 134.429337
 ValveValue 24 = 134.421295
valvecount = 4
 
Valve 5: Valve ID = 72,
 ValveValue 1 = 128.592178
 ValveValue 2 = 128.590363
 ValveValue 3 = 128.587051
 ValveValue 4 = 128.588409
 ValveValue 5 = 128.586273
 ValveValue 6 = 128.587738
 ValveValue 7 = 128.582443
 ValveValue 8 = 128.602722
 ValveValue 9 = 128.596481
 ValveValue 10 = 128.587601
 ValveValue 11 = 128.585526
 ValveValue 12 = 128.580582
 ValveValue 13 = 128.586304
 ValveValue 14 = 128.583023
 ValveValue 15 = 128.583221
 ValveValue 16 = 128.591217
 ValveValue 17 = 128.586761
 ValveValue 18 = 128.589264
 ValveValue 19 = 128.588699
 ValveValue 20 = 128.591125
 ValveValue 21 = 128.585785
 ValveValue 22 = 128.586227
 ValveValue 23 = 128.587784
 ValveValue 24 = 128.586334
valvecount = 5
 
Valve 6: Valve ID = 40,
 ValveValue 1 = 38.132290
 ValveValue 2 = 38.261539
 ValveValue 3 = 38.306587
 ValveValue 4 = 38.070446
 ValveValue 5 = 37.974445
 ValveValue 6 = 45.528019
 ValveValue 7 = 35.693741
 ValveValue 8 = 27.751736
 ValveValue 9 = 28.674797
 ValveValue 10 = 37.818348
 ValveValue 11 = 48.539261
 ValveValue 12 = 35.599167
 ValveValue 13 = 36.236317
 ValveValue 14 = 36.891163
 ValveValue 15 = 37.338112
 ValveValue 16 = 37.608639
 ValveValue 17 = 37.588707
 ValveValue 18 = 37.312420
 ValveValue 19 = 36.946331
 ValveValue 20 = 37.058842
 ValveValue 21 = 37.448986
 ValveValue 22 = 38.020969
 ValveValue 23 = 38.489761
 ValveValue 24 = 39.267254
valvecount = 6
 
Valve 7: Valve ID = 6,
 ValveValue 1 = 177.659714
 ValveValue 2 = 183.397079
 ValveValue 3 = 188.101822
 ValveValue 4 = 193.447327
 ValveValue 5 = 205.304382
 ValveValue 6 = 222.894791
 ValveValue 7 = 243.667068
 ValveValue 8 = 256.057617
 ValveValue 9 = 257.485168
 ValveValue 10 = 247.001404
 ValveValue 11 = 229.703918
 ValveValue 12 = 222.053970
 ValveValue 13 = 214.907791
 ValveValue 14 = 212.901520
 ValveValue 15 = 213.179581
 ValveValue 16 = 209.523346
 ValveValue 17 = 212.723663
 ValveValue 18 = 219.371796
 ValveValue 19 = 227.112961
 ValveValue 20 = 226.823761
 ValveValue 21 = 218.908981
 ValveValue 22 = 211.958618
 ValveValue 23 = 206.738602
 ValveValue 24 = 205.906342
valvecount = 7
 
Valve 8: Valve ID = 3,
 ValveValue 1 = 154.567780
 ValveValue 2 = 154.565704
 ValveValue 3 = 154.583618
 ValveValue 4 = 154.567657
 ValveValue 5 = 154.564499
 ValveValue 6 = 144.104553
 ValveValue 7 = 156.903015
 ValveValue 8 = 173.351730
 ValveValue 9 = 178.822922
 ValveValue 10 = 171.796265
 ValveValue 11 = 155.621521
 ValveValue 12 = 154.559830
 ValveValue 13 = 154.578278
 ValveValue 14 = 154.579300
 ValveValue 15 = 154.573822
 ValveValue 16 = 154.581512
 ValveValue 17 = 154.558838
 ValveValue 18 = 154.571381
 ValveValue 19 = 154.579926
 ValveValue 20 = 154.571243
 ValveValue 21 = 154.568649
 ValveValue 22 = 154.576752
 ValveValue 23 = 154.565445
 ValveValue 24 = 154.566605
valvecount = 8
 
Valve 9: Valve ID = 5,
 ValveValue 1 = 46.258022
 ValveValue 2 = 46.481937
 ValveValue 3 = 49.561779
 ValveValue 4 = 54.626610
 ValveValue 5 = 64.537003
 ValveValue 6 = 80.421036
 ValveValue 7 = 85.832695
 ValveValue 8 = 91.654198
 ValveValue 9 = 95.775833
 ValveValue 10 = 97.528267
 ValveValue 11 = 94.568382
 ValveValue 12 = 73.810860
 ValveValue 13 = 68.947975
 ValveValue 14 = 67.801888
 ValveValue 15 = 67.986908
 ValveValue 16 = 66.095108
 ValveValue 17 = 68.440536
 ValveValue 18 = 73.072708
 ValveValue 19 = 78.623772
 ValveValue 20 = 78.545555
 ValveValue 21 = 72.687927
 ValveValue 22 = 67.619637
 ValveValue 23 = 63.805103
 ValveValue 24 = 62.638626
ValveID = 80, Valve Link = 28
ValveID = 78, Valve Link = 29
ValveID = 76, Valve Link = 30
ValveID = 74, Valve Link = 31
ValveID = 72, Valve Link = 32
ValveID = 40, Valve Link = 33
ValveID = 6, Valve Link = 34
ValveID = 3, Valve Link = 35
ValveID = 5, Valve Link = 36
 Simulation Parameters
 rho = 0.600000. c = 0.001000, beta = 0.600000
 Iteration Count = 100	Function Value = 11.873626 	 Percentage Difference = -0.000566 Gradient Norm = 0.011291 alpha mult = 0.600000
 Iteration Count = 200	Function Value = 11.529451 	 Percentage Difference = -0.000193 Gradient Norm = 0.003594 alpha mult = 0.600000
 Iteration Count = 300	Function Value = 11.346625 	 Percentage Difference = -0.000140 Gradient Norm = 0.002582 alpha mult = 0.600000
 Iteration Count = 400	Function Value = 11.201120 	 Percentage Difference = -0.000103 Gradient Norm = 0.002183 alpha mult = 0.600000
 Iteration Count = 500	Function Value = 11.076042 	 Percentage Difference = -0.000111 Gradient Norm = 0.001948 alpha mult = 0.600000
 Iteration Count = 600	Function Value = 10.964996 	 Percentage Difference = -0.000093 Gradient Norm = 0.001747 alpha mult = 0.600000
 Iteration Count = 700	Function Value = 10.863982 	 Percentage Difference = -0.000093 Gradient Norm = 0.001603 alpha mult = 0.600000
 Iteration Count = 800	Function Value = 10.771074 	 Percentage Difference = -0.000082 Gradient Norm = 0.001478 alpha mult = 0.600000
 Iteration Count = 900	Function Value = 10.685917 	 Percentage Difference = -0.000074 Gradient Norm = 0.001278 alpha mult = 0.600000
 Iteration Count = 1000	Function Value = 10.611185 	 Percentage Difference = -0.000070 Gradient Norm = 0.001210 alpha mult = 0.600000
%%%%%%%%%%%%%%%%%%%%%%%
Iteration Count = 1001
 
 
 
 Valve ID = 80
 Valve Value [0] = 119.015877 	 Gradient = 0.000000 
 Valve Value [1] = 119.016350 	 Gradient = 0.000000 
 Valve Value [2] = 119.018074 	 Gradient = 0.000000 
 Valve Value [3] = 119.019829 	 Gradient = 0.000000 
 Valve Value [4] = 119.018295 	 Gradient = 0.000000 
 Valve Value [5] = 119.016563 	 Gradient = 0.000000 
 Valve Value [6] = 119.017975 	 Gradient = 0.000000 
 Valve Value [7] = 119.017212 	 Gradient = 0.000000 
 Valve Value [8] = 119.014343 	 Gradient = 0.000000 
 Valve Value [9] = 119.018295 	 Gradient = 0.000000 
 Valve Value [10] = 119.018242 	 Gradient = 0.000000 
 Valve Value [11] = 119.018372 	 Gradient = 0.000000 
 Valve Value [12] = 119.018257 	 Gradient = 0.000000 
 Valve Value [13] = 119.015816 	 Gradient = 0.000000 
 Valve Value [14] = 119.016418 	 Gradient = 0.000000 
 Valve Value [15] = 119.016739 	 Gradient = 0.000000 
 Valve Value [16] = 119.018097 	 Gradient = 0.000000 
 Valve Value [17] = 119.018700 	 Gradient = 0.000000 
 Valve Value [18] = 119.018295 	 Gradient = 0.000000 
 Valve Value [19] = 119.015884 	 Gradient = 0.000000 
 Valve Value [20] = 119.017517 	 Gradient = 0.000000 
 Valve Value [21] = 119.019119 	 Gradient = 0.000000 
 Valve Value [22] = 119.019768 	 Gradient = 0.000000 
 Valve Value [23] = 119.016327 	 Gradient = 0.000000 
 
 
 
 Valve ID = 78
 Valve Value [0] = 14.793189 	 Gradient = -0.001764 
 Valve Value [1] = 17.857895 	 Gradient = -0.001593 
 Valve Value [2] = 19.771872 	 Gradient = -0.001421 
 Valve Value [3] = 24.153360 	 Gradient = -0.001221 
 Valve Value [4] = 37.235313 	 Gradient = -0.001554 
 Valve Value [5] = 64.824661 	 Gradient = 0.000038 
 Valve Value [6] = 87.476532 	 Gradient = -0.000076 
 Valve Value [7] = 92.736938 	 Gradient = -0.000067 
 Valve Value [8] = 92.842110 	 Gradient = -0.000076 
 Valve Value [9] = 87.413101 	 Gradient = -0.000048 
 Valve Value [10] = 68.093315 	 Gradient = 0.000134 
 Valve Value [11] = 40.800415 	 Gradient = 0.001678 
 Valve Value [12] = 29.404987 	 Gradient = 0.000601 
 Valve Value [13] = 26.526825 	 Gradient = -0.000401 
 Valve Value [14] = 27.102854 	 Gradient = -0.000973 
 Valve Value [15] = 23.192209 	 Gradient = -0.001240 
 Valve Value [16] = 25.502634 	 Gradient = -0.001020 
 Valve Value [17] = 29.000546 	 Gradient = -0.000648 
 Valve Value [18] = 35.128616 	 Gradient = -0.000296 
 Valve Value [19] = 35.297245 	 Gradient = -0.000410 
 Valve Value [20] = 29.441895 	 Gradient = -0.001297 
 Valve Value [21] = 26.130617 	 Gradient = -0.002317 
 Valve Value [22] = 23.573881 	 Gradient = -0.003071 
 Valve Value [23] = 22.908384 	 Gradient = -0.003328 
 
 
 
 Valve ID = 76
 Valve Value [0] = 4.103186 	 Gradient = -0.002508 
 Valve Value [1] = 4.012858 	 Gradient = -0.002785 
 Valve Value [2] = 6.649835 	 Gradient = -0.002346 
 Valve Value [3] = 8.677102 	 Gradient = -0.002203 
 Valve Value [4] = 11.389261 	 Gradient = -0.002384 
 Valve Value [5] = 18.263174 	 Gradient = -0.002718 
 Valve Value [6] = 21.342316 	 Gradient = 0.005550 
 Valve Value [7] = 26.552608 	 Gradient = 0.005322 
 Valve Value [8] = 26.686110 	 Gradient = 0.005007 
 Valve Value [9] = 22.585257 	 Gradient = 0.003757 
 Valve Value [10] = 14.705871 	 Gradient = 0.001183 
 Valve Value [11] = 13.941942 	 Gradient = 0.000143 
 Valve Value [12] = 12.404179 	 Gradient = -0.000553 
 Valve Value [13] = 12.627463 	 Gradient = -0.000839 
 Valve Value [14] = 14.322811 	 Gradient = -0.000973 
 Valve Value [15] = 11.026731 	 Gradient = -0.001078 
 Valve Value [16] = 12.594928 	 Gradient = -0.000849 
 Valve Value [17] = 14.679771 	 Gradient = -0.000277 
 Valve Value [18] = 19.057655 	 Gradient = 0.000210 
 Valve Value [19] = 18.874100 	 Gradient = 0.000343 
 Valve Value [20] = 14.271259 	 Gradient = -0.000362 
 Valve Value [21] = 11.961260 	 Gradient = -0.000868 
 Valve Value [22] = 10.078495 	 Gradient = -0.000801 
 Valve Value [23] = 16.704329 	 Gradient = -0.000029 
 
 
 
 Valve ID = 74
 Valve Value [0] = 134.425659 	 Gradient = -0.000019 
 Valve Value [1] = 134.423187 	 Gradient = -0.000038 
 Valve Value [2] = 134.423157 	 Gradient = 0.000010 
 Valve Value [3] = 134.421051 	 Gradient = -0.000029 
 Valve Value [4] = 134.421890 	 Gradient = 0.000114 
 Valve Value [5] = 134.419983 	 Gradient = -0.000019 
 Valve Value [6] = 134.414444 	 Gradient = 0.000000 
 Valve Value [7] = 134.404861 	 Gradient = -0.000105 
 Valve Value [8] = 134.417099 	 Gradient = -0.000076 
 Valve Value [9] = 134.415131 	 Gradient = 0.000019 
 Valve Value [10] = 134.415070 	 Gradient = -0.000172 
 Valve Value [11] = 134.420883 	 Gradient = -0.000019 
 Valve Value [12] = 134.419388 	 Gradient = -0.000048 
 Valve Value [13] = 134.418793 	 Gradient = 0.000048 
 Valve Value [14] = 134.417053 	 Gradient = -0.000038 
 Valve Value [15] = 134.417328 	 Gradient = 0.000010 
 Valve Value [16] = 134.423477 	 Gradient = -0.000019 
 Valve Value [17] = 134.425049 	 Gradient = 0.000010 
 Valve Value [18] = 134.422684 	 Gradient = 0.000000 
 Valve Value [19] = 134.424454 	 Gradient = 0.000010 
 Valve Value [20] = 134.419785 	 Gradient = -0.000010 
 Valve Value [21] = 134.426376 	 Gradient = -0.000010 
 Valve Value [22] = 134.428497 	 Gradient = 0.000000 
 Valve Value [23] = 134.420593 	 Gradient = 0.000010 
 
 
 
 Valve ID = 72
 Valve Value [0] = 128.591599 	 Gradient = -0.000038 
 Valve Value [1] = 128.586838 	 Gradient = -0.000086 
 Valve Value [2] = 128.585770 	 Gradient = -0.000076 
 Valve Value [3] = 128.586929 	 Gradient = -0.000019 
 Valve Value [4] = 128.581726 	 Gradient = -0.000029 
 Valve Value [5] = 128.585617 	 Gradient = 0.000067 
 Valve Value [6] = 128.580521 	 Gradient = 0.000086 
 Valve Value [7] = 128.601471 	 Gradient = -0.000019 
 Valve Value [8] = 128.591171 	 Gradient = 0.000029 
 Valve Value [9] = 128.585190 	 Gradient = -0.000057 
 Valve Value [10] = 128.584854 	 Gradient = 0.000124 
 Valve Value [11] = 128.576218 	 Gradient = 0.000029 
 Valve Value [12] = 128.583954 	 Gradient = 0.000019 
 Valve Value [13] = 128.580032 	 Gradient = -0.000038 
 Valve Value [14] = 128.581894 	 Gradient = -0.000019 
 Valve Value [15] = 128.589310 	 Gradient = 0.000019 
 Valve Value [16] = 128.585083 	 Gradient = 0.000038 
 Valve Value [17] = 128.587311 	 Gradient = 0.000019 
 Valve Value [18] = 128.586639 	 Gradient = -0.000019 
 Valve Value [19] = 128.588531 	 Gradient = 0.000010 
 Valve Value [20] = 128.583420 	 Gradient = -0.000010 
 Valve Value [21] = 128.583710 	 Gradient = 0.000000 
 Valve Value [22] = 128.587067 	 Gradient = 0.000000 
 Valve Value [23] = 128.585617 	 Gradient = 0.000000 
 
 
 
 Valve ID = 40
 Valve Value [0] = 40.259602 	 Gradient = -0.000753 
 Valve Value [1] = 40.407066 	 Gradient = -0.000706 
 Valve Value [2] = 40.574680 	 Gradient = -0.000772 
 Valve Value [3] = 40.268288 	 Gradient = -0.000858 
 Valve Value [4] = 40.347240 	 Gradient = -0.001144 
 Valve Value [5] = 41.730167 	 Gradient = 0.001307 
 Valve Value [6] = 35.892914 	 Gradient = 0.000906 
 Valve Value [7] = 28.204208 	 Gradient = 0.000381 
 Valve Value [8] = 29.316116 	 Gradient = 0.000315 
 Valve Value [9] = 38.137775 	 Gradient = 0.000906 
 Valve Value [10] = 48.578396 	 Gradient = 0.001488 
 Valve Value [11] = 33.815628 	 Gradient = 0.002031 
 Valve Value [12] = 35.469479 	 Gradient = 0.000572 
 Valve Value [13] = 36.838673 	 Gradient = -0.000286 
 Valve Value [14] = 37.585918 	 Gradient = -0.000534 
 Valve Value [15] = 38.022438 	 Gradient = -0.000677 
 Valve Value [16] = 38.006859 	 Gradient = -0.000534 
 Valve Value [17] = 37.586384 	 Gradient = -0.000229 
 Valve Value [18] = 37.056709 	 Gradient = 0.000095 
 Valve Value [19] = 37.144241 	 Gradient = 0.000105 
 Valve Value [20] = 37.798580 	 Gradient = -0.000324 
 Valve Value [21] = 38.673439 	 Gradient = -0.000772 
 Valve Value [22] = 39.256985 	 Gradient = -0.001068 
 Valve Value [23] = 39.951366 	 Gradient = -0.001097 
 
 
 
 Valve ID = 6
 Valve Value [0] = 177.382248 	 Gradient = 0.001965 
 Valve Value [1] = 183.489899 	 Gradient = 0.001917 
 Valve Value [2] = 188.186600 	 Gradient = 0.001659 
 Valve Value [3] = 193.369232 	 Gradient = 0.001402 
 Valve Value [4] = 205.434860 	 Gradient = 0.001316 
 Valve Value [5] = 225.069504 	 Gradient = 0.003395 
 Valve Value [6] = 251.102112 	 Gradient = -0.005102 
 Valve Value [7] = 264.098236 	 Gradient = -0.005426 
 Valve Value [8] = 265.525726 	 Gradient = -0.005445 
 Valve Value [9] = 254.448746 	 Gradient = -0.004406 
 Valve Value [10] = 235.697693 	 Gradient = -0.001707 
 Valve Value [11] = 226.174850 	 Gradient = -0.000010 
 Valve Value [12] = 218.517868 	 Gradient = 0.001659 
 Valve Value [13] = 215.062546 	 Gradient = 0.002022 
 Valve Value [14] = 215.578339 	 Gradient = 0.002098 
 Valve Value [15] = 211.201675 	 Gradient = 0.002251 
 Valve Value [16] = 214.715439 	 Gradient = 0.001688 
 Valve Value [17] = 221.544571 	 Gradient = 0.000916 
 Valve Value [18] = 229.494980 	 Gradient = 0.000038 
 Valve Value [19] = 229.390823 	 Gradient = -0.000095 
 Valve Value [20] = 221.015305 	 Gradient = 0.000906 
 Valve Value [21] = 213.358215 	 Gradient = 0.001774 
 Valve Value [22] = 207.732834 	 Gradient = 0.002365 
 Valve Value [23] = 206.719147 	 Gradient = 0.002403 
 
 
 
 Valve ID = 3
 Valve Value [0] = 154.565674 	 Gradient = 0.000076 
 Valve Value [1] = 154.562332 	 Gradient = -0.000010 
 Valve Value [2] = 154.581253 	 Gradient = 0.000038 
 Valve Value [3] = 154.565155 	 Gradient = 0.000038 
 Valve Value [4] = 154.561768 	 Gradient = 0.000114 
 Valve Value [5] = 145.223755 	 Gradient = 0.003023 
 Valve Value [6] = 152.947372 	 Gradient = 0.004702 
 Valve Value [7] = 169.545563 	 Gradient = 0.004587 
 Valve Value [8] = 175.200821 	 Gradient = 0.004206 
 Valve Value [9] = 168.720856 	 Gradient = 0.003023 
 Valve Value [10] = 153.653458 	 Gradient = 0.000982 
 Valve Value [11] = 154.556305 	 Gradient = -0.000010 
 Valve Value [12] = 154.577087 	 Gradient = 0.000000 
 Valve Value [13] = 154.576004 	 Gradient = 0.000038 
 Valve Value [14] = 154.570496 	 Gradient = 0.000038 
 Valve Value [15] = 154.579086 	 Gradient = -0.000048 
 Valve Value [16] = 154.556549 	 Gradient = 0.000029 
 Valve Value [17] = 154.568726 	 Gradient = -0.000038 
 Valve Value [18] = 154.576935 	 Gradient = 0.000038 
 Valve Value [19] = 154.568939 	 Gradient = 0.000057 
 Valve Value [20] = 154.566864 	 Gradient = 0.000000 
 Valve Value [21] = 154.574799 	 Gradient = 0.000000 
 Valve Value [22] = 154.564926 	 Gradient = 0.000010 
 Valve Value [23] = 154.566010 	 Gradient = 0.000000 
 
 
 
 Valve ID = 5
 Valve Value [0] = 47.906990 	 Gradient = -0.001221 
 Valve Value [1] = 48.022789 	 Gradient = -0.001249 
 Valve Value [2] = 51.131870 	 Gradient = -0.001221 
 Valve Value [3] = 56.371349 	 Gradient = -0.001183 
 Valve Value [4] = 66.315620 	 Gradient = -0.001526 
 Valve Value [5] = 75.335243 	 Gradient = 0.002050 
 Valve Value [6] = 87.746544 	 Gradient = -0.000305 
 Valve Value [7] = 93.976181 	 Gradient = -0.000887 
 Valve Value [8] = 98.231140 	 Gradient = -0.000877 
 Valve Value [9] = 99.169968 	 Gradient = 0.000324 
 Valve Value [10] = 95.010635 	 Gradient = 0.002012 
 Valve Value [11] = 72.084709 	 Gradient = 0.003195 
 Valve Value [12] = 67.990524 	 Gradient = 0.001936 
 Valve Value [13] = 67.375771 	 Gradient = 0.001192 
 Valve Value [14] = 67.980759 	 Gradient = 0.000792 
 Valve Value [15] = 66.339661 	 Gradient = 0.000572 
 Valve Value [16] = 68.786774 	 Gradient = 0.000544 
 Valve Value [17] = 73.448990 	 Gradient = 0.000448 
 Valve Value [18] = 79.052788 	 Gradient = 0.000572 
 Valve Value [19] = 79.153351 	 Gradient = 0.000429 
 Valve Value [20] = 73.485832 	 Gradient = 0.000219 
 Valve Value [21] = 68.640511 	 Gradient = -0.000124 
 Valve Value [22] = 65.026016 	 Gradient = -0.000439 
 Valve Value [23] = 63.951965 	 Gradient = -0.000677 
 
 
 Tank ID = 34  
 Tank Level[0] = 50.593544%, 	 Tank Inflow = 220.000000, 	 Tank Outflow = 177.382263, 
 Tank Level[1] = 66.078705%, 	 Tank Inflow = 220.000000, 	 Tank Outflow = 183.489914, 
 Tank Level[2] = 79.344650%, 	 Tank Inflow = 220.000000, 	 Tank Outflow = 188.186615, 
 Tank Level[3] = 90.904053%, 	 Tank Inflow = 220.000000, 	 Tank Outflow = 193.369247, 
 Tank Level[4] = 100.580338%, 	 Tank Inflow = 220.000000, 	 Tank Outflow = 205.434875, 
 Tank Level[5] = 105.872574%, 	 Tank Inflow = 220.000000, 	 Tank Outflow = 225.069519, 
 Tank Level[6] = 104.030571%, 	 Tank Inflow = 220.000000, 	 Tank Outflow = 251.102127, 
 Tank Level[7] = 92.729607%, 	 Tank Inflow = 220.000000, 	 Tank Outflow = 264.098267, 
 Tank Level[8] = 76.706497%, 	 Tank Inflow = 220.000000, 	 Tank Outflow = 265.525757, 
 Tank Level[9] = 60.164707%, 	 Tank Inflow = 220.000000, 	 Tank Outflow = 254.448761, 
 Tank Level[10] = 47.647751%, 	 Tank Inflow = 220.000000, 	 Tank Outflow = 235.697708, 
 Tank Level[11] = 41.943985%, 	 Tank Inflow = 220.000000, 	 Tank Outflow = 226.174866, 
 Tank Level[12] = 39.700344%, 	 Tank Inflow = 220.000000, 	 Tank Outflow = 218.517883, 
 Tank Level[13] = 40.238873%, 	 Tank Inflow = 220.000000, 	 Tank Outflow = 215.062561, 
 Tank Level[14] = 42.032894%, 	 Tank Inflow = 220.000000, 	 Tank Outflow = 215.578354, 
 Tank Level[15] = 43.639500%, 	 Tank Inflow = 220.000000, 	 Tank Outflow = 211.201691, 
 Tank Level[16] = 46.836369%, 	 Tank Inflow = 220.000000, 	 Tank Outflow = 214.715454, 
 Tank Level[17] = 48.756508%, 	 Tank Inflow = 220.000000, 	 Tank Outflow = 221.544586, 
 Tank Level[18] = 48.195278%, 	 Tank Inflow = 220.000000, 	 Tank Outflow = 229.494995, 
 Tank Level[19] = 44.745274%, 	 Tank Inflow = 220.000000, 	 Tank Outflow = 229.390839, 
 Tank Level[20] = 41.333111%, 	 Tank Inflow = 220.000000, 	 Tank Outflow = 221.015320, 
 Tank Level[21] = 40.964199%, 	 Tank Inflow = 220.000000, 	 Tank Outflow = 213.358231, 
 Tank Level[22] = 43.377483%, 	 Tank Inflow = 220.000000, 	 Tank Outflow = 207.732849, 
 Tank Level[23] = 47.834755%, 	 Tank Inflow = 220.000000, 	 Tank Outflow = 206.719162, 
 Tank Level[24] = 52.660351%, 	 Tank Inflow = 0.000000, 	 Tank Outflow = 0.000000, 
 
 
 Tank ID = Veeranageeri  
 Tank Level[0] = 51.870235%, 	 Tank Inflow = 14.793208, 	 Tank Outflow = 5.625000, 
 Tank Level[1] = 58.472172%, 	 Tank Inflow = 17.857914, 	 Tank Outflow = 5.625000, 
 Tank Level[2] = 67.280968%, 	 Tank Inflow = 19.771891, 	 Tank Outflow = 5.625000, 
 Tank Level[3] = 77.468002%, 	 Tank Inflow = 24.153379, 	 Tank Outflow = 5.625000, 
 Tank Level[4] = 90.810112%, 	 Tank Inflow = 37.235332, 	 Tank Outflow = 11.250000, 
 Tank Level[5] = 109.521904%, 	 Tank Inflow = 28.158321, 	 Tank Outflow = 28.125000, 
 Tank Level[6] = 109.545891%, 	 Tank Inflow = 29.308075, 	 Tank Outflow = 56.250000, 
 Tank Level[7] = 90.145271%, 	 Tank Inflow = 47.365280, 	 Tank Outflow = 70.312500, 
 Tank Level[8] = 73.621208%, 	 Tank Inflow = 47.653492, 	 Tank Outflow = 70.312500, 
 Tank Level[9] = 57.304676%, 	 Tank Inflow = 31.413166, 	 Tank Outflow = 56.250000, 
 Tank Level[10] = 39.419914%, 	 Tank Inflow = 10.064603, 	 Tank Outflow = 28.125000, 
 Tank Level[11] = 26.414803%, 	 Tank Inflow = 40.800434, 	 Tank Outflow = 28.125000, 
 Tank Level[12] = 35.542259%, 	 Tank Inflow = 29.405005, 	 Tank Outflow = 22.500000, 
 Tank Level[13] = 40.514488%, 	 Tank Inflow = 26.526844, 	 Tank Outflow = 22.500000, 
 Tank Level[14] = 43.414177%, 	 Tank Inflow = 27.102873, 	 Tank Outflow = 28.125000, 
 Tank Level[15] = 42.678154%, 	 Tank Inflow = 23.192228, 	 Tank Outflow = 16.875000, 
 Tank Level[16] = 47.227127%, 	 Tank Inflow = 25.502653, 	 Tank Outflow = 22.500000, 
 Tank Level[17] = 49.389309%, 	 Tank Inflow = 29.000563, 	 Tank Outflow = 28.125000, 
 Tank Level[18] = 50.019791%, 	 Tank Inflow = 35.128635, 	 Tank Outflow = 42.187500, 
 Tank Level[19] = 44.936775%, 	 Tank Inflow = 35.297264, 	 Tank Outflow = 42.187500, 
 Tank Level[20] = 39.975182%, 	 Tank Inflow = 29.441912, 	 Tank Outflow = 28.125000, 
 Tank Level[21] = 40.923477%, 	 Tank Inflow = 26.130636, 	 Tank Outflow = 22.500000, 
 Tank Level[22] = 43.537861%, 	 Tank Inflow = 23.573900, 	 Tank Outflow = 16.875000, 
 Tank Level[23] = 48.361675%, 	 Tank Inflow = 22.908403, 	 Tank Outflow = 11.250000, 
 Tank Level[24] = 56.756775%, 	 Tank Inflow = 0.000000, 	 Tank Outflow = 0.000000, 
 
 
 Tank ID = NR_mohalla2  
 Tank Level[0] = 55.209740%, 	 Tank Inflow = 4.103191, 	 Tank Outflow = 2.880131, 
 Tank Level[1] = 56.963066%, 	 Tank Inflow = 4.012864, 	 Tank Outflow = 2.880131, 
 Tank Level[2] = 58.586906%, 	 Tank Inflow = 6.649840, 	 Tank Outflow = 2.880131, 
 Tank Level[3] = 63.991005%, 	 Tank Inflow = 8.677108, 	 Tank Outflow = 2.880131, 
 Tank Level[4] = 72.301315%, 	 Tank Inflow = 11.389266, 	 Tank Outflow = 5.760131, 
 Tank Level[5] = 80.371017%, 	 Tank Inflow = 18.263178, 	 Tank Outflow = 14.400128, 
 Tank Level[6] = 85.908928%, 	 Tank Inflow = 21.342319, 	 Tank Outflow = 28.800127, 
 Tank Level[7] = 75.217712%, 	 Tank Inflow = 26.552612, 	 Tank Outflow = 36.000130, 
 Tank Level[8] = 61.674141%, 	 Tank Inflow = 26.686113, 	 Tank Outflow = 36.000130, 
 Tank Level[9] = 48.321945%, 	 Tank Inflow = 22.585260, 	 Tank Outflow = 28.800127, 
 Tank Level[10] = 39.412567%, 	 Tank Inflow = 14.705875, 	 Tank Outflow = 14.400128, 
 Tank Level[11] = 39.850872%, 	 Tank Inflow = 13.941947, 	 Tank Outflow = 14.400130, 
 Tank Level[12] = 39.194042%, 	 Tank Inflow = 12.404183, 	 Tank Outflow = 11.520131, 
 Tank Level[13] = 40.461384%, 	 Tank Inflow = 12.627468, 	 Tank Outflow = 11.520131, 
 Tank Level[14] = 42.048817%, 	 Tank Inflow = 14.322816, 	 Tank Outflow = 14.400130, 
 Tank Level[15] = 41.937981%, 	 Tank Inflow = 11.026736, 	 Tank Outflow = 8.640131, 
 Tank Level[16] = 45.359325%, 	 Tank Inflow = 12.594933, 	 Tank Outflow = 11.520131, 
 Tank Level[17] = 46.900116%, 	 Tank Inflow = 14.679776, 	 Tank Outflow = 14.400130, 
 Tank Level[18] = 47.301006%, 	 Tank Inflow = 19.057659, 	 Tank Outflow = 21.600130, 
 Tank Level[19] = 43.656223%, 	 Tank Inflow = 18.874104, 	 Tank Outflow = 21.600130, 
 Tank Level[20] = 39.748299%, 	 Tank Inflow = 14.271264, 	 Tank Outflow = 14.400130, 
 Tank Level[21] = 39.563564%, 	 Tank Inflow = 11.961265, 	 Tank Outflow = 11.520131, 
 Tank Level[22] = 40.195953%, 	 Tank Inflow = 10.078500, 	 Tank Outflow = 8.640131, 
 Tank Level[23] = 42.257942%, 	 Tank Inflow = 16.704332, 	 Tank Outflow = 5.760131, 
 Tank Level[24] = 57.947105%, 	 Tank Inflow = 0.000000, 	 Tank Outflow = 0.000000, 
 
 
 Tank ID = NR_Mohalla1  
 Tank Level[0] = 50.938313%, 	 Tank Inflow = 43.803898, 	 Tank Outflow = 11.394000, 
 Tank Level[1] = 62.714455%, 	 Tank Inflow = 44.009827, 	 Tank Outflow = 11.394000, 
 Tank Level[2] = 74.565422%, 	 Tank Inflow = 44.482113, 	 Tank Outflow = 11.394000, 
 Tank Level[3] = 86.587997%, 	 Tank Inflow = 47.694160, 	 Tank Outflow = 11.394000, 
 Tank Level[4] = 99.777672%, 	 Tank Inflow = 54.926334, 	 Tank Outflow = 22.788000, 
 Tank Level[5] = 111.455147%, 	 Tank Inflow = 57.072052, 	 Tank Outflow = 56.970001, 
 Tank Level[6] = 111.492233%, 	 Tank Inflow = 66.404045, 	 Tank Outflow = 113.940002, 
 Tank Level[7] = 94.220032%, 	 Tank Inflow = 67.423477, 	 Tank Outflow = 142.425003, 
 Tank Level[8] = 66.968208%, 	 Tank Inflow = 71.545006, 	 Tank Outflow = 142.425003, 
 Tank Level[9] = 41.213943%, 	 Tank Inflow = 76.584900, 	 Tank Outflow = 113.940002, 
 Tank Level[10] = 27.640961%, 	 Tank Inflow = 80.304787, 	 Tank Outflow = 56.970001, 
 Tank Level[11] = 36.119659%, 	 Tank Inflow = 58.142677, 	 Tank Outflow = 56.970001, 
 Tank Level[12] = 36.545753%, 	 Tank Inflow = 55.586231, 	 Tank Outflow = 45.576000, 
 Tank Level[13] = 40.182972%, 	 Tank Inflow = 54.748295, 	 Tank Outflow = 45.576000, 
 Tank Level[14] = 43.515728%, 	 Tank Inflow = 53.657879, 	 Tank Outflow = 56.970001, 
 Tank Level[15] = 42.312267%, 	 Tank Inflow = 55.312805, 	 Tank Outflow = 34.181999, 
 Tank Level[16] = 49.990150%, 	 Tank Inflow = 56.192089, 	 Tank Outflow = 45.576000, 
 Tank Level[17] = 53.847504%, 	 Tank Inflow = 58.769222, 	 Tank Outflow = 56.970001, 
 Tank Level[18] = 54.501251%, 	 Tank Inflow = 59.995281, 	 Tank Outflow = 85.455002, 
 Tank Level[19] = 45.250454%, 	 Tank Inflow = 60.279110, 	 Tank Outflow = 85.455002, 
 Tank Level[20] = 36.102791%, 	 Tank Inflow = 59.214718, 	 Tank Outflow = 56.970001, 
 Tank Level[21] = 36.918407%, 	 Tank Inflow = 56.679188, 	 Tank Outflow = 45.576000, 
 Tank Level[22] = 40.952755%, 	 Tank Inflow = 54.947613, 	 Tank Outflow = 34.181999, 
 Tank Level[23] = 48.497940%, 	 Tank Inflow = 47.247532, 	 Tank Outflow = 22.788000, 
 Tank Level[24] = 57.385319%, 	 Tank Inflow = 0.000000, 	 Tank Outflow = 0.000000, 
 
 
 Tank ID = Rajiv_nagar_II  
 Tank Level[0] = 50.473152%, 	 Tank Inflow = 74.422623, 	 Tank Outflow = 15.966128, 
 Tank Level[1] = 64.736916%, 	 Tank Inflow = 77.201935, 	 Tank Outflow = 15.966128, 
 Tank Level[2] = 79.678856%, 	 Tank Inflow = 76.708183, 	 Tank Outflow = 15.966128, 
 Tank Level[3] = 94.500313%, 	 Tank Inflow = 72.576210, 	 Tank Outflow = 15.966128, 
 Tank Level[4] = 108.313545%, 	 Tank Inflow = 61.536644, 	 Tank Outflow = 31.932127, 
 Tank Level[5] = 115.537239%, 	 Tank Inflow = 79.845642, 	 Tank Outflow = 79.830132, 
 Tank Level[6] = 115.541016%, 	 Tank Inflow = 98.154778, 	 Tank Outflow = 159.660126, 
 Tank Level[7] = 100.533318%, 	 Tank Inflow = 94.552765, 	 Tank Outflow = 199.575119, 
 Tank Level[8] = 74.907166%, 	 Tank Inflow = 90.324821, 	 Tank Outflow = 199.575119, 
 Tank Level[9] = 48.249382%, 	 Tank Inflow = 85.728020, 	 Tank Outflow = 159.660126, 
 Tank Level[10] = 30.209459%, 	 Tank Inflow = 82.044472, 	 Tank Outflow = 79.830132, 
 Tank Level[11] = 30.749773%, 	 Tank Inflow = 79.474052, 	 Tank Outflow = 79.830132, 
 Tank Level[12] = 30.662886%, 	 Tank Inflow = 85.652710, 	 Tank Outflow = 63.864128, 
 Tank Level[13] = 35.979443%, 	 Tank Inflow = 84.321289, 	 Tank Outflow = 63.864128, 
 Tank Level[14] = 40.971127%, 	 Tank Inflow = 82.908737, 	 Tank Outflow = 79.830132, 
 Tank Level[15] = 41.722328%, 	 Tank Inflow = 83.647438, 	 Tank Outflow = 47.898129, 
 Tank Level[16] = 50.445393%, 	 Tank Inflow = 82.419167, 	 Tank Outflow = 63.864128, 
 Tank Level[17] = 54.972950%, 	 Tank Inflow = 81.508385, 	 Tank Outflow = 79.830132, 
 Tank Level[18] = 55.382450%, 	 Tank Inflow = 78.256691, 	 Tank Outflow = 119.745132, 
 Tank Level[19] = 45.258999%, 	 Tank Inflow = 77.796051, 	 Tank Outflow = 119.745132, 
 Tank Level[20] = 35.023144%, 	 Tank Inflow = 80.288918, 	 Tank Outflow = 79.830132, 
 Tank Level[21] = 35.135094%, 	 Tank Inflow = 79.913483, 	 Tank Outflow = 63.864128, 
 Tank Level[22] = 39.051243%, 	 Tank Inflow = 79.876030, 	 Tank Outflow = 47.898129, 
 Tank Level[23] = 46.854053%, 	 Tank Inflow = 79.907181, 	 Tank Outflow = 31.932127, 
 Tank Level[24] = 58.560284%, 	 Tank Inflow = 0.000000, 	 Tank Outflow = 0.000000, 
 
 
 Tank ID = Tippu_Park  
 Tank Level[0] = 50.678917%, 	 Tank Inflow = 40.259624, 	 Tank Outflow = 7.470129, 
 Tank Level[1] = 62.592991%, 	 Tank Inflow = 40.407089, 	 Tank Outflow = 7.470129, 
 Tank Level[2] = 74.560646%, 	 Tank Inflow = 40.574703, 	 Tank Outflow = 7.470129, 
 Tank Level[3] = 86.589195%, 	 Tank Inflow = 40.268311, 	 Tank Outflow = 7.470129, 
 Tank Level[4] = 98.506416%, 	 Tank Inflow = 40.347263, 	 Tank Outflow = 14.940128, 
 Tank Level[5] = 107.738106%, 	 Tank Inflow = 41.730171, 	 Tank Outflow = 37.350128, 
 Tank Level[6] = 109.329605%, 	 Tank Inflow = 35.892918, 	 Tank Outflow = 74.700127, 
 Tank Level[7] = 95.228996%, 	 Tank Inflow = 28.204214, 	 Tank Outflow = 93.375130, 
 Tank Level[8] = 71.549126%, 	 Tank Inflow = 29.316122, 	 Tank Outflow = 93.375130, 
 Tank Level[9] = 48.273277%, 	 Tank Inflow = 38.137779, 	 Tank Outflow = 74.700127, 
 Tank Level[10] = 34.988338%, 	 Tank Inflow = 48.578400, 	 Tank Outflow = 37.350128, 
 Tank Level[11] = 39.068134%, 	 Tank Inflow = 33.815651, 	 Tank Outflow = 37.350128, 
 Tank Level[12] = 37.783878%, 	 Tank Inflow = 35.469501, 	 Tank Outflow = 29.880127, 
 Tank Level[13] = 39.814781%, 	 Tank Inflow = 36.838696, 	 Tank Outflow = 29.880127, 
 Tank Level[14] = 42.343178%, 	 Tank Inflow = 37.585941, 	 Tank Outflow = 37.350128, 
 Tank Level[15] = 42.428860%, 	 Tank Inflow = 38.022461, 	 Tank Outflow = 22.410128, 
 Tank Level[16] = 48.101608%, 	 Tank Inflow = 38.006882, 	 Tank Outflow = 29.880127, 
 Tank Level[17] = 51.054466%, 	 Tank Inflow = 37.586407, 	 Tank Outflow = 37.350128, 
 Tank Level[18] = 51.140316%, 	 Tank Inflow = 37.056732, 	 Tank Outflow = 56.025131, 
 Tank Level[19] = 44.248146%, 	 Tank Inflow = 37.144264, 	 Tank Outflow = 56.025131, 
 Tank Level[20] = 37.387783%, 	 Tank Inflow = 37.798603, 	 Tank Outflow = 37.350128, 
 Tank Level[21] = 37.550735%, 	 Tank Inflow = 38.673462, 	 Tank Outflow = 29.880127, 
 Tank Level[22] = 40.745796%, 	 Tank Inflow = 39.257008, 	 Tank Outflow = 22.410128, 
 Tank Level[23] = 46.867111%, 	 Tank Inflow = 39.951389, 	 Tank Outflow = 14.940128, 
 Tank Level[24] = 55.954964%, 	 Tank Inflow = 0.000000, 	 Tank Outflow = 0.000000, 
%%%%%%%%%%%%%%%%%%%%%%%

 Iteration Count = 1100	Function Value = 10.541012 	 Percentage Difference = -0.000069 Gradient Norm = 0.001123 alpha mult = 0.600000
 Iteration Count = 1200	Function Value = 10.474111 	 Percentage Difference = -0.000058 Gradient Norm = 0.001082 alpha mult = 0.600000
 Iteration Count = 1300	Function Value = 10.410343 	 Percentage Difference = -0.000063 Gradient Norm = 0.001034 alpha mult = 0.600000
 Iteration Count = 1400	Function Value = 10.348577 	 Percentage Difference = -0.000054 Gradient Norm = 0.000997 alpha mult = 0.600000
 Iteration Count = 1500	Function Value = 10.289023 	 Percentage Difference = -0.000066 Gradient Norm = 0.000963 alpha mult = 0.600000
 Iteration Count = 1600	Function Value = 10.231076 	 Percentage Difference = -0.000063 Gradient Norm = 0.000935 alpha mult = 0.600000
 Iteration Count = 1700	Function Value = 10.175415 	 Percentage Difference = -0.000050 Gradient Norm = 0.000912 alpha mult = 0.600000
 Iteration Count = 1800	Function Value = 10.120545 	 Percentage Difference = -0.000054 Gradient Norm = 0.000891 alpha mult = 0.600000
 Iteration Count = 1900	Function Value = 10.067251 	 Percentage Difference = -0.000049 Gradient Norm = 0.000865 alpha mult = 0.600000
 Iteration Count = 2000	Function Value = 10.014722 	 Percentage Difference = -0.000051 Gradient Norm = 0.000848 alpha mult = 0.600000
%%%%%%%%%%%%%%%%%%%%%%%
Iteration Count = 2001
 
 
 
 Valve ID = 80
 Valve Value [0] = 119.012512 	 Gradient = 0.000010 
 Valve Value [1] = 119.012985 	 Gradient = 0.000010 
 Valve Value [2] = 119.014709 	 Gradient = 0.000010 
 Valve Value [3] = 119.016464 	 Gradient = 0.000010 
 Valve Value [4] = 119.014931 	 Gradient = 0.000010 
 Valve Value [5] = 119.013199 	 Gradient = 0.000010 
 Valve Value [6] = 119.014610 	 Gradient = 0.000010 
 Valve Value [7] = 119.013847 	 Gradient = 0.000010 
 Valve Value [8] = 119.010979 	 Gradient = 0.000010 
 Valve Value [9] = 119.014931 	 Gradient = 0.000010 
 Valve Value [10] = 119.014877 	 Gradient = 0.000010 
 Valve Value [11] = 119.015007 	 Gradient = 0.000010 
 Valve Value [12] = 119.014893 	 Gradient = 0.000010 
 Valve Value [13] = 119.012451 	 Gradient = 0.000010 
 Valve Value [14] = 119.013054 	 Gradient = 0.000010 
 Valve Value [15] = 119.013374 	 Gradient = 0.000010 
 Valve Value [16] = 119.014732 	 Gradient = 0.000010 
 Valve Value [17] = 119.015335 	 Gradient = 0.000010 
 Valve Value [18] = 119.014931 	 Gradient = 0.000010 
 Valve Value [19] = 119.012520 	 Gradient = 0.000010 
 Valve Value [20] = 119.014153 	 Gradient = 0.000010 
 Valve Value [21] = 119.015755 	 Gradient = 0.000010 
 Valve Value [22] = 119.016403 	 Gradient = 0.000010 
 Valve Value [23] = 119.012962 	 Gradient = 0.000010 
 
 
 
 Valve ID = 78
 Valve Value [0] = 15.246731 	 Gradient = -0.000048 
 Valve Value [1] = 18.231979 	 Gradient = 0.000048 
 Valve Value [2] = 20.062351 	 Gradient = 0.000019 
 Valve Value [3] = 24.474207 	 Gradient = 0.000095 
 Valve Value [4] = 37.668446 	 Gradient = -0.000086 
 Valve Value [5] = 64.822052 	 Gradient = -0.000057 
 Valve Value [6] = 87.474182 	 Gradient = -0.000143 
 Valve Value [7] = 92.732918 	 Gradient = 0.000019 
 Valve Value [8] = 92.840881 	 Gradient = -0.000048 
 Valve Value [9] = 87.410294 	 Gradient = 0.000238 
 Valve Value [10] = 68.092537 	 Gradient = 0.000019 
 Valve Value [11] = 40.150463 	 Gradient = 0.000620 
 Valve Value [12] = 29.225771 	 Gradient = 0.000200 
 Valve Value [13] = 26.722956 	 Gradient = -0.000219 
 Valve Value [14] = 27.477705 	 Gradient = -0.000429 
 Valve Value [15] = 23.637630 	 Gradient = -0.000391 
 Valve Value [16] = 25.773743 	 Gradient = -0.000086 
 Valve Value [17] = 29.008642 	 Gradient = 0.000334 
 Valve Value [18] = 34.892883 	 Gradient = 0.000715 
 Valve Value [19] = 35.063747 	 Gradient = 0.000744 
 Valve Value [20] = 29.682972 	 Gradient = 0.000076 
 Valve Value [21] = 26.934391 	 Gradient = -0.000753 
 Valve Value [22] = 24.822975 	 Gradient = -0.001488 
 Valve Value [23] = 24.396185 	 Gradient = -0.001917 
 
 
 
 Valve ID = 76
 Valve Value [0] = 5.371391 	 Gradient = -0.001612 
 Valve Value [1] = 5.451394 	 Gradient = -0.001860 
 Valve Value [2] = 8.041003 	 Gradient = -0.002213 
 Valve Value [3] = 10.110808 	 Gradient = -0.002279 
 Valve Value [4] = 13.020744 	 Gradient = -0.002832 
 Valve Value [5] = 18.268192 	 Gradient = 0.000153 
 Valve Value [6] = 18.447357 	 Gradient = 0.004501 
 Valve Value [7] = 23.907696 	 Gradient = 0.004110 
 Valve Value [8] = 24.239151 	 Gradient = 0.003452 
 Valve Value [9] = 20.903931 	 Gradient = 0.002346 
 Valve Value [10] = 14.355012 	 Gradient = 0.000324 
 Valve Value [11] = 13.965524 	 Gradient = -0.000095 
 Valve Value [12] = 12.705116 	 Gradient = -0.000381 
 Valve Value [13] = 13.011267 	 Gradient = -0.000439 
 Valve Value [14] = 14.677883 	 Gradient = -0.000286 
 Valve Value [15] = 11.467584 	 Gradient = -0.000448 
 Valve Value [16] = 12.867657 	 Gradient = -0.000210 
 Valve Value [17] = 14.687691 	 Gradient = 0.000143 
 Valve Value [18] = 18.794968 	 Gradient = 0.000496 
 Valve Value [19] = 18.609549 	 Gradient = 0.000525 
 Valve Value [20] = 14.440750 	 Gradient = -0.000219 
 Valve Value [21] = 12.460958 	 Gradient = -0.000849 
 Valve Value [22] = 10.616637 	 Gradient = -0.000992 
 Valve Value [23] = 16.897108 	 Gradient = -0.000582 
 
 
 
 Valve ID = 74
 Valve Value [0] = 134.423660 	 Gradient = -0.000105 
 Valve Value [1] = 134.419769 	 Gradient = 0.000010 
 Valve Value [2] = 134.421112 	 Gradient = 0.000010 
 Valve Value [3] = 134.417816 	 Gradient = 0.000029 
 Valve Value [4] = 134.419830 	 Gradient = -0.000029 
 Valve Value [5] = 134.418076 	 Gradient = -0.000019 
 Valve Value [6] = 134.412704 	 Gradient = 0.000153 
 Valve Value [7] = 134.402557 	 Gradient = 0.000086 
 Valve Value [8] = 134.414459 	 Gradient = 0.000029 
 Valve Value [9] = 134.413116 	 Gradient = -0.000010 
 Valve Value [10] = 134.411575 	 Gradient = 0.000038 
 Valve Value [11] = 134.418488 	 Gradient = -0.000029 
 Valve Value [12] = 134.417435 	 Gradient = -0.000038 
 Valve Value [13] = 134.415802 	 Gradient = -0.000029 
 Valve Value [14] = 134.415451 	 Gradient = -0.000010 
 Valve Value [15] = 134.415710 	 Gradient = 0.000019 
 Valve Value [16] = 134.421692 	 Gradient = 0.000029 
 Valve Value [17] = 134.422775 	 Gradient = 0.000038 
 Valve Value [18] = 134.419830 	 Gradient = 0.000010 
 Valve Value [19] = 134.421814 	 Gradient = 0.000019 
 Valve Value [20] = 134.417252 	 Gradient = 0.000019 
 Valve Value [21] = 134.424606 	 Gradient = 0.000000 
 Valve Value [22] = 134.428329 	 Gradient = 0.000010 
 Valve Value [23] = 134.420593 	 Gradient = 0.000000 
 
 
 
 Valve ID = 72
 Valve Value [0] = 128.589813 	 Gradient = -0.000019 
 Valve Value [1] = 128.583832 	 Gradient = -0.000019 
 Valve Value [2] = 128.583206 	 Gradient = 0.000010 
 Valve Value [3] = 128.584381 	 Gradient = -0.000038 
 Valve Value [4] = 128.579681 	 Gradient = 0.000048 
 Valve Value [5] = 128.585312 	 Gradient = -0.000114 
 Valve Value [6] = 128.578369 	 Gradient = -0.000143 
 Valve Value [7] = 128.599579 	 Gradient = 0.000114 
 Valve Value [8] = 128.588181 	 Gradient = -0.000048 
 Valve Value [9] = 128.584122 	 Gradient = 0.000019 
 Valve Value [10] = 128.580597 	 Gradient = 0.000000 
 Valve Value [11] = 128.573761 	 Gradient = -0.000114 
 Valve Value [12] = 128.582214 	 Gradient = -0.000048 
 Valve Value [13] = 128.576981 	 Gradient = -0.000048 
 Valve Value [14] = 128.579803 	 Gradient = -0.000010 
 Valve Value [15] = 128.586761 	 Gradient = -0.000029 
 Valve Value [16] = 128.582642 	 Gradient = 0.000019 
 Valve Value [17] = 128.584579 	 Gradient = 0.000019 
 Valve Value [18] = 128.584183 	 Gradient = 0.000010 
 Valve Value [19] = 128.586456 	 Gradient = 0.000000 
 Valve Value [20] = 128.581375 	 Gradient = 0.000038 
 Valve Value [21] = 128.582336 	 Gradient = 0.000000 
 Valve Value [22] = 128.586899 	 Gradient = 0.000010 
 Valve Value [23] = 128.585617 	 Gradient = 0.000000 
 
 
 
 Valve ID = 40
 Valve Value [0] = 40.613632 	 Gradient = -0.000477 
 Valve Value [1] = 40.778210 	 Gradient = -0.000496 
 Valve Value [2] = 40.961590 	 Gradient = -0.000448 
 Valve Value [3] = 40.710148 	 Gradient = -0.000629 
 Valve Value [4] = 40.859783 	 Gradient = -0.000601 
 Valve Value [5] = 40.188728 	 Gradient = 0.002708 
 Valve Value [6] = 35.458866 	 Gradient = 0.000687 
 Valve Value [7] = 27.957447 	 Gradient = 0.000429 
 Valve Value [8] = 29.211695 	 Gradient = 0.000105 
 Valve Value [9] = 37.723103 	 Gradient = 0.000563 
 Valve Value [10] = 47.955753 	 Gradient = 0.000792 
 Valve Value [11] = 33.181271 	 Gradient = 0.000486 
 Valve Value [12] = 35.528862 	 Gradient = -0.000362 
 Valve Value [13] = 37.198509 	 Gradient = -0.000715 
 Valve Value [14] = 38.019291 	 Gradient = -0.000744 
 Valve Value [15] = 38.490921 	 Gradient = -0.000696 
 Valve Value [16] = 38.338913 	 Gradient = -0.000477 
 Valve Value [17] = 37.735722 	 Gradient = -0.000191 
 Valve Value [18] = 37.005085 	 Gradient = 0.000191 
 Valve Value [19] = 37.023151 	 Gradient = 0.000257 
 Valve Value [20] = 37.895157 	 Gradient = -0.000029 
 Valve Value [21] = 38.992847 	 Gradient = -0.000334 
 Valve Value [22] = 39.744156 	 Gradient = -0.000582 
 Valve Value [23] = 40.490917 	 Gradient = -0.000706 
 
 
 
 Valve ID = 6
 Valve Value [0] = 176.557281 	 Gradient = 0.000935 
 Valve Value [1] = 182.709290 	 Gradient = 0.000801 
 Valve Value [2] = 187.496017 	 Gradient = 0.000782 
 Valve Value [3] = 192.785187 	 Gradient = 0.000525 
 Valve Value [4] = 204.952972 	 Gradient = 0.000410 
 Valve Value [5] = 223.403549 	 Gradient = 0.002861 
 Valve Value [6] = 253.447174 	 Gradient = -0.003033 
 Valve Value [7] = 266.555878 	 Gradient = -0.003242 
 Valve Value [8] = 268.036469 	 Gradient = -0.003424 
 Valve Value [9] = 256.428375 	 Gradient = -0.002480 
 Valve Value [10] = 236.221710 	 Gradient = -0.000296 
 Valve Value [11] = 225.805145 	 Gradient = 0.001011 
 Valve Value [12] = 217.487061 	 Gradient = 0.001678 
 Valve Value [13] = 213.866440 	 Gradient = 0.001812 
 Valve Value [14] = 214.508392 	 Gradient = 0.001450 
 Valve Value [15] = 210.137268 	 Gradient = 0.001373 
 Valve Value [16] = 214.020370 	 Gradient = 0.000753 
 Valve Value [17] = 221.313568 	 Gradient = 0.000067 
 Valve Value [18] = 229.775894 	 Gradient = -0.000868 
 Valve Value [19] = 229.797165 	 Gradient = -0.001049 
 Valve Value [20] = 220.894455 	 Gradient = -0.000191 
 Valve Value [21] = 212.734512 	 Gradient = 0.000553 
 Valve Value [22] = 206.758514 	 Gradient = 0.001144 
 Valve Value [23] = 205.667496 	 Gradient = 0.001307 
 
 
 
 Valve ID = 3
 Valve Value [0] = 154.562805 	 Gradient = -0.000095 
 Valve Value [1] = 154.560715 	 Gradient = -0.000038 
 Valve Value [2] = 154.576569 	 Gradient = 0.000086 
 Valve Value [3] = 154.561981 	 Gradient = 0.000076 
 Valve Value [4] = 154.557999 	 Gradient = -0.000010 
 Valve Value [5] = 143.571838 	 Gradient = 0.002651 
 Valve Value [6] = 150.805756 	 Gradient = 0.002527 
 Valve Value [7] = 167.616623 	 Gradient = 0.002270 
 Valve Value [8] = 173.463730 	 Gradient = 0.001945 
 Valve Value [9] = 167.622147 	 Gradient = 0.001078 
 Valve Value [10] = 153.565292 	 Gradient = -0.000591 
 Valve Value [11] = 154.553528 	 Gradient = 0.000019 
 Valve Value [12] = 154.573639 	 Gradient = -0.000019 
 Valve Value [13] = 154.573502 	 Gradient = -0.000038 
 Valve Value [14] = 154.567413 	 Gradient = 0.000019 
 Valve Value [15] = 154.577271 	 Gradient = 0.000029 
 Valve Value [16] = 154.554245 	 Gradient = -0.000038 
 Valve Value [17] = 154.567581 	 Gradient = -0.000029 
 Valve Value [18] = 154.573639 	 Gradient = 0.000000 
 Valve Value [19] = 154.566742 	 Gradient = -0.000010 
 Valve Value [20] = 154.564682 	 Gradient = 0.000019 
 Valve Value [21] = 154.572952 	 Gradient = -0.000010 
 Valve Value [22] = 154.564789 	 Gradient = 0.000010 
 Valve Value [23] = 154.566010 	 Gradient = 0.000000 
 
 
 
 Valve ID = 5
 Valve Value [0] = 48.502117 	 Gradient = -0.000935 
 Valve Value [1] = 48.631950 	 Gradient = -0.000906 
 Valve Value [2] = 51.754799 	 Gradient = -0.001087 
 Valve Value [3] = 57.048054 	 Gradient = -0.001049 
 Valve Value [4] = 67.056824 	 Gradient = -0.001116 
 Valve Value [5] = 75.247955 	 Gradient = 0.000124 
 Valve Value [6] = 87.498398 	 Gradient = 0.000868 
 Valve Value [7] = 94.044945 	 Gradient = 0.000286 
 Valve Value [8] = 98.457153 	 Gradient = -0.000067 
 Valve Value [9] = 98.725021 	 Gradient = 0.000925 
 Valve Value [10] = 93.739471 	 Gradient = 0.001993 
 Valve Value [11] = 70.613907 	 Gradient = 0.001850 
 Valve Value [12] = 67.178841 	 Gradient = 0.000811 
 Valve Value [13] = 66.980034 	 Gradient = 0.000277 
 Valve Value [14] = 67.803322 	 Gradient = -0.000057 
 Valve Value [15] = 66.213295 	 Gradient = -0.000086 
 Valve Value [16] = 68.660202 	 Gradient = 0.000000 
 Valve Value [17] = 73.304352 	 Gradient = 0.000105 
 Valve Value [18] = 78.893105 	 Gradient = 0.000143 
 Valve Value [19] = 78.999886 	 Gradient = 0.000143 
 Valve Value [20] = 73.411629 	 Gradient = 0.000067 
 Valve Value [21] = 68.712273 	 Gradient = -0.000105 
 Valve Value [22] = 65.258095 	 Gradient = -0.000334 
 Valve Value [23] = 64.327339 	 Gradient = -0.000572 
 
 
 Tank ID = 34  
 Tank Level[0] = 51.152199%, 	 Tank Inflow = 220.000000, 	 Tank Outflow = 176.557297, 
 Tank Level[1] = 66.937103%, 	 Tank Inflow = 220.000000, 	 Tank Outflow = 182.709305, 
 Tank Level[2] = 80.486687%, 	 Tank Inflow = 220.000000, 	 Tank Outflow = 187.496033, 
 Tank Level[3] = 92.297012%, 	 Tank Inflow = 220.000000, 	 Tank Outflow = 192.785202, 
 Tank Level[4] = 102.185501%, 	 Tank Inflow = 220.000000, 	 Tank Outflow = 204.952988, 
 Tank Level[5] = 107.652832%, 	 Tank Inflow = 220.000000, 	 Tank Outflow = 223.403564, 
 Tank Level[6] = 106.416153%, 	 Tank Inflow = 220.000000, 	 Tank Outflow = 253.447189, 
 Tank Level[7] = 94.263107%, 	 Tank Inflow = 220.000000, 	 Tank Outflow = 266.555908, 
 Tank Level[8] = 77.347015%, 	 Tank Inflow = 220.000000, 	 Tank Outflow = 268.036499, 
 Tank Level[9] = 59.892948%, 	 Tank Inflow = 220.000000, 	 Tank Outflow = 256.428406, 
 Tank Level[10] = 46.656677%, 	 Tank Inflow = 220.000000, 	 Tank Outflow = 236.221725, 
 Tank Level[11] = 40.762512%, 	 Tank Inflow = 220.000000, 	 Tank Outflow = 225.805161, 
 Tank Level[12] = 38.653206%, 	 Tank Inflow = 220.000000, 	 Tank Outflow = 217.487076, 
 Tank Level[13] = 39.566277%, 	 Tank Inflow = 220.000000, 	 Tank Outflow = 213.866455, 
 Tank Level[14] = 41.794903%, 	 Tank Inflow = 220.000000, 	 Tank Outflow = 214.508408, 
 Tank Level[15] = 43.790276%, 	 Tank Inflow = 220.000000, 	 Tank Outflow = 210.137283, 
 Tank Level[16] = 47.373894%, 	 Tank Inflow = 220.000000, 	 Tank Outflow = 214.020386, 
 Tank Level[17] = 49.546585%, 	 Tank Inflow = 220.000000, 	 Tank Outflow = 221.313583, 
 Tank Level[18] = 49.069294%, 	 Tank Inflow = 220.000000, 	 Tank Outflow = 229.775909, 
 Tank Level[19] = 45.517216%, 	 Tank Inflow = 220.000000, 	 Tank Outflow = 229.797180, 
 Tank Level[20] = 41.957409%, 	 Tank Inflow = 220.000000, 	 Tank Outflow = 220.894470, 
 Tank Level[21] = 41.632404%, 	 Tank Inflow = 220.000000, 	 Tank Outflow = 212.734528, 
 Tank Level[22] = 44.272316%, 	 Tank Inflow = 220.000000, 	 Tank Outflow = 206.758530, 
 Tank Level[23] = 49.083603%, 	 Tank Inflow = 220.000000, 	 Tank Outflow = 205.667511, 
 Tank Level[24] = 54.291317%, 	 Tank Inflow = 0.000000, 	 Tank Outflow = 0.000000, 
 
 
 Tank ID = Veeranageeri  
 Tank Level[0] = 53.089619%, 	 Tank Inflow = 15.246750, 	 Tank Outflow = 5.625000, 
 Tank Level[1] = 60.018147%, 	 Tank Inflow = 18.231998, 	 Tank Outflow = 5.625000, 
 Tank Level[2] = 69.096321%, 	 Tank Inflow = 20.062370, 	 Tank Outflow = 5.625000, 
 Tank Level[3] = 79.492531%, 	 Tank Inflow = 24.474226, 	 Tank Outflow = 5.625000, 
 Tank Level[4] = 93.065666%, 	 Tank Inflow = 37.668465, 	 Tank Outflow = 11.250000, 
 Tank Level[5] = 112.089348%, 	 Tank Inflow = 28.135094, 	 Tank Outflow = 28.125000, 
 Tank Level[6] = 112.096619%, 	 Tank Inflow = 27.848604, 	 Tank Outflow = 56.250000, 
 Tank Level[7] = 91.645042%, 	 Tank Inflow = 45.614262, 	 Tank Outflow = 70.312500, 
 Tank Level[8] = 73.860085%, 	 Tank Inflow = 45.794884, 	 Tank Outflow = 70.312500, 
 Tank Level[9] = 56.205189%, 	 Tank Inflow = 31.174002, 	 Tank Outflow = 56.250000, 
 Tank Level[10] = 38.148205%, 	 Tank Inflow = 11.870185, 	 Tank Outflow = 28.125000, 
 Tank Level[11] = 26.443272%, 	 Tank Inflow = 40.150482, 	 Tank Outflow = 28.125000, 
 Tank Level[12] = 35.102703%, 	 Tank Inflow = 29.225790, 	 Tank Outflow = 22.500000, 
 Tank Level[13] = 39.945881%, 	 Tank Inflow = 26.722975, 	 Tank Outflow = 22.500000, 
 Tank Level[14] = 42.986805%, 	 Tank Inflow = 27.477724, 	 Tank Outflow = 28.125000, 
 Tank Level[15] = 42.520706%, 	 Tank Inflow = 23.637650, 	 Tank Outflow = 16.875000, 
 Tank Level[16] = 47.390423%, 	 Tank Inflow = 25.773762, 	 Tank Outflow = 22.500000, 
 Tank Level[17] = 49.747826%, 	 Tank Inflow = 29.008659, 	 Tank Outflow = 28.125000, 
 Tank Level[18] = 50.384136%, 	 Tank Inflow = 34.892902, 	 Tank Outflow = 42.187500, 
 Tank Level[19] = 45.131371%, 	 Tank Inflow = 35.063766, 	 Tank Outflow = 42.187500, 
 Tank Level[20] = 40.001637%, 	 Tank Inflow = 29.682989, 	 Tank Outflow = 28.125000, 
 Tank Level[21] = 41.123531%, 	 Tank Inflow = 26.934410, 	 Tank Outflow = 22.500000, 
 Tank Level[22] = 44.316704%, 	 Tank Inflow = 24.822994, 	 Tank Outflow = 16.875000, 
 Tank Level[23] = 50.039982%, 	 Tank Inflow = 24.396204, 	 Tank Outflow = 11.250000, 
 Tank Level[24] = 59.506432%, 	 Tank Inflow = 0.000000, 	 Tank Outflow = 0.000000, 
 
 
 Tank ID = NR_mohalla2  
 Tank Level[0] = 58.269962%, 	 Tank Inflow = 5.371396, 	 Tank Outflow = 2.880131, 
 Tank Level[1] = 61.841339%, 	 Tank Inflow = 5.451399, 	 Tank Outflow = 2.880131, 
 Tank Level[2] = 65.527397%, 	 Tank Inflow = 8.041009, 	 Tank Outflow = 2.880131, 
 Tank Level[3] = 72.925835%, 	 Tank Inflow = 10.110813, 	 Tank Outflow = 2.880131, 
 Tank Level[4] = 83.291443%, 	 Tank Inflow = 13.020749, 	 Tank Outflow = 5.760131, 
 Tank Level[5] = 93.699966%, 	 Tank Inflow = 18.268196, 	 Tank Outflow = 14.400128, 
 Tank Level[6] = 99.245071%, 	 Tank Inflow = 18.447361, 	 Tank Outflow = 28.800127, 
 Tank Level[7] = 84.403770%, 	 Tank Inflow = 23.907700, 	 Tank Outflow = 36.000130, 
 Tank Level[8] = 67.068550%, 	 Tank Inflow = 24.239155, 	 Tank Outflow = 36.000130, 
 Tank Level[9] = 50.208504%, 	 Tank Inflow = 20.903934, 	 Tank Outflow = 28.800127, 
 Tank Level[10] = 38.888844%, 	 Tank Inflow = 14.355017, 	 Tank Outflow = 14.400128, 
 Tank Level[11] = 38.824173%, 	 Tank Inflow = 13.965528, 	 Tank Outflow = 14.400130, 
 Tank Level[12] = 38.201145%, 	 Tank Inflow = 12.705121, 	 Tank Outflow = 11.520131, 
 Tank Level[13] = 39.899899%, 	 Tank Inflow = 13.011271, 	 Tank Outflow = 11.520131, 
 Tank Level[14] = 42.037533%, 	 Tank Inflow = 14.677888, 	 Tank Outflow = 14.400130, 
 Tank Level[15] = 42.435719%, 	 Tank Inflow = 11.467588, 	 Tank Outflow = 8.640131, 
 Tank Level[16] = 46.489044%, 	 Tank Inflow = 12.867661, 	 Tank Outflow = 11.520131, 
 Tank Level[17] = 48.420811%, 	 Tank Inflow = 14.687696, 	 Tank Outflow = 14.400130, 
 Tank Level[18] = 48.833054%, 	 Tank Inflow = 18.794971, 	 Tank Outflow = 21.600130, 
 Tank Level[19] = 44.811691%, 	 Tank Inflow = 18.609552, 	 Tank Outflow = 21.600130, 
 Tank Level[20] = 40.524525%, 	 Tank Inflow = 14.440755, 	 Tank Outflow = 14.400130, 
 Tank Level[21] = 40.582756%, 	 Tank Inflow = 12.460962, 	 Tank Outflow = 11.520131, 
 Tank Level[22] = 41.931496%, 	 Tank Inflow = 10.616642, 	 Tank Outflow = 8.640131, 
 Tank Level[23] = 44.764938%, 	 Tank Inflow = 16.897112, 	 Tank Outflow = 5.760131, 
 Tank Level[24] = 60.730457%, 	 Tank Inflow = 0.000000, 	 Tank Outflow = 0.000000, 
 
 
 Tank ID = NR_Mohalla1  
 Tank Level[0] = 51.577927%, 	 Tank Inflow = 43.130894, 	 Tank Outflow = 11.394000, 
 Tank Level[1] = 63.109535%, 	 Tank Inflow = 43.180737, 	 Tank Outflow = 11.394000, 
 Tank Level[2] = 74.659248%, 	 Tank Inflow = 43.713680, 	 Tank Outflow = 11.394000, 
 Tank Level[3] = 86.402611%, 	 Tank Inflow = 46.937363, 	 Tank Outflow = 11.394000, 
 Tank Level[4] = 99.317299%, 	 Tank Inflow = 54.036049, 	 Tank Outflow = 22.788000, 
 Tank Level[5] = 110.671280%, 	 Tank Inflow = 56.979607, 	 Tank Outflow = 56.970001, 
 Tank Level[6] = 110.674774%, 	 Tank Inflow = 69.051094, 	 Tank Outflow = 113.940002, 
 Tank Level[7] = 94.364365%, 	 Tank Inflow = 70.137115, 	 Tank Outflow = 142.425003, 
 Tank Level[8] = 68.098557%, 	 Tank Inflow = 74.217857, 	 Tank Outflow = 142.425003, 
 Tank Level[9] = 43.315472%, 	 Tank Inflow = 77.821205, 	 Tank Outflow = 113.940002, 
 Tank Level[10] = 30.191698%, 	 Tank Inflow = 79.384499, 	 Tank Outflow = 56.970001, 
 Tank Level[11] = 38.336010%, 	 Tank Inflow = 56.648415, 	 Tank Outflow = 56.970001, 
 Tank Level[12] = 38.219162%, 	 Tank Inflow = 54.473835, 	 Tank Outflow = 45.576000, 
 Tank Level[13] = 41.452190%, 	 Tank Inflow = 53.968933, 	 Tank Outflow = 45.576000, 
 Tank Level[14] = 44.501766%, 	 Tank Inflow = 53.125420, 	 Tank Outflow = 56.970001, 
 Tank Level[15] = 43.104839%, 	 Tank Inflow = 54.745815, 	 Tank Outflow = 34.181999, 
 Tank Level[16] = 50.576706%, 	 Tank Inflow = 55.792492, 	 Tank Outflow = 45.576000, 
 Tank Level[17] = 54.288868%, 	 Tank Inflow = 58.616470, 	 Tank Outflow = 56.970001, 
 Tank Level[18] = 54.887112%, 	 Tank Inflow = 60.098339, 	 Tank Outflow = 85.455002, 
 Tank Level[19] = 45.673763%, 	 Tank Inflow = 60.390438, 	 Tank Outflow = 85.455002, 
 Tank Level[20] = 36.566551%, 	 Tank Inflow = 58.970955, 	 Tank Outflow = 56.970001, 
 Tank Level[21] = 37.293598%, 	 Tank Inflow = 56.251217, 	 Tank Outflow = 45.576000, 
 Tank Level[22] = 41.172440%, 	 Tank Inflow = 54.641319, 	 Tank Outflow = 34.181999, 
 Tank Level[23] = 48.606339%, 	 Tank Inflow = 47.430222, 	 Tank Outflow = 22.788000, 
 Tank Level[24] = 57.560093%, 	 Tank Inflow = 0.000000, 	 Tank Outflow = 0.000000, 
 
 
 Tank ID = Rajiv_nagar_II  
 Tank Level[0] = 50.881721%, 	 Tank Inflow = 72.194725, 	 Tank Outflow = 15.966128, 
 Tank Level[1] = 64.601875%, 	 Tank Inflow = 75.067039, 	 Tank Outflow = 15.966128, 
 Tank Level[2] = 79.022873%, 	 Tank Inflow = 74.717308, 	 Tank Outflow = 15.966128, 
 Tank Level[3] = 93.358543%, 	 Tank Inflow = 70.552795, 	 Tank Outflow = 15.966128, 
 Tank Level[4] = 106.678055%, 	 Tank Inflow = 59.367573, 	 Tank Outflow = 31.932127, 
 Tank Level[5] = 113.372475%, 	 Tank Inflow = 79.831688, 	 Tank Outflow = 79.830132, 
 Tank Level[6] = 113.372856%, 	 Tank Inflow = 102.641563, 	 Tank Outflow = 159.660126, 
 Tank Level[7] = 99.459961%, 	 Tank Inflow = 98.939262, 	 Tank Outflow = 199.575119, 
 Tank Level[8] = 74.904152%, 	 Tank Inflow = 94.572815, 	 Tank Outflow = 199.575119, 
 Tank Level[9] = 49.282898%, 	 Tank Inflow = 88.806236, 	 Tank Outflow = 159.660126, 
 Tank Level[10] = 31.994083%, 	 Tank Inflow = 82.656288, 	 Tank Outflow = 79.830132, 
 Tank Level[11] = 32.683685%, 	 Tank Inflow = 81.859428, 	 Tank Outflow = 79.830132, 
 Tank Level[12] = 33.178844%, 	 Tank Inflow = 85.553169, 	 Tank Outflow = 63.864128, 
 Tank Level[13] = 38.471115%, 	 Tank Inflow = 82.964966, 	 Tank Outflow = 63.864128, 
 Tank Level[14] = 43.131844%, 	 Tank Inflow = 81.208069, 	 Tank Outflow = 79.830132, 
 Tank Level[15] = 43.468067%, 	 Tank Inflow = 81.795372, 	 Tank Outflow = 47.898129, 
 Tank Level[16] = 51.739216%, 	 Tank Inflow = 81.247101, 	 Tank Outflow = 63.864128, 
 Tank Level[17] = 55.980778%, 	 Tank Inflow = 81.264717, 	 Tank Outflow = 79.830132, 
 Tank Level[18] = 56.330830%, 	 Tank Inflow = 78.984711, 	 Tank Outflow = 119.745132, 
 Tank Level[19] = 46.385014%, 	 Tank Inflow = 78.710442, 	 Tank Outflow = 119.745132, 
 Tank Level[20] = 36.372280%, 	 Tank Inflow = 79.904617, 	 Tank Outflow = 79.830132, 
 Tank Level[21] = 36.390453%, 	 Tank Inflow = 78.094841, 	 Tank Outflow = 63.864128, 
 Tank Level[22] = 39.862843%, 	 Tank Inflow = 76.933464, 	 Tank Outflow = 47.898129, 
 Tank Level[23] = 46.947655%, 	 Tank Inflow = 76.453125, 	 Tank Outflow = 31.932127, 
 Tank Level[24] = 57.811073%, 	 Tank Inflow = 0.000000, 	 Tank Outflow = 0.000000, 
 
 
 Tank ID = Tippu_Park  
 Tank Level[0] = 51.316521%, 	 Tank Inflow = 40.613655, 	 Tank Outflow = 7.470129, 
 Tank Level[1] = 63.359226%, 	 Tank Inflow = 40.778233, 	 Tank Outflow = 7.470129, 
 Tank Level[2] = 75.461731%, 	 Tank Inflow = 40.961613, 	 Tank Outflow = 7.470129, 
 Tank Level[3] = 87.630867%, 	 Tank Inflow = 40.710171, 	 Tank Outflow = 7.470129, 
 Tank Level[4] = 99.708641%, 	 Tank Inflow = 40.859806, 	 Tank Outflow = 14.940128, 
 Tank Level[5] = 109.126556%, 	 Tank Inflow = 40.188732, 	 Tank Outflow = 37.350128, 
 Tank Level[6] = 110.157967%, 	 Tank Inflow = 35.458870, 	 Tank Outflow = 74.700127, 
 Tank Level[7] = 95.899643%, 	 Tank Inflow = 27.957453, 	 Tank Outflow = 93.375130, 
 Tank Level[8] = 72.130119%, 	 Tank Inflow = 29.211700, 	 Tank Outflow = 93.375130, 
 Tank Level[9] = 48.816322%, 	 Tank Inflow = 37.723106, 	 Tank Outflow = 74.700127, 
 Tank Level[10] = 35.380711%, 	 Tank Inflow = 47.955757, 	 Tank Outflow = 37.350128, 
 Tank Level[11] = 39.234268%, 	 Tank Inflow = 33.181293, 	 Tank Outflow = 37.350128, 
 Tank Level[12] = 37.719521%, 	 Tank Inflow = 35.528885, 	 Tank Outflow = 29.880127, 
 Tank Level[13] = 39.771996%, 	 Tank Inflow = 37.198532, 	 Tank Outflow = 29.880127, 
 Tank Level[14] = 42.431141%, 	 Tank Inflow = 38.019314, 	 Tank Outflow = 37.350128, 
 Tank Level[15] = 42.674286%, 	 Tank Inflow = 38.490944, 	 Tank Outflow = 22.410128, 
 Tank Level[16] = 48.517254%, 	 Tank Inflow = 38.338936, 	 Tank Outflow = 29.880127, 
 Tank Level[17] = 51.590767%, 	 Tank Inflow = 37.735744, 	 Tank Outflow = 37.350128, 
 Tank Level[18] = 51.730881%, 	 Tank Inflow = 37.005108, 	 Tank Outflow = 56.025131, 
 Tank Level[19] = 44.819954%, 	 Tank Inflow = 37.023174, 	 Tank Outflow = 56.025131, 
 Tank Level[20] = 37.915592%, 	 Tank Inflow = 37.895180, 	 Tank Outflow = 37.350128, 
 Tank Level[21] = 38.113636%, 	 Tank Inflow = 38.992870, 	 Tank Outflow = 29.880127, 
 Tank Level[22] = 41.424751%, 	 Tank Inflow = 39.744179, 	 Tank Outflow = 22.410128, 
 Tank Level[23] = 47.723080%, 	 Tank Inflow = 40.490940, 	 Tank Outflow = 14.940128, 
 Tank Level[24] = 57.006981%, 	 Tank Inflow = 0.000000, 	 Tank Outflow = 0.000000, 
%%%%%%%%%%%%%%%%%%%%%%%

 Iteration Count = 2100	Function Value = 9.959734 	 Percentage Difference = -0.000063 Gradient Norm = 0.000972 alpha mult = 0.600000
 Iteration Count = 2200	Function Value = 9.905940 	 Percentage Difference = -0.000051 Gradient Norm = 0.000857 alpha mult = 0.600000
 Iteration Count = 2300	Function Value = 9.858241 	 Percentage Difference = -0.000044 Gradient Norm = 0.000802 alpha mult = 0.600000
 Iteration Count = 2400	Function Value = 9.813545 	 Percentage Difference = -0.000048 Gradient Norm = 0.000770 alpha mult = 0.600000
 Iteration Count = 2500	Function Value = 9.770773 	 Percentage Difference = -0.000040 Gradient Norm = 0.000741 alpha mult = 0.600000
 Iteration Count = 2600	Function Value = 9.729296 	 Percentage Difference = -0.000042 Gradient Norm = 0.000718 alpha mult = 0.600000
 Iteration Count = 2700	Function Value = 9.689125 	 Percentage Difference = -0.000045 Gradient Norm = 0.000695 alpha mult = 0.600000
 Iteration Count = 2800	Function Value = 9.650246 	 Percentage Difference = -0.000042 Gradient Norm = 0.000683 alpha mult = 0.600000
 Iteration Count = 2900	Function Value = 9.612242 	 Percentage Difference = -0.000036 Gradient Norm = 0.000665 alpha mult = 0.600000
 Iteration Count = 3000	Function Value = 9.574865 	 Percentage Difference = -0.000039 Gradient Norm = 0.000649 alpha mult = 0.600000
%%%%%%%%%%%%%%%%%%%%%%%
Iteration Count = 3001
 
 
 
 Valve ID = 80
 Valve Value [0] = 119.009163 	 Gradient = 0.000000 
 Valve Value [1] = 119.009636 	 Gradient = 0.000000 
 Valve Value [2] = 119.011360 	 Gradient = 0.000000 
 Valve Value [3] = 119.013115 	 Gradient = 0.000000 
 Valve Value [4] = 119.011581 	 Gradient = 0.000000 
 Valve Value [5] = 119.009850 	 Gradient = 0.000000 
 Valve Value [6] = 119.011261 	 Gradient = 0.000000 
 Valve Value [7] = 119.010498 	 Gradient = 0.000000 
 Valve Value [8] = 119.007629 	 Gradient = 0.000000 
 Valve Value [9] = 119.011581 	 Gradient = 0.000000 
 Valve Value [10] = 119.011528 	 Gradient = 0.000000 
 Valve Value [11] = 119.011658 	 Gradient = 0.000000 
 Valve Value [12] = 119.011543 	 Gradient = 0.000000 
 Valve Value [13] = 119.009102 	 Gradient = 0.000000 
 Valve Value [14] = 119.009705 	 Gradient = 0.000000 
 Valve Value [15] = 119.010025 	 Gradient = 0.000000 
 Valve Value [16] = 119.011383 	 Gradient = 0.000000 
 Valve Value [17] = 119.011986 	 Gradient = 0.000000 
 Valve Value [18] = 119.011581 	 Gradient = 0.000000 
 Valve Value [19] = 119.009171 	 Gradient = 0.000000 
 Valve Value [20] = 119.010803 	 Gradient = 0.000000 
 Valve Value [21] = 119.012405 	 Gradient = 0.000000 
 Valve Value [22] = 119.013054 	 Gradient = 0.000000 
 Valve Value [23] = 119.009613 	 Gradient = 0.000000 
 
 
 
 Valve ID = 78
 Valve Value [0] = 15.126170 	 Gradient = 0.000296 
 Valve Value [1] = 18.076574 	 Gradient = 0.000391 
 Valve Value [2] = 19.861160 	 Gradient = 0.000324 
 Valve Value [3] = 24.318472 	 Gradient = 0.000305 
 Valve Value [4] = 37.621304 	 Gradient = 0.000210 
 Valve Value [5] = 64.821465 	 Gradient = -0.000010 
 Valve Value [6] = 87.472214 	 Gradient = -0.000048 
 Valve Value [7] = 92.729980 	 Gradient = 0.000048 
 Valve Value [8] = 92.841934 	 Gradient = -0.000057 
 Valve Value [9] = 87.407799 	 Gradient = 0.000010 
 Valve Value [10] = 68.091507 	 Gradient = -0.000048 
 Valve Value [11] = 39.781292 	 Gradient = 0.000505 
 Valve Value [12] = 29.118551 	 Gradient = 0.000076 
 Valve Value [13] = 26.818926 	 Gradient = -0.000086 
 Valve Value [14] = 27.642002 	 Gradient = -0.000048 
 Valve Value [15] = 23.815899 	 Gradient = -0.000162 
 Valve Value [16] = 25.778782 	 Gradient = -0.000010 
 Valve Value [17] = 28.772709 	 Gradient = 0.000429 
 Valve Value [18] = 34.421799 	 Gradient = 0.000801 
 Valve Value [19] = 34.561806 	 Gradient = 0.000772 
 Valve Value [20] = 29.545820 	 Gradient = 0.000296 
 Valve Value [21] = 27.247660 	 Gradient = -0.000353 
 Valve Value [22] = 25.534685 	 Gradient = -0.000963 
 Valve Value [23] = 25.385769 	 Gradient = -0.001431 
 
 
 
 Valve ID = 76
 Valve Value [0] = 5.992728 	 Gradient = 0.000286 
 Valve Value [1] = 6.288579 	 Gradient = -0.000248 
 Valve Value [2] = 8.924115 	 Gradient = -0.000448 
 Valve Value [3] = 11.118992 	 Gradient = -0.000629 
 Valve Value [4] = 14.237585 	 Gradient = -0.001001 
 Valve Value [5] = 17.989069 	 Gradient = 0.000916 
 Valve Value [6] = 16.140047 	 Gradient = 0.002537 
 Valve Value [7] = 21.883730 	 Gradient = 0.002193 
 Valve Value [8] = 22.519234 	 Gradient = 0.001631 
 Valve Value [9] = 19.927118 	 Gradient = 0.000505 
 Valve Value [10] = 14.419448 	 Gradient = -0.000734 
 Valve Value [11] = 14.175233 	 Gradient = -0.000715 
 Valve Value [12] = 13.021084 	 Gradient = -0.000648 
 Valve Value [13] = 13.312285 	 Gradient = -0.000458 
 Valve Value [14] = 14.923471 	 Gradient = -0.000315 
 Valve Value [15] = 11.801628 	 Gradient = -0.000410 
 Valve Value [16] = 13.095334 	 Gradient = -0.000229 
 Valve Value [17] = 14.739166 	 Gradient = 0.000086 
 Valve Value [18] = 18.666382 	 Gradient = 0.000448 
 Valve Value [19] = 18.540361 	 Gradient = 0.000343 
 Valve Value [20] = 14.845205 	 Gradient = -0.000401 
 Valve Value [21] = 13.293324 	 Gradient = -0.001078 
 Valve Value [22] = 11.672615 	 Gradient = -0.001554 
 Valve Value [23] = 17.894854 	 Gradient = -0.001659 
 
 
 
 Valve ID = 74
 Valve Value [0] = 134.421951 	 Gradient = 0.000010 
 Valve Value [1] = 134.416397 	 Gradient = -0.000010 
 Valve Value [2] = 134.419296 	 Gradient = -0.000029 
 Valve Value [3] = 134.413834 	 Gradient = 0.000095 
 Valve Value [4] = 134.416687 	 Gradient = -0.000048 
 Valve Value [5] = 134.416183 	 Gradient = 0.000029 
 Valve Value [6] = 134.411942 	 Gradient = 0.000019 
 Valve Value [7] = 134.399902 	 Gradient = 0.000038 
 Valve Value [8] = 134.414352 	 Gradient = 0.000048 
 Valve Value [9] = 134.411102 	 Gradient = -0.000057 
 Valve Value [10] = 134.410553 	 Gradient = 0.000000 
 Valve Value [11] = 134.415482 	 Gradient = 0.000048 
 Valve Value [12] = 134.414505 	 Gradient = 0.000048 
 Valve Value [13] = 134.412979 	 Gradient = 0.000067 
 Valve Value [14] = 134.412323 	 Gradient = -0.000010 
 Valve Value [15] = 134.413528 	 Gradient = 0.000048 
 Valve Value [16] = 134.420563 	 Gradient = 0.000010 
 Valve Value [17] = 134.420898 	 Gradient = -0.000010 
 Valve Value [18] = 134.417664 	 Gradient = 0.000010 
 Valve Value [19] = 134.419388 	 Gradient = -0.000010 
 Valve Value [20] = 134.415253 	 Gradient = 0.000029 
 Valve Value [21] = 134.422714 	 Gradient = 0.000010 
 Valve Value [22] = 134.427979 	 Gradient = 0.000000 
 Valve Value [23] = 134.420593 	 Gradient = 0.000010 
 
 
 
 Valve ID = 72
 Valve Value [0] = 128.587494 	 Gradient = 0.000029 
 Valve Value [1] = 128.581787 	 Gradient = 0.000067 
 Valve Value [2] = 128.581696 	 Gradient = 0.000048 
 Valve Value [3] = 128.581787 	 Gradient = 0.000000 
 Valve Value [4] = 128.575867 	 Gradient = 0.000010 
 Valve Value [5] = 128.582321 	 Gradient = -0.000029 
 Valve Value [6] = 128.574417 	 Gradient = -0.000029 
 Valve Value [7] = 128.596329 	 Gradient = 0.000124 
 Valve Value [8] = 128.585953 	 Gradient = 0.000019 
 Valve Value [9] = 128.581406 	 Gradient = 0.000048 
 Valve Value [10] = 128.578506 	 Gradient = -0.000067 
 Valve Value [11] = 128.571747 	 Gradient = -0.000057 
 Valve Value [12] = 128.579254 	 Gradient = -0.000019 
 Valve Value [13] = 128.575043 	 Gradient = 0.000067 
 Valve Value [14] = 128.578110 	 Gradient = -0.000048 
 Valve Value [15] = 128.585052 	 Gradient = -0.000038 
 Valve Value [16] = 128.580139 	 Gradient = 0.000010 
 Valve Value [17] = 128.582443 	 Gradient = -0.000010 
 Valve Value [18] = 128.581879 	 Gradient = 0.000000 
 Valve Value [19] = 128.584473 	 Gradient = -0.000048 
 Valve Value [20] = 128.579239 	 Gradient = -0.000019 
 Valve Value [21] = 128.580887 	 Gradient = -0.000010 
 Valve Value [22] = 128.586685 	 Gradient = 0.000000 
 Valve Value [23] = 128.585617 	 Gradient = 0.000010 
 
 
 
 Valve ID = 40
 Valve Value [0] = 40.813408 	 Gradient = -0.000324 
 Valve Value [1] = 41.015007 	 Gradient = -0.000372 
 Valve Value [2] = 41.226658 	 Gradient = -0.000439 
 Valve Value [3] = 41.038631 	 Gradient = -0.000534 
 Valve Value [4] = 41.255146 	 Gradient = -0.000725 
 Valve Value [5] = 38.615250 	 Gradient = 0.002480 
 Valve Value [6] = 35.098515 	 Gradient = 0.000544 
 Valve Value [7] = 27.786263 	 Gradient = 0.000172 
 Valve Value [8] = 29.193287 	 Gradient = -0.000029 
 Valve Value [9] = 37.464687 	 Gradient = 0.000381 
 Valve Value [10] = 47.587086 	 Gradient = 0.000467 
 Valve Value [11] = 33.024982 	 Gradient = 0.000019 
 Valve Value [12] = 35.824196 	 Gradient = -0.000563 
 Valve Value [13] = 37.615482 	 Gradient = -0.000639 
 Valve Value [14] = 38.396370 	 Gradient = -0.000420 
 Valve Value [15] = 38.839211 	 Gradient = -0.000420 
 Valve Value [16] = 38.539196 	 Gradient = -0.000238 
 Valve Value [17] = 37.764114 	 Gradient = 0.000057 
 Valve Value [18] = 36.842331 	 Gradient = 0.000401 
 Valve Value [19] = 36.781540 	 Gradient = 0.000410 
 Valve Value [20] = 37.811161 	 Gradient = 0.000257 
 Valve Value [21] = 39.072613 	 Gradient = 0.000019 
 Valve Value [22] = 39.971931 	 Gradient = -0.000210 
 Valve Value [23] = 40.807014 	 Gradient = -0.000372 
 
 
 
 Valve ID = 6
 Valve Value [0] = 176.174759 	 Gradient = 0.000448 
 Valve Value [1] = 182.353867 	 Gradient = 0.000410 
 Valve Value [2] = 187.217072 	 Gradient = 0.000391 
 Valve Value [3] = 192.604752 	 Gradient = 0.000191 
 Valve Value [4] = 204.873550 	 Gradient = -0.000114 
 Valve Value [5] = 221.566666 	 Gradient = 0.003300 
 Valve Value [6] = 254.934433 	 Gradient = -0.002003 
 Valve Value [7] = 268.144775 	 Gradient = -0.002127 
 Valve Value [8] = 269.686920 	 Gradient = -0.002279 
 Valve Value [9] = 257.637787 	 Gradient = -0.001669 
 Valve Value [10] = 236.213745 	 Gradient = 0.000010 
 Valve Value [11] = 225.171310 	 Gradient = 0.001154 
 Valve Value [12] = 216.479263 	 Gradient = 0.001516 
 Valve Value [13] = 212.913940 	 Gradient = 0.001287 
 Valve Value [14] = 213.790680 	 Gradient = 0.000935 
 Valve Value [15] = 209.483246 	 Gradient = 0.000811 
 Valve Value [16] = 213.719971 	 Gradient = 0.000267 
 Valve Value [17] = 221.440552 	 Gradient = -0.000401 
 Valve Value [18] = 230.379105 	 Gradient = -0.001135 
 Valve Value [19] = 230.518906 	 Gradient = -0.001297 
 Valve Value [20] = 221.153839 	 Gradient = -0.000591 
 Valve Value [21] = 212.561005 	 Gradient = 0.000086 
 Valve Value [22] = 206.254242 	 Gradient = 0.000591 
 Valve Value [23] = 205.047119 	 Gradient = 0.000801 
 
 
 
 Valve ID = 3
 Valve Value [0] = 154.560028 	 Gradient = 0.000067 
 Valve Value [1] = 154.556000 	 Gradient = 0.000105 
 Valve Value [2] = 154.575821 	 Gradient = -0.000086 
 Valve Value [3] = 154.560074 	 Gradient = 0.000076 
 Valve Value [4] = 154.555832 	 Gradient = -0.000029 
 Valve Value [5] = 141.736969 	 Gradient = 0.003319 
 Valve Value [6] = 149.466782 	 Gradient = 0.001898 
 Valve Value [7] = 166.485992 	 Gradient = 0.001593 
 Valve Value [8] = 172.511261 	 Gradient = 0.001106 
 Valve Value [9] = 167.205627 	 Gradient = 0.000277 
 Valve Value [10] = 153.877548 	 Gradient = -0.000467 
 Valve Value [11] = 154.552902 	 Gradient = 0.000048 
 Valve Value [12] = 154.571671 	 Gradient = 0.000000 
 Valve Value [13] = 154.570450 	 Gradient = 0.000076 
 Valve Value [14] = 154.565765 	 Gradient = 0.000029 
 Valve Value [15] = 154.574295 	 Gradient = 0.000019 
 Valve Value [16] = 154.552567 	 Gradient = -0.000019 
 Valve Value [17] = 154.565430 	 Gradient = 0.000019 
 Valve Value [18] = 154.570602 	 Gradient = -0.000019 
 Valve Value [19] = 154.564407 	 Gradient = 0.000000 
 Valve Value [20] = 154.562775 	 Gradient = 0.000000 
 Valve Value [21] = 154.571259 	 Gradient = 0.000019 
 Valve Value [22] = 154.564529 	 Gradient = 0.000000 
 Valve Value [23] = 154.566010 	 Gradient = 0.000000 
 
 
 
 Valve ID = 5
 Valve Value [0] = 48.996967 	 Gradient = -0.000486 
 Valve Value [1] = 49.162971 	 Gradient = -0.000362 
 Valve Value [2] = 52.315685 	 Gradient = -0.000629 
 Valve Value [3] = 57.658089 	 Gradient = -0.000601 
 Valve Value [4] = 67.721901 	 Gradient = -0.000591 
 Valve Value [5] = 74.982559 	 Gradient = 0.001030 
 Valve Value [6] = 86.890877 	 Gradient = 0.001144 
 Valve Value [7] = 93.748055 	 Gradient = 0.000591 
 Valve Value [8] = 98.344696 	 Gradient = 0.000257 
 Valve Value [9] = 98.144531 	 Gradient = 0.001030 
 Valve Value [10] = 92.664932 	 Gradient = 0.001612 
 Valve Value [11] = 69.729782 	 Gradient = 0.001125 
 Valve Value [12] = 66.860786 	 Gradient = 0.000210 
 Valve Value [13] = 66.977409 	 Gradient = -0.000200 
 Valve Value [14] = 67.954407 	 Gradient = -0.000505 
 Valve Value [15] = 66.388626 	 Gradient = -0.000467 
 Valve Value [16] = 68.832855 	 Gradient = -0.000496 
 Valve Value [17] = 73.459229 	 Gradient = -0.000525 
 Valve Value [18] = 79.027153 	 Gradient = -0.000496 
 Valve Value [19] = 79.134674 	 Gradient = -0.000505 
 Valve Value [20] = 73.581497 	 Gradient = -0.000525 
 Valve Value [21] = 68.973991 	 Gradient = -0.000706 
 Valve Value [22] = 65.640701 	 Gradient = -0.000887 
 Valve Value [23] = 64.842545 	 Gradient = -0.001116 
 
 
 Tank ID = 34  
 Tank Level[0] = 51.678463%, 	 Tank Inflow = 220.000000, 	 Tank Outflow = 176.174774, 
 Tank Level[1] = 67.602364%, 	 Tank Inflow = 220.000000, 	 Tank Outflow = 182.353882, 
 Tank Level[2] = 81.281082%, 	 Tank Inflow = 220.000000, 	 Tank Outflow = 187.217087, 
 Tank Level[3] = 93.192764%, 	 Tank Inflow = 220.000000, 	 Tank Outflow = 192.604767, 
 Tank Level[4] = 103.146820%, 	 Tank Inflow = 220.000000, 	 Tank Outflow = 204.873566, 
 Tank Level[5] = 108.643021%, 	 Tank Inflow = 220.000000, 	 Tank Outflow = 221.566681, 
 Tank Level[6] = 108.073769%, 	 Tank Inflow = 220.000000, 	 Tank Outflow = 254.934448, 
 Tank Level[7] = 95.380333%, 	 Tank Inflow = 220.000000, 	 Tank Outflow = 268.144806, 
 Tank Level[8] = 77.886917%, 	 Tank Inflow = 220.000000, 	 Tank Outflow = 269.686951, 
 Tank Level[9] = 59.833149%, 	 Tank Inflow = 220.000000, 	 Tank Outflow = 257.637817, 
 Tank Level[10] = 46.157444%, 	 Tank Inflow = 220.000000, 	 Tank Outflow = 236.213760, 
 Tank Level[11] = 40.266171%, 	 Tank Inflow = 220.000000, 	 Tank Outflow = 225.171326, 
 Tank Level[12] = 38.387173%, 	 Tank Inflow = 220.000000, 	 Tank Outflow = 216.479279, 
 Tank Level[13] = 39.666424%, 	 Tank Inflow = 220.000000, 	 Tank Outflow = 212.913956, 
 Tank Level[14] = 42.241138%, 	 Tank Inflow = 220.000000, 	 Tank Outflow = 213.790695, 
 Tank Level[15] = 44.497288%, 	 Tank Inflow = 220.000000, 	 Tank Outflow = 209.483261, 
 Tank Level[16] = 48.318550%, 	 Tank Inflow = 220.000000, 	 Tank Outflow = 213.719986, 
 Tank Level[17] = 50.600391%, 	 Tank Inflow = 220.000000, 	 Tank Outflow = 221.440567, 
 Tank Level[18] = 50.076965%, 	 Tank Inflow = 220.000000, 	 Tank Outflow = 230.379120, 
 Tank Level[19] = 46.305710%, 	 Tank Inflow = 220.000000, 	 Tank Outflow = 230.518921, 
 Tank Level[20] = 42.483662%, 	 Tank Inflow = 220.000000, 	 Tank Outflow = 221.153854, 
 Tank Level[21] = 42.064407%, 	 Tank Inflow = 220.000000, 	 Tank Outflow = 212.561020, 
 Tank Level[22] = 44.767361%, 	 Tank Inflow = 220.000000, 	 Tank Outflow = 206.254257, 
 Tank Level[23] = 49.761879%, 	 Tank Inflow = 220.000000, 	 Tank Outflow = 205.047134, 
 Tank Level[24] = 55.195004%, 	 Tank Inflow = 0.000000, 	 Tank Outflow = 0.000000, 
 
 
 Tank ID = Veeranageeri  
 Tank Level[0] = 54.242645%, 	 Tank Inflow = 15.126189, 	 Tank Outflow = 5.625000, 
 Tank Level[1] = 61.084358%, 	 Tank Inflow = 18.076593, 	 Tank Outflow = 5.625000, 
 Tank Level[2] = 70.050629%, 	 Tank Inflow = 19.861179, 	 Tank Outflow = 5.625000, 
 Tank Level[3] = 80.301964%, 	 Tank Inflow = 24.318491, 	 Tank Outflow = 5.625000, 
 Tank Level[4] = 93.762962%, 	 Tank Inflow = 37.621323, 	 Tank Outflow = 11.250000, 
 Tank Level[5] = 112.752693%, 	 Tank Inflow = 28.139263, 	 Tank Outflow = 28.125000, 
 Tank Level[6] = 112.762955%, 	 Tank Inflow = 27.477282, 	 Tank Outflow = 56.250000, 
 Tank Level[7] = 92.043999%, 	 Tank Inflow = 44.951717, 	 Tank Outflow = 70.312500, 
 Tank Level[8] = 73.781952%, 	 Tank Inflow = 44.973385, 	 Tank Outflow = 70.312500, 
 Tank Level[9] = 55.535500%, 	 Tank Inflow = 31.596567, 	 Tank Outflow = 56.250000, 
 Tank Level[10] = 37.782803%, 	 Tank Inflow = 13.625429, 	 Tank Outflow = 28.125000, 
 Tank Level[11] = 27.341801%, 	 Tank Inflow = 39.781311, 	 Tank Outflow = 28.125000, 
 Tank Level[12] = 35.735401%, 	 Tank Inflow = 29.118570, 	 Tank Outflow = 22.500000, 
 Tank Level[13] = 40.501369%, 	 Tank Inflow = 26.818945, 	 Tank Outflow = 22.500000, 
 Tank Level[14] = 43.611397%, 	 Tank Inflow = 27.642021, 	 Tank Outflow = 28.125000, 
 Tank Level[15] = 43.263607%, 	 Tank Inflow = 23.815918, 	 Tank Outflow = 16.875000, 
 Tank Level[16] = 48.261696%, 	 Tank Inflow = 25.778801, 	 Tank Outflow = 22.500000, 
 Tank Level[17] = 50.622730%, 	 Tank Inflow = 28.772726, 	 Tank Outflow = 28.125000, 
 Tank Level[18] = 51.089153%, 	 Tank Inflow = 34.421818, 	 Tank Outflow = 42.187500, 
 Tank Level[19] = 45.497158%, 	 Tank Inflow = 34.561825, 	 Tank Outflow = 42.187500, 
 Tank Level[20] = 40.005981%, 	 Tank Inflow = 29.545837, 	 Tank Outflow = 28.125000, 
 Tank Level[21] = 41.029118%, 	 Tank Inflow = 27.247677, 	 Tank Outflow = 22.500000, 
 Tank Level[22] = 44.447876%, 	 Tank Inflow = 25.534704, 	 Tank Outflow = 16.875000, 
 Tank Level[23] = 50.683643%, 	 Tank Inflow = 25.385788, 	 Tank Outflow = 11.250000, 
 Tank Level[24] = 60.862686%, 	 Tank Inflow = 0.000000, 	 Tank Outflow = 0.000000, 
 
 
 Tank ID = NR_mohalla2  
 Tank Level[0] = 60.960415%, 	 Tank Inflow = 5.992733, 	 Tank Outflow = 2.880131, 
 Tank Level[1] = 65.422508%, 	 Tank Inflow = 6.288584, 	 Tank Outflow = 2.880131, 
 Tank Level[2] = 70.308739%, 	 Tank Inflow = 8.924120, 	 Tank Outflow = 2.880131, 
 Tank Level[3] = 78.973152%, 	 Tank Inflow = 11.118997, 	 Tank Outflow = 2.880131, 
 Tank Level[4] = 90.784050%, 	 Tank Inflow = 14.237590, 	 Tank Outflow = 5.760131, 
 Tank Level[5] = 102.936996%, 	 Tank Inflow = 17.989073, 	 Tank Outflow = 14.400128, 
 Tank Level[6] = 108.081955%, 	 Tank Inflow = 16.140053, 	 Tank Outflow = 28.800127, 
 Tank Level[7] = 89.932991%, 	 Tank Inflow = 21.883734, 	 Tank Outflow = 36.000130, 
 Tank Level[8] = 69.696312%, 	 Tank Inflow = 22.519238, 	 Tank Outflow = 36.000130, 
 Tank Level[9] = 50.370647%, 	 Tank Inflow = 19.927122, 	 Tank Outflow = 28.800127, 
 Tank Level[10] = 37.650673%, 	 Tank Inflow = 14.419453, 	 Tank Outflow = 14.400128, 
 Tank Level[11] = 37.678375%, 	 Tank Inflow = 14.175238, 	 Tank Outflow = 14.400130, 
 Tank Level[12] = 37.355976%, 	 Tank Inflow = 13.021089, 	 Tank Outflow = 11.520131, 
 Tank Level[13] = 39.507690%, 	 Tank Inflow = 13.312290, 	 Tank Outflow = 11.520131, 
 Tank Level[14] = 42.076859%, 	 Tank Inflow = 14.923476, 	 Tank Outflow = 14.400130, 
 Tank Level[15] = 42.827106%, 	 Tank Inflow = 11.801633, 	 Tank Outflow = 8.640131, 
 Tank Level[16] = 47.359306%, 	 Tank Inflow = 13.095339, 	 Tank Outflow = 11.520131, 
 Tank Level[17] = 49.617458%, 	 Tank Inflow = 14.739171, 	 Tank Outflow = 14.400130, 
 Tank Level[18] = 50.103497%, 	 Tank Inflow = 18.666386, 	 Tank Outflow = 21.600130, 
 Tank Level[19] = 45.897800%, 	 Tank Inflow = 18.540365, 	 Tank Outflow = 21.600130, 
 Tank Level[20] = 41.511440%, 	 Tank Inflow = 14.845210, 	 Tank Outflow = 14.400130, 
 Tank Level[21] = 42.149487%, 	 Tank Inflow = 13.293328, 	 Tank Outflow = 11.520131, 
 Tank Level[22] = 44.691475%, 	 Tank Inflow = 11.672620, 	 Tank Outflow = 8.640131, 
 Tank Level[23] = 49.038723%, 	 Tank Inflow = 17.894857, 	 Tank Outflow = 5.760131, 
 Tank Level[24] = 66.434570%, 	 Tank Inflow = 0.000000, 	 Tank Outflow = 0.000000, 
 
 
 Tank ID = NR_Mohalla1  
 Tank Level[0] = 52.181053%, 	 Tank Inflow = 43.004135, 	 Tank Outflow = 11.394000, 
 Tank Level[1] = 63.666607%, 	 Tank Inflow = 42.874470, 	 Tank Outflow = 11.394000, 
 Tank Level[2] = 75.105042%, 	 Tank Inflow = 43.391613, 	 Tank Outflow = 11.394000, 
 Tank Level[3] = 86.731377%, 	 Tank Inflow = 46.539059, 	 Tank Outflow = 11.394000, 
 Tank Level[4] = 99.501350%, 	 Tank Inflow = 53.484554, 	 Tank Outflow = 22.788000, 
 Tank Level[5] = 110.654945%, 	 Tank Inflow = 56.993385, 	 Tank Outflow = 56.970001, 
 Tank Level[6] = 110.663445%, 	 Tank Inflow = 70.750618, 	 Tank Outflow = 113.940002, 
 Tank Level[7] = 94.970566%, 	 Tank Inflow = 71.864357, 	 Tank Outflow = 142.425003, 
 Tank Level[8] = 69.332344%, 	 Tank Inflow = 75.825485, 	 Tank Outflow = 142.425003, 
 Tank Level[9] = 45.133396%, 	 Tank Inflow = 78.217545, 	 Tank Outflow = 113.940002, 
 Tank Level[10] = 32.153633%, 	 Tank Inflow = 78.245384, 	 Tank Outflow = 56.970001, 
 Tank Level[11] = 39.884045%, 	 Tank Inflow = 55.554565, 	 Tank Outflow = 56.970001, 
 Tank Level[12] = 39.369747%, 	 Tank Inflow = 53.839611, 	 Tank Outflow = 45.576000, 
 Tank Level[13] = 42.372334%, 	 Tank Inflow = 53.665054, 	 Tank Outflow = 45.576000, 
 Tank Level[14] = 45.311489%, 	 Tank Inflow = 53.030930, 	 Tank Outflow = 56.970001, 
 Tank Level[15] = 43.880226%, 	 Tank Inflow = 54.587090, 	 Tank Outflow = 34.181999, 
 Tank Level[16] = 51.294422%, 	 Tank Inflow = 55.737461, 	 Tank Outflow = 45.576000, 
 Tank Level[17] = 54.986591%, 	 Tank Inflow = 58.720249, 	 Tank Outflow = 56.970001, 
 Tank Level[18] = 55.622547%, 	 Tank Inflow = 60.360752, 	 Tank Outflow = 85.455002, 
 Tank Level[19] = 46.504547%, 	 Tank Inflow = 60.594383, 	 Tank Outflow = 85.455002, 
 Tank Level[20] = 37.471432%, 	 Tank Inflow = 58.736225, 	 Tank Outflow = 56.970001, 
 Tank Level[21] = 38.113190%, 	 Tank Inflow = 55.680611, 	 Tank Outflow = 45.576000, 
 Tank Level[22] = 41.784702%, 	 Tank Inflow = 53.968094, 	 Tank Outflow = 34.181999, 
 Tank Level[23] = 48.973984%, 	 Tank Inflow = 46.947769, 	 Tank Outflow = 22.788000, 
 Tank Level[24] = 57.752441%, 	 Tank Inflow = 0.000000, 	 Tank Outflow = 0.000000, 
 
 
 Tank ID = Rajiv_nagar_II  
 Tank Level[0] = 51.268864%, 	 Tank Inflow = 71.238312, 	 Tank Outflow = 15.966128, 
 Tank Level[1] = 64.755638%, 	 Tank Inflow = 74.098969, 	 Tank Outflow = 15.966128, 
 Tank Level[2] = 78.940430%, 	 Tank Inflow = 73.813499, 	 Tank Outflow = 15.966128, 
 Tank Level[3] = 93.055565%, 	 Tank Inflow = 69.589699, 	 Tank Outflow = 15.966128, 
 Tank Level[4] = 106.140060%, 	 Tank Inflow = 58.275143, 	 Tank Outflow = 31.932127, 
 Tank Level[5] = 112.567932%, 	 Tank Inflow = 79.829597, 	 Tank Outflow = 79.830132, 
 Tank Level[6] = 112.567795%, 	 Tank Inflow = 105.467804, 	 Tank Outflow = 159.660126, 
 Tank Level[7] = 99.344513%, 	 Tank Inflow = 101.658821, 	 Tank Outflow = 199.575119, 
 Tank Level[8] = 75.452293%, 	 Tank Inflow = 97.175468, 	 Tank Outflow = 199.575119, 
 Tank Level[9] = 50.466103%, 	 Tank Inflow = 90.432060, 	 Tank Outflow = 159.660126, 
 Tank Level[10] = 33.574001%, 	 Tank Inflow = 82.336304, 	 Tank Outflow = 79.830132, 
 Tank Level[11] = 34.185524%, 	 Tank Inflow = 82.635262, 	 Tank Outflow = 79.830132, 
 Tank Level[12] = 34.869991%, 	 Tank Inflow = 84.675842, 	 Tank Outflow = 63.864128, 
 Tank Level[13] = 39.948189%, 	 Tank Inflow = 81.501938, 	 Tank Outflow = 63.864128, 
 Tank Level[14] = 44.251926%, 	 Tank Inflow = 79.797966, 	 Tank Outflow = 79.830132, 
 Tank Level[15] = 44.244080%, 	 Tank Inflow = 80.439430, 	 Tank Outflow = 47.898129, 
 Tank Level[16] = 52.184368%, 	 Tank Inflow = 80.569046, 	 Tank Outflow = 63.864128, 
 Tank Level[17] = 56.260479%, 	 Tank Inflow = 81.444679, 	 Tank Outflow = 79.830132, 
 Tank Level[18] = 56.654438%, 	 Tank Inflow = 80.087738, 	 Tank Outflow = 119.745132, 
 Tank Level[19] = 46.977776%, 	 Tank Inflow = 80.040565, 	 Tank Outflow = 119.745132, 
 Tank Level[20] = 37.289600%, 	 Tank Inflow = 80.215416, 	 Tank Outflow = 79.830132, 
 Tank Level[21] = 37.383610%, 	 Tank Inflow = 77.266914, 	 Tank Outflow = 63.864128, 
 Tank Level[22] = 40.653984%, 	 Tank Inflow = 75.106918, 	 Tank Outflow = 47.898129, 
 Tank Level[23] = 47.293106%, 	 Tank Inflow = 74.011612, 	 Tank Outflow = 31.932127, 
 Tank Level[24] = 57.560776%, 	 Tank Inflow = 0.000000, 	 Tank Outflow = 0.000000, 
 
 
 Tank ID = Tippu_Park  
 Tank Level[0] = 51.923782%, 	 Tank Inflow = 40.813431, 	 Tank Outflow = 7.470129, 
 Tank Level[1] = 64.039078%, 	 Tank Inflow = 41.015030, 	 Tank Outflow = 7.470129, 
 Tank Level[2] = 76.227623%, 	 Tank Inflow = 41.226681, 	 Tank Outflow = 7.470129, 
 Tank Level[3] = 88.493073%, 	 Tank Inflow = 41.038654, 	 Tank Outflow = 7.470129, 
 Tank Level[4] = 100.690201%, 	 Tank Inflow = 41.255169, 	 Tank Outflow = 14.940128, 
 Tank Level[5] = 110.251778%, 	 Tank Inflow = 38.615253, 	 Tank Outflow = 37.350128, 
 Tank Level[6] = 110.711464%, 	 Tank Inflow = 35.098518, 	 Tank Outflow = 74.700127, 
 Tank Level[7] = 96.322205%, 	 Tank Inflow = 27.786268, 	 Tank Outflow = 93.375130, 
 Tank Level[8] = 72.490479%, 	 Tank Inflow = 29.193293, 	 Tank Outflow = 93.375130, 
 Tank Level[9] = 49.169998%, 	 Tank Inflow = 37.464691, 	 Tank Outflow = 74.700127, 
 Tank Level[10] = 35.640491%, 	 Tank Inflow = 47.587090, 	 Tank Outflow = 37.350128, 
 Tank Level[11] = 39.360092%, 	 Tank Inflow = 33.025005, 	 Tank Outflow = 37.350128, 
 Tank Level[12] = 37.788559%, 	 Tank Inflow = 35.824219, 	 Tank Outflow = 29.880127, 
 Tank Level[13] = 39.948345%, 	 Tank Inflow = 37.615505, 	 Tank Outflow = 29.880127, 
 Tank Level[14] = 42.758995%, 	 Tank Inflow = 38.396393, 	 Tank Outflow = 37.350128, 
 Tank Level[15] = 43.139156%, 	 Tank Inflow = 38.839233, 	 Tank Outflow = 22.410128, 
 Tank Level[16] = 49.108677%, 	 Tank Inflow = 38.539219, 	 Tank Outflow = 29.880127, 
 Tank Level[17] = 52.254959%, 	 Tank Inflow = 37.764137, 	 Tank Outflow = 37.350128, 
 Tank Level[18] = 52.405388%, 	 Tank Inflow = 36.842354, 	 Tank Outflow = 56.025131, 
 Tank Level[19] = 45.435322%, 	 Tank Inflow = 36.781563, 	 Tank Outflow = 56.025131, 
 Tank Level[20] = 3