size of TankStruct = 1192, Size of Valve Struct = 552
tankcount = 0
 Tank 1: Tank ID = 34,
tankcount = 1
 Tank 2: Tank ID = Veeranageeri,
tankcount = 2
 Tank 3: Tank ID = NR_mohalla2,
tankcount = 3
 Tank 4: Tank ID = NR_Mohalla1,
tankcount = 4
 Tank 5: Tank ID = Rajiv_nagar_II,
tankcount = 5
 Tank 6: Tank ID = Tippu_Park,
 Tank ID = 34, Tank Max Level (meter^3) = 990.779907
 Tank ID = 34, Tank Input Link ID = 84
 Tank ID = 34, Tank Output Link ID = DVRTMP3
 Tank ID = Veeranageeri, Tank Max Level (meter^3) = 499.937347
 Tank ID = Veeranageeri, Tank Input Link ID = 79
 Tank ID = Veeranageeri, Tank Output Link ID = 10
 Tank ID = NR_mohalla2, Tank Max Level (meter^3) = 251.123215
 Tank ID = NR_mohalla2, Tank Input Link ID = 77
 Tank ID = NR_mohalla2, Tank Output Link ID = 8
 Tank ID = NR_Mohalla1, Tank Max Level (meter^3) = 990.779663
 Tank ID = NR_Mohalla1, Tank Input Link ID = 75
 Tank ID = NR_Mohalla1, Tank Output Link ID = 7
 Tank ID = Rajiv_nagar_II, Tank Max Level (meter^3) = 1475.370239
 Tank ID = Rajiv_nagar_II, Tank Input Link ID = 73
 Tank ID = Rajiv_nagar_II, Tank Output Link ID = 1
 Tank ID = Tippu_Park, Tank Max Level (meter^3) = 990.779663
 Tank ID = Tippu_Park, Tank Input Link ID = 55
 Tank ID = Tippu_Park, Tank Output Link ID = 2
 Valve Id = 80 	  Initial Valvue Value = -10000000000.000000
 Valve Id = 78 	  Initial Valvue Value = 0.353145
 Valve Id = 76 	  Initial Valvue Value = 0.529717
 Valve Id = 74 	  Initial Valvue Value = 11.371261
 Valve Id = 72 	  Initial Valvue Value = 7.062895
 Valve Id = 40 	  Initial Valvue Value = 0.176572
 Valve Id = 6 	  Initial Valvue Value = 2.705089
 Valve Id = 3 	  Initial Valvue Value = 26.238655
 Valve Id = 5 	  Initial Valvue Value = 0.766324
 Simulation Parameters
 rho = 0.600000. c = 0.001000, beta = 0.600000
 Iteration Count = 100	Function Value = 1244.940159 	 Percentage Difference = -0.011264 Gradient Norm = 23.394562 alpha mult = 0.600000
 Iteration Count = 200	Function Value = 570.309308 	 Percentage Difference = -0.005232 Gradient Norm = 4.744118 alpha mult = 0.600000
 Iteration Count = 300	Function Value = 344.262538 	 Percentage Difference = -0.002270 Gradient Norm = 1.065727 alpha mult = 0.600000
 Iteration Count = 400	Function Value = 208.898273 	 Percentage Difference = -0.003596 Gradient Norm = 2.736527 alpha mult = 0.600000
 Iteration Count = 500	Function Value = 155.257842 	 Percentage Difference = -0.002000 Gradient Norm = 0.400828 alpha mult = 0.600000
 Iteration Count = 600	Function Value = 139.864622 	 Percentage Difference = -0.000718 Gradient Norm = 0.177103 alpha mult = 0.600000
 Iteration Count = 700	Function Value = 132.085721 	 Percentage Difference = -0.000450 Gradient Norm = 0.111578 alpha mult = 0.600000
 Iteration Count = 800	Function Value = 126.613049 	 Percentage Difference = -0.000362 Gradient Norm = 0.095655 alpha mult = 0.600000
 Iteration Count = 900	Function Value = 121.658726 	 Percentage Difference = -0.000398 Gradient Norm = 0.107662 alpha mult = 0.600000
 Iteration Count = 1000	Function Value = 116.057066 	 Percentage Difference = -0.000531 Gradient Norm = 0.115851 alpha mult = 0.600000
%%%%%%%%%%%%%%%%%%%%%%%
Iteration Count = 1001
 
 
 
 Valve ID = 80
 Valve Value [0] = 0.000000 	 Gradient = 0.000000 
 Valve Value [1] = 0.000000 	 Gradient = 0.000000 
 Valve Value [2] = 0.000000 	 Gradient = 0.000000 
 Valve Value [3] = 0.000000 	 Gradient = 0.000000 
 Valve Value [4] = 0.000000 	 Gradient = 0.000000 
 Valve Value [5] = 0.000000 	 Gradient = 0.000000 
 Valve Value [6] = 0.000000 	 Gradient = 0.000000 
 Valve Value [7] = 0.000000 	 Gradient = 0.000000 
 Valve Value [8] = 0.000000 	 Gradient = 0.000000 
 Valve Value [9] = 0.000000 	 Gradient = 0.000000 
 Valve Value [10] = 0.000000 	 Gradient = 0.000000 
 Valve Value [11] = 0.000000 	 Gradient = 0.000000 
 Valve Value [12] = 0.000000 	 Gradient = 0.000000 
 Valve Value [13] = 0.000000 	 Gradient = 0.000000 
 Valve Value [14] = 0.000000 	 Gradient = 0.000000 
 Valve Value [15] = 0.000000 	 Gradient = 0.000000 
 Valve Value [16] = 0.000000 	 Gradient = 0.000000 
 Valve Value [17] = 0.000000 	 Gradient = 0.000000 
 Valve Value [18] = 0.000000 	 Gradient = 0.000000 
 Valve Value [19] = 0.000000 	 Gradient = 0.000000 
 Valve Value [20] = 0.000000 	 Gradient = 0.000000 
 Valve Value [21] = 0.000000 	 Gradient = 0.000000 
 Valve Value [22] = 0.000000 	 Gradient = 0.000000 
 Valve Value [23] = 0.000000 	 Gradient = 0.000000 
 
 
 
 Valve ID = 78
 Valve Value [0] = 122.523674 	 Gradient = 0.000381 
 Valve Value [1] = 191.261978 	 Gradient = 0.000076 
 Valve Value [2] = 219.196579 	 Gradient = -0.000381 
 Valve Value [3] = 220.393616 	 Gradient = 0.000153 
 Valve Value [4] = 282.094330 	 Gradient = -0.000229 
 Valve Value [5] = 270.557678 	 Gradient = 0.000916 
 Valve Value [6] = 107.064850 	 Gradient = 0.071487 
 Valve Value [7] = 124.249489 	 Gradient = 0.087967 
 Valve Value [8] = 120.309090 	 Gradient = 0.000381 
 Valve Value [9] = 0.000000 	 Gradient = 0.047150 
 Valve Value [10] = 105.659424 	 Gradient = 0.040894 
 Valve Value [11] = 220.081619 	 Gradient = 0.000153 
 Valve Value [12] = 24.975903 	 Gradient = -0.008621 
 Valve Value [13] = 164.739456 	 Gradient = 0.000076 
 Valve Value [14] = 202.823807 	 Gradient = 0.000000 
 Valve Value [15] = 107.678337 	 Gradient = 0.000229 
 Valve Value [16] = 41.592995 	 Gradient = 0.013275 
 Valve Value [17] = 174.356110 	 Gradient = 0.000076 
 Valve Value [18] = 170.868576 	 Gradient = 0.000153 
 Valve Value [19] = 137.644791 	 Gradient = 0.050583 
 Valve Value [20] = 48.164135 	 Gradient = 0.000076 
 Valve Value [21] = 28.470190 	 Gradient = -0.000076 
 Valve Value [22] = 57.543720 	 Gradient = -0.005798 
 Valve Value [23] = 14.109289 	 Gradient = -0.010910 
 
 
 
 Valve ID = 76
 Valve Value [0] = 9866.306641 	 Gradient = 0.000610 
 Valve Value [1] = 14416.570312 	 Gradient = 0.000458 
 Valve Value [2] = 14687.289062 	 Gradient = 0.000076 
 Valve Value [3] = 2274.686279 	 Gradient = 0.000153 
 Valve Value [4] = 11678.046875 	 Gradient = 0.000229 
 Valve Value [5] = 12084.133789 	 Gradient = 0.000916 
 Valve Value [6] = 11015.553711 	 Gradient = 0.000000 
 Valve Value [7] = 3670.574219 	 Gradient = 0.000458 
 Valve Value [8] = 11784.876953 	 Gradient = 0.000076 
 Valve Value [9] = 6578.474121 	 Gradient = -0.000687 
 Valve Value [10] = 1071.067505 	 Gradient = 0.000153 
 Valve Value [11] = 5532.793945 	 Gradient = 0.000153 
 Valve Value [12] = 12691.916016 	 Gradient = 0.000229 
 Valve Value [13] = 4716.319824 	 Gradient = -0.000305 
 Valve Value [14] = 895.221619 	 Gradient = -0.000153 
 Valve Value [15] = 113.496544 	 Gradient = 0.000229 
 Valve Value [16] = 1057.954956 	 Gradient = -0.000076 
 Valve Value [17] = 6255.293457 	 Gradient = 0.000076 
 Valve Value [18] = 8972.356445 	 Gradient = 0.000229 
 Valve Value [19] = 2160.033203 	 Gradient = -0.000076 
 Valve Value [20] = 281.292236 	 Gradient = -0.000076 
 Valve Value [21] = 2919.426025 	 Gradient = 0.000000 
 Valve Value [22] = 1804.014282 	 Gradient = 0.000076 
 Valve Value [23] = 861.692078 	 Gradient = 0.000000 
 
 
 
 Valve ID = 74
 Valve Value [0] = 110.044464 	 Gradient = -0.000153 
 Valve Value [1] = 99.888214 	 Gradient = -0.000153 
 Valve Value [2] = 67.489632 	 Gradient = 0.000000 
 Valve Value [3] = 194.845612 	 Gradient = 0.000076 
 Valve Value [4] = 160.892075 	 Gradient = 0.000153 
 Valve Value [5] = 66.673996 	 Gradient = 0.065231 
 Valve Value [6] = 0.000000 	 Gradient = 0.030975 
 Valve Value [7] = 0.000000 	 Gradient = 0.039673 
 Valve Value [8] = 0.000000 	 Gradient = 0.073395 
 Valve Value [9] = 0.000000 	 Gradient = 0.022125 
 Valve Value [10] = 10.319748 	 Gradient = -0.016022 
 Valve Value [11] = 30.480152 	 Gradient = -0.019226 
 Valve Value [12] = 33.497986 	 Gradient = -0.019226 
 Valve Value [13] = 55.769264 	 Gradient = -0.002899 
 Valve Value [14] = 46.242413 	 Gradient = 0.000839 
 Valve Value [15] = 59.021530 	 Gradient = -0.014648 
 Valve Value [16] = 19.802698 	 Gradient = -0.019302 
 Valve Value [17] = 18.671381 	 Gradient = -0.001068 
 Valve Value [18] = 46.681107 	 Gradient = 0.001450 
 Valve Value [19] = 4.109291 	 Gradient = 0.089035 
 Valve Value [20] = 30.785248 	 Gradient = -0.014343 
 Valve Value [21] = 30.007132 	 Gradient = -0.014114 
 Valve Value [22] = 26.628500 	 Gradient = -0.038223 
 Valve Value [23] = 22.649858 	 Gradient = -0.019073 
 
 
 
 Valve ID = 72
 Valve Value [0] = 0.000000 	 Gradient = 0.009232 
 Valve Value [1] = 87.066963 	 Gradient = -0.002213 
 Valve Value [2] = 15.789459 	 Gradient = -0.003815 
 Valve Value [3] = 20.469389 	 Gradient = -0.003815 
 Valve Value [4] = 57.690617 	 Gradient = -0.006866 
 Valve Value [5] = 4.122148 	 Gradient = -0.011597 
 Valve Value [6] = 0.896660 	 Gradient = -0.001373 
 Valve Value [7] = 0.050401 	 Gradient = 0.000687 
 Valve Value [8] = 22.002193 	 Gradient = -0.012360 
 Valve Value [9] = 2.179724 	 Gradient = -0.006409 
 Valve Value [10] = 30.370087 	 Gradient = -0.002670 
 Valve Value [11] = 26.741579 	 Gradient = 0.001602 
 Valve Value [12] = 0.000000 	 Gradient = 0.002899 
 Valve Value [13] = 38.810104 	 Gradient = 0.017242 
 Valve Value [14] = 89.154488 	 Gradient = 0.026398 
 Valve Value [15] = 0.000000 	 Gradient = 0.008774 
 Valve Value [16] = 0.000000 	 Gradient = 0.008926 
 Valve Value [17] = 37.971577 	 Gradient = 0.023041 
 Valve Value [18] = 40.726181 	 Gradient = 0.021896 
 Valve Value [19] = 35.012630 	 Gradient = 0.024338 
 Valve Value [20] = 52.391933 	 Gradient = 0.000076 
 Valve Value [21] = 93.580421 	 Gradient = 0.006485 
 Valve Value [22] = 74.080772 	 Gradient = -0.005035 
 Valve Value [23] = 68.527786 	 Gradient = -0.032425 
 
 
 
 Valve ID = 40
 Valve Value [0] = 15.741103 	 Gradient = 0.010605 
 Valve Value [1] = 104.817902 	 Gradient = 0.000000 
 Valve Value [2] = 38.304829 	 Gradient = 0.007477 
 Valve Value [3] = 47.584511 	 Gradient = -0.001450 
 Valve Value [4] = 29.818426 	 Gradient = -0.003510 
 Valve Value [5] = 81.656540 	 Gradient = -0.000229 
 Valve Value [6] = 15.228480 	 Gradient = -0.010223 
 Valve Value [7] = 4.210997 	 Gradient = -0.004578 
 Valve Value [8] = 62.108406 	 Gradient = 0.087433 
 Valve Value [9] = 48.607105 	 Gradient = 0.002518 
 Valve Value [10] = 26.347078 	 Gradient = -0.023193 
 Valve Value [11] = 39.720982 	 Gradient = -0.027390 
 Valve Value [12] = 44.524204 	 Gradient = -0.018311 
 Valve Value [13] = 71.041290 	 Gradient = 0.000076 
 Valve Value [14] = 78.239235 	 Gradient = 0.000000 
 Valve Value [15] = 27.952190 	 Gradient = 0.000153 
 Valve Value [16] = 24.944986 	 Gradient = 0.007172 
 Valve Value [17] = 37.117363 	 Gradient = 0.001602 
 Valve Value [18] = 73.747330 	 Gradient = 0.001297 
 Valve Value [19] = 32.003532 	 Gradient = 0.026703 
 Valve Value [20] = 43.282471 	 Gradient = -0.013962 
 Valve Value [21] = 65.972733 	 Gradient = -0.004654 
 Valve Value [22] = 26.817478 	 Gradient = -0.013885 
 Valve Value [23] = 52.636936 	 Gradient = -0.016174 
 
 
 
 Valve ID = 6
 Valve Value [0] = 3847.804443 	 Gradient = 0.000076 
 Valve Value [1] = 5986.625488 	 Gradient = -0.000076 
 Valve Value [2] = 4037.986572 	 Gradient = 0.000153 
 Valve Value [3] = 3982.194580 	 Gradient = -0.000076 
 Valve Value [4] = 3641.977783 	 Gradient = -0.000229 
 Valve Value [5] = 4967.742188 	 Gradient = -0.000229 
 Valve Value [6] = 4699.692383 	 Gradient = -0.000458 
 Valve Value [7] = 1088.926392 	 Gradient = -0.000153 
 Valve Value [8] = 5123.166504 	 Gradient = -0.000153 
 Valve Value [9] = 3089.470215 	 Gradient = -0.000076 
 Valve Value [10] = 5198.427246 	 Gradient = 0.000305 
 Valve Value [11] = 2153.215576 	 Gradient = 0.000153 
 Valve Value [12] = 1987.550415 	 Gradient = 0.000229 
 Valve Value [13] = 1116.056030 	 Gradient = -0.000076 
 Valve Value [14] = 5086.493652 	 Gradient = 0.000153 
 Valve Value [15] = 2988.753906 	 Gradient = 0.000153 
 Valve Value [16] = 720.204956 	 Gradient = -0.000153 
 Valve Value [17] = 2667.416748 	 Gradient = 0.000229 
 Valve Value [18] = 232.202057 	 Gradient = -0.000153 
 Valve Value [19] = 1493.885132 	 Gradient = 0.000229 
 Valve Value [20] = 115.601791 	 Gradient = -0.005875 
 Valve Value [21] = 1914.749268 	 Gradient = -0.000076 
 Valve Value [22] = 1490.607788 	 Gradient = -0.000076 
 Valve Value [23] = 293.126556 	 Gradient = -0.000076 
 
 
 
 Valve ID = 3
 Valve Value [0] = 106.283394 	 Gradient = 0.023193 
 Valve Value [1] = 20.296043 	 Gradient = 0.000458 
 Valve Value [2] = 113.565269 	 Gradient = 0.003204 
 Valve Value [3] = 210.061050 	 Gradient = 0.009003 
 Valve Value [4] = 114.785606 	 Gradient = -0.003891 
 Valve Value [5] = 206.305466 	 Gradient = -0.022583 
 Valve Value [6] = 287.487366 	 Gradient = 0.000305 
 Valve Value [7] = 295.227875 	 Gradient = 0.000000 
 Valve Value [8] = 176.826263 	 Gradient = -0.157928 
 Valve Value [9] = 176.840317 	 Gradient = -0.055084 
 Valve Value [10] = 264.097626 	 Gradient = -0.022202 
 Valve Value [11] = 195.347076 	 Gradient = -0.003204 
 Valve Value [12] = 204.874222 	 Gradient = 0.010147 
 Valve Value [13] = 138.617294 	 Gradient = 0.000229 
 Valve Value [14] = 187.185867 	 Gradient = 0.000916 
 Valve Value [15] = 174.646088 	 Gradient = 0.005264 
 Valve Value [16] = 210.282166 	 Gradient = 0.000000 
 Valve Value [17] = 195.401474 	 Gradient = 0.002670 
 Valve Value [18] = 156.585602 	 Gradient = -0.000458 
 Valve Value [19] = 255.999527 	 Gradient = -0.024490 
 Valve Value [20] = 124.614876 	 Gradient = -0.010071 
 Valve Value [21] = 165.718292 	 Gradient = -0.019913 
 Valve Value [22] = 159.938599 	 Gradient = -0.022049 
 Valve Value [23] = 132.219269 	 Gradient = -0.045166 
 
 
 
 Valve ID = 5
 Valve Value [0] = 47.135448 	 Gradient = -0.004959 
 Valve Value [1] = 77.521790 	 Gradient = -0.000305 
 Valve Value [2] = 55.307076 	 Gradient = -0.006943 
 Valve Value [3] = 65.170120 	 Gradient = -0.011978 
 Valve Value [4] = 110.279282 	 Gradient = -0.007172 
 Valve Value [5] = 131.715775 	 Gradient = -0.000305 
 Valve Value [6] = 123.807503 	 Gradient = -0.000687 
 Valve Value [7] = 123.244064 	 Gradient = 0.000229 
 Valve Value [8] = 74.678276 	 Gradient = 0.001068 
 Valve Value [9] = 128.523788 	 Gradient = -0.000381 
 Valve Value [10] = 132.079346 	 Gradient = -0.020142 
 Valve Value [11] = 92.809723 	 Gradient = 0.000000 
 Valve Value [12] = 148.779114 	 Gradient = 0.000076 
 Valve Value [13] = 102.180305 	 Gradient = 0.006256 
 Valve Value [14] = 98.101494 	 Gradient = 0.005035 
 Valve Value [15] = 111.737816 	 Gradient = 0.005417 
 Valve Value [16] = 137.834702 	 Gradient = 0.014496 
 Valve Value [17] = 81.344078 	 Gradient = 0.000305 
 Valve Value [18] = 99.748360 	 Gradient = -0.000229 
 Valve Value [19] = 86.304916 	 Gradient = -0.079727 
 Valve Value [20] = 84.709435 	 Gradient = -0.011978 
 Valve Value [21] = 84.407097 	 Gradient = -0.011063 
 Valve Value [22] = 75.603996 	 Gradient = 0.001144 
 Valve Value [23] = 65.500183 	 Gradient = -0.017166 
 
 
 Tank ID = 34  
 Tank Level[0] = -32.147797%, 	 Tank Inflow = 209.000000, 	 Tank Outflow = 106.283470, 
 Tank Level[1] = 5.174266%, 	 Tank Inflow = 209.000000, 	 Tank Outflow = 107.363091, 
 Tank Level[2] = 42.104050%, 	 Tank Inflow = 209.000000, 	 Tank Outflow = 129.354904, 
 Tank Level[3] = 71.043098%, 	 Tank Inflow = 209.000000, 	 Tank Outflow = 230.530426, 
 Tank Level[4] = 63.220024%, 	 Tank Inflow = 209.000000, 	 Tank Outflow = 172.476135, 
 Tank Level[5] = 76.490974%, 	 Tank Inflow = 209.000000, 	 Tank Outflow = 210.427704, 
 Tank Level[6] = 75.972221%, 	 Tank Inflow = 209.000000, 	 Tank Outflow = 246.942535, 
 Tank Level[7] = 62.185791%, 	 Tank Inflow = 209.000000, 	 Tank Outflow = 251.706940, 
 Tank Level[8] = 46.668221%, 	 Tank Inflow = 209.000000, 	 Tank Outflow = 198.828568, 
 Tank Level[9] = 50.364010%, 	 Tank Inflow = 209.000000, 	 Tank Outflow = 178.942490, 
 Tank Level[10] = 61.285412%, 	 Tank Inflow = 209.000000, 	 Tank Outflow = 294.419769, 
 Tank Level[11] = 30.248129%, 	 Tank Inflow = 209.000000, 	 Tank Outflow = 222.088547, 
 Tank Level[12] = 25.492403%, 	 Tank Inflow = 209.000000, 	 Tank Outflow = 204.874100, 
 Tank Level[13] = 26.991550%, 	 Tank Inflow = 209.000000, 	 Tank Outflow = 177.427399, 
 Tank Level[14] = 38.463459%, 	 Tank Inflow = 209.000000, 	 Tank Outflow = 276.340515, 
 Tank Level[15] = 13.995275%, 	 Tank Inflow = 209.000000, 	 Tank Outflow = 174.646317, 
 Tank Level[16] = 26.477690%, 	 Tank Inflow = 209.000000, 	 Tank Outflow = 204.372818, 
 Tank Level[17] = 28.158978%, 	 Tank Inflow = 209.000000, 	 Tank Outflow = 233.372971, 
 Tank Level[18] = 19.303057%, 	 Tank Inflow = 209.000000, 	 Tank Outflow = 197.311844, 
 Tank Level[19] = 23.549950%, 	 Tank Inflow = 209.000000, 	 Tank Outflow = 290.965820, 
 Tank Level[20] = -6.232341%, 	 Tank Inflow = 209.000000, 	 Tank Outflow = 115.601807, 
 Tank Level[21] = 27.703903%, 	 Tank Inflow = 209.000000, 	 Tank Outflow = 259.298798, 
 Tank Level[22] = 9.427830%, 	 Tank Inflow = 209.000000, 	 Tank Outflow = 234.019272, 
 Tank Level[23] = 0.337074%, 	 Tank Inflow = 209.000000, 	 Tank Outflow = 200.747192, 
 Tank Level[24] = 3.335733%, 	 Tank Inflow = 0.000000, 	 Tank Outflow = 0.000000, 
 
 
 Tank ID = Veeranageeri  
 Tank Level[0] = 57.333549%, 	 Tank Inflow = 43.406796, 	 Tank Outflow = 7.400000, 
 Tank Level[1] = 83.261688%, 	 Tank Inflow = -88.123680, 	 Tank Outflow = 7.400000, 
 Tank Level[2] = 14.476021%, 	 Tank Inflow = 19.953541, 	 Tank Outflow = 7.400000, 
 Tank Level[3] = 23.515703%, 	 Tank Inflow = 97.306488, 	 Tank Outflow = 7.400000, 
 Tank Level[4] = 88.256485%, 	 Tank Inflow = -25.312067, 	 Tank Outflow = 14.800000, 
 Tank Level[5] = 59.372177%, 	 Tank Inflow = 9.963008, 	 Tank Outflow = 37.000000, 
 Tank Level[6] = 39.903111%, 	 Tank Inflow = 107.064880, 	 Tank Outflow = 74.000000, 
 Tank Level[7] = 63.712803%, 	 Tank Inflow = 124.249512, 	 Tank Outflow = 92.500000, 
 Tank Level[8] = 86.575317%, 	 Tank Inflow = 54.717735, 	 Tank Outflow = 92.500000, 
 Tank Level[9] = 59.368683%, 	 Tank Inflow = 0.000053, 	 Tank Outflow = 74.000000, 
 Tank Level[10] = 6.082043%, 	 Tank Inflow = 105.659447, 	 Tank Outflow = 37.000000, 
 Tank Level[11] = 55.523041%, 	 Tank Inflow = 65.485123, 	 Tank Outflow = 37.000000, 
 Tank Level[12] = 76.034904%, 	 Tank Inflow = 24.975922, 	 Tank Outflow = 29.600000, 
 Tank Level[13] = 72.705139%, 	 Tank Inflow = -34.494686, 	 Tank Outflow = 29.600000, 
 Tank Level[14] = 26.551184%, 	 Tank Inflow = 11.085581, 	 Tank Outflow = 37.000000, 
 Tank Level[15] = 7.890465%, 	 Tank Inflow = 34.956112, 	 Tank Outflow = 22.200001, 
 Tank Level[16] = 17.076015%, 	 Tank Inflow = 41.593029, 	 Tank Outflow = 29.600000, 
 Tank Level[17] = 25.712078%, 	 Tank Inflow = 77.209305, 	 Tank Outflow = 37.000000, 
 Tank Level[18] = 54.666409%, 	 Tank Inflow = -16.020918, 	 Tank Outflow = 55.500000, 
 Tank Level[19] = 3.164892%, 	 Tank Inflow = 137.644821, 	 Tank Outflow = 55.500000, 
 Tank Level[20] = 62.316574%, 	 Tank Inflow = -3.336019, 	 Tank Outflow = 37.000000, 
 Tank Level[21] = 33.271000%, 	 Tank Inflow = 15.366544, 	 Tank Outflow = 29.600000, 
 Tank Level[22] = 23.021631%, 	 Tank Inflow = 57.517281, 	 Tank Outflow = 22.200001, 
 Tank Level[23] = 48.453259%, 	 Tank Inflow = 14.082287, 	 Tank Outflow = 14.800000, 
 Tank Level[24] = 47.936440%, 	 Tank Inflow = 0.000000, 	 Tank Outflow = 0.000000, 
 
 
 Tank ID = NR_mohalla2  
 Tank Level[0] = 0.025460%, 	 Tank Inflow = 42.728512, 	 Tank Outflow = 13.640005, 
 Tank Level[1] = 41.725555%, 	 Tank Inflow = 42.918251, 	 Tank Outflow = 13.640131, 
 Tank Level[2] = 83.697472%, 	 Tank Inflow = 42.772270, 	 Tank Outflow = 13.640131, 
 Tank Level[3] = 125.460114%, 	 Tank Inflow = 42.872395, 	 Tank Outflow = 13.640001, 
 Tank Level[4] = 167.366486%, 	 Tank Inflow = 43.844513, 	 Tank Outflow = 27.280132, 
 Tank Level[5] = 191.112518%, 	 Tank Inflow = 50.935410, 	 Tank Outflow = 68.200005, 
 Tank Level[6] = 166.362701%, 	 Tank Inflow = 123.752151, 	 Tank Outflow = 136.399994, 
 Tank Level[7] = 148.231262%, 	 Tank Inflow = 123.195641, 	 Tank Outflow = 170.500000, 
 Tank Level[8] = 80.417664%, 	 Tank Inflow = 59.999763, 	 Tank Outflow = 170.500000, 
 Tank Level[9] = -77.990982%, 	 Tank Inflow = 128.155609, 	 Tank Outflow = 136.399994, 
 Tank Level[10] = -89.809792%, 	 Tank Inflow = 121.723320, 	 Tank Outflow = 68.199997, 
 Tank Level[11] = -13.080937%, 	 Tank Inflow = 59.660812, 	 Tank Outflow = 68.200127, 
 Tank Level[12] = -25.322552%, 	 Tank Inflow = 101.875862, 	 Tank Outflow = 54.560127, 
 Tank Level[13] = 42.507355%, 	 Tank Inflow = 46.410992, 	 Tank Outflow = 54.560131, 
 Tank Level[14] = 30.825081%, 	 Tank Inflow = 51.858845, 	 Tank Outflow = 68.199997, 
 Tank Level[15] = 7.399072%, 	 Tank Inflow = 52.716213, 	 Tank Outflow = 40.920128, 
 Tank Level[16] = 24.309456%, 	 Tank Inflow = 118.031776, 	 Tank Outflow = 54.560131, 
 Tank Level[17] = 115.299820%, 	 Tank Inflow = 62.402939, 	 Tank Outflow = 68.200005, 
 Tank Level[18] = 106.989388%, 	 Tank Inflow = 52.178211, 	 Tank Outflow = 102.300133, 
 Tank Level[19] = 35.136646%, 	 Tank Inflow = 82.195587, 	 Tank Outflow = 102.300003, 
 Tank Level[20] = 6.315778%, 	 Tank Inflow = 53.882912, 	 Tank Outflow = 68.199997, 
 Tank Level[21] = -14.208612%, 	 Tank Inflow = 54.372017, 	 Tank Outflow = 54.560001, 
 Tank Level[22] = -14.478101%, 	 Tank Inflow = 48.975281, 	 Tank Outflow = 40.920128, 
 Tank Level[23] = -2.930561%, 	 Tank Inflow = 42.875004, 	 Tank Outflow = 27.280130, 
 Tank Level[24] = 19.425611%, 	 Tank Inflow = 0.000000, 	 Tank Outflow = 0.000000, 
 
 
 Tank ID = NR_Mohalla1  
 Tank Level[0] = 56.009537%, 	 Tank Inflow = 4.407150, 	 Tank Outflow = 5.800000, 
 Tank Level[1] = 55.503441%, 	 Tank Inflow = 25.868856, 	 Tank Outflow = 5.800000, 
 Tank Level[2] = 62.795464%, 	 Tank Inflow = 12.534901, 	 Tank Outflow = 5.800000, 
 Tank Level[3] = 65.242592%, 	 Tank Inflow = 22.297766, 	 Tank Outflow = 5.800000, 
 Tank Level[4] = 71.237061%, 	 Tank Inflow = 66.434601, 	 Tank Outflow = 11.600000, 
 Tank Level[5] = 91.161224%, 	 Tank Inflow = 66.673996, 	 Tank Outflow = 29.000000, 
 Tank Level[6] = 104.850082%, 	 Tank Inflow = 0.000197, 	 Tank Outflow = 58.000000, 
 Tank Level[7] = 83.775833%, 	 Tank Inflow = 0.000197, 	 Tank Outflow = 72.500000, 
 Tank Level[8] = 57.433022%, 	 Tank Inflow = -0.000046, 	 Tank Outflow = 72.500000, 
 Tank Level[9] = 31.090113%, 	 Tank Inflow = 0.000148, 	 Tank Outflow = 58.000000, 
 Tank Level[10] = 10.015856%, 	 Tank Inflow = 10.319780, 	 Tank Outflow = 29.000000, 
 Tank Level[11] = 3.228393%, 	 Tank Inflow = 30.480156, 	 Tank Outflow = 29.000000, 
 Tank Level[12] = 3.766208%, 	 Tank Inflow = 33.498009, 	 Tank Outflow = 23.200001, 
 Tank Level[13] = 7.507991%, 	 Tank Inflow = 55.769264, 	 Tank Outflow = 23.200001, 
 Tank Level[14] = 19.342039%, 	 Tank Inflow = 46.242416, 	 Tank Outflow = 29.000000, 
 Tank Level[15] = 25.607075%, 	 Tank Inflow = 59.021534, 	 Tank Outflow = 17.400000, 
 Tank Level[16] = 40.730270%, 	 Tank Inflow = 19.802729, 	 Tank Outflow = 23.200001, 
 Tank Level[17] = 39.495869%, 	 Tank Inflow = 18.671387, 	 Tank Outflow = 29.000000, 
 Tank Level[18] = 35.742962%, 	 Tank Inflow = 46.681110, 	 Tank Outflow = 43.500000, 
 Tank Level[19] = 36.898823%, 	 Tank Inflow = 4.109304, 	 Tank Outflow = 43.500000, 
 Tank Level[20] = 22.586199%, 	 Tank Inflow = 30.785250, 	 Tank Outflow = 29.000000, 
 Tank Level[21] = 23.234871%, 	 Tank Inflow = 30.007135, 	 Tank Outflow = 23.200001, 
 Tank Level[22] = 25.708246%, 	 Tank Inflow = 26.628502, 	 Tank Outflow = 17.400000, 
 Tank Level[23] = 29.061422%, 	 Tank Inflow = 22.624931, 	 Tank Outflow = 11.600000, 
 Tank Level[24] = 33.067333%, 	 Tank Inflow = 0.000000, 	 Tank Outflow = 0.000000, 
 
 
 Tank ID = Rajiv_nagar_II  
 Tank Level[0] = 48.460281%, 	 Tank Inflow = 0.000000, 	 Tank Outflow = 6.000000, 
 Tank Level[1] = 46.996250%, 	 Tank Inflow = 87.066978, 	 Tank Outflow = 6.000129, 
 Tank Level[2] = 66.777092%, 	 Tank Inflow = 15.789476, 	 Tank Outflow = 6.000129, 
 Tank Level[3] = 69.165756%, 	 Tank Inflow = 20.469406, 	 Tank Outflow = 6.000000, 
 Tank Level[4] = 72.696381%, 	 Tank Inflow = 57.690632, 	 Tank Outflow = 12.000129, 
 Tank Level[5] = 83.845169%, 	 Tank Inflow = 4.122165, 	 Tank Outflow = 30.000000, 
 Tank Level[6] = 77.530807%, 	 Tank Inflow = 0.896676, 	 Tank Outflow = 60.000000, 
 Tank Level[7] = 63.109207%, 	 Tank Inflow = 0.050418, 	 Tank Outflow = 75.000000, 
 Tank Level[8] = 44.821022%, 	 Tank Inflow = 22.002211, 	 Tank Outflow = 75.000000, 
 Tank Level[9] = 31.889215%, 	 Tank Inflow = 2.179741, 	 Tank Outflow = 60.000000, 
 Tank Level[10] = 17.780693%, 	 Tank Inflow = 30.370102, 	 Tank Outflow = 30.000000, 
 Tank Level[11] = 17.871000%, 	 Tank Inflow = 26.741596, 	 Tank Outflow = 30.000130, 
 Tank Level[12] = 17.075897%, 	 Tank Inflow = 0.000000, 	 Tank Outflow = 24.000130, 
 Tank Level[13] = 11.219708%, 	 Tank Inflow = 38.810120, 	 Tank Outflow = 24.000130, 
 Tank Level[14] = 14.833443%, 	 Tank Inflow = 89.154503, 	 Tank Outflow = 30.000000, 
 Tank Level[15] = 29.267529%, 	 Tank Inflow = 0.000001, 	 Tank Outflow = 18.000128, 
 Tank Level[16] = 24.875381%, 	 Tank Inflow = 0.000000, 	 Tank Outflow = 24.000130, 
 Tank Level[17] = 19.019194%, 	 Tank Inflow = 37.971592, 	 Tank Outflow = 30.000000, 
 Tank Level[18] = 20.964314%, 	 Tank Inflow = 40.726196, 	 Tank Outflow = 45.000130, 
 Tank Level[19] = 19.921446%, 	 Tank Inflow = 35.012646, 	 Tank Outflow = 45.000000, 
 Tank Level[20] = 17.484467%, 	 Tank Inflow = -9.013062, 	 Tank Outflow = 30.000000, 
 Tank Level[21] = 7.965024%, 	 Tank Inflow = 93.580437, 	 Tank Outflow = 24.000000, 
 Tank Level[22] = 24.943104%, 	 Tank Inflow = 74.080788, 	 Tank Outflow = 18.000130, 
 Tank Level[23] = 38.627151%, 	 Tank Inflow = 68.527802, 	 Tank Outflow = 12.000129, 
 Tank Level[24] = 52.420273%, 	 Tank Inflow = 0.000000, 	 Tank Outflow = 0.000000, 
 
 
 Tank ID = Tippu_Park  
 Tank Level[0] = 51.335484%, 	 Tank Inflow = 15.741109, 	 Tank Outflow = 8.800000, 
 Tank Level[1] = 53.857533%, 	 Tank Inflow = 39.632286, 	 Tank Outflow = 8.800129, 
 Tank Level[2] = 65.060410%, 	 Tank Inflow = 38.304832, 	 Tank Outflow = 8.800129, 
 Tank Level[3] = 75.780945%, 	 Tank Inflow = 47.584518, 	 Tank Outflow = 8.800000, 
 Tank Level[4] = 89.873314%, 	 Tank Inflow = 29.818430, 	 Tank Outflow = 17.600130, 
 Tank Level[5] = 94.312828%, 	 Tank Inflow = 78.732941, 	 Tank Outflow = 44.000000, 
 Tank Level[6] = 106.933052%, 	 Tank Inflow = 15.228518, 	 Tank Outflow = 88.000000, 
 Tank Level[7] = 80.491516%, 	 Tank Inflow = 4.211034, 	 Tank Outflow = 110.000000, 
 Tank Level[8] = 42.053074%, 	 Tank Inflow = 62.108410, 	 Tank Outflow = 110.000000, 
 Tank Level[9] = 24.651655%, 	 Tank Inflow = 48.607143, 	 Tank Outflow = 88.000000, 
 Tank Level[10] = 10.338253%, 	 Tank Inflow = 26.347115, 	 Tank Outflow = 44.000000, 
 Tank Level[11] = 3.924073%, 	 Tank Inflow = 39.720985, 	 Tank Outflow = 44.000130, 
 Tank Level[12] = 2.369245%, 	 Tank Inflow = 44.524227, 	 Tank Outflow = 35.200130, 
 Tank Level[13] = 5.757158%, 	 Tank Inflow = 70.931870, 	 Tank Outflow = 35.200130, 
 Tank Level[14] = 18.740294%, 	 Tank Inflow = 77.998428, 	 Tank Outflow = 44.000000, 
 Tank Level[15] = 31.093632%, 	 Tank Inflow = 27.952196, 	 Tank Outflow = 26.400127, 
 Tank Level[16] = 31.657574%, 	 Tank Inflow = 24.945024, 	 Tank Outflow = 35.200130, 
 Tank Level[17] = 27.931381%, 	 Tank Inflow = 37.117371, 	 Tank Outflow = 44.000000, 
 Tank Level[18] = 25.430576%, 	 Tank Inflow = 73.747330, 	 Tank Outflow = 66.000130, 
 Tank Level[19] = 28.245523%, 	 Tank Inflow = 32.003567, 	 Tank Outflow = 66.000000, 
 Tank Level[20] = 15.892911%, 	 Tank Inflow = 43.282475, 	 Tank Outflow = 44.000000, 
 Tank Level[21] = 15.632197%, 	 Tank Inflow = 65.972733, 	 Tank Outflow = 35.200001, 
 Tank Level[22] = 26.813477%, 	 Tank Inflow = 26.817484, 	 Tank Outflow = 26.400129, 
 Tank Level[23] = 26.965122%, 	 Tank Inflow = 52.636940, 	 Tank Outflow = 17.600128, 
 Tank Level[24] = 39.695759%, 	 Tank Inflow = 0.000000, 	 Tank Outflow = 0.000000, 
%%%%%%%%%%%%%%%%%%%%%%%

 Iteration Count = 1100	Function Value = 110.390091 	 Percentage Difference = -0.000520 Gradient Norm = 0.098158 alpha mult = 0.600000
 Iteration Count = 1200	Function Value = 105.433366 	 Percentage Difference = -0.000436 Gradient Norm = 0.090557 alpha mult = 0.600000
 Iteration Count = 1300	Function Value = 100.817099 	 Percentage Difference = -0.000417 Gradient Norm = 0.083405 alpha mult = 0.600000
 Iteration Count = 1400	Function Value = 96.539761 	 Percentage Difference = -0.000394 Gradient Norm = 0.075892 alpha mult = 0.600000
 Iteration Count = 1500	Function Value = 92.664220 	 Percentage Difference = -0.000368 Gradient Norm = 0.077393 alpha mult = 0.600000
 Iteration Count = 1600	Function Value = 77.884834 	 Percentage Difference = -0.000663 Gradient Norm = 0.483396 alpha mult = 0.600000
 Iteration Count = 1700	Function Value = 70.826973 	 Percentage Difference = -0.000613 Gradient Norm = 0.209597 alpha mult = 0.600000
 Iteration Count = 1800	Function Value = 66.355572 	 Percentage Difference = -0.000562 Gradient Norm = 0.085446 alpha mult = 0.600000
 Iteration Count = 1900	Function Value = 63.199886 	 Percentage Difference = -0.000435 Gradient Norm = 0.060362 alpha mult = 0.600000
 Iteration Count = 2000	Function Value = 61.013496 	 Percentage Difference = -0.000243 Gradient Norm = 0.025906 alpha mult = 0.600000
%%%%%%%%%%%%%%%%%%%%%%%
Iteration Count = 2001
 
 
 
 Valve ID = 80
 Valve Value [0] = 0.000000 	 Gradient = 0.000000 
 Valve Value [1] = 0.000000 	 Gradient = 0.000000 
 Valve Value [2] = 0.000000 	 Gradient = 0.000000 
 Valve Value [3] = 0.000000 	 Gradient = 0.000000 
 Valve Value [4] = 0.000000 	 Gradient = 0.000000 
 Valve Value [5] = 0.000000 	 Gradient = 0.000000 
 Valve Value [6] = 0.000000 	 Gradient = 0.000000 
 Valve Value [7] = 0.000000 	 Gradient = 0.000000 
 Valve Value [8] = 0.000000 	 Gradient = 0.000000 
 Valve Value [9] = 0.000000 	 Gradient = 0.000000 
 Valve Value [10] = 0.000000 	 Gradient = 0.000000 
 Valve Value [11] = 0.000000 	 Gradient = 0.000000 
 Valve Value [12] = 0.000000 	 Gradient = 0.000000 
 Valve Value [13] = 0.000000 	 Gradient = 0.000000 
 Valve Value [14] = 0.000000 	 Gradient = 0.000000 
 Valve Value [15] = 0.000000 	 Gradient = 0.000000 
 Valve Value [16] = 0.000000 	 Gradient = 0.000000 
 Valve Value [17] = 0.000000 	 Gradient = 0.000000 
 Valve Value [18] = 0.000000 	 Gradient = 0.000000 
 Valve Value [19] = 0.000000 	 Gradient = 0.000000 
 Valve Value [20] = 0.000000 	 Gradient = 0.000000 
 Valve Value [21] = 0.000000 	 Gradient = 0.000000 
 Valve Value [22] = 0.000000 	 Gradient = 0.000000 
 Valve Value [23] = 0.000000 	 Gradient = 0.000000 
 
 
 
 Valve ID = 78
 Valve Value [0] = 122.519485 	 Gradient = -0.000114 
 Valve Value [1] = 191.260483 	 Gradient = 0.000458 
 Valve Value [2] = 219.196442 	 Gradient = 0.000038 
 Valve Value [3] = 220.393890 	 Gradient = 0.000000 
 Valve Value [4] = 282.090759 	 Gradient = -0.000038 
 Valve Value [5] = 270.556213 	 Gradient = -0.000191 
 Valve Value [6] = 80.967369 	 Gradient = 0.012093 
 Valve Value [7] = 91.153496 	 Gradient = 0.018311 
 Valve Value [8] = 96.866791 	 Gradient = 0.019379 
 Valve Value [9] = 0.000000 	 Gradient = 0.015640 
 Valve Value [10] = 93.781136 	 Gradient = 0.015907 
 Valve Value [11] = 220.084442 	 Gradient = -0.000191 
 Valve Value [12] = 31.540081 	 Gradient = -0.003433 
 Valve Value [13] = 164.742142 	 Gradient = 0.000114 
 Valve Value [14] = 202.822220 	 Gradient = -0.000038 
 Valve Value [15] = 107.673950 	 Gradient = 0.000114 
 Valve Value [16] = 36.930027 	 Gradient = 0.006180 
 Valve Value [17] = 174.347733 	 Gradient = -0.000038 
 Valve Value [18] = 170.870178 	 Gradient = 0.000038 
 Valve Value [19] = 123.241653 	 Gradient = 0.017776 
 Valve Value [20] = 48.161278 	 Gradient = 0.000076 
 Valve Value [21] = 28.469086 	 Gradient = 0.000038 
 Valve Value [22] = 59.294548 	 Gradient = -0.000305 
 Valve Value [23] = 19.777929 	 Gradient = -0.007133 
 
 
 
 Valve ID = 76
 Valve Value [0] = 9866.304688 	 Gradient = 0.000038 
 Valve Value [1] = 14416.566406 	 Gradient = 0.000191 
 Valve Value [2] = 14687.288086 	 Gradient = 0.000153 
 Valve Value [3] = 2274.669189 	 Gradient = -0.000114 
 Valve Value [4] = 11678.046875 	 Gradient = 0.000038 
 Valve Value [5] = 12084.105469 	 Gradient = 0.000381 
 Valve Value [6] = 11015.528320 	 Gradient = -0.000114 
 Valve Value [7] = 3670.527832 	 Gradient = -0.000076 
 Valve Value [8] = 11784.792969 	 Gradient = 0.000381 
 Valve Value [9] = 6578.406738 	 Gradient = 0.000687 
 Valve Value [10] = 1071.055420 	 Gradient = 0.000038 
 Valve Value [11] = 5532.779297 	 Gradient = 0.000305 
 Valve Value [12] = 12691.914062 	 Gradient = 0.000000 
 Valve Value [13] = 4716.313477 	 Gradient = 0.000229 
 Valve Value [14] = 895.220581 	 Gradient = -0.000153 
 Valve Value [15] = 113.500282 	 Gradient = -0.000191 
 Valve Value [16] = 1057.941528 	 Gradient = 0.000000 
 Valve Value [17] = 6255.290039 	 Gradient = -0.000038 
 Valve Value [18] = 8972.356445 	 Gradient = 0.000153 
 Valve Value [19] = 2160.020020 	 Gradient = 0.000229 
 Valve Value [20] = 281.290131 	 Gradient = 0.000038 
 Valve Value [21] = 2919.425293 	 Gradient = 0.000000 
 Valve Value [22] = 1804.008789 	 Gradient = 0.000000 
 Valve Value [23] = 861.684753 	 Gradient = 0.000000 
 
 
 
 Valve ID = 74
 Valve Value [0] = 110.044426 	 Gradient = 0.000305 
 Valve Value [1] = 99.891800 	 Gradient = -0.000038 
 Valve Value [2] = 67.489227 	 Gradient = 0.000000 
 Valve Value [3] = 194.846542 	 Gradient = -0.000153 
 Valve Value [4] = 160.890289 	 Gradient = -0.000114 
 Valve Value [5] = 57.548431 	 Gradient = -0.019684 
 Valve Value [6] = 2.911446 	 Gradient = -0.009537 
 Valve Value [7] = 1.808742 	 Gradient = -0.009499 
 Valve Value [8] = 0.135376 	 Gradient = -0.009193 
 Valve Value [9] = 0.232221 	 Gradient = -0.006752 
 Valve Value [10] = 22.613974 	 Gradient = -0.012436 
 Valve Value [11] = 37.730873 	 Gradient = -0.004272 
 Valve Value [12] = 37.775105 	 Gradient = 0.008774 
 Valve Value [13] = 51.552746 	 Gradient = 0.019608 
 Valve Value [14] = 35.242283 	 Gradient = 0.021477 
 Valve Value [15] = 60.548504 	 Gradient = 0.009346 
 Valve Value [16] = 25.307583 	 Gradient = 0.001869 
 Valve Value [17] = 16.134867 	 Gradient = 0.004807 
 Valve Value [18] = 43.462479 	 Gradient = 0.004845 
 Valve Value [19] = 0.000000 	 Gradient = 0.007935 
 Valve Value [20] = 34.797421 	 Gradient = -0.004005 
 Valve Value [21] = 37.006275 	 Gradient = -0.013390 
 Valve Value [22] = 35.331409 	 Gradient = -0.006142 
 Valve Value [23] = 29.547625 	 Gradient = -0.008583 
 
 
 
 Valve ID = 72
 Valve Value [0] = 0.000000 	 Gradient = 0.004387 
 Valve Value [1] = 87.551094 	 Gradient = -0.002632 
 Valve Value [2] = 17.264524 	 Gradient = -0.004730 
 Valve Value [3] = 20.956381 	 Gradient = -0.001144 
 Valve Value [4] = 59.274830 	 Gradient = -0.001678 
 Valve Value [5] = 7.401190 	 Gradient = -0.002022 
 Valve Value [6] = 1.392176 	 Gradient = -0.001030 
 Valve Value [7] = 0.000000 	 Gradient = 0.000381 
 Valve Value [8] = 25.204473 	 Gradient = 0.001526 
 Valve Value [9] = 3.046928 	 Gradient = 0.001984 
 Valve Value [10] = 29.260128 	 Gradient = 0.005760 
 Valve Value [11] = 25.586226 	 Gradient = 0.001717 
 Valve Value [12] = 0.284062 	 Gradient = -0.002708 
 Valve Value [13] = 34.730442 	 Gradient = 0.000076 
 Valve Value [14] = 80.554390 	 Gradient = 0.006523 
 Valve Value [15] = 0.832224 	 Gradient = -0.005569 
 Valve Value [16] = 1.090551 	 Gradient = -0.006790 
 Valve Value [17] = 33.609676 	 Gradient = -0.001945 
 Valve Value [18] = 35.933216 	 Gradient = -0.000343 
 Valve Value [19] = 27.616659 	 Gradient = 0.004921 
 Valve Value [20] = 52.386906 	 Gradient = 0.000038 
 Valve Value [21] = 87.290825 	 Gradient = 0.011597 
 Valve Value [22] = 71.458580 	 Gradient = 0.009003 
 Valve Value [23] = 79.939377 	 Gradient = -0.010338 
 
 
 
 Valve ID = 40
 Valve Value [0] = 7.720550 	 Gradient = 0.010147 
 Valve Value [1] = 104.810951 	 Gradient = 0.000229 
 Valve Value [2] = 32.287415 	 Gradient = 0.010567 
 Valve Value [3] = 46.233517 	 Gradient = 0.005798 
 Valve Value [4] = 29.850767 	 Gradient = 0.012703 
 Valve Value [5] = 81.658272 	 Gradient = 0.000305 
 Valve Value [6] = 29.133778 	 Gradient = -0.022850 
 Valve Value [7] = 16.935135 	 Gradient = -0.024033 
 Valve Value [8] = 25.469229 	 Gradient = -0.023232 
 Valve Value [9] = 58.866611 	 Gradient = -0.009537 
 Valve Value [10] = 43.489006 	 Gradient = -0.009422 
 Valve Value [11] = 51.380466 	 Gradient = -0.006027 
 Valve Value [12] = 50.214691 	 Gradient = 0.007286 
 Valve Value [13] = 64.869873 	 Gradient = 0.020218 
 Valve Value [14] = 72.988953 	 Gradient = 0.016899 
 Valve Value [15] = 25.510109 	 Gradient = 0.001984 
 Valve Value [16] = 20.565752 	 Gradient = 0.004807 
 Valve Value [17] = 36.336876 	 Gradient = -0.000420 
 Valve Value [18] = 72.173241 	 Gradient = 0.000305 
 Valve Value [19] = 26.827946 	 Gradient = 0.004234 
 Valve Value [20] = 46.775684 	 Gradient = -0.003700 
 Valve Value [21] = 65.481789 	 Gradient = 0.001793 
 Valve Value [22] = 30.229328 	 Gradient = -0.002327 
 Valve Value [23] = 58.405708 	 Gradient = -0.006561 
 
 
 
 Valve ID = 6
 Valve Value [0] = 3847.771973 	 Gradient = 0.000191 
 Valve Value [1] = 5986.600098 	 Gradient = 0.000458 
 Valve Value [2] = 4037.952393 	 Gradient = -0.000076 
 Valve Value [3] = 3982.162354 	 Gradient = 0.000191 
 Valve Value [4] = 3641.943604 	 Gradient = 0.000267 
 Valve Value [5] = 4967.704102 	 Gradient = 0.000305 
 Valve Value [6] = 4699.651367 	 Gradient = 0.000000 
 Valve Value [7] = 1088.917969 	 Gradient = 0.000038 
 Valve Value [8] = 5123.106445 	 Gradient = 0.000229 
 Valve Value [9] = 3089.440918 	 Gradient = 0.000076 
 Valve Value [10] = 5198.409668 	 Gradient = 0.000076 
 Valve Value [11] = 2153.194824 	 Gradient = -0.000191 
 Valve Value [12] = 1987.539917 	 Gradient = -0.000114 
 Valve Value [13] = 1116.044922 	 Gradient = 0.000153 
 Valve Value [14] = 5086.483398 	 Gradient = 0.000038 
 Valve Value [15] = 2988.727295 	 Gradient = -0.000038 
 Valve Value [16] = 720.200378 	 Gradient = 0.000000 
 Valve Value [17] = 2667.399902 	 Gradient = 0.000114 
 Valve Value [18] = 232.197495 	 Gradient = 0.000114 
 Valve Value [19] = 1493.873291 	 Gradient = -0.000038 
 Valve Value [20] = 119.410934 	 Gradient = -0.006561 
 Valve Value [21] = 1914.743652 	 Gradient = 0.000000 
 Valve Value [22] = 1490.601929 	 Gradient = 0.000038 
 Valve Value [23] = 293.125824 	 Gradient = 0.000038 
 
 
 
 Valve ID = 3
 Valve Value [0] = 96.928055 	 Gradient = 0.013199 
 Valve Value [1] = 17.555573 	 Gradient = 0.003891 
 Valve Value [2] = 113.039314 	 Gradient = -0.001411 
 Valve Value [3] = 205.156677 	 Gradient = 0.006027 
 Valve Value [4] = 115.787437 	 Gradient = -0.008774 
 Valve Value [5] = 210.816956 	 Gradient = 0.006409 
 Valve Value [6] = 287.480713 	 Gradient = 0.000267 
 Valve Value [7] = 295.229187 	 Gradient = -0.000420 
 Valve Value [8] = 246.119263 	 Gradient = -0.002327 
 Valve Value [9] = 186.873291 	 Gradient = -0.011177 
 Valve Value [10] = 262.161713 	 Gradient = 0.007858 
 Valve Value [11] = 189.870178 	 Gradient = 0.013542 
 Valve Value [12] = 196.413696 	 Gradient = 0.005646 
 Valve Value [13] = 139.204498 	 Gradient = -0.003242 
 Valve Value [14] = 186.397919 	 Gradient = 0.001793 
 Valve Value [15] = 172.974167 	 Gradient = 0.003395 
 Valve Value [16] = 210.280563 	 Gradient = 0.000153 
 Valve Value [17] = 193.772766 	 Gradient = 0.002213 
 Valve Value [18] = 157.075409 	 Gradient = -0.000038 
 Valve Value [19] = 258.225555 	 Gradient = 0.000191 
 Valve Value [20] = 127.885017 	 Gradient = -0.001907 
 Valve Value [21] = 172.781494 	 Gradient = -0.006523 
 Valve Value [22] = 167.841766 	 Gradient = -0.007896 
 Valve Value [23] = 150.636627 	 Gradient = -0.021439 
 
 
 
 Valve ID = 5
 Valve Value [0] = 45.452976 	 Gradient = 0.001297 
 Valve Value [1] = 77.525620 	 Gradient = 0.000076 
 Valve Value [2] = 53.963490 	 Gradient = 0.004196 
 Valve Value [3] = 65.793114 	 Gradient = 0.004082 
 Valve Value [4] = 105.843491 	 Gradient = 0.022964 
 Valve Value [5] = 131.714432 	 Gradient = -0.000038 
 Valve Value [6] = 127.319695 	 Gradient = -0.009727 
 Valve Value [7] = 126.320847 	 Gradient = -0.005646 
 Valve Value [8] = 123.783951 	 Gradient = -0.006065 
 Valve Value [9] = 128.524231 	 Gradient = 0.000267 
 Valve Value [10] = 136.381607 	 Gradient = 0.000038 
 Valve Value [11] = 94.015091 	 Gradient = -0.001678 
 Valve Value [12] = 148.767380 	 Gradient = 0.000000 
 Valve Value [13] = 97.414513 	 Gradient = 0.000420 
 Valve Value [14] = 97.781807 	 Gradient = 0.000191 
 Valve Value [15] = 108.433350 	 Gradient = -0.005379 
 Valve Value [16] = 130.167160 	 Gradient = 0.002518 
 Valve Value [17] = 81.324837 	 Gradient = 0.000114 
 Valve Value [18] = 99.745239 	 Gradient = -0.000114 
 Valve Value [19] = 106.611885 	 Gradient = -0.017967 
 Valve Value [20] = 88.335999 	 Gradient = -0.003662 
 Valve Value [21] = 86.932442 	 Gradient = 0.000572 
 Valve Value [22] = 78.363281 	 Gradient = -0.005226 
 Valve Value [23] = 72.479248 	 Gradient = -0.008049 
 
 
 Tank ID = 34  
 Tank Level[0] = -27.802023%, 	 Tank Inflow = 209.000000, 	 Tank Outflow = 96.928154, 
 Tank Level[1] = 12.919297%, 	 Tank Inflow = 209.000000, 	 Tank Outflow = 105.106766, 
 Tank Level[2] = 50.668919%, 	 Tank Inflow = 209.000000, 	 Tank Outflow = 130.303757, 
 Tank Level[3] = 79.263206%, 	 Tank Inflow = 209.000000, 	 Tank Outflow = 226.112961, 
 Tank Level[4] = 73.045212%, 	 Tank Inflow = 209.000000, 	 Tank Outflow = 175.062424, 
 Tank Level[5] = 85.376434%, 	 Tank Inflow = 209.000000, 	 Tank Outflow = 218.218430, 
 Tank Level[6] = 82.026924%, 	 Tank Inflow = 209.000000, 	 Tank Outflow = 238.781357, 
 Tank Level[7] = 71.205864%, 	 Tank Inflow = 209.000000, 	 Tank Outflow = 234.366165, 
 Tank Level[8] = 61.989059%, 	 Tank Inflow = 209.000000, 	 Tank Outflow = 271.279938, 
 Tank Level[9] = 39.359642%, 	 Tank Inflow = 209.000000, 	 Tank Outflow = 189.887009, 
 Tank Level[10] = 46.304348%, 	 Tank Inflow = 209.000000, 	 Tank Outflow = 291.421753, 
 Tank Level[11] = 16.356394%, 	 Tank Inflow = 209.000000, 	 Tank Outflow = 215.456604, 
 Tank Level[12] = 14.010386%, 	 Tank Inflow = 209.000000, 	 Tank Outflow = 196.697876, 
 Tank Level[13] = 18.480364%, 	 Tank Inflow = 209.000000, 	 Tank Outflow = 173.934921, 
 Tank Level[14] = 31.221266%, 	 Tank Inflow = 209.000000, 	 Tank Outflow = 266.952454, 
 Tank Level[15] = 10.164234%, 	 Tank Inflow = 209.000000, 	 Tank Outflow = 173.806656, 
 Tank Level[16] = 22.951740%, 	 Tank Inflow = 209.000000, 	 Tank Outflow = 188.753510, 
 Tank Level[17] = 30.308308%, 	 Tank Inflow = 209.000000, 	 Tank Outflow = 227.382477, 
 Tank Level[18] = 23.629032%, 	 Tank Inflow = 209.000000, 	 Tank Outflow = 193.008698, 
 Tank Level[19] = 29.439474%, 	 Tank Inflow = 209.000000, 	 Tank Outflow = 284.298431, 
 Tank Level[20] = 2.079780%, 	 Tank Inflow = 209.000000, 	 Tank Outflow = 119.410950, 
 Tank Level[21] = 34.631969%, 	 Tank Inflow = 209.000000, 	 Tank Outflow = 260.072296, 
 Tank Level[22] = 16.074848%, 	 Tank Inflow = 209.000000, 	 Tank Outflow = 239.300369, 
 Tank Level[23] = 5.065205%, 	 Tank Inflow = 209.000000, 	 Tank Outflow = 230.576279, 
 Tank Level[24] = -2.774539%, 	 Tank Inflow = 0.000000, 	 Tank Outflow = 0.000000, 
 
 
 Tank ID = Veeranageeri  
 Tank Level[0] = 59.223110%, 	 Tank Inflow = 43.754379, 	 Tank Outflow = 7.400000, 
 Tank Level[1] = 85.401535%, 	 Tank Inflow = -88.660599, 	 Tank Outflow = 7.400000, 
 Tank Level[2] = 16.229240%, 	 Tank Inflow = 26.788603, 	 Tank Outflow = 7.400000, 
 Tank Level[3] = 30.190783%, 	 Tank Inflow = 93.130173, 	 Tank Outflow = 7.400000, 
 Tank Level[4] = 91.924240%, 	 Tank Inflow = -19.906925, 	 Tank Outflow = 14.800000, 
 Tank Level[5] = 66.932121%, 	 Tank Inflow = 20.691296, 	 Tank Outflow = 37.000000, 
 Tank Level[6] = 55.188385%, 	 Tank Inflow = 80.967400, 	 Tank Outflow = 74.000000, 
 Tank Level[7] = 60.205544%, 	 Tank Inflow = 91.153526, 	 Tank Outflow = 92.500000, 
 Tank Level[8] = 59.235962%, 	 Tank Inflow = 96.866821, 	 Tank Outflow = 92.500000, 
 Tank Level[9] = 62.380466%, 	 Tank Inflow = 0.000042, 	 Tank Outflow = 74.000000, 
 Tank Level[10] = 9.093823%, 	 Tank Inflow = 93.781151, 	 Tank Outflow = 37.000000, 
 Tank Level[11] = 49.981377%, 	 Tank Inflow = 44.516708, 	 Tank Outflow = 37.000000, 
 Tank Level[12] = 55.394085%, 	 Tank Inflow = 31.540089, 	 Tank Outflow = 29.600000, 
 Tank Level[13] = 56.791122%, 	 Tank Inflow = -23.079945, 	 Tank Outflow = 29.600000, 
 Tank Level[14] = 18.856810%, 	 Tank Inflow = 23.694704, 	 Tank Outflow = 37.000000, 
 Tank Level[15] = 9.275795%, 	 Tank Inflow = 39.030651, 	 Tank Outflow = 22.200001, 
 Tank Level[16] = 21.395382%, 	 Tank Inflow = 36.930061, 	 Tank Outflow = 29.600000, 
 Tank Level[17] = 26.673689%, 	 Tank Inflow = 78.509659, 	 Tank Outflow = 37.000000, 
 Tank Level[18] = 56.564388%, 	 Tank Inflow = -11.229166, 	 Tank Outflow = 55.500000, 
 Tank Level[19] = 8.513369%, 	 Tank Inflow = 123.241676, 	 Tank Outflow = 55.500000, 
 Tank Level[20] = 57.293488%, 	 Tank Inflow = -7.188718, 	 Tank Outflow = 37.000000, 
 Tank Level[21] = 25.473625%, 	 Tank Inflow = 20.367302, 	 Tank Outflow = 29.600000, 
 Tank Level[22] = 18.825249%, 	 Tank Inflow = 59.248997, 	 Tank Outflow = 22.200001, 
 Tank Level[23] = 45.503864%, 	 Tank Inflow = 19.751841, 	 Tank Outflow = 14.800000, 
 Tank Level[24] = 49.069641%, 	 Tank Inflow = 0.000000, 	 Tank Outflow = 0.000000, 
 
 
 Tank ID = NR_mohalla2  
 Tank Level[0] = -27.662102%, 	 Tank Inflow = 42.724129, 	 Tank Outflow = 13.640005, 
 Tank Level[1] = 14.031714%, 	 Tank Inflow = 42.896290, 	 Tank Outflow = 13.640131, 
 Tank Level[2] = 55.972149%, 	 Tank Inflow = 42.762531, 	 Tank Outflow = 13.640131, 
 Tank Level[3] = 97.720840%, 	 Tank Inflow = 42.880184, 	 Tank Outflow = 13.640001, 
 Tank Level[4] = 139.638382%, 	 Tank Inflow = 43.714603, 	 Tank Outflow = 27.280132, 
 Tank Level[5] = 163.198166%, 	 Tank Inflow = 52.356510, 	 Tank Outflow = 68.200005, 
 Tank Level[6] = 140.485580%, 	 Tank Inflow = 124.376549, 	 Tank Outflow = 136.399994, 
 Tank Level[7] = 123.249260%, 	 Tank Inflow = 124.468369, 	 Tank Outflow = 170.500000, 
 Tank Level[8] = 57.260185%, 	 Tank Inflow = 123.604149, 	 Tank Outflow = 170.500122, 
 Tank Level[9] = -9.967978%, 	 Tank Inflow = 127.741035, 	 Tank Outflow = 136.399994, 
 Tank Level[10] = -22.381105%, 	 Tank Inflow = 102.277412, 	 Tank Outflow = 68.200127, 
 Tank Level[11] = 26.470701%, 	 Tank Inflow = 56.241974, 	 Tank Outflow = 68.200005, 
 Tank Level[12] = 9.328160%, 	 Tank Inflow = 76.883575, 	 Tank Outflow = 54.560127, 
 Tank Level[13] = 41.330143%, 	 Tank Inflow = 45.861744, 	 Tank Outflow = 54.560131, 
 Tank Level[14] = 28.860489%, 	 Tank Inflow = 54.472107, 	 Tank Outflow = 68.200127, 
 Tank Level[15] = 9.180561%, 	 Tank Inflow = 47.884686, 	 Tank Outflow = 40.920128, 
 Tank Level[16] = 19.164665%, 	 Tank Inflow = 104.859398, 	 Tank Outflow = 54.560131, 
 Tank Level[17] = 91.271637%, 	 Tank Inflow = 62.791119, 	 Tank Outflow = 68.200127, 
 Tank Level[18] = 83.517509%, 	 Tank Inflow = 52.668926, 	 Tank Outflow = 102.300133, 
 Tank Level[19] = 12.368237%, 	 Tank Inflow = 106.611832, 	 Tank Outflow = 102.300133, 
 Tank Level[20] = 18.549309%, 	 Tank Inflow = 53.500397, 	 Tank Outflow = 68.199997, 
 Tank Level[21] = -2.523439%, 	 Tank Inflow = 49.926079, 	 Tank Outflow = 54.560131, 
 Tank Level[22] = -9.166629%, 	 Tank Inflow = 43.071613, 	 Tank Outflow = 40.919998, 
 Tank Level[23] = -6.082162%, 	 Tank Inflow = 42.972694, 	 Tank Outflow = 27.280006, 
 Tank Level[24] = 16.414236%, 	 Tank Inflow = 0.000000, 	 Tank Outflow = 0.000000, 
 
 
 Tank ID = NR_Mohalla1  
 Tank Level[0] = 56.775337%, 	 Tank Inflow = 2.728687, 	 Tank Outflow = 5.800000, 
 Tank Level[1] = 55.659378%, 	 Tank Inflow = 24.272133, 	 Tank Outflow = 5.800000, 
 Tank Level[2] = 62.371231%, 	 Tank Inflow = 11.200838, 	 Tank Outflow = 5.800000, 
 Tank Level[3] = 64.333626%, 	 Tank Inflow = 22.912825, 	 Tank Outflow = 5.800000, 
 Tank Level[4] = 70.551575%, 	 Tank Inflow = 62.128689, 	 Tank Outflow = 11.600000, 
 Tank Level[5] = 88.911179%, 	 Tank Inflow = 57.548435, 	 Tank Outflow = 29.000000, 
 Tank Level[6] = 99.284256%, 	 Tank Inflow = 2.911480, 	 Tank Outflow = 58.000000, 
 Tank Level[7] = 79.267830%, 	 Tank Inflow = 1.808776, 	 Tank Outflow = 72.500000, 
 Tank Level[8] = 53.582161%, 	 Tank Inflow = 0.135409, 	 Tank Outflow = 72.500000, 
 Tank Level[9] = 27.288469%, 	 Tank Inflow = 0.232257, 	 Tank Outflow = 58.000000, 
 Tank Level[10] = 6.298550%, 	 Tank Inflow = 22.613995, 	 Tank Outflow = 29.000000, 
 Tank Level[11] = 3.978194%, 	 Tank Inflow = 37.730877, 	 Tank Outflow = 29.000000, 
 Tank Level[12] = 7.150559%, 	 Tank Inflow = 37.775116, 	 Tank Outflow = 23.200001, 
 Tank Level[13] = 12.446430%, 	 Tank Inflow = 51.552746, 	 Tank Outflow = 23.200001, 
 Tank Level[14] = 22.748405%, 	 Tank Inflow = 35.242287, 	 Tank Outflow = 29.000000, 
 Tank Level[15] = 25.016542%, 	 Tank Inflow = 60.548504, 	 Tank Outflow = 17.400000, 
 Tank Level[16] = 40.694561%, 	 Tank Inflow = 25.307606, 	 Tank Outflow = 23.200001, 
 Tank Level[17] = 41.460358%, 	 Tank Inflow = 16.134872, 	 Tank Outflow = 29.000000, 
 Tank Level[18] = 36.785809%, 	 Tank Inflow = 43.462482, 	 Tank Outflow = 43.500000, 
 Tank Level[19] = 36.772179%, 	 Tank Inflow = 0.000090, 	 Tank Outflow = 43.500000, 
 Tank Level[20] = 20.966478%, 	 Tank Inflow = 34.797424, 	 Tank Outflow = 29.000000, 
 Tank Level[21] = 23.072973%, 	 Tank Inflow = 37.006275, 	 Tank Outflow = 23.200001, 
 Tank Level[22] = 28.089485%, 	 Tank Inflow = 35.291595, 	 Tank Outflow = 17.400000, 
 Tank Level[23] = 34.590401%, 	 Tank Inflow = 29.506662, 	 Tank Outflow = 11.600000, 
 Tank Level[24] = 41.096790%, 	 Tank Inflow = 0.000000, 	 Tank Outflow = 0.000000, 
 
 
 Tank ID = Rajiv_nagar_II  
 Tank Level[0] = 49.344315%, 	 Tank Inflow = 0.000000, 	 Tank Outflow = 6.000000, 
 Tank Level[1] = 47.880276%, 	 Tank Inflow = 87.551109, 	 Tank Outflow = 6.000129, 
 Tank Level[2] = 67.779251%, 	 Tank Inflow = 17.264542, 	 Tank Outflow = 6.000129, 
 Tank Level[3] = 70.527840%, 	 Tank Inflow = 20.956398, 	 Tank Outflow = 6.000000, 
 Tank Level[4] = 74.177299%, 	 Tank Inflow = 59.274845, 	 Tank Outflow = 12.000129, 
 Tank Level[5] = 85.712639%, 	 Tank Inflow = 7.401207, 	 Tank Outflow = 30.000000, 
 Tank Level[6] = 80.198380%, 	 Tank Inflow = 1.392193, 	 Tank Outflow = 60.000000, 
 Tank Level[7] = 65.897690%, 	 Tank Inflow = 0.000000, 	 Tank Outflow = 75.000000, 
 Tank Level[8] = 47.597198%, 	 Tank Inflow = 25.204489, 	 Tank Outflow = 75.000130, 
 Tank Level[9] = 35.446739%, 	 Tank Inflow = 3.046944, 	 Tank Outflow = 60.000000, 
 Tank Level[10] = 21.549820%, 	 Tank Inflow = 29.260143, 	 Tank Outflow = 30.000130, 
 Tank Level[11] = 21.369261%, 	 Tank Inflow = 25.586243, 	 Tank Outflow = 30.000000, 
 Tank Level[12] = 20.292274%, 	 Tank Inflow = 0.284079, 	 Tank Outflow = 24.000130, 
 Tank Level[13] = 14.505403%, 	 Tank Inflow = 34.730457, 	 Tank Outflow = 24.000130, 
 Tank Level[14] = 17.123672%, 	 Tank Inflow = 80.554405, 	 Tank Outflow = 30.000130, 
 Tank Level[15] = 29.459248%, 	 Tank Inflow = 0.832240, 	 Tank Outflow = 18.000128, 
 Tank Level[16] = 25.270172%, 	 Tank Inflow = 1.090568, 	 Tank Outflow = 24.000130, 
 Tank Level[17] = 19.680088%, 	 Tank Inflow = 33.609692, 	 Tank Outflow = 30.000130, 
 Tank Level[18] = 20.560844%, 	 Tank Inflow = 35.933231, 	 Tank Outflow = 45.000130, 
 Tank Level[19] = 18.348461%, 	 Tank Inflow = 27.616674, 	 Tank Outflow = 45.000130, 
 Tank Level[20] = 14.106785%, 	 Tank Inflow = -8.473992, 	 Tank Outflow = 30.000000, 
 Tank Level[21] = 4.718879%, 	 Tank Inflow = 87.290840, 	 Tank Outflow = 24.000128, 
 Tank Level[22] = 20.162228%, 	 Tank Inflow = 71.458595, 	 Tank Outflow = 18.000000, 
 Tank Level[23] = 33.206474%, 	 Tank Inflow = 79.939392, 	 Tank Outflow = 12.000000, 
 Tank Level[24] = 49.784130%, 	 Tank Inflow = 0.000000, 	 Tank Outflow = 0.000000, 
 
 
 Tank ID = Tippu_Park  
 Tank Level[0] = 52.081333%, 	 Tank Inflow = 7.720556, 	 Tank Outflow = 8.800000, 
 Tank Level[1] = 51.689114%, 	 Tank Inflow = 39.047668, 	 Tank Outflow = 8.800129, 
 Tank Level[2] = 62.679562%, 	 Tank Inflow = 32.287418, 	 Tank Outflow = 8.800129, 
 Tank Level[3] = 71.213676%, 	 Tank Inflow = 46.233524, 	 Tank Outflow = 8.800000, 
 Tank Level[4] = 84.815155%, 	 Tank Inflow = 29.850771, 	 Tank Outflow = 17.600130, 
 Tank Level[5] = 89.266426%, 	 Tank Inflow = 80.220802, 	 Tank Outflow = 44.000000, 
 Tank Level[6] = 102.427269%, 	 Tank Inflow = 29.133814, 	 Tank Outflow = 88.000000, 
 Tank Level[7] = 81.038223%, 	 Tank Inflow = 16.935173, 	 Tank Outflow = 110.000000, 
 Tank Level[8] = 47.223095%, 	 Tank Inflow = 25.469265, 	 Tank Outflow = 110.000130, 
 Tank Level[9] = 16.508789%, 	 Tank Inflow = 58.866646, 	 Tank Outflow = 88.000000, 
 Tank Level[10] = 5.923180%, 	 Tank Inflow = 43.489029, 	 Tank Outflow = 44.000130, 
 Tank Level[11] = 5.737472%, 	 Tank Inflow = 51.380470, 	 Tank Outflow = 44.000000, 
 Tank Level[12] = 8.419168%, 	 Tank Inflow = 50.214703, 	 Tank Outflow = 35.200130, 
 Tank Level[13] = 13.874716%, 	 Tank Inflow = 64.869873, 	 Tank Outflow = 35.200130, 
 Tank Level[14] = 24.655222%, 	 Tank Inflow = 72.988953, 	 Tank Outflow = 44.000130, 
 Tank Level[15] = 35.188320%, 	 Tank Inflow = 25.510115, 	 Tank Outflow = 26.400127, 
 Tank Level[16] = 34.864933%, 	 Tank Inflow = 20.565790, 	 Tank Outflow = 35.200130, 
 Tank Level[17] = 29.547543%, 	 Tank Inflow = 36.336884, 	 Tank Outflow = 44.000130, 
 Tank Level[18] = 26.763102%, 	 Tank Inflow = 72.173241, 	 Tank Outflow = 66.000130, 
 Tank Level[19] = 29.006102%, 	 Tank Inflow = 26.827982, 	 Tank Outflow = 66.000130, 
 Tank Level[20] = 14.772893%, 	 Tank Inflow = 46.775688, 	 Tank Outflow = 44.000000, 
 Tank Level[21] = 15.781440%, 	 Tank Inflow = 65.481789, 	 Tank Outflow = 35.200130, 
 Tank Level[22] = 26.784286%, 	 Tank Inflow = 30.229334, 	 Tank Outflow = 26.400000, 
 Tank Level[23] = 28.175676%, 	 Tank Inflow = 58.405712, 	 Tank Outflow = 17.600000, 
 Tank Level[24] = 43.002438%, 	 Tank Inflow = 0.000000, 	 Tank Outflow = 0.000000, 
%%%%%%%%%%%%%%%%%%%%%%%

 Iteration Count = 2100	Function Value = 59.703309 	 Percentage Difference = -0.000193 Gradient Norm = 0.019443 alpha mult = 0.600000
 Iteration Count = 2200	Function Value = 58.694668 	 Percentage Difference = -0.000160 Gradient Norm = 0.015545 alpha mult = 0.600000
 Iteration Count = 2300	Function Value = 57.865184 	 Percentage Difference = -0.000128 Gradient Norm = 0.013383 alpha mult = 0.600000
 Iteration Count = 2400	Function Value = 57.153092 	 Percentage Difference = -0.000113 Gradient Norm = 0.011549 alpha mult = 0.600000
 Iteration Count = 2500	Function Value = 56.524877 	 Percentage Difference = -0.000105 Gradient Norm = 0.010231 alpha mult = 0.600000
 Iteration Count = 2600	Function Value = 55.960168 	 Percentage Difference = -0.000098 Gradient Norm = 0.009424 alpha mult = 0.600000
 Iteration Count = 2700	Function Value = 55.442292 	 Percentage Difference = -0.000085 Gradient Norm = 0.008501 alpha mult = 0.600000
 Iteration Count = 2800	Function Value = 54.964904 	 Percentage Difference = -0.000086 Gradient Norm = 0.007832 alpha mult = 0.600000
 Iteration Count = 2900	Function Value = 54.522420 	 Percentage Difference = -0.000081 Gradient Norm = 0.007386 alpha mult = 0.600000
 Iteration Count = 3000	Function Value = 54.113268 	 Percentage Difference = -0.000078 Gradient Norm = 0.006790 alpha mult = 0.600000
%%%%%%%%%%%%%%%%%%%%%%%
Iteration Count = 3001
 
 
 
 Valve ID = 80
 Valve Value [0] = 0.000000 	 Gradient = 0.000000 
 Valve Value [1] = 0.000000 	 Gradient = 0.000000 
 Valve Value [2] = 0.000000 	 Gradient = 0.000000 
 Valve Value [3] = 0.000000 	 Gradient = 0.000000 
 Valve Value [4] = 0.000000 	 Gradient = 0.000000 
 Valve Value [5] = 0.000000 	 Gradient = 0.000000 
 Valve Value [6] = 0.000000 	 Gradient = 0.000000 
 Valve Value [7] = 0.000000 	 Gradient = 0.000000 
 Valve Value [8] = 0.000000 	 Gradient = 0.000000 
 Valve Value [9] = 0.000000 	 Gradient = 0.000000 
 Valve Value [10] = 0.000000 	 Gradient = 0.000000 
 Valve Value [11] = 0.000000 	 Gradient = 0.000000 
 Valve Value [12] = 0.000000 	 Gradient = 0.000000 
 Valve Value [13] = 0.000000 	 Gradient = 0.000000 
 Valve Value [14] = 0.000000 	 Gradient = 0.000000 
 Valve Value [15] = 0.000000 	 Gradient = 0.000000 
 Valve Value [16] = 0.000000 	 Gradient = 0.000000 
 Valve Value [17] = 0.000000 	 Gradient = 0.000000 
 Valve Value [18] = 0.000000 	 Gradient = 0.000000 
 Valve Value [19] = 0.000000 	 Gradient = 0.000000 
 Valve Value [20] = 0.000000 	 Gradient = 0.000000 
 Valve Value [21] = 0.000000 	 Gradient = 0.000000 
 Valve Value [22] = 0.000000 	 Gradient = 0.000000 
 Valve Value [23] = 0.000000 	 Gradient = 0.000000 
 
 
 
 Valve ID = 78
 Valve Value [0] = 122.516998 	 Gradient = -0.000343 
 Valve Value [1] = 191.252487 	 Gradient = -0.000076 
 Valve Value [2] = 219.196991 	 Gradient = 0.000191 
 Valve Value [3] = 220.389923 	 Gradient = -0.000076 
 Valve Value [4] = 282.092407 	 Gradient = 0.000114 
 Valve Value [5] = 270.548279 	 Gradient = -0.000153 
 Valve Value [6] = 73.542892 	 Gradient = 0.010834 
 Valve Value [7] = 81.096069 	 Gradient = 0.012360 
 Valve Value [8] = 86.614235 	 Gradient = 0.012741 
 Valve Value [9] = 0.000000 	 Gradient = 0.006294 
 Valve Value [10] = 82.380806 	 Gradient = 0.015717 
 Valve Value [11] = 220.085876 	 Gradient = 0.000114 
 Valve Value [12] = 35.374142 	 Gradient = -0.006332 
 Valve Value [13] = 164.745544 	 Gradient = 0.000000 
 Valve Value [14] = 202.819733 	 Gradient = -0.000114 
 Valve Value [15] = 107.673660 	 Gradient = -0.000038 
 Valve Value [16] = 34.710464 	 Gradient = 0.002670 
 Valve Value [17] = 174.344528 	 Gradient = 0.000153 
 Valve Value [18] = 170.871078 	 Gradient = 0.000000 
 Valve Value [19] = 114.890060 	 Gradient = 0.011635 
 Valve Value [20] = 48.161003 	 Gradient = -0.000038 
 Valve Value [21] = 28.465519 	 Gradient = 0.000000 
 Valve Value [22] = 59.303421 	 Gradient = -0.000038 
 Valve Value [23] = 23.222965 	 Gradient = -0.004883 
 
 
 
 Valve ID = 76
 Valve Value [0] = 9866.304688 	 Gradient = 0.000153 
 Valve Value [1] = 14416.566406 	 Gradient = 0.000458 
 Valve Value [2] = 14687.288086 	 Gradient = 0.000267 
 Valve Value [3] = 2274.652100 	 Gradient = 0.000191 
 Valve Value [4] = 11678.046875 	 Gradient = -0.000038 
 Valve Value [5] = 12084.100586 	 Gradient = 0.000648 
 Valve Value [6] = 11015.520508 	 Gradient = 0.000305 
 Valve Value [7] = 3670.494873 	 Gradient = 0.000267 
 Valve Value [8] = 11784.787109 	 Gradient = 0.000496 
 Valve Value [9] = 6578.355469 	 Gradient = -0.000191 
 Valve Value [10] = 1071.043213 	 Gradient = -0.000229 
 Valve Value [11] = 5532.769531 	 Gradient = 0.000076 
 Valve Value [12] = 12691.914062 	 Gradient = 0.000229 
 Valve Value [13] = 4716.311523 	 Gradient = 0.000153 
 Valve Value [14] = 895.215881 	 Gradient = -0.000038 
 Valve Value [15] = 113.495590 	 Gradient = -0.000038 
 Valve Value [16] = 1057.933228 	 Gradient = 0.000000 
 Valve Value [17] = 6255.289551 	 Gradient = -0.000114 
 Valve Value [18] = 8972.356445 	 Gradient = 0.000038 
 Valve Value [19] = 2160.012695 	 Gradient = 0.000000 
 Valve Value [20] = 281.287781 	 Gradient = 0.000000 
 Valve Value [21] = 2919.425293 	 Gradient = 0.000076 
 Valve Value [22] = 1804.000854 	 Gradient = 0.000076 
 Valve Value [23] = 861.681702 	 Gradient = 0.000000 
 
 
 
 Valve ID = 74
 Valve Value [0] = 110.048759 	 Gradient = -0.000191 
 Valve Value [1] = 99.891785 	 Gradient = 0.000114 
 Valve Value [2] = 67.483459 	 Gradient = -0.000038 
 Valve Value [3] = 194.843262 	 Gradient = 0.000229 
 Valve Value [4] = 160.888153 	 Gradient = 0.000076 
 Valve Value [5] = 58.432392 	 Gradient = 0.005302 
 Valve Value [6] = 5.962398 	 Gradient = -0.002327 
 Valve Value [7] = 3.312776 	 Gradient = 0.000496 
 Valve Value [8] = 1.416311 	 Gradient = 0.000648 
 Valve Value [9] = 3.712183 	 Gradient = -0.008125 
 Valve Value [10] = 26.533476 	 Gradient = -0.007210 
 Valve Value [11] = 39.959702 	 Gradient = -0.002975 
 Valve Value [12] = 36.000977 	 Gradient = 0.001297 
 Valve Value [13] = 44.546490 	 Gradient = 0.008125 
 Valve Value [14] = 26.636312 	 Gradient = 0.010071 
 Valve Value [15] = 59.401764 	 Gradient = 0.000496 
 Valve Value [16] = 27.711887 	 Gradient = -0.004196 
 Valve Value [17] = 14.936087 	 Gradient = 0.001488 
 Valve Value [18] = 41.859653 	 Gradient = 0.002098 
 Valve Value [19] = 0.000000 	 Gradient = 0.001831 
 Valve Value [20] = 36.791683 	 Gradient = -0.002136 
 Valve Value [21] = 43.664417 	 Gradient = -0.007477 
 Valve Value [22] = 38.128960 	 Gradient = -0.003777 
 Valve Value [23] = 33.632099 	 Gradient = -0.004997 
 
 
 
 Valve ID = 72
 Valve Value [0] = 0.000000 	 Gradient = 0.002365 
 Valve Value [1] = 89.387413 	 Gradient = -0.002480 
 Valve Value [2] = 20.197836 	 Gradient = -0.004616 
 Valve Value [3] = 21.391479 	 Gradient = 0.000038 
 Valve Value [4] = 59.917809 	 Gradient = -0.000191 
 Valve Value [5] = 8.521564 	 Gradient = -0.001411 
 Valve Value [6] = 1.342172 	 Gradient = 0.000229 
 Valve Value [7] = 0.000000 	 Gradient = 0.000343 
 Valve Value [8] = 23.771873 	 Gradient = 0.001602 
 Valve Value [9] = 2.204186 	 Gradient = 0.000381 
 Valve Value [10] = 26.315950 	 Gradient = 0.003586 
 Valve Value [11] = 25.127102 	 Gradient = -0.000458 
 Valve Value [12] = 2.393126 	 Gradient = -0.003967 
 Valve Value [13] = 34.938740 	 Gradient = -0.000610 
 Valve Value [14] = 77.070671 	 Gradient = 0.004883 
 Valve Value [15] = 4.012923 	 Gradient = -0.004539 
 Valve Value [16] = 4.802468 	 Gradient = -0.005341 
 Valve Value [17] = 34.795635 	 Gradient = -0.001526 
 Valve Value [18] = 36.215027 	 Gradient = -0.000343 
 Valve Value [19] = 25.074379 	 Gradient = 0.003700 
 Valve Value [20] = 52.387646 	 Gradient = 0.000038 
 Valve Value [21] = 80.364471 	 Gradient = 0.010834 
 Valve Value [22] = 65.309631 	 Gradient = 0.010414 
 Valve Value [23] = 83.519974 	 Gradient = -0.003242 
 
 
 
 Valve ID = 40
 Valve Value [0] = 4.205625 	 Gradient = 0.003700 
 Valve Value [1] = 104.805580 	 Gradient = 0.000229 
 Valve Value [2] = 28.857021 	 Gradient = 0.002747 
 Valve Value [3] = 45.108952 	 Gradient = -0.000458 
 Valve Value [4] = 23.012909 	 Gradient = 0.008583 
 Valve Value [5] = 81.661499 	 Gradient = 0.000038 
 Valve Value [6] = 36.794167 	 Gradient = -0.006752 
 Valve Value [7] = 25.400106 	 Gradient = -0.008659 
 Valve Value [8] = 33.291931 	 Gradient = -0.008087 
 Valve Value [9] = 61.395966 	 Gradient = -0.002975 
 Valve Value [10] = 43.771431 	 Gradient = 0.000572 
 Valve Value [11] = 53.409286 	 Gradient = -0.002403 
 Valve Value [12] = 48.128094 	 Gradient = 0.002060 
 Valve Value [13] = 55.149342 	 Gradient = 0.013313 
 Valve Value [14] = 66.456268 	 Gradient = 0.006828 
 Valve Value [15] = 26.079058 	 Gradient = -0.002556 
 Valve Value [16] = 20.306341 	 Gradient = -0.001259 
 Valve Value [17] = 37.917450 	 Gradient = -0.002937 
 Valve Value [18] = 72.792099 	 Gradient = -0.001373 
 Valve Value [19] = 26.036648 	 Gradient = 0.000572 
 Valve Value [20] = 48.406033 	 Gradient = -0.001411 
 Valve Value [21] = 64.331192 	 Gradient = 0.002213 
 Valve Value [22] = 31.411024 	 Gradient = -0.001602 
 Valve Value [23] = 61.395412 	 Gradient = -0.003967 
 
 
 
 Valve ID = 6
 Valve Value [0] = 3847.736572 	 Gradient = -0.000229 
 Valve Value [1] = 5986.584473 	 Gradient = -0.000038 
 Valve Value [2] = 4037.925537 	 Gradient = -0.000076 
 Valve Value [3] = 3982.137451 	 Gradient = 0.000076 
 Valve Value [4] = 3641.906982 	 Gradient = 0.000000 
 Valve Value [5] = 4967.673828 	 Gradient = 0.000153 
 Valve Value [6] = 4699.621582 	 Gradient = 0.000496 
 Valve Value [7] = 1088.912720 	 Gradient = 0.000114 
 Valve Value [8] = 5123.077637 	 Gradient = 0.000000 
 Valve Value [9] = 3089.405273 	 Gradient = -0.000229 
 Valve Value [10] = 5198.397461 	 Gradient = -0.000038 
 Valve Value [11] = 2153.173584 	 Gradient = 0.000076 
 Valve Value [12] = 1987.520508 	 Gradient = 0.000076 
 Valve Value [13] = 1116.037354 	 Gradient = -0.000038 
 Valve Value [14] = 5086.476562 	 Gradient = 0.000076 
 Valve Value [15] = 2988.717773 	 Gradient = 0.000153 
 Valve Value [16] = 720.192322 	 Gradient = 0.000000 
 Valve Value [17] = 2667.388672 	 Gradient = 0.000114 
 Valve Value [18] = 232.196503 	 Gradient = 0.000229 
 Valve Value [19] = 1493.863403 	 Gradient = 0.000229 
 Valve Value [20] = 122.491188 	 Gradient = -0.004501 
 Valve Value [21] = 1914.737305 	 Gradient = 0.000038 
 Valve Value [22] = 1490.595215 	 Gradient = 0.000076 
 Valve Value [23] = 293.124481 	 Gradient = 0.000000 
 
 
 
 Valve ID = 3
 Valve Value [0] = 91.666214 	 Gradient = 0.005684 
 Valve Value [1] = 18.537212 	 Gradient = -0.004158 
 Valve Value [2] = 114.522392 	 Gradient = -0.003166 
 Valve Value [3] = 202.063766 	 Gradient = 0.005455 
 Valve Value [4] = 121.803055 	 Gradient = -0.008430 
 Valve Value [5] = 212.170486 	 Gradient = -0.006027 
 Valve Value [6] = 287.473267 	 Gradient = 0.000267 
 Valve Value [7] = 295.227966 	 Gradient = 0.000267 
 Valve Value [8] = 246.622360 	 Gradient = -0.000038 
 Valve Value [9] = 192.459778 	 Gradient = -0.006447 
 Valve Value [10] = 261.329956 	 Gradient = 0.001602 
 Valve Value [11] = 184.066986 	 Gradient = 0.006905 
 Valve Value [12] = 193.212967 	 Gradient = 0.004158 
 Valve Value [13] = 142.403763 	 Gradient = -0.005836 
 Valve Value [14] = 185.457245 	 Gradient = 0.002060 
 Valve Value [15] = 172.106277 	 Gradient = 0.000954 
 Valve Value [16] = 210.278183 	 Gradient = -0.000076 
 Valve Value [17] = 193.467972 	 Gradient = -0.000038 
 Valve Value [18] = 158.167572 	 Gradient = -0.002251 
 Valve Value [19] = 258.222137 	 Gradient = -0.000038 
 Valve Value [20] = 130.192154 	 Gradient = -0.004311 
 Valve Value [21] = 176.406464 	 Gradient = -0.005264 
 Valve Value [22] = 171.490860 	 Gradient = -0.004387 
 Valve Value [23] = 161.224350 	 Gradient = -0.014114 
 
 
 
 Valve ID = 5
 Valve Value [0] = 46.757565 	 Gradient = -0.002632 
 Valve Value [1] = 77.525024 	 Gradient = 0.000114 
 Valve Value [2] = 54.394997 	 Gradient = -0.002441 
 Valve Value [3] = 66.701279 	 Gradient = -0.003510 
 Valve Value [4] = 95.985931 	 Gradient = 0.011673 
 Valve Value [5] = 131.709869 	 Gradient = 0.000038 
 Valve Value [6] = 130.136154 	 Gradient = -0.002441 
 Valve Value [7] = 127.877678 	 Gradient = 0.000191 
 Valve Value [8] = 125.209099 	 Gradient = 0.000114 
 Valve Value [9] = 131.066330 	 Gradient = -0.004654 
 Valve Value [10] = 136.378525 	 Gradient = 0.000038 
 Valve Value [11] = 95.102066 	 Gradient = -0.001640 
 Valve Value [12] = 148.765320 	 Gradient = -0.000114 
 Valve Value [13] = 95.000145 	 Gradient = 0.004539 
 Valve Value [14] = 97.781982 	 Gradient = -0.000343 
 Valve Value [15] = 108.901566 	 Gradient = -0.000801 
 Valve Value [16] = 127.645798 	 Gradient = 0.003014 
 Valve Value [17] = 81.319817 	 Gradient = 0.000038 
 Valve Value [18] = 99.743851 	 Gradient = -0.000038 
 Valve Value [19] = 113.485901 	 Gradient = -0.008202 
 Valve Value [20] = 90.144165 	 Gradient = -0.001869 
 Valve Value [21] = 86.947449 	 Gradient = -0.001640 
 Valve Value [22] = 81.210045 	 Gradient = -0.003738 
 Valve Value [23] = 76.628593 	 Gradient = -0.006142 
 
 
 Tank ID = 34  
 Tank Level[0] = -24.244818%, 	 Tank Inflow = 209.000000, 	 Tank Outflow = 91.666512, 
 Tank Level[1] = 18.388321%, 	 Tank Inflow = 209.000000, 	 Tank Outflow = 107.924583, 
 Tank Level[2] = 55.114082%, 	 Tank Inflow = 209.000000, 	 Tank Outflow = 134.720306, 
 Tank Level[3] = 82.103622%, 	 Tank Inflow = 209.000000, 	 Tank Outflow = 223.455338, 
 Tank Level[4] = 76.851280%, 	 Tank Inflow = 209.000000, 	 Tank Outflow = 181.721008, 
 Tank Level[5] = 86.763100%, 	 Tank Inflow = 209.000000, 	 Tank Outflow = 220.692108, 
 Tank Level[6] = 82.514771%, 	 Tank Inflow = 209.000000, 	 Tank Outflow = 241.766724, 
 Tank Level[7] = 70.608971%, 	 Tank Inflow = 209.000000, 	 Tank Outflow = 234.324112, 
 Tank Level[8] = 61.407455%, 	 Tank Inflow = 209.000000, 	 Tank Outflow = 268.834991, 
 Tank Level[9] = 39.666405%, 	 Tank Inflow = 209.000000, 	 Tank Outflow = 194.620895, 
 Tank Level[10] = 44.891052%, 	 Tank Inflow = 209.000000, 	 Tank Outflow = 287.645905, 
 Tank Level[11] = 16.315052%, 	 Tank Inflow = 209.000000, 	 Tank Outflow = 209.193893, 
 Tank Level[12] = 16.244600%, 	 Tank Inflow = 209.000000, 	 Tank Outflow = 195.606125, 
 Tank Level[13] = 21.111267%, 	 Tank Inflow = 209.000000, 	 Tank Outflow = 177.342468, 
 Tank Level[14] = 32.614033%, 	 Tank Inflow = 209.000000, 	 Tank Outflow = 262.527985, 
 Tank Level[15] = 13.164635%, 	 Tank Inflow = 209.000000, 	 Tank Outflow = 176.119141, 
 Tank Level[16] = 25.111898%, 	 Tank Inflow = 209.000000, 	 Tank Outflow = 187.465164, 
 Tank Level[17] = 32.936584%, 	 Tank Inflow = 209.000000, 	 Tank Outflow = 228.263855, 
 Tank Level[18] = 25.937059%, 	 Tank Inflow = 209.000000, 	 Tank Outflow = 194.382690, 
 Tank Level[19] = 31.248262%, 	 Tank Inflow = 209.000000, 	 Tank Outflow = 279.487183, 
 Tank Level[20] = 5.636736%, 	 Tank Inflow = 209.000000, 	 Tank Outflow = 122.491203, 
 Tank Level[21] = 37.069721%, 	 Tank Inflow = 209.000000, 	 Tank Outflow = 256.771240, 
 Tank Level[22] = 19.712032%, 	 Tank Inflow = 209.000000, 	 Tank Outflow = 236.800522, 
 Tank Level[23] = 9.610709%, 	 Tank Inflow = 209.000000, 	 Tank Outflow = 244.744385, 
 Tank Level[24] = -3.377017%, 	 Tank Inflow = 0.000000, 	 Tank Outflow = 0.000000, 
 
 
 Tank ID = Veeranageeri  
 Tank Level[0] = 60.727337%, 	 Tank Inflow = 40.703190, 	 Tank Outflow = 7.400000, 
 Tank Level[1] = 84.708641%, 	 Tank Inflow = -88.469742, 	 Tank Outflow = 7.400000, 
 Tank Level[2] = 15.673772%, 	 Tank Inflow = 31.270329, 	 Tank Outflow = 7.400000, 
 Tank Level[3] = 32.862564%, 	 Tank Inflow = 90.253685, 	 Tank Outflow = 7.400000, 
 Tank Level[4] = 92.524696%, 	 Tank Inflow = 2.804259, 	 Tank Outflow = 14.800000, 
 Tank Level[5] = 83.886673%, 	 Tank Inflow = 21.093306, 	 Tank Outflow = 37.000000, 
 Tank Level[6] = 72.432419%, 	 Tank Inflow = 73.542923, 	 Tank Outflow = 74.000000, 
 Tank Level[7] = 72.103287%, 	 Tank Inflow = 81.096100, 	 Tank Outflow = 92.500000, 
 Tank Level[8] = 63.891449%, 	 Tank Inflow = 86.614265, 	 Tank Outflow = 92.500000, 
 Tank Level[9] = 59.653191%, 	 Tank Inflow = 0.000031, 	 Tank Outflow = 74.000000, 
 Tank Level[10] = 6.366535%, 	 Tank Inflow = 82.380829, 	 Tank Outflow = 37.000000, 
 Tank Level[11] = 39.044827%, 	 Tank Inflow = 35.594273, 	 Tank Outflow = 37.000000, 
 Tank Level[12] = 38.032578%, 	 Tank Inflow = 35.374149, 	 Tank Outflow = 29.600000, 
 Tank Level[13] = 42.190487%, 	 Tank Inflow = -7.745894, 	 Tank Outflow = 29.600000, 
 Tank Level[14] = 15.298071%, 	 Tank Inflow = 36.190819, 	 Tank Outflow = 37.000000, 
 Tank Level[15] = 14.715388%, 	 Tank Inflow = 37.125504, 	 Tank Outflow = 22.200001, 
 Tank Level[16] = 25.463097%, 	 Tank Inflow = 34.710499, 	 Tank Outflow = 29.600000, 
 Tank Level[17] = 29.143116%, 	 Tank Inflow = 77.861893, 	 Tank Outflow = 37.000000, 
 Tank Level[18] = 58.567368%, 	 Tank Inflow = -9.353771, 	 Tank Outflow = 55.500000, 
 Tank Level[19] = 11.866796%, 	 Tank Inflow = 114.890083, 	 Tank Outflow = 55.500000, 
 Tank Level[20] = 54.633018%, 	 Tank Inflow = -8.318069, 	 Tank Outflow = 37.000000, 
 Tank Level[21] = 21.999918%, 	 Tank Inflow = 25.128141, 	 Tank Outflow = 29.600000, 
 Tank Level[22] = 18.779778%, 	 Tank Inflow = 58.869839, 	 Tank Outflow = 22.200001, 
 Tank Level[23] = 45.185368%, 	 Tank Inflow = 23.200624, 	 Tank Outflow = 14.800000, 
 Tank Level[24] = 51.234577%, 	 Tank Inflow = 0.000000, 	 Tank Outflow = 0.000000, 
 
 
 Tank ID = NR_mohalla2  
 Tank Level[0] = -36.329807%, 	 Tank Inflow = 42.727356, 	 Tank Outflow = 13.640005, 
 Tank Level[1] = 5.368638%, 	 Tank Inflow = 42.904030, 	 Tank Outflow = 13.640131, 
 Tank Level[2] = 47.320171%, 	 Tank Inflow = 42.765553, 	 Tank Outflow = 13.640131, 
 Tank Level[3] = 89.073189%, 	 Tank Inflow = 42.891808, 	 Tank Outflow = 13.640001, 
 Tank Level[4] = 131.007385%, 	 Tank Inflow = 43.451046, 	 Tank Outflow = 27.280132, 
 Tank Level[5] = 154.189362%, 	 Tank Inflow = 52.299015, 	 Tank Outflow = 68.200005, 
 Tank Level[6] = 131.394348%, 	 Tank Inflow = 124.124817, 	 Tank Outflow = 136.399994, 
 Tank Level[7] = 113.797165%, 	 Tank Inflow = 124.514847, 	 Tank Outflow = 170.500000, 
 Tank Level[8] = 47.874710%, 	 Tank Inflow = 123.740265, 	 Tank Outflow = 170.500000, 
 Tank Level[9] = -19.158134%, 	 Tank Inflow = 127.308350, 	 Tank Outflow = 136.399994, 
 Tank Level[10] = -32.191544%, 	 Tank Inflow = 108.643921, 	 Tank Outflow = 68.200127, 
 Tank Level[11] = 25.787029%, 	 Tank Inflow = 55.103443, 	 Tank Outflow = 68.200005, 
 Tank Level[12] = 7.012337%, 	 Tank Inflow = 73.709595, 	 Tank Outflow = 54.560127, 
 Tank Level[13] = 34.464230%, 	 Tank Inflow = 50.453640, 	 Tank Outflow = 54.560131, 
 Tank Level[14] = 28.577335%, 	 Tank Inflow = 56.173954, 	 Tank Outflow = 68.200005, 
 Tank Level[15] = 11.337283%, 	 Tank Inflow = 49.499878, 	 Tank Outflow = 40.920128, 
 Tank Level[16] = 23.636862%, 	 Tank Inflow = 99.933853, 	 Tank Outflow = 54.560131, 
 Tank Level[17] = 88.682777%, 	 Tank Inflow = 62.752449, 	 Tank Outflow = 68.200127, 
 Tank Level[18] = 80.873207%, 	 Tank Inflow = 52.869461, 	 Tank Outflow = 102.300133, 
 Tank Level[19] = 10.011413%, 	 Tank Inflow = 113.485855, 	 Tank Outflow = 102.300133, 
 Tank Level[20] = 26.046806%, 	 Tank Inflow = 53.312489, 	 Tank Outflow = 68.199997, 
 Tank Level[21] = 4.704679%, 	 Tank Inflow = 43.282944, 	 Tank Outflow = 54.560131, 
 Tank Level[22] = -11.461838%, 	 Tank Inflow = 43.124577, 	 Tank Outflow = 40.919998, 
 Tank Level[23] = -8.301445%, 	 Tank Inflow = 43.040871, 	 Tank Outflow = 27.280006, 
 Tank Level[24] = 14.292688%, 	 Tank Inflow = 0.000000, 	 Tank Outflow = 0.000000, 
 
 
 Tank ID = NR_Mohalla1  
 Tank Level[0] = 57.499577%, 	 Tank Inflow = 4.029836, 	 Tank Outflow = 5.800000, 
 Tank Level[1] = 56.856384%, 	 Tank Inflow = 24.845554, 	 Tank Outflow = 5.800000, 
 Tank Level[2] = 63.776592%, 	 Tank Inflow = 11.629206, 	 Tank Outflow = 5.800000, 
 Tank Level[3] = 65.894638%, 	 Tank Inflow = 23.809441, 	 Tank Outflow = 5.800000, 
 Tank Level[4] = 72.438377%, 	 Tank Inflow = 52.534714, 	 Tank Outflow = 11.600000, 
 Tank Level[5] = 87.312004%, 	 Tank Inflow = 58.432396, 	 Tank Outflow = 29.000000, 
 Tank Level[6] = 98.006279%, 	 Tank Inflow = 5.962432, 	 Tank Outflow = 58.000000, 
 Tank Level[7] = 79.098419%, 	 Tank Inflow = 3.312810, 	 Tank Outflow = 72.500000, 
 Tank Level[8] = 53.959232%, 	 Tank Inflow = 1.416345, 	 Tank Outflow = 72.500000, 
 Tank Level[9] = 28.130974%, 	 Tank Inflow = 3.712218, 	 Tank Outflow = 58.000000, 
 Tank Level[10] = 8.405498%, 	 Tank Inflow = 26.533501, 	 Tank Outflow = 29.000000, 
 Tank Level[11] = 7.509295%, 	 Tank Inflow = 39.959705, 	 Tank Outflow = 29.000000, 
 Tank Level[12] = 11.491507%, 	 Tank Inflow = 36.000984, 	 Tank Outflow = 23.200001, 
 Tank Level[13] = 16.142746%, 	 Tank Inflow = 44.546490, 	 Tank Outflow = 23.200001, 
 Tank Level[14] = 23.898998%, 	 Tank Inflow = 26.636316, 	 Tank Outflow = 29.000000, 
 Tank Level[15] = 23.040154%, 	 Tank Inflow = 59.401764, 	 Tank Outflow = 17.400000, 
 Tank Level[16] = 38.301502%, 	 Tank Inflow = 27.711908, 	 Tank Outflow = 23.200001, 
 Tank Level[17] = 39.940907%, 	 Tank Inflow = 14.936092, 	 Tank Outflow = 29.000000, 
 Tank Level[18] = 34.830780%, 	 Tank Inflow = 41.859657, 	 Tank Outflow = 43.500000, 
 Tank Level[19] = 34.234760%, 	 Tank Inflow = 0.000090, 	 Tank Outflow = 43.500000, 
 Tank Level[20] = 18.429058%, 	 Tank Inflow = 36.791687, 	 Tank Outflow = 29.000000, 
 Tank Level[21] = 21.260170%, 	 Tank Inflow = 43.664417, 	 Tank Outflow = 23.200001, 
 Tank Level[22] = 28.695923%, 	 Tank Inflow = 38.085220, 	 Tank Outflow = 17.400000, 
 Tank Level[23] = 36.211903%, 	 Tank Inflow = 33.587582, 	 Tank Outflow = 11.600000, 
 Tank Level[24] = 44.201096%, 	 Tank Inflow = 0.000000, 	 Tank Outflow = 0.000000, 
 
 
 Tank ID = Rajiv_nagar_II  
 Tank Level[0] = 50.076138%, 	 Tank Inflow = 0.000000, 	 Tank Outflow = 6.000000, 
 Tank Level[1] = 48.612099%, 	 Tank Inflow = 89.387428, 	 Tank Outflow = 6.000129, 
 Tank Level[2] = 68.959145%, 	 Tank Inflow = 20.197853, 	 Tank Outflow = 6.000129, 
 Tank Level[3] = 72.423485%, 	 Tank Inflow = 21.391497, 	 Tank Outflow = 6.000000, 
 Tank Level[4] = 76.179115%, 	 Tank Inflow = 59.917824, 	 Tank Outflow = 12.000129, 
 Tank Level[5] = 87.871338%, 	 Tank Inflow = 8.521581, 	 Tank Outflow = 30.000000, 
 Tank Level[6] = 82.630470%, 	 Tank Inflow = 1.342188, 	 Tank Outflow = 60.000000, 
 Tank Level[7] = 68.317581%, 	 Tank Inflow = 0.000000, 	 Tank Outflow = 75.000000, 
 Tank Level[8] = 50.017090%, 	 Tank Inflow = 23.771889, 	 Tank Outflow = 75.000000, 
 Tank Level[9] = 37.517094%, 	 Tank Inflow = 2.204202, 	 Tank Outflow = 60.000000, 
 Tank Level[10] = 23.414541%, 	 Tank Inflow = 26.315966, 	 Tank Outflow = 30.000130, 
 Tank Level[11] = 22.515579%, 	 Tank Inflow = 25.127119, 	 Tank Outflow = 30.000000, 
 Tank Level[12] = 21.326567%, 	 Tank Inflow = 2.393142, 	 Tank Outflow = 24.000130, 
 Tank Level[13] = 16.054319%, 	 Tank Inflow = 34.938755, 	 Tank Outflow = 24.000130, 
 Tank Level[14] = 18.723415%, 	 Tank Inflow = 77.070686, 	 Tank Outflow = 30.000000, 
 Tank Level[15] = 30.208971%, 	 Tank Inflow = 4.012940, 	 Tank Outflow = 18.000128, 
 Tank Level[16] = 26.796007%, 	 Tank Inflow = 4.802485, 	 Tank Outflow = 24.000130, 
 Tank Level[17] = 22.111656%, 	 Tank Inflow = 34.795650, 	 Tank Outflow = 30.000130, 
 Tank Level[18] = 23.281794%, 	 Tank Inflow = 36.215042, 	 Tank Outflow = 45.000130, 
 Tank Level[19] = 21.138176%, 	 Tank Inflow = 25.074394, 	 Tank Outflow = 45.000130, 
 Tank Level[20] = 16.276167%, 	 Tank Inflow = -7.701003, 	 Tank Outflow = 30.000000, 
 Tank Level[21] = 7.07687