size of TankStruct = 1192, Size of Valve Struct = 552
tankcount = 0
 Tank 1: Tank ID = 34,
tankcount = 1
 Tank 2: Tank ID = Rajendra_nagar2,
tankcount = 2
 Tank 3: Tank ID = Rajendra_nagar1,
tankcount = 3
 Tank 4: Tank ID = Bademakan,
tankcount = 4
 Tank 5: Tank ID = Kesare,
tankcount = 5
 Tank 6: Tank ID = Rajiv_nagar_II,
tankcount = 6
 Tank 7: Tank ID = Veeranageeri,
tankcount = 7
 Tank 8: Tank ID = NR_mohalla2,
tankcount = 8
 Tank 9: Tank ID = NR_mohalla1,
tankcount = 9
 Tank 10: Tank ID = Rajiv_nagar_I,
tankcount = 10
 Tank 11: Tank ID = Tippu_park,
 Tank ID = 34, Tank Max Level (meter^3) = 990.779907
 Tank ID = 34, Tank Input Link ID = 84
 Tank ID = 34, Tank Output Link ID = 9
 Tank ID = Rajendra_nagar2, Tank Max Level (meter^3) = 990.779663
 Tank ID = Rajendra_nagar2, Tank Input Link ID = 71
 Tank ID = Rajendra_nagar2, Tank Output Link ID = 20
 Tank ID = Rajendra_nagar1, Tank Max Level (meter^3) = 1475.370483
 Tank ID = Rajendra_nagar1, Tank Input Link ID = 69
 Tank ID = Rajendra_nagar1, Tank Output Link ID = 18
 Tank ID = Bademakan, Tank Max Level (meter^3) = 499.937347
 Tank ID = Bademakan, Tank Input Link ID = 67
 Tank ID = Bademakan, Tank Output Link ID = 16
 Tank ID = Kesare, Tank Max Level (meter^3) = 499.937347
 Tank ID = Kesare, Tank Input Link ID = 64
 Tank ID = Kesare, Tank Output Link ID = 14
 Tank ID = Rajiv_nagar_II, Tank Max Level (meter^3) = 990.779663
 Tank ID = Rajiv_nagar_II, Tank Input Link ID = 11
 Tank ID = Rajiv_nagar_II, Tank Output Link ID = 12
 Tank ID = Veeranageeri, Tank Max Level (meter^3) = 499.937347
 Tank ID = Veeranageeri, Tank Input Link ID = 79
 Tank ID = Veeranageeri, Tank Output Link ID = 10
 Tank ID = NR_mohalla2, Tank Max Level (meter^3) = 251.123215
 Tank ID = NR_mohalla2, Tank Input Link ID = 77
 Tank ID = NR_mohalla2, Tank Output Link ID = 8
 Tank ID = NR_mohalla1, Tank Max Level (meter^3) = 990.779663
 Tank ID = NR_mohalla1, Tank Input Link ID = 75
 Tank ID = NR_mohalla1, Tank Output Link ID = 7
 Tank ID = Rajiv_nagar_I, Tank Max Level (meter^3) = 1475.370239
 Tank ID = Rajiv_nagar_I, Tank Input Link ID = 73
 Tank ID = Rajiv_nagar_I, Tank Output Link ID = 1
 Tank ID = Tippu_park, Tank Max Level (meter^3) = 990.779663
 Tank ID = Tippu_park, Tank Input Link ID = 55
 Tank ID = Tippu_park, Tank Output Link ID = 2
 Valve Id = 80 	  Initial Valve Value = -10000000000.000000
 Valve Id = 78 	  Initial Valve Value = 1.306636
 Valve Id = 76 	  Initial Valve Value = 1.024120
 Valve Id = 74 	  Initial Valve Value = 2.408447
 Valve Id = 72 	  Initial Valve Value = 1.995268
 Valve Id = 70 	  Initial Valve Value = 1.180916
 Valve Id = 68 	  Initial Valve Value = 1.341950
 Valve Id = 66 	  Initial Valve Value = 0.632129
 Valve Id = 65 	  Initial Valve Value = 0.847547
 Valve Id = 40 	  Initial Valve Value = 1.553837
 Valve Id = 35 	  Initial Valve Value = 0.822827
 Valve Id = 3 	  Initial Valve Value = 5.457174
==============================================================================================

Checking for jobs from the file
valve 0 0 80 0
 
valve 0 0 78 35.284
 
valve 0 0 76 7.728
 
valve 0 0 74 43.954
 
valve 0 0 72 34.714
 
valve 1 0 74 35.391
 
valve 0 0 70 37.418
 
valve 0 0 68 52.886
 
valve 0 0 66 16.156
 
valve 0 0 65 15.989
 
valve 0 0 40 34.257
 
valve 0 0 35 38.247
 
valve 0 0 3 114.74
 
valve 1 0 80 0
 
valve 1 0 78 11.812
 
valve 1 0 76 10.730
 
valve 1 0 72 76.910
 
valve 1 0 70 23.6766
 
valve 1 0 68 44.4360
 
valve 1 0 66 17.8617
 
valve 1 0 65 20.0066
 
valve 1 0 40 35.0177
 
valve 1 0 35 27.5497
 
valve 1 0 3 121.6906
 
tank 0 0 Bademakan 250.25
 
tank 0 0 Rajendra_nagar2 250.11 

==============================================================================================
Front->[valve,0,0,80,0.000000] [valve,0,0,78,35.284000] [valve,0,0,76,7.728000] [valve,0,0,74,43.953999] [valve,0,0,72,34.714001] [valve,1,0,74,35.390999] [valve,0,0,70,37.417999] [valve,0,0,68,52.886002] [valve,0,0,66,16.156000] [valve,0,0,65,15.989000] [valve,0,0,40,34.257000] [valve,0,0,35,38.247002] [valve,0,0,3,114.739998] [valve,1,0,80,0.000000] [valve,1,0,78,11.812000] [valve,1,0,76,