size of TankStruct = 904, Size of Valve Struct = 552
  o Retrieving network data
tankcount = 0
 Tank 1: Tank ID = 34,
tankcount = 1
 Tank 2: Tank ID = Veeranageeri,
tankcount = 2
 Tank 3: Tank ID = NR_mohalla2,
tankcount = 3
 Tank 4: Tank ID = NR_Mohalla1,
tankcount = 4
 Tank 5: Tank ID = Rajiv_nagar_II,
tankcount = 5
 Tank 6: Tank ID = Tippu_Park,
 Line Search Iter = 1.000000
 alpha mult 1.000000
 Line Search Iter = 2.000000
 alpha mult 2.000000
 Line Search Iter = 3.000000
 alpha mult 3.000000
 Line Search Iter = 4.000000
 alpha mult 4.000000
 Line Search Iter = 5.000000
 alpha mult 5.000000
 Line Search Iter = 6.000000
 alpha mult 6.000000
 Line Search Iter = 7.000000
 alpha mult 7.000000
 Line Search Iter = 8.000000
 alpha mult 8.000000
 Line Search Iter = 9.000000
 alpha mult 9.000000
 Iteration Count = 1 Function Value = 142793.234375
 Line Search Iter = 1.000000
 alpha mult 1.000000
 Line Search Iter = 2.000000
 alpha mult 2.000000
 Line Search Iter = 3.000000
 alpha mult 3.000000
 Line Search Iter = 4.000000
 alpha mult 4.000000
 Line Search Iter = 5.000000
 alpha mult 5.000000
 Line Search Iter = 6.000000
 alpha mult 6.000000
 Line Search Iter = 7.000000
 alpha mult 7.000000
 Line Search Iter = 8.000000
 alpha mult 8.000000
 Line Search Iter = 9.000000
 alpha mult 9.000000
 Iteration Count = 2 Function Value = 143049.343750
 Line Search Iter = 1.000000
 alpha mult 1.000000
 Line Search Iter = 2.000000
 alpha mult 2.000000
 Line Search Iter = 3.000000
 alpha mult 3.000000
 Line Search Iter = 4.000000
 alpha mult 4.000000
 Line Search Iter = 5.000000
 alpha mult 5.000000
 Line Search Iter = 6.000000
 alpha mult 6.000000
 Line Search Iter = 7.000000
 alpha mult 7.000000
 Line Search Iter = 8.000000
 alpha mult 8.000000
 Line Search Iter = 9.000000
 alpha mult 9.000000
 Iteration Count = 3 Function Value = 143308.656250
 Line Search Iter = 1.000000
 alpha mult 1.000000
 Line Search Iter = 2.000000
 alpha mult 2.000000
 Line Search Iter = 3.000000
 alpha mult 3.000000
 Line Search Iter = 4.000000
 alpha mult 4.000000
 Line Search Iter = 5.000000
 alpha mult 5.000000
 Line Search Iter = 6.000000
 alpha mult 6.000000
 Line Search Iter = 7.000000
 alpha mult 7.000000
 Line Search Iter = 8.000000
 alpha mult 8.000000
 Line Search Iter = 9.000000
 alpha mult 9.000000
 Iteration Count = 4 Function Value = 143567.921875
 Line Search Iter = 1.000000
 alpha mult 1.000000
 Line Search Iter = 2.000000
 alpha mult 2.000000
 Line Search Iter = 3.000000
 alpha mult 3.000000
 Line Search Iter = 4.000000
 alpha mult 4.000000
 Line Search Iter = 5.000000
 alpha mult 5.000000
 Line Search Iter = 6.000000
 alpha mult 6.000000
 Line Search Iter = 7.000000
 alpha mult 7.000000
 Line Search Iter = 8.000000
 alpha mult 8.000000
 Line Search Iter = 9.000000
 alpha mult 9.000000
 Iteration Count = 5 Function Value = 143830.281250
 Line Search Iter = 1.000000
 alpha mult 1.000000
 Line Search Iter = 2.000000
 alpha mult 2.000000
 Line Search Iter = 3.000000
 alpha mult 3.000000
 Line Search Iter = 4.000000
 alpha mult 4.000000
 Line Search Iter = 5.000000
 alpha mult 5.000000
 Line Search Iter = 6.000000
 alpha mult 6.000000
 Line Search Iter = 7.000000
 alpha mult 7.000000
 Line Search Iter = 8.000000
 alpha mult 8.000000
 Line Search Iter = 9.000000
 alpha mult 9.000000
 Iteration Count = 6 Function Value = 144099.265625
 Line Search Iter = 1.000000
 alpha mult 1.000000
 Line Search Iter = 2.000000
 alpha mult 2.000000
 Line Search Iter = 3.000000
 alpha mult 3.000000
 Line Search Iter = 4.000000
 alpha mult 4.000000
 Line Search Iter = 5.000000
 alpha mult 5.000000
 Line Search Iter = 6.000000
 alpha mult 6.000000
 Line Search Iter = 7.000000
 alpha mult 7.000000
 Line Search Iter = 8.000000
 alpha mult 8.000000
 Line Search Iter = 9.000000
 alpha mult 9.000000
 Iteration Count = 7 Function Value = 144361.437500
 Line Search Iter = 1.000000
 alpha mult 1.000000
 Line Search Iter = 2.000000
 alpha mult 2.000000
 Line Search Iter = 3.000000
 alpha mult 3.000000
 Line Search Iter = 4.000000
 alpha mult 4.000000
 Line Search Iter = 5.000000
 alpha mult 5.000000
 Line Search Iter = 6.000000
 alpha mult 6.000000
 Line Search Iter = 7.000000
 alpha mult 7.000000
 Line Search Iter = 8.000000
 alpha mult 8.000000
 Line Search Iter = 9.000000
 alpha mult 9.000000
 Iteration Count = 8 Function Value = 144633.859375
 Line Search Iter = 1.000000
 alpha mult 1.000000
 Line Search Iter = 2.000000
 alpha mult 2.000000
 Line Search Iter = 3.000000
 alpha mult 3.000000
 Line Search Iter = 4.000000
 alpha mult 4.000000
 Line Search Iter = 5.000000
 alpha mult 5.000000
 Line Search Iter = 6.000000
 alpha mult 6.000000
 Line Search Iter = 7.000000
 alpha mult 7.000000
 Line Search Iter = 8.000000
 alpha mult 8.000000
 Line Search Iter = 9.000000
 alpha mult 9.000000
 Iteration Count = 9 Function Value = 144906.968750
 Line Search Iter = 1.000000
 alpha mult 1.000000
 Line Search Iter = 2.000000
 alpha mult 2.000000
 Line Search Iter = 3.000000
 alpha mult 3.000000
 Line Search Iter = 4.000000
 alpha mult 4.000000
 Line Search Iter = 5.000000
 alpha mult 5.000000
 Line Search Iter = 6.000000
 alpha mult 6.000000
 Line Search Iter = 7.000000
 alpha mult 7.000000
 Line Search Iter = 8.000000
 alpha mult 8.000000
 Line Search Iter = 9.000000
 alpha mult 9.000000
 Iteration Count = 10 Function Value = 145172.375000
 Line Search Iter = 1.000000
 alpha mult 1.000000
 Line Search Iter = 2.000000
 alpha mult 2.000000
 Line Search Iter = 3.000000
 alpha mult 3.000000
 Line Search Iter = 4.000000
 alpha mult 4.000000
 Line Search Iter = 5.000000
 alpha mult 5.000000
 Line Search Iter = 6.000000
 alpha mult 6.000000
 Line Search Iter = 7.000000
 alpha mult 7.000000
 Line Search Iter = 8.000000
 alpha mult 8.000000
 Line Search Iter = 9.000000
 alpha mult 9.000000
 Iteration Count = 11 Function Value = 145458.093750
 Valve ID = 80valve value [0] = 1.000000valve value [1] = 1.000000valve value [2] = 1.000000valve value [3] = 1.000000valve value [4] = 1.000000valve value [5] = 1.000000valve value [6] = 1.000000valve value [7] = 1.000000valve value [8] = 1.000000valve value [9] = 1.000000valve value [10] = 1.000000valve value [11] = 1.000000valve value [12] = 1.000000valve value [13] = 1.000000valve value [14] = 1.000000valve value [15] = 1.000000valve value [16] = 1.000000valve value [17] = 1.000000valve value [18] = 1.000000valve value [19] = 1.000000valve value [20] = 1.000000valve value [21] = 1.000000valve value [22] = 1.000000valve value [23] = 1.000000
 Valve ID = 78valve value [0] = 0.956597valve value [1] = 0.991319valve value [2] = 1.008681valve value [3] = 1.008681valve value [4] = 1.000000valve value [5] = 1.000000valve value [6] = 1.017361valve value [7] = 1.026042valve value [8] = 1.000000valve value [9] = 1.000000valve value [10] = 1.008681valve value [11] = 0.991319valve value [12] = 1.000000valve value [13] = 1.000000valve value [14] = 1.000000valve value [15] = 1.000000valve value [16] = 1.000000valve value [17] = 1.000000valve value [18] = 1.000000valve value [19] = 1.000000valve value [20] = 1.000000valve value [21] = 1.000000valve value [22] = 1.000000valve value [23] = 1.000000
 Valve ID = 76valve value [0] = 2.996527valve value [1] = 3.335069valve value [2] = 2.996528valve value [3] = 2.657986valve value [4] = 2.553819valve value [5] = 1.859375valve value [6] = 1.651042valve value [7] = 1.182292valve value [8] = 1.000000valve value [9] = 1.000000valve value [10] = 1.008681valve value [11] = 1.000000valve value [12] = 1.000000valve value [13] = 1.000000valve value [14] = 1.000000valve value [15] = 1.000000valve value [16] = 1.000000valve value [17] = 1.000000valve value [18] = 1.000000valve value [19] = 1.000000valve value [20] = 1.000000valve value [21] = 1.000000valve value [22] = 1.000000valve value [23] = 1.000000
 Valve ID = 74valve value [0] = 4.272570valve value [1] = 3.335069valve value [2] = 2.987847valve value [3] = 2.657986valve value [4] = 2.536458valve value [5] = 1.894097valve value [6] = 1.685764valve value [7] = 1.138889valve value [8] = 1.008681valve value [9] = 1.000000valve value [10] = 1.008681valve value [11] = 1.000000valve value [12] = 1.000000valve value [13] = 1.000000valve value [14] = 1.000000valve value [15] = 0.991319valve value [16] = 1.000000valve value [17] = 1.000000valve value [18] = 1.000000valve value [19] = 1.000000valve value [20] = 1.000000valve value [21] = 1.000000valve value [22] = 1.000000valve value [23] = 1.000000
 Valve ID = 72valve value [0] = 1.000000valve value [1] = 1.017361valve value [2] = 1.000000valve value [3] = 1.000000valve value [4] = 1.000000valve value [5] = 1.000000valve value [6] = 1.000000valve value [7] = 0.982639valve value [8] = 1.000000valve value [9] = 1.017361valve value [10] = 1.000000valve value [11] = 1.043403valve value [12] = 1.086806valve value [13] = 1.104167valve value [14] = 1.069445valve value [15] = 1.069444valve value [16] = 1.086806valve value [17] = 1.095486valve value [18] = 1.078125valve value [19] = 1.078125valve value [20] = 1.078125valve value [21] = 1.086806valve value [22] = 1.078125valve value [23] = 1.069445
 Valve ID = 40valve value [0] = 0.000000valve value [1] = 0.000000valve value [2] = 0.000000valve value [3] = 0.000000valve value [4] = 0.000000valve value [5] = 0.000000valve value [6] = 0.000000valve value [7] = 0.000000valve value [8] = 0.000000valve value [9] = 0.000000valve value [10] = 0.000000valve value [11] = 0.000000valve value [12] = 0.444444valve value [13] = 0.878472valve value [14] = 1.000000valve value [15] = 1.017361valve value [16] = 1.017361valve value [17] = 0.991319valve value [18] = 1.000000valve value [19] = 1.008681valve value [20] = 1.000000valve value [21] = 1.008681valve value [22] = 0.991319valve value [23] = 1.000000
 Valve ID = 6valve value [0] = 0.000000valve value [1] = 0.000000valve value [2] = 0.000000valve value [3] = 0.000000valve value [4] = 0.000000valve value [5] = 0.000000valve value [6] = 0.000000valve value [7] = 0.000000valve value [8] = 1.173611valve value [9] = 1.989583valve value [10] = 2.111111valve value [11] = 2.189236valve value [12] = 2.145833valve value [13] = 2.163194valve value [14] = 2.154514valve value [15] = 2.128472valve value [16] = 2.128472valve value [17] = 2.128472valve value [18] = 2.154514valve value [19] = 2.145833valve value [20] = 2.119792valve value [21] = 2.119792valve value [22] = 2.145833valve value [23] = 2.163194
 Valve ID = 3valve value [0] = 1.746528valve value [1] = 1.937500valve value [2] = 1.980903valve value [3] = 1.989583valve value [4] = 2.024305valve value [5] = 1.998264valve value [6] = 2.006944valve value [7] = 1.998264valve value [8] = 2.241319valve value [9] = 2.006944valve value [10] = 1.095486valve value [11] = 1.173611valve value [12] = 1.078125valve value [13] = 1.086806valve value [14] = 1.095486valve value [15] = 1.078125valve value [16] = 1.078125valve value [17] = 1.069445valve value [18] = 1.069444valve value [19] = 1.078125valve value [20] = 1.078125valve value [21] = 1.078125valve value [22] = 1.078125valve value [23] = 1.086806
 Valve ID = 5valve value [0] = 7.701389valve value [1] = 7.328125valve value [2] = 6.434028valve value [3] = 5.583333valve value [4] = 4.420139valve value [5] = 3.960070valve value [6] = 3.013889valve value [7] = 2.302083valve value [8] = 1.234375valve value [9] = 0.982639valve value [10] = 1.017361valve value [11] = 1.000000valve value [12] = 1.000000valve value [13] = 1.000000valve value [14] = 1.000000valve value [15] = 1.017361valve value [16] = 1.017361valve value [17] = 1.017361valve value [18] = 1.017361valve value [19] = 1.000000valve value [20] = 1.000000valve value [21] = 1.000000valve value [22] = 0.982639valve value [23] = 1.000000
Tank ID = 34  Tank Level[0] = 104.986977Tank Level[1] = 344.986969Tank Level[2] = 584.986938Tank Level[3] = 824.986938Tank Level[4] = 1064.986938Tank Level[5] = 1304.986938Tank Level[6] = 1544.986938Tank Level[7] = 1784.986938Tank Level[8] = 2024.986938Tank Level[9] = 2264.986816Tank Level[10] = 2504.986816Tank Level[11] = 2744.986816Tank Level[12] = 2984.986816Tank Level[13] = 3224.986816Tank Level[14] = 3464.986816Tank Level[15] = 3704.986816Tank Level[16] = 3944.986816Tank Level[17] = 4184.986816Tank Level[18] = 4424.986816Tank Level[19] = 4664.986816Tank Level[20] = 4904.986816Tank Level[21] = 5144.986816Tank Level[22] = 5384.986816Tank Level[23] = 5624.986816
Tank ID = Veeranageeri  Tank Level[0] = 61.216362Tank Level[1] = 54.693596Tank Level[2] = 47.960823Tank Level[3] = 40.957077Tank Level[4] = 33.630711Tank Level[5] = 26.234816Tank Level[6] = 18.479391Tank Level[7] = 10.472454Tank Level[8] = 2.168623Tank Level[9] = -5.831357Tank Level[10] = -14.831338Tank Level[11] = -25.753262Tank Level[12] = -37.579704Tank Level[13] = -50.946011Tank Level[14] = -65.737671Tank Level[15] = -81.642288Tank Level[16] = -98.598824Tank Level[17] = -116.555305Tank Level[18] = -135.494675Tank Level[19] = -155.442581Tank Level[20] = -176.373108Tank Level[21] = -198.295166Tank Level[22] = -221.225784Tank Level[23] = -245.121826
Tank ID = NR_mohalla2  Tank Level[0] = 52.435970Tank Level[1] = 24.432507Tank Level[2] = -4.232414Tank Level[3] = -34.235878Tank Level[4] = -65.577881Tank Level[5] = -98.024055Tank Level[6] = -132.164673Tank Level[7] = -167.513626Tank Level[8] = -204.331329Tank Level[9] = -242.331329Tank Level[10] = -281.331329Tank Level[11] = -321.322632Tank Level[12] = -362.322632Tank Level[13] = -404.322632Tank Level[14] = -447.322632Tank Level[15] = -491.322632Tank Level[16] = -536.322632Tank Level[17] = -582.322632Tank Level[18] = -629.322632Tank Level[19] = -677.322632Tank Level[20] = -726.322632Tank Level[21] = -776.322632Tank Level[22] = -827.322632Tank Level[23] = -879.322632
Tank ID = NR_Mohalla1  Tank Level[0] = 51.222332Tank Level[1] = -5.505096Tank Level[2] = -64.170021Tank Level[3] = -124.182175Tank Level[4] = -185.524185Tank Level[5] = -248.657944Tank Level[6] = -312.763855Tank Level[7] = -378.401062Tank Level[8] = -445.281189Tank Level[9] = -514.046875Tank Level[10] = -584.064209Tank Level[11] = -655.055603Tank Level[12] = -727.055725Tank Level[13] = -800.055786Tank Level[14] = -874.055969Tank Level[15] = -949.056274Tank Level[16] = -1025.038818Tank Level[17] = -1102.021729Tank Level[18] = -1180.004395Tank Level[19] = -1258.986816Tank Level[20] = -1338.986816Tank Level[21] = -1419.986816Tank Level[22] = -1501.986816Tank Level[23] = -1585.004028
Tank ID = Rajiv_nagar_II  Tank Level[0] = 62.115883Tank Level[1] = 59.369442Tank Level[2] = 55.431709Tank Level[3] = 50.450745Tank Level[4] = 44.461285Tank Level[5] = 37.436924Tank Level[6] = 29.438564Tank Level[7] = 20.431623Tank Level[8] = 10.433378Tank Level[9] = 0.372442Tank Level[10] = -0.620853Tank Level[11] = -1.620836Tank Level[12] = -3.605307Tank Level[13] = -6.537558Tank Level[14] = -10.461039Tank Level[15] = -15.402160Tank Level[16] = -21.351748Tank Level[17] = -28.301397Tank Level[18] = -36.242271Tank Level[19] = -45.164127Tank Level[20] = -45.096367Tank Level[21] = -46.054638Tank Level[22] = -48.013008Tank Level[23] = -50.945324
Tank ID = Tippu_Park  Tank Level[0] = 65.417755Tank Level[1] = 64.417755Tank Level[2] = 62.417755Tank Level[3] = 59.417755Tank Level[4] = 55.417759Tank Level[5] = 50.417763Tank Level[6] = 44.417763Tank Level[7] = 37.417763Tank Level[8] = 29.417763Tank Level[9] = 20.417788Tank Level[10] = 10.417812Tank Level[11] = 9.417814Tank Level[12] = 7.417820Tank Level[13] = 4.862269Tank Level[14] = 1.740746Tank Level[15] = -2.259250Tank Level[16] = -7.241884Tank Level[17] = -13.224518Tank Level[18] = -20.233192Tank Level[19] = -28.233189Tank Level[20] = -37.224503Tank Level[21] = -37.224499Tank Level[22] = -38.215813Tank Level[23] = -40.224487